Sender: LSF System <lsfadmin@nodecn254>
Subject: Job 105192412[2]: <QC1[1-2]> in cluster <hpcf_research_cluster> Done

Job <QC1[1-2]> was submitted from host <nodecn121> by user <yli11> in cluster <hpcf_research_cluster> at Thu Jun 11 23:37:58 2020.
Job was executed on host(s) <nodecn254>, in queue <standard>, as user <yli11> in cluster <hpcf_research_cluster> at Thu Jun 11 23:39:42 2020.
</home/yli11> was used as the home directory.
</home/yli11/Share/Megan/ATAC/2-1176680> was used as the working directory.
Started at Thu Jun 11 23:39:42 2020.
Terminated at Fri Jun 12 00:18:20 2020.
Results reported at Fri Jun 12 00:18:20 2020.

Your job looked like:

------------------------------------------------------------
# LSBATCH: User input


#BSUB -P atac_seq
#BSUB -o atac_seq_yli11_2020-06-11.fastqc.message_%J_%I.out -e atac_seq_yli11_2020-06-11.fastqc.message_%J_%I.err
#BSUB -n 1
#BSUB -q standard
#BSUB -R "span[hosts=1] rusage[mem=4000]"
#BSUB -J "QC1[1-2]"
module purge
module load fastqc/0.11.5

id=$LSB_JOBINDEX
COL1=`head -n $id atac_seq_yli11_2020-06-11.fastqc.input|tail -n1|awk -F "	" '{print $1}'`
COL2=`head -n $id atac_seq_yli11_2020-06-11.fastqc.input|tail -n1|awk -F "	" '{print $2}'`
COL3=`head -n $id atac_seq_yli11_2020-06-11.fastqc.input|tail -n1|awk -F "	" '{print $3}'`
COL4=`head -n $id atac_seq_yli11_2020-06-11.fastqc.input|tail -n1|awk -F "	" '{print $4}'`
COL5=`head -n $id atac_seq_yli11_2020-06-11.fastqc.input|tail -n1|awk -F "	" '{print $5}'`
COL6=`head -n $id atac_seq_yli11_2020-06-11.fastqc.input|tail -n1|awk -F "	" '{print $6}'`
LINE=`head -n $id atac_seq_yli11_2020-06-11.fastqc.input|tail -n1`

fastqc ${COL1}

		
------------------------------------------------------------

Successfully completed.

Resource usage summary:

    CPU time :                                   2402.02 sec.
    Max Memory :                                 277 MB
    Average Memory :                             223.83 MB
    Total Requested Memory :                     4000.00 MB
    Delta Memory :                               3723.00 MB
    Max Swap :                                   -
    Max Processes :                              4
    Max Threads :                                18
    Run time :                                   2316 sec.
    Turnaround time :                            2422 sec.

The output (if any) follows:

Analysis complete for HPC5_ATAC_R2.fastq.gz


PS:

Read file <atac_seq_yli11_2020-06-11.fastqc.message_105192412_2.err> for stderr output of this job.

