Sender: LSF System <lsfadmin@nodecn214>
Subject: Job 105192422[1]: <tracks[1-1]> in cluster <hpcf_research_cluster> Done

Job <tracks[1-1]> was submitted from host <nodecn121> by user <yli11> in cluster <hpcf_research_cluster> at Thu Jun 11 23:37:59 2020.
Job was executed on host(s) <nodecn214>, in queue <standard>, as user <yli11> in cluster <hpcf_research_cluster> at Fri Jun 12 17:56:37 2020.
</home/yli11> was used as the home directory.
</home/yli11/Share/Megan/ATAC/2-1176680> was used as the working directory.
Started at Fri Jun 12 17:56:37 2020.
Terminated at Fri Jun 12 18:01:48 2020.
Results reported at Fri Jun 12 18:01:48 2020.

Your job looked like:

------------------------------------------------------------
# LSBATCH: User input


#BSUB -P atac_seq
#BSUB -o atac_seq_yli11_2020-06-11.tracks.message_%J_%I.out -e atac_seq_yli11_2020-06-11.tracks.message_%J_%I.err
#BSUB -n 1
#BSUB -q standard
#BSUB -R "span[hosts=1] rusage[mem=2000]"
#BSUB -J "tracks[1-1]"
module purge
#BSUB -w "ended(105192413) && ended(105192412) && ended(105192415) && ended(105192414) && ended(105192420) && ended(105192418) && ended(105192421) && ended(105192419) && ended(105192416)"
module load python/2.7.13

id=$LSB_JOBINDEX
COL1=`head -n $id fastq.tsv|tail -n1|awk -F "	" '{print $1}'`
COL2=`head -n $id fastq.tsv|tail -n1|awk -F "	" '{print $2}'`
COL3=`head -n $id fastq.tsv|tail -n1|awk -F "	" '{print $3}'`
COL4=`head -n $id fastq.tsv|tail -n1|awk -F "	" '{print $4}'`
COL5=`head -n $id fastq.tsv|tail -n1|awk -F "	" '{print $5}'`
COL6=`head -n $id fastq.tsv|tail -n1|awk -F "	" '{print $6}'`
LINE=`head -n $id fastq.tsv|tail -n1`

/research/dept/hem/common/sequencing/chenggrp/pipelines/subcmd/../bin/upload_tracks.py cd01f29076b0 HPC5_ATAC.markdup.rmchrM_treat_pvalue.bw,HPC5_ATAC.rmdup_treat_pvalue.bw,HPC5_ATAC.rmdup.uq.rmchrM_treat_pvalue.bw treat_pvalue.bw mm9
/research/dept/hem/common/sequencing/chenggrp/pipelines/subcmd/../bin/upload_tracks.py c70ba8139cc5 HPC5_ATAC.rmdup.bw rmdup.bw mm9
/research/dept/hem/common/sequencing/chenggrp/pipelines/subcmd/../bin/upload_tracks.py 145f70331427 HPC5_ATAC.rmdup.uq.bw rmdup.uq.bw mm9
/research/dept/hem/common/sequencing/chenggrp/pipelines/subcmd/../bin/upload_tracks.py 6a6dba74aae6 HPC5_ATAC.markdup.rmchrM_FE.bw,HPC5_ATAC.rmdup_FE.bw,HPC5_ATAC.rmdup.uq.rmchrM_FE.bw FE.bw mm9
/research/dept/hem/common/sequencing/chenggrp/pipelines/subcmd/../bin/upload_tracks.py dec6be54a02e HPC5_ATAC.all.bw all.bw mm9
/research/dept/hem/common/sequencing/chenggrp/pipelines/subcmd/../bin/upload_tracks.py a95d5bb12416 HPC5_ATAC.markdup.rmchrM_logLR.bw,HPC5_ATAC.rmdup_logLR.bw,HPC5_ATAC.rmdup.uq.rmchrM_logLR.bw logLR.bw mm9

		
------------------------------------------------------------

Successfully completed.

Resource usage summary:

    CPU time :                                   159.77 sec.
    Max Memory :                                 50 MB
    Average Memory :                             47.59 MB
    Total Requested Memory :                     2000.00 MB
    Delta Memory :                               1950.00 MB
    Max Swap :                                   -
    Max Processes :                              4
    Max Threads :                                33
    Run time :                                   309 sec.
    Turnaround time :                            66229 sec.

The output (if any) follows:

connecting to server
creating user's dir
wait 5
wait 5 done
generating json file
transfering file
wait 5
wait 5 done
trasferring HPC5_ATAC.markdup.rmchrM_treat_pvalue.bw
wait 5
wait 5 done
trasferring HPC5_ATAC.rmdup_treat_pvalue.bw
wait 5
wait 5 done
trasferring HPC5_ATAC.rmdup.uq.rmchrM_treat_pvalue.bw
wait 5
wait 5 done
https://ppr.stjude.org/?study=HemPipelines/yli11/cd01f29076b0/treat_pvalue.bw.json
connecting to server
creating user's dir
wait 5
wait 5 done
generating json file
transfering file
wait 5
wait 5 done
trasferring HPC5_ATAC.rmdup.bw
wait 5
wait 5 done
https://ppr.stjude.org/?study=HemPipelines/yli11/c70ba8139cc5/rmdup.bw.json
connecting to server
creating user's dir
wait 5
wait 5 done
generating json file
transfering file
wait 5
wait 5 done
trasferring HPC5_ATAC.rmdup.uq.bw
wait 5
wait 5 done
https://ppr.stjude.org/?study=HemPipelines/yli11/145f70331427/rmdup.uq.bw.json
connecting to server
creating user's dir
wait 5
wait 5 done
generating json file
transfering file
wait 5
wait 5 done
trasferring HPC5_ATAC.markdup.rmchrM_FE.bw
wait 5
wait 5 done
trasferring HPC5_ATAC.rmdup_FE.bw
wait 5
wait 5 done
trasferring HPC5_ATAC.rmdup.uq.rmchrM_FE.bw
wait 5
wait 5 done
https://ppr.stjude.org/?study=HemPipelines/yli11/6a6dba74aae6/FE.bw.json
connecting to server
creating user's dir
wait 5
wait 5 done
generating json file
transfering file
wait 5
wait 5 done
trasferring HPC5_ATAC.all.bw
wait 5
wait 5 done
https://ppr.stjude.org/?study=HemPipelines/yli11/dec6be54a02e/all.bw.json
connecting to server
creating user's dir
wait 5
wait 5 done
generating json file
transfering file
wait 5
wait 5 done
trasferring HPC5_ATAC.markdup.rmchrM_logLR.bw
wait 5
wait 5 done
trasferring HPC5_ATAC.rmdup_logLR.bw
wait 5
wait 5 done
trasferring HPC5_ATAC.rmdup.uq.rmchrM_logLR.bw
wait 5
wait 5 done
https://ppr.stjude.org/?study=HemPipelines/yli11/a95d5bb12416/logLR.bw.json


PS:

Read file <atac_seq_yli11_2020-06-11.tracks.message_105192422_1.err> for stderr output of this job.

