Sender: LSF System <lsfadmin@nodecn239>
Subject: Job 105192423[1]: <html[1-1]> in cluster <hpcf_research_cluster> Done

Job <html[1-1]> was submitted from host <nodecn121> by user <yli11> in cluster <hpcf_research_cluster> at Thu Jun 11 23:37:59 2020.
Job was executed on host(s) <nodecn239>, in queue <standard>, as user <yli11> in cluster <hpcf_research_cluster> at Fri Jun 12 18:01:47 2020.
</home/yli11> was used as the home directory.
</home/yli11/Share/Megan/ATAC/2-1176680> was used as the working directory.
Started at Fri Jun 12 18:01:47 2020.
Terminated at Fri Jun 12 18:02:25 2020.
Results reported at Fri Jun 12 18:02:25 2020.

Your job looked like:

------------------------------------------------------------
# LSBATCH: User input


#BSUB -P atac_seq
#BSUB -o atac_seq_yli11_2020-06-11/log_files/atac_seq_yli11_2020-06-11.html.message_%J_%I.out -e atac_seq_yli11_2020-06-11/log_files/atac_seq_yli11_2020-06-11.html.message_%J_%I.err
#BSUB -n 1
#BSUB -q standard
#BSUB -R "span[hosts=1] rusage[mem=8000]"
#BSUB -J "html[1-1]"
module purge
#BSUB -w "ended(105192413) && ended(105192412) && ended(105192415) && ended(105192414) && ended(105192422) && ended(105192420) && ended(105192418) && ended(105192421) && ended(105192419) && ended(105192416)"
module load python/2.7.13

id=$LSB_JOBINDEX
COL1=`head -n $id fastq.tsv|tail -n1|awk -F "	" '{print $1}'`
COL2=`head -n $id fastq.tsv|tail -n1|awk -F "	" '{print $2}'`
COL3=`head -n $id fastq.tsv|tail -n1|awk -F "	" '{print $3}'`
COL4=`head -n $id fastq.tsv|tail -n1|awk -F "	" '{print $4}'`
COL5=`head -n $id fastq.tsv|tail -n1|awk -F "	" '{print $5}'`
COL6=`head -n $id fastq.tsv|tail -n1|awk -F "	" '{print $6}'`
LINE=`head -n $id fastq.tsv|tail -n1`

/research/dept/hem/common/sequencing/chenggrp/pipelines/subcmd/NGS.report.py atac_seq_yli11_2020-06-11 atac_seq HPC5_ATAC_R1.fastq.gz,HPC5_ATAC_R2.fastq.gz HPC5_ATAC
/research/dept/hem/common/sequencing/chenggrp/pipelines/subcmd/send_email.py aa2fbf5d85f8.bwDict
mkdir atac_seq_yli11_2020-06-11
mkdir atac_seq_yli11_2020-06-11/figures_tables
mv atac_seq_yli11_2020-06-11.report.html atac_seq_yli11_2020-06-11/figures_tables
mkdir atac_seq_yli11_2020-06-11/log_files
mv atac_seq_yli11_2020-06-11.fastqc.input atac_seq_yli11_2020-06-11/log_files
mv atac_seq_yli11_2020-06-11.fastqc.lsf atac_seq_yli11_2020-06-11/log_files
mv atac_seq_yli11_2020-06-11.fastqc.message_105192412_1.out atac_seq_yli11_2020-06-11/log_files
mv atac_seq_yli11_2020-06-11.fastqc.message_105192412_1.err atac_seq_yli11_2020-06-11/log_files
mv atac_seq_yli11_2020-06-11.fastqc.message_105192412_2.out atac_seq_yli11_2020-06-11/log_files
mv atac_seq_yli11_2020-06-11.fastqc.message_105192412_2.err atac_seq_yli11_2020-06-11/log_files
mv atac_seq_yli11_2020-06-11.skewer.lsf atac_seq_yli11_2020-06-11/log_files
mv atac_seq_yli11_2020-06-11.skewer.message_105192413_1.out atac_seq_yli11_2020-06-11/log_files
mv atac_seq_yli11_2020-06-11.skewer.message_105192413_1.err atac_seq_yli11_2020-06-11/log_files
mv HPC5_ATAC-trimmed.log atac_seq_yli11_2020-06-11/log_files
mv atac_seq_yli11_2020-06-11.bwa.input atac_seq_yli11_2020-06-11/log_files
mv atac_seq_yli11_2020-06-11.BWA.lsf atac_seq_yli11_2020-06-11/log_files
mv atac_seq_yli11_2020-06-11.BWA.message_105192414_1.out atac_seq_yli11_2020-06-11/log_files
mv atac_seq_yli11_2020-06-11.BWA.message_105192414_1.err atac_seq_yli11_2020-06-11/log_files
mv atac_seq_yli11_2020-06-11.mk.rm.lsf atac_seq_yli11_2020-06-11/log_files
mv atac_seq_yli11_2020-06-11.markdup.rmdup.message_105192415_1.out atac_seq_yli11_2020-06-11/log_files
mv atac_seq_yli11_2020-06-11.markdup.rmdup.message_105192415_1.err atac_seq_yli11_2020-06-11/log_files
mv atac_seq_yli11_2020-06-11.all.bw.lsf atac_seq_yli11_2020-06-11/log_files
mv atac_seq_yli11_2020-06-11.all.bw.message_105192416_1.out atac_seq_yli11_2020-06-11/log_files
mv atac_seq_yli11_2020-06-11.all.bw.message_105192416_1.err atac_seq_yli11_2020-06-11/log_files
mv atac_seq_yli11_2020-06-11.rmdup.bw.lsf atac_seq_yli11_2020-06-11/log_files
mv atac_seq_yli11_2020-06-11.rmdup.bw.message_105192418_1.out atac_seq_yli11_2020-06-11/log_files
mv atac_seq_yli11_2020-06-11.rmdup.bw.message_105192418_1.err atac_seq_yli11_2020-06-11/log_files

(... more ...)
------------------------------------------------------------

Successfully completed.

Resource usage summary:

    CPU time :                                   13.42 sec.
    Max Memory :                                 54 MB
    Average Memory :                             29.33 MB
    Total Requested Memory :                     8000.00 MB
    Delta Memory :                               7946.00 MB
    Max Swap :                                   -
    Max Processes :                              4
    Max Threads :                                32
    Run time :                                   38 sec.
    Turnaround time :                            66266 sec.

The output (if any) follows:



PS:

Read file <atac_seq_yli11_2020-06-11/log_files/atac_seq_yli11_2020-06-11.html.message_105192423_1.err> for stderr output of this job.

