Sender: LSF System <lsfadmin@nodecn214>
Subject: Job 105192420[1]: <libx[1-1]> in cluster <hpcf_research_cluster> Done

Job <libx[1-1]> was submitted from host <nodecn121> by user <yli11> in cluster <hpcf_research_cluster> at Thu Jun 11 23:37:59 2020.
Job was executed on host(s) <nodecn214>, in queue <standard>, as user <yli11> in cluster <hpcf_research_cluster> at Fri Jun 12 09:46:06 2020.
</home/yli11> was used as the home directory.
</home/yli11/Share/Megan/ATAC/2-1176680> was used as the working directory.
Started at Fri Jun 12 09:46:06 2020.
Terminated at Fri Jun 12 11:25:53 2020.
Results reported at Fri Jun 12 11:25:53 2020.

Your job looked like:

------------------------------------------------------------
# LSBATCH: User input


#BSUB -P atac_seq
#BSUB -o atac_seq_yli11_2020-06-11.lib.complexity.message_%J_%I.out -e atac_seq_yli11_2020-06-11.lib.complexity.message_%J_%I.err
#BSUB -n 1
#BSUB -q standard
#BSUB -R "span[hosts=1] rusage[mem=10000]"
#BSUB -J "libx[1-1]"
module purge
#BSUB -w "ended(105192414[*])"
module load bedtools/2.25.0

id=$LSB_JOBINDEX
COL1=`head -n $id fastq.tsv|tail -n1|awk -F "	" '{print $1}'`
COL2=`head -n $id fastq.tsv|tail -n1|awk -F "	" '{print $2}'`
COL3=`head -n $id fastq.tsv|tail -n1|awk -F "	" '{print $3}'`
COL4=`head -n $id fastq.tsv|tail -n1|awk -F "	" '{print $4}'`
COL5=`head -n $id fastq.tsv|tail -n1|awk -F "	" '{print $5}'`
COL6=`head -n $id fastq.tsv|tail -n1|awk -F "	" '{print $6}'`
LINE=`head -n $id fastq.tsv|tail -n1`

bedtools bamtobed -i ${COL3}.bam | awk 'BEGIN{OFS="\t"}{print $1,$2,$3,$6}' | grep -v 'chrM' | sort | uniq -c | awk 'BEGIN{mt=0;m0=0;m1=0;m2=0} ($1==1){m1=m1+1} ($1==2){m2=m2+1} {m0=m0+1} {mt=mt+$1} END{printf "%d\t%d\t%d\t%d\t%f\t%f\t%f\n",mt,m0,m1,m2,m0/mt,m1/m0,m1/m2}' > ${COL3}.lib.complexity

		
------------------------------------------------------------

Successfully completed.

Resource usage summary:

    CPU time :                                   7288.94 sec.
    Max Memory :                                 16 MB
    Average Memory :                             14.53 MB
    Total Requested Memory :                     10000.00 MB
    Delta Memory :                               9984.00 MB
    Max Swap :                                   -
    Max Processes :                              9
    Max Threads :                                10
    Run time :                                   5986 sec.
    Turnaround time :                            42474 sec.

The output (if any) follows:



PS:

Read file <atac_seq_yli11_2020-06-11.lib.complexity.message_105192420_1.err> for stderr output of this job.

