Sender: LSF System <lsfadmin@nodecn233>
Subject: Job 105192415[1]: <rmdup[1-1]> in cluster <hpcf_research_cluster> Done

Job <rmdup[1-1]> was submitted from host <nodecn121> by user <yli11> in cluster <hpcf_research_cluster> at Thu Jun 11 23:37:59 2020.
Job was executed on host(s) <6*nodecn233>, in queue <standard>, as user <yli11> in cluster <hpcf_research_cluster> at Fri Jun 12 09:46:06 2020.
</home/yli11> was used as the home directory.
</home/yli11/Share/Megan/ATAC/2-1176680> was used as the working directory.
Started at Fri Jun 12 09:46:06 2020.
Terminated at Fri Jun 12 14:37:57 2020.
Results reported at Fri Jun 12 14:37:57 2020.

Your job looked like:

------------------------------------------------------------
# LSBATCH: User input


#BSUB -P atac_seq
#BSUB -o atac_seq_yli11_2020-06-11.markdup.rmdup.message_%J_%I.out -e atac_seq_yli11_2020-06-11.markdup.rmdup.message_%J_%I.err
#BSUB -n 6
#BSUB -q standard
#BSUB -R "span[hosts=1] rusage[mem=4000]"
#BSUB -J "rmdup[1-1]"
module purge
#BSUB -w "ended(105192414[*])"
module load samtools/1.7

id=$LSB_JOBINDEX
COL1=`head -n $id fastq.tsv|tail -n1|awk -F "	" '{print $1}'`
COL2=`head -n $id fastq.tsv|tail -n1|awk -F "	" '{print $2}'`
COL3=`head -n $id fastq.tsv|tail -n1|awk -F "	" '{print $3}'`
COL4=`head -n $id fastq.tsv|tail -n1|awk -F "	" '{print $4}'`
COL5=`head -n $id fastq.tsv|tail -n1|awk -F "	" '{print $5}'`
COL6=`head -n $id fastq.tsv|tail -n1|awk -F "	" '{print $6}'`
LINE=`head -n $id fastq.tsv|tail -n1`

samtools stats ${COL3}.bam > ${COL3}.bam.stat
samtools sort -@ 6 -n -o ${COL3}.name.st.bam ${COL3}.bam
samtools fixmate -@ 6 -m ${COL3}.name.st.bam ${COL3}.fixmate.bam
samtools sort -@ 6 -o ${COL3}.fixmate.st.bam ${COL3}.fixmate.bam
samtools markdup -@ 6 ${COL3}.fixmate.st.bam ${COL3}.markdup.bam
samtools markdup -@ 6 -r ${COL3}.markdup.bam ${COL3}.rmdup.bam
rm ${COL3}.name.st.bam ${COL3}.fixmate.bam ${COL3}.fixmate.st.bam
samtools flagstat -@ 6 ${COL3}.markdup.bam > ${COL3}.markdup.report
samtools index -@ 6 ${COL3}.markdup.bam
samtools view -@ 6 -q 1 -b ${COL3}.markdup.bam > ${COL3}.markdup.uq.bam
samtools index -@ 6 ${COL3}.markdup.uq.bam
samtools view -@ 6 -b -h -f 3 -F 4 -F 8 -o ${COL3}.rmdup.f3.bam ${COL3}.rmdup.bam; rm ${COL3}.rmdup.bam; mv ${COL3}.rmdup.f3.bam ${COL3}.rmdup.bam
samtools index -@ 6 ${COL3}.rmdup.bam
samtools view -@ 6 -q 1 -b ${COL3}.rmdup.bam > ${COL3}.rmdup.uq.bam
samtools index -@ 6 ${COL3}.rmdup.uq.bam
samtools view -@ 6 ${COL3}.markdup.bam chrM -b > ${COL3}.markdup.chrM.bam
samtools flagstat -@ 6 ${COL3}.markdup.chrM.bam > ${COL3}.markdup.chrM.report
samtools idxstats ${COL3}.rmdup.uq.bam | cut -f 1 | grep -v  chrM| xargs samtools view -@ 6 -b ${COL3}.rmdup.uq.bam > ${COL3}.rmdup.uq.rmchrM.bam
samtools idxstats ${COL3}.markdup.bam | cut -f 1 | grep -v  chrM| xargs samtools view -@ 6 -b ${COL3}.markdup.bam > ${COL3}.markdup.rmchrM.bam
samtools flagstat -@ 6 ${COL3}.markdup.rmchrM.bam > ${COL3}.markdup.rmchrM.report

		
------------------------------------------------------------

Successfully completed.

Resource usage summary:

    CPU time :                                   48637.97 sec.
    Max Memory :                                 5190 MB
    Average Memory :                             1015.63 MB
    Total Requested Memory :                     24000.00 MB
    Delta Memory :                               18810.00 MB
    Max Swap :                                   -
    Max Processes :                              5
    Max Threads :                                19
    Run time :                                   17509 sec.
    Turnaround time :                            53998 sec.

The output (if any) follows:



PS:

Read file <atac_seq_yli11_2020-06-11.markdup.rmdup.message_105192415_1.err> for stderr output of this job.

