Sender: LSF System <lsfadmin@nodecn233>
Subject: Job 105192414[1]: <BWA[1-1]> in cluster <hpcf_research_cluster> Done

Job <BWA[1-1]> was submitted from host <nodecn121> by user <yli11> in cluster <hpcf_research_cluster> at Thu Jun 11 23:37:59 2020.
Job was executed on host(s) <6*nodecn233>, in queue <standard>, as user <yli11> in cluster <hpcf_research_cluster> at Fri Jun 12 05:02:10 2020.
</home/yli11> was used as the home directory.
</home/yli11/Share/Megan/ATAC/2-1176680> was used as the working directory.
Started at Fri Jun 12 05:02:10 2020.
Terminated at Fri Jun 12 09:46:07 2020.
Results reported at Fri Jun 12 09:46:07 2020.

Your job looked like:

------------------------------------------------------------
# LSBATCH: User input


#BSUB -P atac_seq
#BSUB -o atac_seq_yli11_2020-06-11.BWA.message_%J_%I.out -e atac_seq_yli11_2020-06-11.BWA.message_%J_%I.err
#BSUB -n 6
#BSUB -q standard
#BSUB -R "span[hosts=1] rusage[mem=4000]"
#BSUB -J "BWA[1-1]"
module purge
#BSUB -w "ended(105192413[*])"
module load bwa/0.7.16a
module load samtools/1.7

id=$LSB_JOBINDEX
COL1=`head -n $id atac_seq_yli11_2020-06-11.bwa.input|tail -n1|awk -F "	" '{print $1}'`
COL2=`head -n $id atac_seq_yli11_2020-06-11.bwa.input|tail -n1|awk -F "	" '{print $2}'`
COL3=`head -n $id atac_seq_yli11_2020-06-11.bwa.input|tail -n1|awk -F "	" '{print $3}'`
COL4=`head -n $id atac_seq_yli11_2020-06-11.bwa.input|tail -n1|awk -F "	" '{print $4}'`
COL5=`head -n $id atac_seq_yli11_2020-06-11.bwa.input|tail -n1|awk -F "	" '{print $5}'`
COL6=`head -n $id atac_seq_yli11_2020-06-11.bwa.input|tail -n1|awk -F "	" '{print $6}'`
LINE=`head -n $id atac_seq_yli11_2020-06-11.bwa.input|tail -n1`

bwa mem -t 6 /research/dept/hem/common/sequencing/chenggrp/pipelines/subcmd/../mm9/bwa_16a_index/mm9.fa ${COL1} ${COL2} |samtools view -@ 6 -bS - > ${COL3}.bam
rm ${COL1}
rm ${COL2}

		
------------------------------------------------------------

Successfully completed.

Resource usage summary:

    CPU time :                                   110948.23 sec.
    Max Memory :                                 5631 MB
    Average Memory :                             5504.43 MB
    Total Requested Memory :                     24000.00 MB
    Delta Memory :                               18369.00 MB
    Max Swap :                                   -
    Max Processes :                              5
    Max Threads :                                21
    Run time :                                   17034 sec.
    Turnaround time :                            36488 sec.

The output (if any) follows:



PS:

Read file <atac_seq_yli11_2020-06-11.BWA.message_105192414_1.err> for stderr output of this job.

