INFO  @ Fri, 12 Jun 2020 14:38:09: 
# Command line: callpeak --nomodel --shift -100 --extsize 200 -t HPC5_ATAC.markdup.rmchrM.bam -B -n HPC5_ATAC.markdup.rmchrM -g mm
# ARGUMENTS LIST:
# name = HPC5_ATAC.markdup.rmchrM
# format = AUTO
# ChIP-seq file = ['HPC5_ATAC.markdup.rmchrM.bam']
# control file = None
# effective genome size = 1.87e+09
# band width = 300
# model fold = [5, 50]
# qvalue cutoff = 5.00e-02
# Larger dataset will be scaled towards smaller dataset.
# Range for calculating regional lambda is: 10000 bps
# Broad region calling is off
# Paired-End mode is off
 
INFO  @ Fri, 12 Jun 2020 14:38:09: #1 read tag files... 
INFO  @ Fri, 12 Jun 2020 14:38:09: #1 read treatment tags... 
INFO  @ Fri, 12 Jun 2020 14:38:09: Detected format is: BAM 
INFO  @ Fri, 12 Jun 2020 14:38:09: * Input file is gzipped. 
INFO  @ Fri, 12 Jun 2020 14:38:12:  1000000 
INFO  @ Fri, 12 Jun 2020 14:38:16:  2000000 
INFO  @ Fri, 12 Jun 2020 14:38:19:  3000000 
INFO  @ Fri, 12 Jun 2020 14:38:22:  4000000 
INFO  @ Fri, 12 Jun 2020 14:38:26:  5000000 
INFO  @ Fri, 12 Jun 2020 14:38:29:  6000000 
INFO  @ Fri, 12 Jun 2020 14:38:33:  7000000 
INFO  @ Fri, 12 Jun 2020 14:38:36:  8000000 
INFO  @ Fri, 12 Jun 2020 14:38:39:  9000000 
INFO  @ Fri, 12 Jun 2020 14:38:43:  10000000 
INFO  @ Fri, 12 Jun 2020 14:38:46:  11000000 
INFO  @ Fri, 12 Jun 2020 14:38:50:  12000000 
INFO  @ Fri, 12 Jun 2020 14:38:53:  13000000 
INFO  @ Fri, 12 Jun 2020 14:38:57:  14000000 
INFO  @ Fri, 12 Jun 2020 14:39:00:  15000000 
INFO  @ Fri, 12 Jun 2020 14:39:04:  16000000 
INFO  @ Fri, 12 Jun 2020 14:39:07:  17000000 
INFO  @ Fri, 12 Jun 2020 14:39:10:  18000000 
INFO  @ Fri, 12 Jun 2020 14:39:14:  19000000 
INFO  @ Fri, 12 Jun 2020 14:39:17:  20000000 
INFO  @ Fri, 12 Jun 2020 14:39:21:  21000000 
INFO  @ Fri, 12 Jun 2020 14:39:24:  22000000 
INFO  @ Fri, 12 Jun 2020 14:39:27:  23000000 
INFO  @ Fri, 12 Jun 2020 14:39:31:  24000000 
INFO  @ Fri, 12 Jun 2020 14:39:34:  25000000 
INFO  @ Fri, 12 Jun 2020 14:39:38:  26000000 
INFO  @ Fri, 12 Jun 2020 14:39:41:  27000000 
INFO  @ Fri, 12 Jun 2020 14:39:44:  28000000 
INFO  @ Fri, 12 Jun 2020 14:39:48:  29000000 
INFO  @ Fri, 12 Jun 2020 14:39:51:  30000000 
INFO  @ Fri, 12 Jun 2020 14:39:55:  31000000 
INFO  @ Fri, 12 Jun 2020 14:39:58:  32000000 
INFO  @ Fri, 12 Jun 2020 14:40:02:  33000000 
INFO  @ Fri, 12 Jun 2020 14:40:05:  34000000 
INFO  @ Fri, 12 Jun 2020 14:40:08:  35000000 
INFO  @ Fri, 12 Jun 2020 14:40:12:  36000000 
INFO  @ Fri, 12 Jun 2020 14:40:15:  37000000 
INFO  @ Fri, 12 Jun 2020 14:40:19:  38000000 
INFO  @ Fri, 12 Jun 2020 14:40:22:  39000000 
INFO  @ Fri, 12 Jun 2020 14:40:25:  40000000 
INFO  @ Fri, 12 Jun 2020 14:40:29:  41000000 
INFO  @ Fri, 12 Jun 2020 14:40:32:  42000000 
INFO  @ Fri, 12 Jun 2020 14:40:35:  43000000 
INFO  @ Fri, 12 Jun 2020 14:40:39:  44000000 
INFO  @ Fri, 12 Jun 2020 14:40:42:  45000000 
INFO  @ Fri, 12 Jun 2020 14:40:46:  46000000 
INFO  @ Fri, 12 Jun 2020 14:40:49:  47000000 
INFO  @ Fri, 12 Jun 2020 14:40:52:  48000000 
INFO  @ Fri, 12 Jun 2020 14:40:56:  49000000 
INFO  @ Fri, 12 Jun 2020 14:40:59:  50000000 
INFO  @ Fri, 12 Jun 2020 14:41:03:  51000000 
INFO  @ Fri, 12 Jun 2020 14:41:06:  52000000 
INFO  @ Fri, 12 Jun 2020 14:41:10:  53000000 
INFO  @ Fri, 12 Jun 2020 14:41:13:  54000000 
INFO  @ Fri, 12 Jun 2020 14:41:16:  55000000 
INFO  @ Fri, 12 Jun 2020 14:41:20:  56000000 
INFO  @ Fri, 12 Jun 2020 14:41:23:  57000000 
INFO  @ Fri, 12 Jun 2020 14:41:27:  58000000 
INFO  @ Fri, 12 Jun 2020 14:41:30:  59000000 
INFO  @ Fri, 12 Jun 2020 14:41:33:  60000000 
INFO  @ Fri, 12 Jun 2020 14:41:37:  61000000 
INFO  @ Fri, 12 Jun 2020 14:41:40:  62000000 
INFO  @ Fri, 12 Jun 2020 14:41:44:  63000000 
INFO  @ Fri, 12 Jun 2020 14:41:47:  64000000 
INFO  @ Fri, 12 Jun 2020 14:41:50:  65000000 
INFO  @ Fri, 12 Jun 2020 14:41:54:  66000000 
INFO  @ Fri, 12 Jun 2020 14:41:57:  67000000 
INFO  @ Fri, 12 Jun 2020 14:42:00:  68000000 
INFO  @ Fri, 12 Jun 2020 14:42:04:  69000000 
INFO  @ Fri, 12 Jun 2020 14:42:07:  70000000 
INFO  @ Fri, 12 Jun 2020 14:42:11:  71000000 
INFO  @ Fri, 12 Jun 2020 14:42:15:  72000000 
INFO  @ Fri, 12 Jun 2020 14:42:18:  73000000 
INFO  @ Fri, 12 Jun 2020 14:42:22:  74000000 
INFO  @ Fri, 12 Jun 2020 14:42:25:  75000000 
INFO  @ Fri, 12 Jun 2020 14:42:29:  76000000 
INFO  @ Fri, 12 Jun 2020 14:42:32:  77000000 
INFO  @ Fri, 12 Jun 2020 14:42:35:  78000000 
INFO  @ Fri, 12 Jun 2020 14:42:39:  79000000 
INFO  @ Fri, 12 Jun 2020 14:42:42:  80000000 
INFO  @ Fri, 12 Jun 2020 14:42:46:  81000000 
INFO  @ Fri, 12 Jun 2020 14:42:49:  82000000 
INFO  @ Fri, 12 Jun 2020 14:42:52:  83000000 
INFO  @ Fri, 12 Jun 2020 14:42:56:  84000000 
INFO  @ Fri, 12 Jun 2020 14:43:00:  85000000 
INFO  @ Fri, 12 Jun 2020 14:43:03:  86000000 
INFO  @ Fri, 12 Jun 2020 14:43:07:  87000000 
INFO  @ Fri, 12 Jun 2020 14:43:10:  88000000 
INFO  @ Fri, 12 Jun 2020 14:43:13:  89000000 
INFO  @ Fri, 12 Jun 2020 14:43:18:  90000000 
INFO  @ Fri, 12 Jun 2020 14:43:21:  91000000 
INFO  @ Fri, 12 Jun 2020 14:43:25:  92000000 
INFO  @ Fri, 12 Jun 2020 14:43:28:  93000000 
INFO  @ Fri, 12 Jun 2020 14:43:32:  94000000 
INFO  @ Fri, 12 Jun 2020 14:43:35:  95000000 
INFO  @ Fri, 12 Jun 2020 14:43:39:  96000000 
INFO  @ Fri, 12 Jun 2020 14:43:42:  97000000 
INFO  @ Fri, 12 Jun 2020 14:43:46:  98000000 
INFO  @ Fri, 12 Jun 2020 14:43:49:  99000000 
INFO  @ Fri, 12 Jun 2020 14:43:53:  100000000 
INFO  @ Fri, 12 Jun 2020 14:43:56:  101000000 
INFO  @ Fri, 12 Jun 2020 14:44:00:  102000000 
INFO  @ Fri, 12 Jun 2020 14:44:04:  103000000 
INFO  @ Fri, 12 Jun 2020 14:44:07:  104000000 
INFO  @ Fri, 12 Jun 2020 14:44:11:  105000000 
INFO  @ Fri, 12 Jun 2020 14:44:14:  106000000 
INFO  @ Fri, 12 Jun 2020 14:44:18:  107000000 
INFO  @ Fri, 12 Jun 2020 14:44:21:  108000000 
INFO  @ Fri, 12 Jun 2020 14:44:25:  109000000 
INFO  @ Fri, 12 Jun 2020 14:44:28:  110000000 
INFO  @ Fri, 12 Jun 2020 14:44:32:  111000000 
INFO  @ Fri, 12 Jun 2020 14:44:35:  112000000 
INFO  @ Fri, 12 Jun 2020 14:44:39:  113000000 
INFO  @ Fri, 12 Jun 2020 14:44:42:  114000000 
INFO  @ Fri, 12 Jun 2020 14:44:46:  115000000 
INFO  @ Fri, 12 Jun 2020 14:44:49:  116000000 
INFO  @ Fri, 12 Jun 2020 14:44:53:  117000000 
INFO  @ Fri, 12 Jun 2020 14:44:56:  118000000 
INFO  @ Fri, 12 Jun 2020 14:45:00:  119000000 
INFO  @ Fri, 12 Jun 2020 14:45:04:  120000000 
INFO  @ Fri, 12 Jun 2020 14:45:08:  121000000 
INFO  @ Fri, 12 Jun 2020 14:45:11:  122000000 
INFO  @ Fri, 12 Jun 2020 14:45:14:  123000000 
INFO  @ Fri, 12 Jun 2020 14:45:18:  124000000 
INFO  @ Fri, 12 Jun 2020 14:45:21:  125000000 
INFO  @ Fri, 12 Jun 2020 14:45:25:  126000000 
INFO  @ Fri, 12 Jun 2020 14:45:28:  127000000 
INFO  @ Fri, 12 Jun 2020 14:45:32:  128000000 
INFO  @ Fri, 12 Jun 2020 14:45:35:  129000000 
INFO  @ Fri, 12 Jun 2020 14:45:39:  130000000 
INFO  @ Fri, 12 Jun 2020 14:45:43:  131000000 
INFO  @ Fri, 12 Jun 2020 14:45:47:  132000000 
INFO  @ Fri, 12 Jun 2020 14:45:51:  133000000 
INFO  @ Fri, 12 Jun 2020 14:45:55:  134000000 
INFO  @ Fri, 12 Jun 2020 14:45:58:  135000000 
INFO  @ Fri, 12 Jun 2020 14:46:02:  136000000 
INFO  @ Fri, 12 Jun 2020 14:46:05:  137000000 
INFO  @ Fri, 12 Jun 2020 14:46:09:  138000000 
INFO  @ Fri, 12 Jun 2020 14:46:12:  139000000 
INFO  @ Fri, 12 Jun 2020 14:46:16:  140000000 
INFO  @ Fri, 12 Jun 2020 14:46:19:  141000000 
INFO  @ Fri, 12 Jun 2020 14:46:23:  142000000 
INFO  @ Fri, 12 Jun 2020 14:46:26:  143000000 
INFO  @ Fri, 12 Jun 2020 14:46:30:  144000000 
INFO  @ Fri, 12 Jun 2020 14:46:34:  145000000 
INFO  @ Fri, 12 Jun 2020 14:46:37:  146000000 
INFO  @ Fri, 12 Jun 2020 14:46:41:  147000000 
INFO  @ Fri, 12 Jun 2020 14:46:44:  148000000 
INFO  @ Fri, 12 Jun 2020 14:46:47:  149000000 
INFO  @ Fri, 12 Jun 2020 14:46:51:  150000000 
INFO  @ Fri, 12 Jun 2020 14:46:54:  151000000 
INFO  @ Fri, 12 Jun 2020 14:46:58:  152000000 
INFO  @ Fri, 12 Jun 2020 14:47:01:  153000000 
INFO  @ Fri, 12 Jun 2020 14:47:05:  154000000 
INFO  @ Fri, 12 Jun 2020 14:47:08:  155000000 
INFO  @ Fri, 12 Jun 2020 14:47:12:  156000000 
INFO  @ Fri, 12 Jun 2020 14:47:15:  157000000 
INFO  @ Fri, 12 Jun 2020 14:47:19:  158000000 
INFO  @ Fri, 12 Jun 2020 14:47:23:  159000000 
INFO  @ Fri, 12 Jun 2020 14:47:26:  160000000 
INFO  @ Fri, 12 Jun 2020 14:47:29:  161000000 
INFO  @ Fri, 12 Jun 2020 14:47:33:  162000000 
INFO  @ Fri, 12 Jun 2020 14:47:37:  163000000 
INFO  @ Fri, 12 Jun 2020 14:47:40:  164000000 
INFO  @ Fri, 12 Jun 2020 14:47:44:  165000000 
INFO  @ Fri, 12 Jun 2020 14:47:47:  166000000 
INFO  @ Fri, 12 Jun 2020 14:47:51:  167000000 
INFO  @ Fri, 12 Jun 2020 14:47:54:  168000000 
INFO  @ Fri, 12 Jun 2020 14:47:58:  169000000 
INFO  @ Fri, 12 Jun 2020 14:48:01:  170000000 
INFO  @ Fri, 12 Jun 2020 14:48:05:  171000000 
INFO  @ Fri, 12 Jun 2020 14:48:08:  172000000 
INFO  @ Fri, 12 Jun 2020 14:48:11:  173000000 
INFO  @ Fri, 12 Jun 2020 14:48:15:  174000000 
INFO  @ Fri, 12 Jun 2020 14:48:18:  175000000 
INFO  @ Fri, 12 Jun 2020 14:48:22:  176000000 
INFO  @ Fri, 12 Jun 2020 14:48:25:  177000000 
INFO  @ Fri, 12 Jun 2020 14:48:29:  178000000 
INFO  @ Fri, 12 Jun 2020 14:48:32:  179000000 
INFO  @ Fri, 12 Jun 2020 14:48:35:  180000000 
INFO  @ Fri, 12 Jun 2020 14:48:39:  181000000 
INFO  @ Fri, 12 Jun 2020 14:48:43:  182000000 
INFO  @ Fri, 12 Jun 2020 14:48:46:  183000000 
INFO  @ Fri, 12 Jun 2020 14:48:49:  184000000 
INFO  @ Fri, 12 Jun 2020 14:48:53:  185000000 
INFO  @ Fri, 12 Jun 2020 14:48:56:  186000000 
INFO  @ Fri, 12 Jun 2020 14:49:00:  187000000 
INFO  @ Fri, 12 Jun 2020 14:49:03:  188000000 
INFO  @ Fri, 12 Jun 2020 14:49:07:  189000000 
INFO  @ Fri, 12 Jun 2020 14:49:10:  190000000 
INFO  @ Fri, 12 Jun 2020 14:49:14:  191000000 
INFO  @ Fri, 12 Jun 2020 14:49:17:  192000000 
INFO  @ Fri, 12 Jun 2020 14:49:21:  193000000 
INFO  @ Fri, 12 Jun 2020 14:49:24:  194000000 
INFO  @ Fri, 12 Jun 2020 14:49:28:  195000000 
INFO  @ Fri, 12 Jun 2020 14:49:31:  196000000 
INFO  @ Fri, 12 Jun 2020 14:49:34:  197000000 
INFO  @ Fri, 12 Jun 2020 14:49:38:  198000000 
INFO  @ Fri, 12 Jun 2020 14:49:41:  199000000 
INFO  @ Fri, 12 Jun 2020 14:49:45:  200000000 
INFO  @ Fri, 12 Jun 2020 14:49:48:  201000000 
INFO  @ Fri, 12 Jun 2020 14:49:52:  202000000 
INFO  @ Fri, 12 Jun 2020 14:49:55:  203000000 
INFO  @ Fri, 12 Jun 2020 14:49:59:  204000000 
INFO  @ Fri, 12 Jun 2020 14:50:02:  205000000 
INFO  @ Fri, 12 Jun 2020 14:50:06:  206000000 
INFO  @ Fri, 12 Jun 2020 14:50:09:  207000000 
INFO  @ Fri, 12 Jun 2020 14:50:13:  208000000 
INFO  @ Fri, 12 Jun 2020 14:50:17:  209000000 
INFO  @ Fri, 12 Jun 2020 14:50:21:  210000000 
INFO  @ Fri, 12 Jun 2020 14:50:25:  211000000 
INFO  @ Fri, 12 Jun 2020 14:50:28:  212000000 
INFO  @ Fri, 12 Jun 2020 14:50:31:  213000000 
INFO  @ Fri, 12 Jun 2020 14:50:35:  214000000 
INFO  @ Fri, 12 Jun 2020 14:50:38:  215000000 
INFO  @ Fri, 12 Jun 2020 14:50:42:  216000000 
INFO  @ Fri, 12 Jun 2020 14:50:45:  217000000 
INFO  @ Fri, 12 Jun 2020 14:50:48:  218000000 
INFO  @ Fri, 12 Jun 2020 14:50:52:  219000000 
INFO  @ Fri, 12 Jun 2020 14:50:55:  220000000 
INFO  @ Fri, 12 Jun 2020 14:50:59:  221000000 
INFO  @ Fri, 12 Jun 2020 14:51:02:  222000000 
INFO  @ Fri, 12 Jun 2020 14:51:06:  223000000 
INFO  @ Fri, 12 Jun 2020 14:51:10:  224000000 
INFO  @ Fri, 12 Jun 2020 14:51:13:  225000000 
INFO  @ Fri, 12 Jun 2020 14:51:17:  226000000 
INFO  @ Fri, 12 Jun 2020 14:51:20:  227000000 
INFO  @ Fri, 12 Jun 2020 14:51:24:  228000000 
INFO  @ Fri, 12 Jun 2020 14:51:27:  229000000 
INFO  @ Fri, 12 Jun 2020 14:51:31:  230000000 
INFO  @ Fri, 12 Jun 2020 14:51:34:  231000000 
INFO  @ Fri, 12 Jun 2020 14:51:38:  232000000 
INFO  @ Fri, 12 Jun 2020 14:51:42:  233000000 
INFO  @ Fri, 12 Jun 2020 14:51:46:  234000000 
INFO  @ Fri, 12 Jun 2020 14:51:50:  235000000 
INFO  @ Fri, 12 Jun 2020 14:51:53:  236000000 
INFO  @ Fri, 12 Jun 2020 14:51:57:  237000000 
INFO  @ Fri, 12 Jun 2020 14:52:00:  238000000 
INFO  @ Fri, 12 Jun 2020 14:52:04:  239000000 
INFO  @ Fri, 12 Jun 2020 14:52:07:  240000000 
INFO  @ Fri, 12 Jun 2020 14:52:11:  241000000 
INFO  @ Fri, 12 Jun 2020 14:52:14:  242000000 
INFO  @ Fri, 12 Jun 2020 14:52:18:  243000000 
INFO  @ Fri, 12 Jun 2020 14:52:21:  244000000 
INFO  @ Fri, 12 Jun 2020 14:52:25:  245000000 
INFO  @ Fri, 12 Jun 2020 14:52:28:  246000000 
INFO  @ Fri, 12 Jun 2020 14:52:32:  247000000 
INFO  @ Fri, 12 Jun 2020 14:52:36:  248000000 
INFO  @ Fri, 12 Jun 2020 14:52:39:  249000000 
INFO  @ Fri, 12 Jun 2020 14:52:43:  250000000 
INFO  @ Fri, 12 Jun 2020 14:52:47:  251000000 
INFO  @ Fri, 12 Jun 2020 14:52:51:  252000000 
INFO  @ Fri, 12 Jun 2020 14:52:55:  253000000 
INFO  @ Fri, 12 Jun 2020 14:52:58:  254000000 
INFO  @ Fri, 12 Jun 2020 14:53:02:  255000000 
INFO  @ Fri, 12 Jun 2020 14:53:05:  256000000 
INFO  @ Fri, 12 Jun 2020 14:53:09:  257000000 
INFO  @ Fri, 12 Jun 2020 14:53:12:  258000000 
INFO  @ Fri, 12 Jun 2020 14:53:16:  259000000 
INFO  @ Fri, 12 Jun 2020 14:53:19:  260000000 
INFO  @ Fri, 12 Jun 2020 14:53:23:  261000000 
INFO  @ Fri, 12 Jun 2020 14:53:26:  262000000 
INFO  @ Fri, 12 Jun 2020 14:53:30:  263000000 
INFO  @ Fri, 12 Jun 2020 14:53:33:  264000000 
INFO  @ Fri, 12 Jun 2020 14:53:37:  265000000 
INFO  @ Fri, 12 Jun 2020 14:53:40:  266000000 
INFO  @ Fri, 12 Jun 2020 14:53:44:  267000000 
INFO  @ Fri, 12 Jun 2020 14:53:47:  268000000 
INFO  @ Fri, 12 Jun 2020 14:53:50:  269000000 
INFO  @ Fri, 12 Jun 2020 14:53:54:  270000000 
INFO  @ Fri, 12 Jun 2020 14:53:57:  271000000 
INFO  @ Fri, 12 Jun 2020 14:54:01:  272000000 
INFO  @ Fri, 12 Jun 2020 14:54:05:  273000000 
INFO  @ Fri, 12 Jun 2020 14:54:08:  274000000 
INFO  @ Fri, 12 Jun 2020 14:54:11:  275000000 
INFO  @ Fri, 12 Jun 2020 14:54:15:  276000000 
INFO  @ Fri, 12 Jun 2020 14:54:18:  277000000 
INFO  @ Fri, 12 Jun 2020 14:54:22:  278000000 
INFO  @ Fri, 12 Jun 2020 14:54:26:  279000000 
INFO  @ Fri, 12 Jun 2020 14:54:29:  280000000 
INFO  @ Fri, 12 Jun 2020 14:54:32:  281000000 
INFO  @ Fri, 12 Jun 2020 14:54:36:  282000000 
INFO  @ Fri, 12 Jun 2020 14:54:39:  283000000 
INFO  @ Fri, 12 Jun 2020 14:54:43:  284000000 
INFO  @ Fri, 12 Jun 2020 14:54:46:  285000000 
INFO  @ Fri, 12 Jun 2020 14:54:49:  286000000 
INFO  @ Fri, 12 Jun 2020 14:54:53:  287000000 
INFO  @ Fri, 12 Jun 2020 14:54:56:  288000000 
INFO  @ Fri, 12 Jun 2020 14:55:00:  289000000 
INFO  @ Fri, 12 Jun 2020 14:55:03:  290000000 
INFO  @ Fri, 12 Jun 2020 14:55:07:  291000000 
INFO  @ Fri, 12 Jun 2020 14:55:11:  292000000 
INFO  @ Fri, 12 Jun 2020 14:55:14:  293000000 
INFO  @ Fri, 12 Jun 2020 14:55:17:  294000000 
INFO  @ Fri, 12 Jun 2020 14:55:21:  295000000 
INFO  @ Fri, 12 Jun 2020 14:55:24:  296000000 
INFO  @ Fri, 12 Jun 2020 14:55:28:  297000000 
INFO  @ Fri, 12 Jun 2020 14:55:31:  298000000 
INFO  @ Fri, 12 Jun 2020 14:55:34:  299000000 
INFO  @ Fri, 12 Jun 2020 14:55:38:  300000000 
INFO  @ Fri, 12 Jun 2020 14:55:41:  301000000 
INFO  @ Fri, 12 Jun 2020 14:55:45:  302000000 
INFO  @ Fri, 12 Jun 2020 14:55:48:  303000000 
INFO  @ Fri, 12 Jun 2020 14:55:51:  304000000 
INFO  @ Fri, 12 Jun 2020 14:55:55:  305000000 
INFO  @ Fri, 12 Jun 2020 14:55:58:  306000000 
INFO  @ Fri, 12 Jun 2020 14:56:02:  307000000 
INFO  @ Fri, 12 Jun 2020 14:56:05:  308000000 
INFO  @ Fri, 12 Jun 2020 14:56:08:  309000000 
INFO  @ Fri, 12 Jun 2020 14:56:12:  310000000 
INFO  @ Fri, 12 Jun 2020 14:56:15:  311000000 
INFO  @ Fri, 12 Jun 2020 14:56:19:  312000000 
INFO  @ Fri, 12 Jun 2020 14:56:22:  313000000 
INFO  @ Fri, 12 Jun 2020 14:56:25:  314000000 
INFO  @ Fri, 12 Jun 2020 14:56:29:  315000000 
INFO  @ Fri, 12 Jun 2020 14:56:32:  316000000 
INFO  @ Fri, 12 Jun 2020 14:56:36:  317000000 
INFO  @ Fri, 12 Jun 2020 14:56:39:  318000000 
INFO  @ Fri, 12 Jun 2020 14:56:42:  319000000 
INFO  @ Fri, 12 Jun 2020 14:56:46:  320000000 
INFO  @ Fri, 12 Jun 2020 14:56:49:  321000000 
INFO  @ Fri, 12 Jun 2020 14:56:52:  322000000 
INFO  @ Fri, 12 Jun 2020 14:56:56:  323000000 
INFO  @ Fri, 12 Jun 2020 14:56:59:  324000000 
INFO  @ Fri, 12 Jun 2020 14:57:03:  325000000 
INFO  @ Fri, 12 Jun 2020 14:57:06:  326000000 
INFO  @ Fri, 12 Jun 2020 14:57:10:  327000000 
INFO  @ Fri, 12 Jun 2020 14:57:13:  328000000 
INFO  @ Fri, 12 Jun 2020 14:57:16:  329000000 
INFO  @ Fri, 12 Jun 2020 14:57:20:  330000000 
INFO  @ Fri, 12 Jun 2020 14:57:23:  331000000 
INFO  @ Fri, 12 Jun 2020 14:57:27:  332000000 
INFO  @ Fri, 12 Jun 2020 14:57:30:  333000000 
INFO  @ Fri, 12 Jun 2020 14:57:33:  334000000 
INFO  @ Fri, 12 Jun 2020 14:57:37:  335000000 
INFO  @ Fri, 12 Jun 2020 14:57:40:  336000000 
INFO  @ Fri, 12 Jun 2020 14:57:44:  337000000 
INFO  @ Fri, 12 Jun 2020 14:57:47:  338000000 
INFO  @ Fri, 12 Jun 2020 14:57:50:  339000000 
INFO  @ Fri, 12 Jun 2020 14:57:54:  340000000 
INFO  @ Fri, 12 Jun 2020 14:57:57:  341000000 
INFO  @ Fri, 12 Jun 2020 14:58:01:  342000000 
INFO  @ Fri, 12 Jun 2020 14:58:04:  343000000 
INFO  @ Fri, 12 Jun 2020 14:58:08:  344000000 
INFO  @ Fri, 12 Jun 2020 14:58:11:  345000000 
INFO  @ Fri, 12 Jun 2020 14:58:14:  346000000 
INFO  @ Fri, 12 Jun 2020 14:58:18:  347000000 
INFO  @ Fri, 12 Jun 2020 14:58:21:  348000000 
INFO  @ Fri, 12 Jun 2020 14:58:24:  349000000 
INFO  @ Fri, 12 Jun 2020 14:58:28:  350000000 
INFO  @ Fri, 12 Jun 2020 14:58:31:  351000000 
INFO  @ Fri, 12 Jun 2020 14:58:35:  352000000 
INFO  @ Fri, 12 Jun 2020 14:58:38:  353000000 
INFO  @ Fri, 12 Jun 2020 14:58:41:  354000000 
INFO  @ Fri, 12 Jun 2020 14:58:45:  355000000 
INFO  @ Fri, 12 Jun 2020 14:58:48:  356000000 
INFO  @ Fri, 12 Jun 2020 14:58:51:  357000000 
INFO  @ Fri, 12 Jun 2020 14:58:55:  358000000 
INFO  @ Fri, 12 Jun 2020 14:58:58:  359000000 
INFO  @ Fri, 12 Jun 2020 14:59:02:  360000000 
INFO  @ Fri, 12 Jun 2020 14:59:05:  361000000 
INFO  @ Fri, 12 Jun 2020 14:59:08:  362000000 
INFO  @ Fri, 12 Jun 2020 14:59:12:  363000000 
INFO  @ Fri, 12 Jun 2020 14:59:15:  364000000 
INFO  @ Fri, 12 Jun 2020 14:59:19:  365000000 
INFO  @ Fri, 12 Jun 2020 14:59:22:  366000000 
INFO  @ Fri, 12 Jun 2020 14:59:25:  367000000 
INFO  @ Fri, 12 Jun 2020 14:59:29:  368000000 
INFO  @ Fri, 12 Jun 2020 14:59:32:  369000000 
INFO  @ Fri, 12 Jun 2020 14:59:35:  370000000 
INFO  @ Fri, 12 Jun 2020 14:59:39:  371000000 
INFO  @ Fri, 12 Jun 2020 14:59:42:  372000000 
INFO  @ Fri, 12 Jun 2020 14:59:46:  373000000 
INFO  @ Fri, 12 Jun 2020 14:59:49:  374000000 
INFO  @ Fri, 12 Jun 2020 14:59:52:  375000000 
INFO  @ Fri, 12 Jun 2020 14:59:56:  376000000 
INFO  @ Fri, 12 Jun 2020 14:59:59:  377000000 
INFO  @ Fri, 12 Jun 2020 15:00:03:  378000000 
INFO  @ Fri, 12 Jun 2020 15:00:06:  379000000 
INFO  @ Fri, 12 Jun 2020 15:00:09:  380000000 
INFO  @ Fri, 12 Jun 2020 15:00:13:  381000000 
INFO  @ Fri, 12 Jun 2020 15:00:16:  382000000 
INFO  @ Fri, 12 Jun 2020 15:00:20:  383000000 
INFO  @ Fri, 12 Jun 2020 15:00:23:  384000000 
INFO  @ Fri, 12 Jun 2020 15:00:26:  385000000 
INFO  @ Fri, 12 Jun 2020 15:00:30:  386000000 
INFO  @ Fri, 12 Jun 2020 15:00:33:  387000000 
INFO  @ Fri, 12 Jun 2020 15:00:37:  388000000 
INFO  @ Fri, 12 Jun 2020 15:00:40:  389000000 
INFO  @ Fri, 12 Jun 2020 15:00:44:  390000000 
INFO  @ Fri, 12 Jun 2020 15:00:47:  391000000 
INFO  @ Fri, 12 Jun 2020 15:00:50:  392000000 
INFO  @ Fri, 12 Jun 2020 15:00:54:  393000000 
INFO  @ Fri, 12 Jun 2020 15:00:57:  394000000 
INFO  @ Fri, 12 Jun 2020 15:01:01:  395000000 
INFO  @ Fri, 12 Jun 2020 15:01:05:  396000000 
INFO  @ Fri, 12 Jun 2020 15:01:08:  397000000 
INFO  @ Fri, 12 Jun 2020 15:01:12:  398000000 
INFO  @ Fri, 12 Jun 2020 15:01:15:  399000000 
INFO  @ Fri, 12 Jun 2020 15:01:18:  400000000 
INFO  @ Fri, 12 Jun 2020 15:01:22:  401000000 
INFO  @ Fri, 12 Jun 2020 15:01:25:  402000000 
INFO  @ Fri, 12 Jun 2020 15:01:28:  403000000 
INFO  @ Fri, 12 Jun 2020 15:01:32:  404000000 
INFO  @ Fri, 12 Jun 2020 15:01:35:  405000000 
INFO  @ Fri, 12 Jun 2020 15:01:38:  406000000 
INFO  @ Fri, 12 Jun 2020 15:01:42:  407000000 
INFO  @ Fri, 12 Jun 2020 15:01:45:  408000000 
INFO  @ Fri, 12 Jun 2020 15:01:49:  409000000 
INFO  @ Fri, 12 Jun 2020 15:01:52:  410000000 
INFO  @ Fri, 12 Jun 2020 15:01:55:  411000000 
INFO  @ Fri, 12 Jun 2020 15:01:59:  412000000 
INFO  @ Fri, 12 Jun 2020 15:02:02:  413000000 
INFO  @ Fri, 12 Jun 2020 15:02:06:  414000000 
INFO  @ Fri, 12 Jun 2020 15:02:09:  415000000 
INFO  @ Fri, 12 Jun 2020 15:02:12:  416000000 
INFO  @ Fri, 12 Jun 2020 15:02:16:  417000000 
INFO  @ Fri, 12 Jun 2020 15:02:19:  418000000 
INFO  @ Fri, 12 Jun 2020 15:02:23:  419000000 
INFO  @ Fri, 12 Jun 2020 15:02:26:  420000000 
INFO  @ Fri, 12 Jun 2020 15:02:30:  421000000 
INFO  @ Fri, 12 Jun 2020 15:02:33:  422000000 
INFO  @ Fri, 12 Jun 2020 15:02:37:  423000000 
INFO  @ Fri, 12 Jun 2020 15:02:40:  424000000 
INFO  @ Fri, 12 Jun 2020 15:02:44:  425000000 
INFO  @ Fri, 12 Jun 2020 15:02:47:  426000000 
INFO  @ Fri, 12 Jun 2020 15:02:51:  427000000 
INFO  @ Fri, 12 Jun 2020 15:02:54:  428000000 
INFO  @ Fri, 12 Jun 2020 15:02:56:  429000000 
INFO  @ Fri, 12 Jun 2020 15:03:03: #1 tag size is determined as 72 bps 
INFO  @ Fri, 12 Jun 2020 15:03:03: #1 tag size = 72 
INFO  @ Fri, 12 Jun 2020 15:03:03: #1  total tags in treatment: 210155789 
INFO  @ Fri, 12 Jun 2020 15:03:03: #1 user defined the maximum tags... 
INFO  @ Fri, 12 Jun 2020 15:03:03: #1 filter out redundant tags at the same location and the same strand by allowing at most 1 tag(s) 
INFO  @ Fri, 12 Jun 2020 15:03:08: #1  tags after filtering in treatment: 57083888 
INFO  @ Fri, 12 Jun 2020 15:03:08: #1  Redundant rate of treatment: 0.73 
INFO  @ Fri, 12 Jun 2020 15:03:08: #1 finished! 
INFO  @ Fri, 12 Jun 2020 15:03:08: #2 Build Peak Model... 
INFO  @ Fri, 12 Jun 2020 15:03:08: #2 Skipped... 
INFO  @ Fri, 12 Jun 2020 15:03:08: #2 Sequencing ends will be shifted towards 5' by 100 bp(s) 
INFO  @ Fri, 12 Jun 2020 15:03:08: #2 Use 200 as fragment length 
INFO  @ Fri, 12 Jun 2020 15:03:08: #3 Call peaks... 
INFO  @ Fri, 12 Jun 2020 15:03:08: #3 Pre-compute pvalue-qvalue table... 
INFO  @ Fri, 12 Jun 2020 15:05:28: #3 In the peak calling step, the following will be performed simultaneously: 
INFO  @ Fri, 12 Jun 2020 15:05:28: #3   Write bedGraph files for treatment pileup (after scaling if necessary)... HPC5_ATAC.markdup.rmchrM_treat_pileup.bdg 
INFO  @ Fri, 12 Jun 2020 15:05:28: #3   Write bedGraph files for control lambda (after scaling if necessary)... HPC5_ATAC.markdup.rmchrM_control_lambda.bdg 
INFO  @ Fri, 12 Jun 2020 15:05:28: #3   Pileup will be based on sequencing depth in treatment. 
INFO  @ Fri, 12 Jun 2020 15:05:28: #3 Call peaks for each chromosome... 
INFO  @ Fri, 12 Jun 2020 15:11:43: #4 Write output xls file... HPC5_ATAC.markdup.rmchrM_peaks.xls 
INFO  @ Fri, 12 Jun 2020 15:11:44: #4 Write peak in narrowPeak format file... HPC5_ATAC.markdup.rmchrM_peaks.narrowPeak 
INFO  @ Fri, 12 Jun 2020 15:11:45: #4 Write summits bed file... HPC5_ATAC.markdup.rmchrM_summits.bed 
INFO  @ Fri, 12 Jun 2020 15:11:45: Done! 
INFO  @ Fri, 12 Jun 2020 15:11:50: Read and build treatment bedGraph... 
INFO  @ Fri, 12 Jun 2020 15:13:32: Read and build control bedGraph... 
INFO  @ Fri, 12 Jun 2020 15:14:39: Build scoreTrackII... 
INFO  @ Fri, 12 Jun 2020 15:15:24: Calculate scores comparing treatment and control by 'qpois'... 
INFO  @ Fri, 12 Jun 2020 15:17:10: Write bedGraph of scores... 
INFO  @ Fri, 12 Jun 2020 15:18:25: Finished 'qpois'! Please check 'HPC5_ATAC.markdup.rmchrM_treat_pvalue.bdg'! 
INFO  @ Fri, 12 Jun 2020 15:18:29: Read and build treatment bedGraph... 
INFO  @ Fri, 12 Jun 2020 15:20:10: Read and build control bedGraph... 
INFO  @ Fri, 12 Jun 2020 15:21:18: Build scoreTrackII... 
INFO  @ Fri, 12 Jun 2020 15:22:03: Calculate scores comparing treatment and control by 'FE'... 
INFO  @ Fri, 12 Jun 2020 15:30:45: Write bedGraph of scores... 
INFO  @ Fri, 12 Jun 2020 15:34:37: Finished 'FE'! Please check 'HPC5_ATAC.markdup.rmchrM_FE.bdg'! 
INFO  @ Fri, 12 Jun 2020 15:34:42: Read and build treatment bedGraph... 
INFO  @ Fri, 12 Jun 2020 15:36:23: Read and build control bedGraph... 
INFO  @ Fri, 12 Jun 2020 15:37:31: Build scoreTrackII... 
INFO  @ Fri, 12 Jun 2020 15:38:16: Calculate scores comparing treatment and control by 'logLR'... 
INFO  @ Fri, 12 Jun 2020 15:39:11: Write bedGraph of scores... 
INFO  @ Fri, 12 Jun 2020 15:43:10: Finished 'logLR'! Please check 'HPC5_ATAC.markdup.rmchrM_logLR.bdg'! 
INFO  @ Fri, 12 Jun 2020 15:43:12: Read and build bedGraph... 
INFO  @ Fri, 12 Jun 2020 15:43:59: Call peaks from bedGraph... 
INFO  @ Fri, 12 Jun 2020 15:44:07: Write peaks... 
INFO  @ Fri, 12 Jun 2020 15:44:08: Done 
Traceback (most recent call last):
  File "/home/yli11/HemTools/bin/annot_gene_features.py", line 122, in <module>
    main()
  File "/home/yli11/HemTools/bin/annot_gene_features.py", line 98, in main
    get_annotation_data(args)
  File "/home/yli11/HemTools/bin/annot_gene_features.py", line 81, in get_annotation_data
    args.tss = myData['%s_gencode33_TSS'%(args.genome)]
KeyError: 'mm9_gencode33_TSS'
/home/yli11/.conda/envs/py2/lib/python3.7/site-packages/statsmodels/tools/_testing.py:19: FutureWarning:

pandas.util.testing is deprecated. Use the functions in the public API at pandas.testing instead.

Traceback (most recent call last):
  File "/home/yli11/HemTools/bin/pie_plot.py", line 95, in <module>
    main()
  File "/home/yli11/HemTools/bin/pie_plot.py", line 74, in main
    args.sep = guess_sep(args.input)
  File "/home/yli11/HemTools/bin/pie_plot.py", line 35, in guess_sep
    with open(x) as f:
FileNotFoundError: [Errno 2] No such file or directory: 'HPC5_ATAC.markdup.rmchrM_peaks.rmblck.narrowPeak.annot.tsv'
INFO  @ Fri, 12 Jun 2020 15:53:54: 
# Command line: callpeak --nomodel --shift -100 --extsize 200 -t HPC5_ATAC.rmdup.uq.rmchrM.bam -B -n HPC5_ATAC.rmdup.uq.rmchrM -g mm
# ARGUMENTS LIST:
# name = HPC5_ATAC.rmdup.uq.rmchrM
# format = AUTO
# ChIP-seq file = ['HPC5_ATAC.rmdup.uq.rmchrM.bam']
# control file = None
# effective genome size = 1.87e+09
# band width = 300
# model fold = [5, 50]
# qvalue cutoff = 5.00e-02
# Larger dataset will be scaled towards smaller dataset.
# Range for calculating regional lambda is: 10000 bps
# Broad region calling is off
# Paired-End mode is off
 
INFO  @ Fri, 12 Jun 2020 15:53:54: #1 read tag files... 
INFO  @ Fri, 12 Jun 2020 15:53:54: #1 read treatment tags... 
INFO  @ Fri, 12 Jun 2020 15:53:54: Detected format is: BAM 
INFO  @ Fri, 12 Jun 2020 15:53:54: * Input file is gzipped. 
INFO  @ Fri, 12 Jun 2020 15:53:58:  1000000 
INFO  @ Fri, 12 Jun 2020 15:54:02:  2000000 
INFO  @ Fri, 12 Jun 2020 15:54:05:  3000000 
INFO  @ Fri, 12 Jun 2020 15:54:09:  4000000 
INFO  @ Fri, 12 Jun 2020 15:54:12:  5000000 
INFO  @ Fri, 12 Jun 2020 15:54:16:  6000000 
INFO  @ Fri, 12 Jun 2020 15:54:19:  7000000 
INFO  @ Fri, 12 Jun 2020 15:54:23:  8000000 
INFO  @ Fri, 12 Jun 2020 15:54:26:  9000000 
INFO  @ Fri, 12 Jun 2020 15:54:30:  10000000 
INFO  @ Fri, 12 Jun 2020 15:54:33:  11000000 
INFO  @ Fri, 12 Jun 2020 15:54:37:  12000000 
INFO  @ Fri, 12 Jun 2020 15:54:40:  13000000 
INFO  @ Fri, 12 Jun 2020 15:54:44:  14000000 
INFO  @ Fri, 12 Jun 2020 15:54:47:  15000000 
INFO  @ Fri, 12 Jun 2020 15:54:51:  16000000 
INFO  @ Fri, 12 Jun 2020 15:54:54:  17000000 
INFO  @ Fri, 12 Jun 2020 15:54:58:  18000000 
INFO  @ Fri, 12 Jun 2020 15:55:01:  19000000 
INFO  @ Fri, 12 Jun 2020 15:55:05:  20000000 
INFO  @ Fri, 12 Jun 2020 15:55:08:  21000000 
INFO  @ Fri, 12 Jun 2020 15:55:12:  22000000 
INFO  @ Fri, 12 Jun 2020 15:55:16:  23000000 
INFO  @ Fri, 12 Jun 2020 15:55:19:  24000000 
INFO  @ Fri, 12 Jun 2020 15:55:23:  25000000 
INFO  @ Fri, 12 Jun 2020 15:55:26:  26000000 
INFO  @ Fri, 12 Jun 2020 15:55:30:  27000000 
INFO  @ Fri, 12 Jun 2020 15:55:33:  28000000 
INFO  @ Fri, 12 Jun 2020 15:55:37:  29000000 
INFO  @ Fri, 12 Jun 2020 15:55:40:  30000000 
INFO  @ Fri, 12 Jun 2020 15:55:44:  31000000 
INFO  @ Fri, 12 Jun 2020 15:55:47:  32000000 
INFO  @ Fri, 12 Jun 2020 15:55:51:  33000000 
INFO  @ Fri, 12 Jun 2020 15:55:55:  34000000 
INFO  @ Fri, 12 Jun 2020 15:55:58:  35000000 
INFO  @ Fri, 12 Jun 2020 15:56:01:  36000000 
INFO  @ Fri, 12 Jun 2020 15:56:05:  37000000 
INFO  @ Fri, 12 Jun 2020 15:56:08:  38000000 
INFO  @ Fri, 12 Jun 2020 15:56:12:  39000000 
INFO  @ Fri, 12 Jun 2020 15:56:16:  40000000 
INFO  @ Fri, 12 Jun 2020 15:56:19:  41000000 
INFO  @ Fri, 12 Jun 2020 15:56:23:  42000000 
INFO  @ Fri, 12 Jun 2020 15:56:26:  43000000 
INFO  @ Fri, 12 Jun 2020 15:56:30:  44000000 
INFO  @ Fri, 12 Jun 2020 15:56:33:  45000000 
INFO  @ Fri, 12 Jun 2020 15:56:37:  46000000 
INFO  @ Fri, 12 Jun 2020 15:56:40:  47000000 
INFO  @ Fri, 12 Jun 2020 15:56:44:  48000000 
INFO  @ Fri, 12 Jun 2020 15:56:47:  49000000 
INFO  @ Fri, 12 Jun 2020 15:56:51:  50000000 
INFO  @ Fri, 12 Jun 2020 15:56:55:  51000000 
INFO  @ Fri, 12 Jun 2020 15:56:58:  52000000 
INFO  @ Fri, 12 Jun 2020 15:57:02:  53000000 
INFO  @ Fri, 12 Jun 2020 15:57:05:  54000000 
INFO  @ Fri, 12 Jun 2020 15:57:09:  55000000 
INFO  @ Fri, 12 Jun 2020 15:57:12:  56000000 
INFO  @ Fri, 12 Jun 2020 15:57:16:  57000000 
INFO  @ Fri, 12 Jun 2020 15:57:19:  58000000 
INFO  @ Fri, 12 Jun 2020 15:57:23:  59000000 
INFO  @ Fri, 12 Jun 2020 15:57:26:  60000000 
INFO  @ Fri, 12 Jun 2020 15:57:30:  61000000 
INFO  @ Fri, 12 Jun 2020 15:57:33:  62000000 
INFO  @ Fri, 12 Jun 2020 15:57:37:  63000000 
INFO  @ Fri, 12 Jun 2020 15:57:40:  64000000 
INFO  @ Fri, 12 Jun 2020 15:57:44:  65000000 
INFO  @ Fri, 12 Jun 2020 15:57:47:  66000000 
INFO  @ Fri, 12 Jun 2020 15:57:51:  67000000 
INFO  @ Fri, 12 Jun 2020 15:57:54:  68000000 
INFO  @ Fri, 12 Jun 2020 15:57:58:  69000000 
INFO  @ Fri, 12 Jun 2020 15:58:01:  70000000 
INFO  @ Fri, 12 Jun 2020 15:58:05:  71000000 
INFO  @ Fri, 12 Jun 2020 15:58:08:  72000000 
INFO  @ Fri, 12 Jun 2020 15:58:12:  73000000 
INFO  @ Fri, 12 Jun 2020 15:58:15:  74000000 
INFO  @ Fri, 12 Jun 2020 15:58:19:  75000000 
INFO  @ Fri, 12 Jun 2020 15:58:23:  76000000 
INFO  @ Fri, 12 Jun 2020 15:58:26:  77000000 
INFO  @ Fri, 12 Jun 2020 15:58:30:  78000000 
INFO  @ Fri, 12 Jun 2020 15:58:33:  79000000 
INFO  @ Fri, 12 Jun 2020 15:58:37:  80000000 
INFO  @ Fri, 12 Jun 2020 15:58:40:  81000000 
INFO  @ Fri, 12 Jun 2020 15:58:44:  82000000 
INFO  @ Fri, 12 Jun 2020 15:58:47:  83000000 
INFO  @ Fri, 12 Jun 2020 15:58:51:  84000000 
INFO  @ Fri, 12 Jun 2020 15:58:54:  85000000 
INFO  @ Fri, 12 Jun 2020 15:58:58:  86000000 
INFO  @ Fri, 12 Jun 2020 15:59:01:  87000000 
INFO  @ Fri, 12 Jun 2020 15:59:05:  88000000 
INFO  @ Fri, 12 Jun 2020 15:59:08:  89000000 
INFO  @ Fri, 12 Jun 2020 15:59:12:  90000000 
INFO  @ Fri, 12 Jun 2020 15:59:15:  91000000 
INFO  @ Fri, 12 Jun 2020 15:59:19:  92000000 
INFO  @ Fri, 12 Jun 2020 15:59:23:  93000000 
INFO  @ Fri, 12 Jun 2020 15:59:26:  94000000 
INFO  @ Fri, 12 Jun 2020 15:59:30:  95000000 
INFO  @ Fri, 12 Jun 2020 15:59:33:  96000000 
INFO  @ Fri, 12 Jun 2020 15:59:37:  97000000 
INFO  @ Fri, 12 Jun 2020 15:59:40:  98000000 
INFO  @ Fri, 12 Jun 2020 15:59:44:  99000000 
INFO  @ Fri, 12 Jun 2020 15:59:47:  100000000 
INFO  @ Fri, 12 Jun 2020 15:59:51:  101000000 
INFO  @ Fri, 12 Jun 2020 15:59:54:  102000000 
INFO  @ Fri, 12 Jun 2020 15:59:58:  103000000 
INFO  @ Fri, 12 Jun 2020 16:00:01:  104000000 
INFO  @ Fri, 12 Jun 2020 16:00:05:  105000000 
INFO  @ Fri, 12 Jun 2020 16:00:08:  106000000 
INFO  @ Fri, 12 Jun 2020 16:00:12:  107000000 
INFO  @ Fri, 12 Jun 2020 16:00:15:  108000000 
INFO  @ Fri, 12 Jun 2020 16:00:19:  109000000 
INFO  @ Fri, 12 Jun 2020 16:00:22:  110000000 
INFO  @ Fri, 12 Jun 2020 16:00:26:  111000000 
INFO  @ Fri, 12 Jun 2020 16:00:30:  112000000 
INFO  @ Fri, 12 Jun 2020 16:00:33:  113000000 
INFO  @ Fri, 12 Jun 2020 16:00:37:  114000000 
INFO  @ Fri, 12 Jun 2020 16:00:40:  115000000 
INFO  @ Fri, 12 Jun 2020 16:00:44:  116000000 
INFO  @ Fri, 12 Jun 2020 16:00:47:  117000000 
INFO  @ Fri, 12 Jun 2020 16:00:51:  118000000 
INFO  @ Fri, 12 Jun 2020 16:00:55:  119000000 
INFO  @ Fri, 12 Jun 2020 16:00:58:  120000000 
INFO  @ Fri, 12 Jun 2020 16:01:02:  121000000 
INFO  @ Fri, 12 Jun 2020 16:01:05:  122000000 
INFO  @ Fri, 12 Jun 2020 16:01:09:  123000000 
INFO  @ Fri, 12 Jun 2020 16:01:12:  124000000 
INFO  @ Fri, 12 Jun 2020 16:01:16:  125000000 
INFO  @ Fri, 12 Jun 2020 16:01:19:  126000000 
INFO  @ Fri, 12 Jun 2020 16:01:23:  127000000 
INFO  @ Fri, 12 Jun 2020 16:01:27:  128000000 
INFO  @ Fri, 12 Jun 2020 16:01:30:  129000000 
INFO  @ Fri, 12 Jun 2020 16:01:34:  130000000 
INFO  @ Fri, 12 Jun 2020 16:01:37:  131000000 
INFO  @ Fri, 12 Jun 2020 16:01:41:  132000000 
INFO  @ Fri, 12 Jun 2020 16:01:44:  133000000 
INFO  @ Fri, 12 Jun 2020 16:01:48:  134000000 
INFO  @ Fri, 12 Jun 2020 16:01:51:  135000000 
INFO  @ Fri, 12 Jun 2020 16:01:55:  136000000 
INFO  @ Fri, 12 Jun 2020 16:01:58:  137000000 
INFO  @ Fri, 12 Jun 2020 16:02:02:  138000000 
INFO  @ Fri, 12 Jun 2020 16:02:05:  139000000 
INFO  @ Fri, 12 Jun 2020 16:02:09:  140000000 
INFO  @ Fri, 12 Jun 2020 16:02:12:  141000000 
INFO  @ Fri, 12 Jun 2020 16:02:16:  142000000 
INFO  @ Fri, 12 Jun 2020 16:02:19:  143000000 
INFO  @ Fri, 12 Jun 2020 16:02:23:  144000000 
INFO  @ Fri, 12 Jun 2020 16:02:26:  145000000 
INFO  @ Fri, 12 Jun 2020 16:02:30:  146000000 
INFO  @ Fri, 12 Jun 2020 16:02:33:  147000000 
INFO  @ Fri, 12 Jun 2020 16:02:37:  148000000 
INFO  @ Fri, 12 Jun 2020 16:02:40:  149000000 
INFO  @ Fri, 12 Jun 2020 16:02:44:  150000000 
INFO  @ Fri, 12 Jun 2020 16:02:47:  151000000 
INFO  @ Fri, 12 Jun 2020 16:02:51:  152000000 
INFO  @ Fri, 12 Jun 2020 16:02:54:  153000000 
INFO  @ Fri, 12 Jun 2020 16:02:58:  154000000 
INFO  @ Fri, 12 Jun 2020 16:03:01:  155000000 
INFO  @ Fri, 12 Jun 2020 16:03:05:  156000000 
INFO  @ Fri, 12 Jun 2020 16:03:08:  157000000 
INFO  @ Fri, 12 Jun 2020 16:03:12:  158000000 
INFO  @ Fri, 12 Jun 2020 16:03:16:  159000000 
INFO  @ Fri, 12 Jun 2020 16:03:19:  160000000 
INFO  @ Fri, 12 Jun 2020 16:03:23:  161000000 
INFO  @ Fri, 12 Jun 2020 16:03:26:  162000000 
INFO  @ Fri, 12 Jun 2020 16:03:30:  163000000 
INFO  @ Fri, 12 Jun 2020 16:03:33:  164000000 
INFO  @ Fri, 12 Jun 2020 16:03:37:  165000000 
INFO  @ Fri, 12 Jun 2020 16:03:40:  166000000 
INFO  @ Fri, 12 Jun 2020 16:03:44:  167000000 
INFO  @ Fri, 12 Jun 2020 16:03:47:  168000000 
INFO  @ Fri, 12 Jun 2020 16:03:51:  169000000 
INFO  @ Fri, 12 Jun 2020 16:03:54:  170000000 
INFO  @ Fri, 12 Jun 2020 16:03:58:  171000000 
INFO  @ Fri, 12 Jun 2020 16:04:01:  172000000 
INFO  @ Fri, 12 Jun 2020 16:04:05:  173000000 
INFO  @ Fri, 12 Jun 2020 16:04:08:  174000000 
INFO  @ Fri, 12 Jun 2020 16:04:12:  175000000 
INFO  @ Fri, 12 Jun 2020 16:04:16:  176000000 
INFO  @ Fri, 12 Jun 2020 16:04:19:  177000000 
INFO  @ Fri, 12 Jun 2020 16:04:23:  178000000 
INFO  @ Fri, 12 Jun 2020 16:04:26:  179000000 
INFO  @ Fri, 12 Jun 2020 16:04:30:  180000000 
INFO  @ Fri, 12 Jun 2020 16:04:33:  181000000 
INFO  @ Fri, 12 Jun 2020 16:04:37:  182000000 
INFO  @ Fri, 12 Jun 2020 16:04:40:  183000000 
INFO  @ Fri, 12 Jun 2020 16:04:44:  184000000 
INFO  @ Fri, 12 Jun 2020 16:04:47:  185000000 
INFO  @ Fri, 12 Jun 2020 16:04:51:  186000000 
INFO  @ Fri, 12 Jun 2020 16:04:54:  187000000 
INFO  @ Fri, 12 Jun 2020 16:04:58:  188000000 
INFO  @ Fri, 12 Jun 2020 16:05:02:  189000000 
INFO  @ Fri, 12 Jun 2020 16:05:05: #1 tag size is determined as 79 bps 
INFO  @ Fri, 12 Jun 2020 16:05:05: #1 tag size = 79 
INFO  @ Fri, 12 Jun 2020 16:05:05: #1  total tags in treatment: 94584071 
INFO  @ Fri, 12 Jun 2020 16:05:05: #1 user defined the maximum tags... 
INFO  @ Fri, 12 Jun 2020 16:05:05: #1 filter out redundant tags at the same location and the same strand by allowing at most 1 tag(s) 
INFO  @ Fri, 12 Jun 2020 16:05:07: #1  tags after filtering in treatment: 53859731 
INFO  @ Fri, 12 Jun 2020 16:05:07: #1  Redundant rate of treatment: 0.43 
INFO  @ Fri, 12 Jun 2020 16:05:07: #1 finished! 
INFO  @ Fri, 12 Jun 2020 16:05:07: #2 Build Peak Model... 
INFO  @ Fri, 12 Jun 2020 16:05:07: #2 Skipped... 
INFO  @ Fri, 12 Jun 2020 16:05:07: #2 Sequencing ends will be shifted towards 5' by 100 bp(s) 
INFO  @ Fri, 12 Jun 2020 16:05:07: #2 Use 200 as fragment length 
INFO  @ Fri, 12 Jun 2020 16:05:07: #3 Call peaks... 
INFO  @ Fri, 12 Jun 2020 16:05:07: #3 Pre-compute pvalue-qvalue table... 
INFO  @ Fri, 12 Jun 2020 16:07:21: #3 In the peak calling step, the following will be performed simultaneously: 
INFO  @ Fri, 12 Jun 2020 16:07:21: #3   Write bedGraph files for treatment pileup (after scaling if necessary)... HPC5_ATAC.rmdup.uq.rmchrM_treat_pileup.bdg 
INFO  @ Fri, 12 Jun 2020 16:07:21: #3   Write bedGraph files for control lambda (after scaling if necessary)... HPC5_ATAC.rmdup.uq.rmchrM_control_lambda.bdg 
INFO  @ Fri, 12 Jun 2020 16:07:21: #3   Pileup will be based on sequencing depth in treatment. 
INFO  @ Fri, 12 Jun 2020 16:07:21: #3 Call peaks for each chromosome... 
INFO  @ Fri, 12 Jun 2020 16:13:25: #4 Write output xls file... HPC5_ATAC.rmdup.uq.rmchrM_peaks.xls 
INFO  @ Fri, 12 Jun 2020 16:13:26: #4 Write peak in narrowPeak format file... HPC5_ATAC.rmdup.uq.rmchrM_peaks.narrowPeak 
INFO  @ Fri, 12 Jun 2020 16:13:26: #4 Write summits bed file... HPC5_ATAC.rmdup.uq.rmchrM_summits.bed 
INFO  @ Fri, 12 Jun 2020 16:13:27: Done! 
INFO  @ Fri, 12 Jun 2020 16:13:29: Read and build treatment bedGraph... 
INFO  @ Fri, 12 Jun 2020 16:15:05: Read and build control bedGraph... 
INFO  @ Fri, 12 Jun 2020 16:16:11: Build scoreTrackII... 
INFO  @ Fri, 12 Jun 2020 16:16:54: Calculate scores comparing treatment and control by 'qpois'... 
INFO  @ Fri, 12 Jun 2020 16:18:40: Write bedGraph of scores... 
INFO  @ Fri, 12 Jun 2020 16:19:55: Finished 'qpois'! Please check 'HPC5_ATAC.rmdup.uq.rmchrM_treat_pvalue.bdg'! 
INFO  @ Fri, 12 Jun 2020 16:19:57: Read and build treatment bedGraph... 
INFO  @ Fri, 12 Jun 2020 16:21:32: Read and build control bedGraph... 
INFO  @ Fri, 12 Jun 2020 16:22:38: Build scoreTrackII... 
INFO  @ Fri, 12 Jun 2020 16:23:22: Calculate scores comparing treatment and control by 'FE'... 
INFO  @ Fri, 12 Jun 2020 16:31:44: Write bedGraph of scores... 
INFO  @ Fri, 12 Jun 2020 16:35:25: Finished 'FE'! Please check 'HPC5_ATAC.rmdup.uq.rmchrM_FE.bdg'! 
INFO  @ Fri, 12 Jun 2020 16:35:27: Read and build treatment bedGraph... 
INFO  @ Fri, 12 Jun 2020 16:37:02: Read and build control bedGraph... 
INFO  @ Fri, 12 Jun 2020 16:38:09: Build scoreTrackII... 
INFO  @ Fri, 12 Jun 2020 16:38:52: Calculate scores comparing treatment and control by 'logLR'... 
INFO  @ Fri, 12 Jun 2020 16:39:45: Write bedGraph of scores... 
INFO  @ Fri, 12 Jun 2020 16:43:31: Finished 'logLR'! Please check 'HPC5_ATAC.rmdup.uq.rmchrM_logLR.bdg'! 
INFO  @ Fri, 12 Jun 2020 16:43:32: Read and build bedGraph... 
INFO  @ Fri, 12 Jun 2020 16:44:18: Call peaks from bedGraph... 
INFO  @ Fri, 12 Jun 2020 16:44:26: Write peaks... 
INFO  @ Fri, 12 Jun 2020 16:44:27: Done 
Traceback (most recent call last):
  File "/home/yli11/HemTools/bin/annot_gene_features.py", line 122, in <module>
    main()
  File "/home/yli11/HemTools/bin/annot_gene_features.py", line 98, in main
    get_annotation_data(args)
  File "/home/yli11/HemTools/bin/annot_gene_features.py", line 81, in get_annotation_data
    args.tss = myData['%s_gencode33_TSS'%(args.genome)]
KeyError: 'mm9_gencode33_TSS'
/home/yli11/.conda/envs/py2/lib/python3.7/site-packages/statsmodels/tools/_testing.py:19: FutureWarning:

pandas.util.testing is deprecated. Use the functions in the public API at pandas.testing instead.

Traceback (most recent call last):
  File "/home/yli11/HemTools/bin/pie_plot.py", line 95, in <module>
    main()
  File "/home/yli11/HemTools/bin/pie_plot.py", line 74, in main
    args.sep = guess_sep(args.input)
  File "/home/yli11/HemTools/bin/pie_plot.py", line 35, in guess_sep
    with open(x) as f:
FileNotFoundError: [Errno 2] No such file or directory: 'HPC5_ATAC.rmdup.uq.rmchrM_peaks.rmblck.narrowPeak.annot.tsv'
INFO  @ Fri, 12 Jun 2020 16:54:25: 
# Command line: callpeak --nomodel --shift -100 --extsize 200 -t HPC5_ATAC.rmdup.bam -B -n HPC5_ATAC.rmdup -g mm
# ARGUMENTS LIST:
# name = HPC5_ATAC.rmdup
# format = AUTO
# ChIP-seq file = ['HPC5_ATAC.rmdup.bam']
# control file = None
# effective genome size = 1.87e+09
# band width = 300
# model fold = [5, 50]
# qvalue cutoff = 5.00e-02
# Larger dataset will be scaled towards smaller dataset.
# Range for calculating regional lambda is: 10000 bps
# Broad region calling is off
# Paired-End mode is off
 
INFO  @ Fri, 12 Jun 2020 16:54:25: #1 read tag files... 
INFO  @ Fri, 12 Jun 2020 16:54:25: #1 read treatment tags... 
INFO  @ Fri, 12 Jun 2020 16:54:25: Detected format is: BAM 
INFO  @ Fri, 12 Jun 2020 16:54:25: * Input file is gzipped. 
INFO  @ Fri, 12 Jun 2020 16:54:29:  1000000 
INFO  @ Fri, 12 Jun 2020 16:54:32:  2000000 
INFO  @ Fri, 12 Jun 2020 16:54:36:  3000000 
INFO  @ Fri, 12 Jun 2020 16:54:39:  4000000 
INFO  @ Fri, 12 Jun 2020 16:54:43:  5000000 
INFO  @ Fri, 12 Jun 2020 16:54:47:  6000000 
INFO  @ Fri, 12 Jun 2020 16:54:50:  7000000 
INFO  @ Fri, 12 Jun 2020 16:54:54:  8000000 
INFO  @ Fri, 12 Jun 2020 16:54:57:  9000000 
INFO  @ Fri, 12 Jun 2020 16:55:01:  10000000 
INFO  @ Fri, 12 Jun 2020 16:55:04:  11000000 
INFO  @ Fri, 12 Jun 2020 16:55:08:  12000000 
INFO  @ Fri, 12 Jun 2020 16:55:11:  13000000 
INFO  @ Fri, 12 Jun 2020 16:55:15:  14000000 
INFO  @ Fri, 12 Jun 2020 16:55:18:  15000000 
INFO  @ Fri, 12 Jun 2020 16:55:22:  16000000 
INFO  @ Fri, 12 Jun 2020 16:55:25:  17000000 
INFO  @ Fri, 12 Jun 2020 16:55:29:  18000000 
INFO  @ Fri, 12 Jun 2020 16:55:33:  19000000 
INFO  @ Fri, 12 Jun 2020 16:55:36:  20000000 
INFO  @ Fri, 12 Jun 2020 16:55:40:  21000000 
INFO  @ Fri, 12 Jun 2020 16:55:43:  22000000 
INFO  @ Fri, 12 Jun 2020 16:55:47:  23000000 
INFO  @ Fri, 12 Jun 2020 16:55:50:  24000000 
INFO  @ Fri, 12 Jun 2020 16:55:54:  25000000 
INFO  @ Fri, 12 Jun 2020 16:55:57:  26000000 
INFO  @ Fri, 12 Jun 2020 16:56:01:  27000000 
INFO  @ Fri, 12 Jun 2020 16:56:05:  28000000 
INFO  @ Fri, 12 Jun 2020 16:56:08:  29000000 
INFO  @ Fri, 12 Jun 2020 16:56:12:  30000000 
INFO  @ Fri, 12 Jun 2020 16:56:15:  31000000 
INFO  @ Fri, 12 Jun 2020 16:56:19:  32000000 
INFO  @ Fri, 12 Jun 2020 16:56:22:  33000000 
INFO  @ Fri, 12 Jun 2020 16:56:26:  34000000 
INFO  @ Fri, 12 Jun 2020 16:56:29:  35000000 
INFO  @ Fri, 12 Jun 2020 16:56:33:  36000000 
INFO  @ Fri, 12 Jun 2020 16:56:36:  37000000 
INFO  @ Fri, 12 Jun 2020 16:56:40:  38000000 
INFO  @ Fri, 12 Jun 2020 16:56:43:  39000000 
INFO  @ Fri, 12 Jun 2020 16:56:47:  40000000 
INFO  @ Fri, 12 Jun 2020 16:56:51:  41000000 
INFO  @ Fri, 12 Jun 2020 16:56:54:  42000000 
INFO  @ Fri, 12 Jun 2020 16:56:58:  43000000 
INFO  @ Fri, 12 Jun 2020 16:57:01:  44000000 
INFO  @ Fri, 12 Jun 2020 16:57:05:  45000000 
INFO  @ Fri, 12 Jun 2020 16:57:08:  46000000 
INFO  @ Fri, 12 Jun 2020 16:57:12:  47000000 
INFO  @ Fri, 12 Jun 2020 16:57:15:  48000000 
INFO  @ Fri, 12 Jun 2020 16:57:19:  49000000 
INFO  @ Fri, 12 Jun 2020 16:57:22:  50000000 
INFO  @ Fri, 12 Jun 2020 16:57:26:  51000000 
INFO  @ Fri, 12 Jun 2020 16:57:30:  52000000 
INFO  @ Fri, 12 Jun 2020 16:57:33:  53000000 
INFO  @ Fri, 12 Jun 2020 16:57:37:  54000000 
INFO  @ Fri, 12 Jun 2020 16:57:40:  55000000 
INFO  @ Fri, 12 Jun 2020 16:57:44:  56000000 
INFO  @ Fri, 12 Jun 2020 16:57:47:  57000000 
INFO  @ Fri, 12 Jun 2020 16:57:51:  58000000 
INFO  @ Fri, 12 Jun 2020 16:57:54:  59000000 
INFO  @ Fri, 12 Jun 2020 16:57:58:  60000000 
INFO  @ Fri, 12 Jun 2020 16:58:02:  61000000 
INFO  @ Fri, 12 Jun 2020 16:58:05:  62000000 
INFO  @ Fri, 12 Jun 2020 16:58:09:  63000000 
INFO  @ Fri, 12 Jun 2020 16:58:13:  64000000 
INFO  @ Fri, 12 Jun 2020 16:58:16:  65000000 
INFO  @ Fri, 12 Jun 2020 16:58:20:  66000000 
INFO  @ Fri, 12 Jun 2020 16:58:23:  67000000 
INFO  @ Fri, 12 Jun 2020 16:58:27:  68000000 
INFO  @ Fri, 12 Jun 2020 16:58:30:  69000000 
INFO  @ Fri, 12 Jun 2020 16:58:33:  70000000 
INFO  @ Fri, 12 Jun 2020 16:58:37:  71000000 
INFO  @ Fri, 12 Jun 2020 16:58:40:  72000000 
INFO  @ Fri, 12 Jun 2020 16:58:44:  73000000 
INFO  @ Fri, 12 Jun 2020 16:58:47:  74000000 
INFO  @ Fri, 12 Jun 2020 16:58:51:  75000000 
INFO  @ Fri, 12 Jun 2020 16:58:55:  76000000 
INFO  @ Fri, 12 Jun 2020 16:58:58:  77000000 
INFO  @ Fri, 12 Jun 2020 16:59:02:  78000000 
INFO  @ Fri, 12 Jun 2020 16:59:05:  79000000 
INFO  @ Fri, 12 Jun 2020 16:59:09:  80000000 
INFO  @ Fri, 12 Jun 2020 16:59:12:  81000000 
INFO  @ Fri, 12 Jun 2020 16:59:16:  82000000 
INFO  @ Fri, 12 Jun 2020 16:59:19:  83000000 
INFO  @ Fri, 12 Jun 2020 16:59:23:  84000000 
INFO  @ Fri, 12 Jun 2020 16:59:26:  85000000 
INFO  @ Fri, 12 Jun 2020 16:59:30:  86000000 
INFO  @ Fri, 12 Jun 2020 16:59:33:  87000000 
INFO  @ Fri, 12 Jun 2020 16:59:37:  88000000 
INFO  @ Fri, 12 Jun 2020 16:59:41:  89000000 
INFO  @ Fri, 12 Jun 2020 16:59:44:  90000000 
INFO  @ Fri, 12 Jun 2020 16:59:48:  91000000 
INFO  @ Fri, 12 Jun 2020 16:59:51:  92000000 
INFO  @ Fri, 12 Jun 2020 16:59:55:  93000000 
INFO  @ Fri, 12 Jun 2020 16:59:58:  94000000 
INFO  @ Fri, 12 Jun 2020 17:00:02:  95000000 
INFO  @ Fri, 12 Jun 2020 17:00:05:  96000000 
INFO  @ Fri, 12 Jun 2020 17:00:09:  97000000 
INFO  @ Fri, 12 Jun 2020 17:00:12:  98000000 
INFO  @ Fri, 12 Jun 2020 17:00:16:  99000000 
INFO  @ Fri, 12 Jun 2020 17:00:19:  100000000 
INFO  @ Fri, 12 Jun 2020 17:00:23:  101000000 
INFO  @ Fri, 12 Jun 2020 17:00:26:  102000000 
INFO  @ Fri, 12 Jun 2020 17:00:30:  103000000 
INFO  @ Fri, 12 Jun 2020 17:00:33:  104000000 
INFO  @ Fri, 12 Jun 2020 17:00:37:  105000000 
INFO  @ Fri, 12 Jun 2020 17:00:40:  106000000 
INFO  @ Fri, 12 Jun 2020 17:00:44:  107000000 
INFO  @ Fri, 12 Jun 2020 17:00:47:  108000000 
INFO  @ Fri, 12 Jun 2020 17:00:51:  109000000 
INFO  @ Fri, 12 Jun 2020 17:00:54:  110000000 
INFO  @ Fri, 12 Jun 2020 17:00:58:  111000000 
INFO  @ Fri, 12 Jun 2020 17:01:01:  112000000 
INFO  @ Fri, 12 Jun 2020 17:01:05:  113000000 
INFO  @ Fri, 12 Jun 2020 17:01:08:  114000000 
INFO  @ Fri, 12 Jun 2020 17:01:12:  115000000 
INFO  @ Fri, 12 Jun 2020 17:01:16:  116000000 
INFO  @ Fri, 12 Jun 2020 17:01:19:  117000000 
INFO  @ Fri, 12 Jun 2020 17:01:23:  118000000 
INFO  @ Fri, 12 Jun 2020 17:01:26:  119000000 
INFO  @ Fri, 12 Jun 2020 17:01:30:  120000000 
INFO  @ Fri, 12 Jun 2020 17:01:33:  121000000 
INFO  @ Fri, 12 Jun 2020 17:01:37:  122000000 
INFO  @ Fri, 12 Jun 2020 17:01:40:  123000000 
INFO  @ Fri, 12 Jun 2020 17:01:44:  124000000 
INFO  @ Fri, 12 Jun 2020 17:01:48:  125000000 
INFO  @ Fri, 12 Jun 2020 17:01:51:  126000000 
INFO  @ Fri, 12 Jun 2020 17:01:55:  127000000 
INFO  @ Fri, 12 Jun 2020 17:01:58:  128000000 
INFO  @ Fri, 12 Jun 2020 17:02:02:  129000000 
INFO  @ Fri, 12 Jun 2020 17:02:05:  130000000 
INFO  @ Fri, 12 Jun 2020 17:02:09:  131000000 
INFO  @ Fri, 12 Jun 2020 17:02:12:  132000000 
INFO  @ Fri, 12 Jun 2020 17:02:16:  133000000 
INFO  @ Fri, 12 Jun 2020 17:02:19:  134000000 
INFO  @ Fri, 12 Jun 2020 17:02:23:  135000000 
INFO  @ Fri, 12 Jun 2020 17:02:26:  136000000 
INFO  @ Fri, 12 Jun 2020 17:02:30:  137000000 
INFO  @ Fri, 12 Jun 2020 17:02:34:  138000000 
INFO  @ Fri, 12 Jun 2020 17:02:37:  139000000 
INFO  @ Fri, 12 Jun 2020 17:02:41:  140000000 
INFO  @ Fri, 12 Jun 2020 17:02:44:  141000000 
INFO  @ Fri, 12 Jun 2020 17:02:48:  142000000 
INFO  @ Fri, 12 Jun 2020 17:02:51:  143000000 
INFO  @ Fri, 12 Jun 2020 17:02:55:  144000000 
INFO  @ Fri, 12 Jun 2020 17:02:58:  145000000 
INFO  @ Fri, 12 Jun 2020 17:03:02:  146000000 
INFO  @ Fri, 12 Jun 2020 17:03:05:  147000000 
INFO  @ Fri, 12 Jun 2020 17:03:09:  148000000 
INFO  @ Fri, 12 Jun 2020 17:03:12:  149000000 
INFO  @ Fri, 12 Jun 2020 17:03:16:  150000000 
INFO  @ Fri, 12 Jun 2020 17:03:20:  151000000 
INFO  @ Fri, 12 Jun 2020 17:03:23:  152000000 
INFO  @ Fri, 12 Jun 2020 17:03:27:  153000000 
INFO  @ Fri, 12 Jun 2020 17:03:30:  154000000 
INFO  @ Fri, 12 Jun 2020 17:03:34:  155000000 
INFO  @ Fri, 12 Jun 2020 17:03:37:  156000000 
INFO  @ Fri, 12 Jun 2020 17:03:41:  157000000 
INFO  @ Fri, 12 Jun 2020 17:03:44:  158000000 
INFO  @ Fri, 12 Jun 2020 17:03:48:  159000000 
INFO  @ Fri, 12 Jun 2020 17:03:51:  160000000 
INFO  @ Fri, 12 Jun 2020 17:03:55:  161000000 
INFO  @ Fri, 12 Jun 2020 17:03:58:  162000000 
INFO  @ Fri, 12 Jun 2020 17:04:02:  163000000 
INFO  @ Fri, 12 Jun 2020 17:04:05:  164000000 
INFO  @ Fri, 12 Jun 2020 17:04:09:  165000000 
INFO  @ Fri, 12 Jun 2020 17:04:13:  166000000 
INFO  @ Fri, 12 Jun 2020 17:04:16:  167000000 
INFO  @ Fri, 12 Jun 2020 17:04:20:  168000000 
INFO  @ Fri, 12 Jun 2020 17:04:23:  169000000 
INFO  @ Fri, 12 Jun 2020 17:04:27:  170000000 
INFO  @ Fri, 12 Jun 2020 17:04:30:  171000000 
INFO  @ Fri, 12 Jun 2020 17:04:34:  172000000 
INFO  @ Fri, 12 Jun 2020 17:04:37:  173000000 
INFO  @ Fri, 12 Jun 2020 17:04:41:  174000000 
INFO  @ Fri, 12 Jun 2020 17:04:44:  175000000 
INFO  @ Fri, 12 Jun 2020 17:04:48:  176000000 
INFO  @ Fri, 12 Jun 2020 17:04:51:  177000000 
INFO  @ Fri, 12 Jun 2020 17:04:55:  178000000 
INFO  @ Fri, 12 Jun 2020 17:04:58:  179000000 
INFO  @ Fri, 12 Jun 2020 17:05:02:  180000000 
INFO  @ Fri, 12 Jun 2020 17:05:05:  181000000 
INFO  @ Fri, 12 Jun 2020 17:05:09:  182000000 
INFO  @ Fri, 12 Jun 2020 17:05:12:  183000000 
INFO  @ Fri, 12 Jun 2020 17:05:16:  184000000 
INFO  @ Fri, 12 Jun 2020 17:05:20:  185000000 
INFO  @ Fri, 12 Jun 2020 17:05:23:  186000000 
INFO  @ Fri, 12 Jun 2020 17:05:27:  187000000 
INFO  @ Fri, 12 Jun 2020 17:05:30:  188000000 
INFO  @ Fri, 12 Jun 2020 17:05:34:  189000000 
INFO  @ Fri, 12 Jun 2020 17:05:37:  190000000 
INFO  @ Fri, 12 Jun 2020 17:05:41:  191000000 
INFO  @ Fri, 12 Jun 2020 17:05:44:  192000000 
INFO  @ Fri, 12 Jun 2020 17:05:48:  193000000 
INFO  @ Fri, 12 Jun 2020 17:05:51:  194000000 
INFO  @ Fri, 12 Jun 2020 17:05:55:  195000000 
INFO  @ Fri, 12 Jun 2020 17:05:59:  196000000 
INFO  @ Fri, 12 Jun 2020 17:06:02:  197000000 
INFO  @ Fri, 12 Jun 2020 17:06:06:  198000000 
INFO  @ Fri, 12 Jun 2020 17:06:09:  199000000 
INFO  @ Fri, 12 Jun 2020 17:06:13:  200000000 
INFO  @ Fri, 12 Jun 2020 17:06:17:  201000000 
INFO  @ Fri, 12 Jun 2020 17:06:20: #1 tag size is determined as 79 bps 
INFO  @ Fri, 12 Jun 2020 17:06:20: #1 tag size = 79 
INFO  @ Fri, 12 Jun 2020 17:06:20: #1  total tags in treatment: 100510993 
INFO  @ Fri, 12 Jun 2020 17:06:20: #1 user defined the maximum tags... 
INFO  @ Fri, 12 Jun 2020 17:06:20: #1 filter out redundant tags at the same location and the same strand by allowing at most 1 tag(s) 
INFO  @ Fri, 12 Jun 2020 17:06:22: #1  tags after filtering in treatment: 56881446 
INFO  @ Fri, 12 Jun 2020 17:06:22: #1  Redundant rate of treatment: 0.43 
INFO  @ Fri, 12 Jun 2020 17:06:22: #1 finished! 
INFO  @ Fri, 12 Jun 2020 17:06:22: #2 Build Peak Model... 
INFO  @ Fri, 12 Jun 2020 17:06:22: #2 Skipped... 
INFO  @ Fri, 12 Jun 2020 17:06:22: #2 Sequencing ends will be shifted towards 5' by 100 bp(s) 
INFO  @ Fri, 12 Jun 2020 17:06:22: #2 Use 200 as fragment length 
INFO  @ Fri, 12 Jun 2020 17:06:22: #3 Call peaks... 
INFO  @ Fri, 12 Jun 2020 17:06:22: #3 Pre-compute pvalue-qvalue table... 
INFO  @ Fri, 12 Jun 2020 17:08:35: #3 In the peak calling step, the following will be performed simultaneously: 
INFO  @ Fri, 12 Jun 2020 17:08:35: #3   Write bedGraph files for treatment pileup (after scaling if necessary)... HPC5_ATAC.rmdup_treat_pileup.bdg 
INFO  @ Fri, 12 Jun 2020 17:08:35: #3   Write bedGraph files for control lambda (after scaling if necessary)... HPC5_ATAC.rmdup_control_lambda.bdg 
INFO  @ Fri, 12 Jun 2020 17:08:35: #3   Pileup will be based on sequencing depth in treatment. 
INFO  @ Fri, 12 Jun 2020 17:08:35: #3 Call peaks for each chromosome... 
INFO  @ Fri, 12 Jun 2020 17:14:48: #4 Write output xls file... HPC5_ATAC.rmdup_peaks.xls 
INFO  @ Fri, 12 Jun 2020 17:14:49: #4 Write peak in narrowPeak format file... HPC5_ATAC.rmdup_peaks.narrowPeak 
INFO  @ Fri, 12 Jun 2020 17:14:49: #4 Write summits bed file... HPC5_ATAC.rmdup_summits.bed 
INFO  @ Fri, 12 Jun 2020 17:14:50: Done! 
INFO  @ Fri, 12 Jun 2020 17:14:52: Read and build treatment bedGraph... 
INFO  @ Fri, 12 Jun 2020 17:16:32: Read and build control bedGraph... 
INFO  @ Fri, 12 Jun 2020 17:17:39: Build scoreTrackII... 
INFO  @ Fri, 12 Jun 2020 17:18:24: Calculate scores comparing treatment and control by 'qpois'... 
INFO  @ Fri, 12 Jun 2020 17:20:10: Write bedGraph of scores... 
INFO  @ Fri, 12 Jun 2020 17:21:25: Finished 'qpois'! Please check 'HPC5_ATAC.rmdup_treat_pvalue.bdg'! 
INFO  @ Fri, 12 Jun 2020 17:21:28: Read and build treatment bedGraph... 
INFO  @ Fri, 12 Jun 2020 17:23:07: Read and build control bedGraph... 
INFO  @ Fri, 12 Jun 2020 17:24:14: Build scoreTrackII... 
INFO  @ Fri, 12 Jun 2020 17:24:59: Calculate scores comparing treatment and control by 'FE'... 
INFO  @ Fri, 12 Jun 2020 17:33:44: Write bedGraph of scores... 
INFO  @ Fri, 12 Jun 2020 17:37:36: Finished 'FE'! Please check 'HPC5_ATAC.rmdup_FE.bdg'! 
INFO  @ Fri, 12 Jun 2020 17:37:38: Read and build treatment bedGraph... 
INFO  @ Fri, 12 Jun 2020 17:39:17: Read and build control bedGraph... 
INFO  @ Fri, 12 Jun 2020 17:40:23: Build scoreTrackII... 
INFO  @ Fri, 12 Jun 2020 17:41:08: Calculate scores comparing treatment and control by 'logLR'... 
INFO  @ Fri, 12 Jun 2020 17:42:02: Write bedGraph of scores... 
INFO  @ Fri, 12 Jun 2020 17:45:57: Finished 'logLR'! Please check 'HPC5_ATAC.rmdup_logLR.bdg'! 
INFO  @ Fri, 12 Jun 2020 17:45:59: Read and build bedGraph... 
INFO  @ Fri, 12 Jun 2020 17:46:45: Call peaks from bedGraph... 
INFO  @ Fri, 12 Jun 2020 17:46:53: Write peaks... 
INFO  @ Fri, 12 Jun 2020 17:46:54: Done 
Traceback (most recent call last):
  File "/home/yli11/HemTools/bin/annot_gene_features.py", line 122, in <module>
    main()
  File "/home/yli11/HemTools/bin/annot_gene_features.py", line 98, in main
    get_annotation_data(args)
  File "/home/yli11/HemTools/bin/annot_gene_features.py", line 81, in get_annotation_data
    args.tss = myData['%s_gencode33_TSS'%(args.genome)]
KeyError: 'mm9_gencode33_TSS'
/home/yli11/.conda/envs/py2/lib/python3.7/site-packages/statsmodels/tools/_testing.py:19: FutureWarning:

pandas.util.testing is deprecated. Use the functions in the public API at pandas.testing instead.

Traceback (most recent call last):
  File "/home/yli11/HemTools/bin/pie_plot.py", line 95, in <module>
    main()
  File "/home/yli11/HemTools/bin/pie_plot.py", line 74, in main
    args.sep = guess_sep(args.input)
  File "/home/yli11/HemTools/bin/pie_plot.py", line 35, in guess_sep
    with open(x) as f:
FileNotFoundError: [Errno 2] No such file or directory: 'HPC5_ATAC.rmdup_peaks.rmblck.narrowPeak.annot.tsv'
