Sender: LSF System <lsfadmin@nodecn231>
Subject: Job 109803381[3]: <markdup.uq.bw[1-10]> in cluster <hpcf_research_cluster> Done

Job <markdup.uq.bw[1-10]> was submitted from host <nodecn125> by user <yli11> in cluster <hpcf_research_cluster> at Thu Sep 17 16:38:14 2020.
Job was executed on host(s) <6*nodecn231>, in queue <standard>, as user <yli11> in cluster <hpcf_research_cluster> at Thu Sep 17 18:18:00 2020.
</home/yli11> was used as the home directory.
</home/yli11/Share/Megan/HPC5/NFIX> was used as the working directory.
Started at Thu Sep 17 18:18:00 2020.
Terminated at Thu Sep 17 18:23:23 2020.
Results reported at Thu Sep 17 18:23:23 2020.

Your job looked like:

------------------------------------------------------------
# LSBATCH: User input


#BSUB -P chip_seq_single
#BSUB -o chip_seq_single_yli11_2020-09-17.markdup.uq.bw.message_%J_%I.out -e chip_seq_single_yli11_2020-09-17.markdup.uq.bw.message_%J_%I.err
#BSUB -n 6
#BSUB -q standard
#BSUB -R "span[hosts=1] rusage[mem=4500]"
#BSUB -J "markdup.uq.bw[1-10]"
module purge
#BSUB -w "ended(109803376[*])"
#BSUB -R "select[rhel7]"
module load python/2.7.15-rhel7

id=$LSB_JOBINDEX
COL1=`head -n $id fastq.tsv|tail -n1|awk -F "	" '{print $1}'`
COL2=`head -n $id fastq.tsv|tail -n1|awk -F "	" '{print $2}'`
COL3=`head -n $id fastq.tsv|tail -n1|awk -F "	" '{print $3}'`
COL4=`head -n $id fastq.tsv|tail -n1|awk -F "	" '{print $4}'`
COL5=`head -n $id fastq.tsv|tail -n1|awk -F "	" '{print $5}'`
COL6=`head -n $id fastq.tsv|tail -n1|awk -F "	" '{print $6}'`
LINE=`head -n $id fastq.tsv|tail -n1`

bamCoverage -b ${COL2}.markdup.uq.bam -o ${COL2}.markdup.uq.bw --smoothLength=200 --ignoreForNormalization chrX chrM   --effectiveGenomeSize 1865500000 --numberOfProcessors 6

		
------------------------------------------------------------

Successfully completed.

Resource usage summary:

    CPU time :                                   1257.29 sec.
    Max Memory :                                 435 MB
    Average Memory :                             201.07 MB
    Total Requested Memory :                     27000.00 MB
    Delta Memory :                               26565.00 MB
    Max Swap :                                   -
    Max Processes :                              10
    Max Threads :                                14
    Run time :                                   322 sec.
    Turnaround time :                            6309 sec.

The output (if any) follows:



PS:

Read file <chip_seq_single_yli11_2020-09-17.markdup.uq.bw.message_109803381_3.err> for stderr output of this job.

