[M::bwa_idx_load_from_disk] read 0 ALT contigs
[M::process] read 1176472 sequences (60000072 bp)...
[M::process] read 1176472 sequences (60000072 bp)...
[M::mem_process_seqs] Processed 1176472 reads in 379.043 CPU sec, 76.643 real sec
[M::process] read 1176472 sequences (60000072 bp)...
[M::mem_process_seqs] Processed 1176472 reads in 347.661 CPU sec, 60.555 real sec
[M::process] read 1176472 sequences (60000072 bp)...
[M::mem_process_seqs] Processed 1176472 reads in 366.299 CPU sec, 64.823 real sec
[M::process] read 1176472 sequences (60000072 bp)...
[M::mem_process_seqs] Processed 1176472 reads in 354.280 CPU sec, 64.908 real sec
[M::process] read 1176472 sequences (60000072 bp)...
[M::mem_process_seqs] Processed 1176472 reads in 356.824 CPU sec, 63.448 real sec
[M::process] read 1176472 sequences (60000072 bp)...
[M::mem_process_seqs] Processed 1176472 reads in 348.640 CPU sec, 63.557 real sec
[M::mem_process_seqs] Processed 1176472 reads in 355.550 CPU sec, 63.131 real sec
[M::process] read 1176472 sequences (60000072 bp)...
[M::process] read 1176472 sequences (60000072 bp)...
[M::mem_process_seqs] Processed 1176472 reads in 354.817 CPU sec, 62.395 real sec
[M::process] read 1176472 sequences (60000072 bp)...
[M::mem_process_seqs] Processed 1176472 reads in 366.196 CPU sec, 65.330 real sec
[M::process] read 1176472 sequences (60000072 bp)...
[M::mem_process_seqs] Processed 1176472 reads in 364.810 CPU sec, 63.788 real sec
[M::process] read 1176472 sequences (60000072 bp)...
[M::mem_process_seqs] Processed 1176472 reads in 370.481 CPU sec, 65.589 real sec
[M::process] read 1176472 sequences (60000072 bp)...
[M::mem_process_seqs] Processed 1176472 reads in 381.173 CPU sec, 67.603 real sec
[M::process] read 1176472 sequences (60000072 bp)...
[M::mem_process_seqs] Processed 1176472 reads in 362.147 CPU sec, 64.071 real sec
[M::process] read 1176472 sequences (60000072 bp)...
[M::mem_process_seqs] Processed 1176472 reads in 377.336 CPU sec, 67.900 real sec
[M::process] read 1176472 sequences (60000072 bp)...
[M::mem_process_seqs] Processed 1176472 reads in 389.296 CPU sec, 71.039 real sec
[M::process] read 1176472 sequences (60000072 bp)...
[M::mem_process_seqs] Processed 1176472 reads in 384.102 CPU sec, 68.523 real sec
[M::mem_process_seqs] Processed 1176472 reads in 368.926 CPU sec, 66.581 real sec
[M::process] read 1176472 sequences (60000072 bp)...
[M::process] read 1176472 sequences (60000072 bp)...
[M::mem_process_seqs] Processed 1176472 reads in 381.389 CPU sec, 66.651 real sec
[M::process] read 1176472 sequences (60000072 bp)...
[M::mem_process_seqs] Processed 1176472 reads in 368.259 CPU sec, 64.969 real sec
[M::process] read 1176472 sequences (60000072 bp)...
[M::mem_process_seqs] Processed 1176472 reads in 372.868 CPU sec, 66.542 real sec
[M::process] read 1176472 sequences (60000072 bp)...
[M::mem_process_seqs] Processed 1176472 reads in 369.635 CPU sec, 72.876 real sec
[M::mem_process_seqs] Processed 1176472 reads in 382.651 CPU sec, 67.759 real sec
[M::process] read 1176472 sequences (60000072 bp)...
[M::process] read 1176472 sequences (60000072 bp)...
[M::mem_process_seqs] Processed 1176472 reads in 366.665 CPU sec, 65.232 real sec
[M::mem_process_seqs] Processed 1176472 reads in 374.855 CPU sec, 65.051 real sec
[M::process] read 1176472 sequences (60000072 bp)...
[M::process] read 1176472 sequences (60000072 bp)...
[M::mem_process_seqs] Processed 1176472 reads in 381.700 CPU sec, 67.309 real sec
[M::mem_process_seqs] Processed 1176472 reads in 378.529 CPU sec, 66.053 real sec
[M::process] read 1176472 sequences (60000072 bp)...
[M::process] read 1176472 sequences (60000072 bp)...
[M::mem_process_seqs] Processed 1176472 reads in 375.022 CPU sec, 66.668 real sec
[M::process] read 1176472 sequences (60000072 bp)...
[M::mem_process_seqs] Processed 1176472 reads in 378.919 CPU sec, 65.862 real sec
[M::process] read 1176472 sequences (60000072 bp)...
[M::mem_process_seqs] Processed 1176472 reads in 399.521 CPU sec, 71.587 real sec
[M::process] read 1176472 sequences (60000072 bp)...
[M::mem_process_seqs] Processed 1176472 reads in 390.095 CPU sec, 67.924 real sec
[M::mem_process_seqs] Processed 1176472 reads in 370.654 CPU sec, 67.828 real sec
[M::process] read 1176472 sequences (60000072 bp)...
[M::process] read 1176472 sequences (60000072 bp)...
[M::mem_process_seqs] Processed 1176472 reads in 370.355 CPU sec, 66.452 real sec
[M::process] read 1176472 sequences (60000072 bp)...
[M::mem_process_seqs] Processed 1176472 reads in 386.801 CPU sec, 69.681 real sec
[M::mem_process_seqs] Processed 1176472 reads in 379.903 CPU sec, 71.503 real sec
[M::process] read 1176472 sequences (60000072 bp)...
[M::mem_process_seqs] Processed 1176472 reads in 381.212 CPU sec, 68.055 real sec
[M::process] read 1176472 sequences (60000072 bp)...
[M::process] read 728204 sequences (37138404 bp)...
[M::mem_process_seqs] Processed 1176472 reads in 378.409 CPU sec, 67.555 real sec
[M::mem_process_seqs] Processed 728204 reads in 238.464 CPU sec, 42.396 real sec
[main] Version: 0.7.16a-r1181
[main] CMD: bwa mem -t 6 /research/dept/hem/common/sequencing/chenggrp/pipelines/subcmd/../mm9/bwa_16a_index/mm9.fa 1706657_MW127_KONFIX_0423.fastq.gz
[main] Real time: 2502.736 sec; CPU: 13674.532 sec
