INFO  @ Fri, 18 Sep 2020 05:02:34: 
# Command line: callpeak -t 1706659_MW127_KONFIX_0417.bam -c 1706669_MW127_KO0417_INPUT.bam --keep-dup all -n 1706659_MW127_KONFIX_0417.vs.1706669_MW127_KO0417_INPUT -B -g mm
# ARGUMENTS LIST:
# name = 1706659_MW127_KONFIX_0417.vs.1706669_MW127_KO0417_INPUT
# format = AUTO
# ChIP-seq file = ['1706659_MW127_KONFIX_0417.bam']
# control file = ['1706669_MW127_KO0417_INPUT.bam']
# effective genome size = 1.87e+09
# band width = 300
# model fold = [5, 50]
# qvalue cutoff = 5.00e-02
# Larger dataset will be scaled towards smaller dataset.
# Range for calculating regional lambda is: 1000 bps and 10000 bps
# Broad region calling is off
# Paired-End mode is off
 
INFO  @ Fri, 18 Sep 2020 05:02:34: #1 read tag files... 
INFO  @ Fri, 18 Sep 2020 05:02:34: #1 read treatment tags... 
INFO  @ Fri, 18 Sep 2020 05:02:34: Detected format is: BAM 
INFO  @ Fri, 18 Sep 2020 05:02:34: * Input file is gzipped. 
INFO  @ Fri, 18 Sep 2020 05:02:38:  1000000 
INFO  @ Fri, 18 Sep 2020 05:02:43:  2000000 
INFO  @ Fri, 18 Sep 2020 05:02:48:  3000000 
INFO  @ Fri, 18 Sep 2020 05:02:53:  4000000 
INFO  @ Fri, 18 Sep 2020 05:02:57:  5000000 
INFO  @ Fri, 18 Sep 2020 05:03:02:  6000000 
INFO  @ Fri, 18 Sep 2020 05:03:06:  7000000 
INFO  @ Fri, 18 Sep 2020 05:03:11:  8000000 
INFO  @ Fri, 18 Sep 2020 05:03:16:  9000000 
INFO  @ Fri, 18 Sep 2020 05:03:20:  10000000 
INFO  @ Fri, 18 Sep 2020 05:03:25:  11000000 
INFO  @ Fri, 18 Sep 2020 05:03:30:  12000000 
INFO  @ Fri, 18 Sep 2020 05:03:35:  13000000 
INFO  @ Fri, 18 Sep 2020 05:03:39:  14000000 
INFO  @ Fri, 18 Sep 2020 05:03:44:  15000000 
INFO  @ Fri, 18 Sep 2020 05:03:49:  16000000 
INFO  @ Fri, 18 Sep 2020 05:03:53:  17000000 
INFO  @ Fri, 18 Sep 2020 05:03:58:  18000000 
INFO  @ Fri, 18 Sep 2020 05:04:03:  19000000 
INFO  @ Fri, 18 Sep 2020 05:04:07:  20000000 
INFO  @ Fri, 18 Sep 2020 05:04:12:  21000000 
INFO  @ Fri, 18 Sep 2020 05:04:17:  22000000 
INFO  @ Fri, 18 Sep 2020 05:04:21:  23000000 
INFO  @ Fri, 18 Sep 2020 05:04:26:  24000000 
INFO  @ Fri, 18 Sep 2020 05:04:30:  25000000 
INFO  @ Fri, 18 Sep 2020 05:04:35:  26000000 
INFO  @ Fri, 18 Sep 2020 05:04:39:  27000000 
INFO  @ Fri, 18 Sep 2020 05:04:44:  28000000 
INFO  @ Fri, 18 Sep 2020 05:04:48:  29000000 
INFO  @ Fri, 18 Sep 2020 05:04:53:  30000000 
INFO  @ Fri, 18 Sep 2020 05:04:57:  31000000 
INFO  @ Fri, 18 Sep 2020 05:05:02:  32000000 
INFO  @ Fri, 18 Sep 2020 05:05:06:  33000000 
INFO  @ Fri, 18 Sep 2020 05:05:11:  34000000 
INFO  @ Fri, 18 Sep 2020 05:05:16:  35000000 
INFO  @ Fri, 18 Sep 2020 05:05:20:  36000000 
INFO  @ Fri, 18 Sep 2020 05:05:25:  37000000 
INFO  @ Fri, 18 Sep 2020 05:05:29:  38000000 
INFO  @ Fri, 18 Sep 2020 05:05:34:  39000000 
INFO  @ Fri, 18 Sep 2020 05:05:38:  40000000 
INFO  @ Fri, 18 Sep 2020 05:05:42:  41000000 
INFO  @ Fri, 18 Sep 2020 05:05:47:  42000000 
INFO  @ Fri, 18 Sep 2020 05:05:52:  43000000 
INFO  @ Fri, 18 Sep 2020 05:05:56:  44000000 
INFO  @ Fri, 18 Sep 2020 05:06:01:  45000000 
INFO  @ Fri, 18 Sep 2020 05:06:05:  46000000 
INFO  @ Fri, 18 Sep 2020 05:06:10:  47000000 
INFO  @ Fri, 18 Sep 2020 05:06:14:  48000000 
INFO  @ Fri, 18 Sep 2020 05:06:19:  49000000 
INFO  @ Fri, 18 Sep 2020 05:06:24:  50000000 
INFO  @ Fri, 18 Sep 2020 05:06:28:  51000000 
INFO  @ Fri, 18 Sep 2020 05:06:33:  52000000 
INFO  @ Fri, 18 Sep 2020 05:06:37:  53000000 
INFO  @ Fri, 18 Sep 2020 05:06:42:  54000000 
INFO  @ Fri, 18 Sep 2020 05:06:46:  55000000 
INFO  @ Fri, 18 Sep 2020 05:06:51:  56000000 
INFO  @ Fri, 18 Sep 2020 05:06:56:  57000000 
INFO  @ Fri, 18 Sep 2020 05:07:00:  58000000 
INFO  @ Fri, 18 Sep 2020 05:07:05:  59000000 
INFO  @ Fri, 18 Sep 2020 05:07:10:  60000000 
INFO  @ Fri, 18 Sep 2020 05:07:15:  61000000 
INFO  @ Fri, 18 Sep 2020 05:07:20:  62000000 
INFO  @ Fri, 18 Sep 2020 05:07:24:  63000000 
INFO  @ Fri, 18 Sep 2020 05:07:29:  64000000 
INFO  @ Fri, 18 Sep 2020 05:07:35: #1.2 read input tags... 
INFO  @ Fri, 18 Sep 2020 05:07:35: Detected format is: BAM 
INFO  @ Fri, 18 Sep 2020 05:07:35: * Input file is gzipped. 
INFO  @ Fri, 18 Sep 2020 05:07:39:  1000000 
INFO  @ Fri, 18 Sep 2020 05:07:44:  2000000 
INFO  @ Fri, 18 Sep 2020 05:07:49:  3000000 
INFO  @ Fri, 18 Sep 2020 05:07:53:  4000000 
INFO  @ Fri, 18 Sep 2020 05:07:58:  5000000 
INFO  @ Fri, 18 Sep 2020 05:08:03:  6000000 
INFO  @ Fri, 18 Sep 2020 05:08:07:  7000000 
INFO  @ Fri, 18 Sep 2020 05:08:12:  8000000 
INFO  @ Fri, 18 Sep 2020 05:08:17:  9000000 
INFO  @ Fri, 18 Sep 2020 05:08:21:  10000000 
INFO  @ Fri, 18 Sep 2020 05:08:26:  11000000 
INFO  @ Fri, 18 Sep 2020 05:08:31:  12000000 
INFO  @ Fri, 18 Sep 2020 05:08:35:  13000000 
INFO  @ Fri, 18 Sep 2020 05:08:40:  14000000 
INFO  @ Fri, 18 Sep 2020 05:08:45:  15000000 
INFO  @ Fri, 18 Sep 2020 05:08:49:  16000000 
INFO  @ Fri, 18 Sep 2020 05:08:54:  17000000 
INFO  @ Fri, 18 Sep 2020 05:08:59:  18000000 
INFO  @ Fri, 18 Sep 2020 05:09:03:  19000000 
INFO  @ Fri, 18 Sep 2020 05:09:08:  20000000 
INFO  @ Fri, 18 Sep 2020 05:09:13:  21000000 
INFO  @ Fri, 18 Sep 2020 05:09:18:  22000000 
INFO  @ Fri, 18 Sep 2020 05:09:22:  23000000 
INFO  @ Fri, 18 Sep 2020 05:09:27:  24000000 
INFO  @ Fri, 18 Sep 2020 05:09:31:  25000000 
INFO  @ Fri, 18 Sep 2020 05:09:36:  26000000 
INFO  @ Fri, 18 Sep 2020 05:09:40:  27000000 
INFO  @ Fri, 18 Sep 2020 05:09:44:  28000000 
INFO  @ Fri, 18 Sep 2020 05:09:49:  29000000 
INFO  @ Fri, 18 Sep 2020 05:09:54:  30000000 
INFO  @ Fri, 18 Sep 2020 05:09:58:  31000000 
INFO  @ Fri, 18 Sep 2020 05:10:03:  32000000 
INFO  @ Fri, 18 Sep 2020 05:10:07:  33000000 
INFO  @ Fri, 18 Sep 2020 05:10:12:  34000000 
INFO  @ Fri, 18 Sep 2020 05:10:17:  35000000 
INFO  @ Fri, 18 Sep 2020 05:10:21:  36000000 
INFO  @ Fri, 18 Sep 2020 05:10:26:  37000000 
INFO  @ Fri, 18 Sep 2020 05:10:31:  38000000 
INFO  @ Fri, 18 Sep 2020 05:10:35:  39000000 
INFO  @ Fri, 18 Sep 2020 05:10:40:  40000000 
INFO  @ Fri, 18 Sep 2020 05:10:45:  41000000 
INFO  @ Fri, 18 Sep 2020 05:10:49:  42000000 
INFO  @ Fri, 18 Sep 2020 05:10:54:  43000000 
INFO  @ Fri, 18 Sep 2020 05:10:59:  44000000 
INFO  @ Fri, 18 Sep 2020 05:11:03:  45000000 
INFO  @ Fri, 18 Sep 2020 05:11:08:  46000000 
INFO  @ Fri, 18 Sep 2020 05:11:13:  47000000 
INFO  @ Fri, 18 Sep 2020 05:11:17:  48000000 
INFO  @ Fri, 18 Sep 2020 05:11:22:  49000000 
INFO  @ Fri, 18 Sep 2020 05:11:27:  50000000 
INFO  @ Fri, 18 Sep 2020 05:11:32:  51000000 
INFO  @ Fri, 18 Sep 2020 05:11:36:  52000000 
INFO  @ Fri, 18 Sep 2020 05:11:41:  53000000 
INFO  @ Fri, 18 Sep 2020 05:11:46:  54000000 
INFO  @ Fri, 18 Sep 2020 05:11:50:  55000000 
INFO  @ Fri, 18 Sep 2020 05:11:55:  56000000 
INFO  @ Fri, 18 Sep 2020 05:11:59:  57000000 
INFO  @ Fri, 18 Sep 2020 05:12:04:  58000000 
INFO  @ Fri, 18 Sep 2020 05:12:09:  59000000 
INFO  @ Fri, 18 Sep 2020 05:12:13:  60000000 
INFO  @ Fri, 18 Sep 2020 05:12:18:  61000000 
INFO  @ Fri, 18 Sep 2020 05:12:23:  62000000 
INFO  @ Fri, 18 Sep 2020 05:12:27:  63000000 
INFO  @ Fri, 18 Sep 2020 05:12:32:  64000000 
INFO  @ Fri, 18 Sep 2020 05:12:36:  65000000 
INFO  @ Fri, 18 Sep 2020 05:12:41:  66000000 
INFO  @ Fri, 18 Sep 2020 05:12:45:  67000000 
INFO  @ Fri, 18 Sep 2020 05:12:50:  68000000 
INFO  @ Fri, 18 Sep 2020 05:12:54:  69000000 
INFO  @ Fri, 18 Sep 2020 05:12:59:  70000000 
INFO  @ Fri, 18 Sep 2020 05:13:03:  71000000 
INFO  @ Fri, 18 Sep 2020 05:13:08:  72000000 
INFO  @ Fri, 18 Sep 2020 05:13:12:  73000000 
INFO  @ Fri, 18 Sep 2020 05:13:17:  74000000 
INFO  @ Fri, 18 Sep 2020 05:13:22:  75000000 
INFO  @ Fri, 18 Sep 2020 05:13:26:  76000000 
INFO  @ Fri, 18 Sep 2020 05:13:31:  77000000 
INFO  @ Fri, 18 Sep 2020 05:13:35:  78000000 
INFO  @ Fri, 18 Sep 2020 05:13:40:  79000000 
INFO  @ Fri, 18 Sep 2020 05:13:45:  80000000 
INFO  @ Fri, 18 Sep 2020 05:13:50:  81000000 
INFO  @ Fri, 18 Sep 2020 05:13:54:  82000000 
INFO  @ Fri, 18 Sep 2020 05:13:59:  83000000 
INFO  @ Fri, 18 Sep 2020 05:14:04:  84000000 
INFO  @ Fri, 18 Sep 2020 05:14:08:  85000000 
INFO  @ Fri, 18 Sep 2020 05:14:13:  86000000 
INFO  @ Fri, 18 Sep 2020 05:14:18:  87000000 
INFO  @ Fri, 18 Sep 2020 05:14:22:  88000000 
INFO  @ Fri, 18 Sep 2020 05:14:27:  89000000 
INFO  @ Fri, 18 Sep 2020 05:14:32:  90000000 
INFO  @ Fri, 18 Sep 2020 05:14:38: #1 tag size is determined as 51 bps 
INFO  @ Fri, 18 Sep 2020 05:14:38: #1 tag size = 51 
INFO  @ Fri, 18 Sep 2020 05:14:38: #1  total tags in treatment: 62137921 
INFO  @ Fri, 18 Sep 2020 05:14:38: #1  total tags in control: 89212223 
INFO  @ Fri, 18 Sep 2020 05:14:38: #1 finished! 
INFO  @ Fri, 18 Sep 2020 05:14:38: #2 Build Peak Model... 
INFO  @ Fri, 18 Sep 2020 05:14:38: #2 looking for paired plus/minus strand peaks... 
INFO  @ Fri, 18 Sep 2020 05:14:44: #2 number of paired peaks: 1054 
INFO  @ Fri, 18 Sep 2020 05:14:44: start model_add_line... 
INFO  @ Fri, 18 Sep 2020 05:14:44: start X-correlation... 
INFO  @ Fri, 18 Sep 2020 05:14:44: end of X-cor 
INFO  @ Fri, 18 Sep 2020 05:14:44: #2 finished! 
INFO  @ Fri, 18 Sep 2020 05:14:44: #2 predicted fragment length is 45 bps 
INFO  @ Fri, 18 Sep 2020 05:14:44: #2 alternative fragment length(s) may be 45,131,190,219,365,409,514,553 bps 
INFO  @ Fri, 18 Sep 2020 05:14:44: #2.2 Generate R script for model : 1706659_MW127_KONFIX_0417.vs.1706669_MW127_KO0417_INPUT_model.r 
WARNING @ Fri, 18 Sep 2020 05:14:44: #2 Since the d (45) calculated from paired-peaks are smaller than 2*tag length, it may be influenced by unknown sequencing problem! 
WARNING @ Fri, 18 Sep 2020 05:14:44: #2 You may need to consider one of the other alternative d(s): 45,131,190,219,365,409,514,553 
WARNING @ Fri, 18 Sep 2020 05:14:44: #2 You can restart the process with --nomodel --extsize XXX with your choice or an arbitrary number. Nontheless, MACS will continute computing. 
INFO  @ Fri, 18 Sep 2020 05:14:44: #3 Call peaks... 
INFO  @ Fri, 18 Sep 2020 05:14:44: #3 Pre-compute pvalue-qvalue table... 
INFO  @ Fri, 18 Sep 2020 05:20:10: #3 In the peak calling step, the following will be performed simultaneously: 
INFO  @ Fri, 18 Sep 2020 05:20:10: #3   Write bedGraph files for treatment pileup (after scaling if necessary)... 1706659_MW127_KONFIX_0417.vs.1706669_MW127_KO0417_INPUT_treat_pileup.bdg 
INFO  @ Fri, 18 Sep 2020 05:20:10: #3   Write bedGraph files for control lambda (after scaling if necessary)... 1706659_MW127_KONFIX_0417.vs.1706669_MW127_KO0417_INPUT_control_lambda.bdg 
INFO  @ Fri, 18 Sep 2020 05:20:10: #3   Pileup will be based on sequencing depth in treatment. 
INFO  @ Fri, 18 Sep 2020 05:20:10: #3 Call peaks for each chromosome... 
INFO  @ Fri, 18 Sep 2020 05:30:02: #4 Write output xls file... 1706659_MW127_KONFIX_0417.vs.1706669_MW127_KO0417_INPUT_peaks.xls 
INFO  @ Fri, 18 Sep 2020 05:30:02: #4 Write peak in narrowPeak format file... 1706659_MW127_KONFIX_0417.vs.1706669_MW127_KO0417_INPUT_peaks.narrowPeak 
INFO  @ Fri, 18 Sep 2020 05:30:02: #4 Write summits bed file... 1706659_MW127_KONFIX_0417.vs.1706669_MW127_KO0417_INPUT_summits.bed 
INFO  @ Fri, 18 Sep 2020 05:30:02: Done! 
INFO  @ Fri, 18 Sep 2020 05:30:04: Read and build treatment bedGraph... 
INFO  @ Fri, 18 Sep 2020 05:32:01: Read and build control bedGraph... 
INFO  @ Fri, 18 Sep 2020 05:33:46: Build scoreTrackII... 
INFO  @ Fri, 18 Sep 2020 05:34:42: Calculate scores comparing treatment and control by 'qpois'... 
INFO  @ Fri, 18 Sep 2020 05:37:41: Write bedGraph of scores... 
INFO  @ Fri, 18 Sep 2020 05:38:07: Finished 'qpois'! Please check '1706659_MW127_KONFIX_0417.vs.1706669_MW127_KO0417_INPUT_treat_pvalue.bdg'! 
INFO  @ Fri, 18 Sep 2020 05:38:10: Read and build treatment bedGraph... 
INFO  @ Fri, 18 Sep 2020 05:40:09: Read and build control bedGraph... 
INFO  @ Fri, 18 Sep 2020 05:41:50: Build scoreTrackII... 
INFO  @ Fri, 18 Sep 2020 05:42:47: Calculate scores comparing treatment and control by 'FE'... 
INFO  @ Fri, 18 Sep 2020 05:59:34: Write bedGraph of scores... 
INFO  @ Fri, 18 Sep 2020 06:05:21: Finished 'FE'! Please check '1706659_MW127_KONFIX_0417.vs.1706669_MW127_KO0417_INPUT_FE.bdg'! 
INFO  @ Fri, 18 Sep 2020 06:05:23: Read and build treatment bedGraph... 
INFO  @ Fri, 18 Sep 2020 06:07:26: Read and build control bedGraph... 
INFO  @ Fri, 18 Sep 2020 06:09:12: Build scoreTrackII... 
INFO  @ Fri, 18 Sep 2020 06:10:10: Calculate scores comparing treatment and control by 'logLR'... 
INFO  @ Fri, 18 Sep 2020 06:11:08: Write bedGraph of scores... 
INFO  @ Fri, 18 Sep 2020 06:17:55: Finished 'logLR'! Please check '1706659_MW127_KONFIX_0417.vs.1706669_MW127_KO0417_INPUT_logLR.bdg'! 
INFO  @ Fri, 18 Sep 2020 06:17:57: Read and build bedGraph... 
INFO  @ Fri, 18 Sep 2020 06:18:01: Call peaks from bedGraph... 
INFO  @ Fri, 18 Sep 2020 06:18:01: Write peaks... 
INFO  @ Fri, 18 Sep 2020 06:18:01: Done 
Traceback (most recent call last):
  File "/home/yli11/HemTools/bin/annot_gene_features.py", line 147, in <module>
    main()
  File "/home/yli11/HemTools/bin/annot_gene_features.py", line 111, in main
    get_annotation_data(args)
  File "/home/yli11/HemTools/bin/annot_gene_features.py", line 85, in get_annotation_data
    args.tss = myData['%s_gencode33_TSS'%(args.genome)]
KeyError: 'mm9_gencode33_TSS'
Traceback (most recent call last):
  File "/home/yli11/HemTools/bin/pie_plot.py", line 95, in <module>
    main()
  File "/home/yli11/HemTools/bin/pie_plot.py", line 74, in main
    args.sep = guess_sep(args.input)
  File "/home/yli11/HemTools/bin/pie_plot.py", line 35, in guess_sep
    with open(x) as f:
FileNotFoundError: [Errno 2] No such file or directory: '1706659_MW127_KONFIX_0417.vs.1706669_MW127_KO0417_INPUT_peaks.rmblck.narrowPeak.annot.tsv'
INFO  @ Fri, 18 Sep 2020 06:26:48: 
# Command line: callpeak -t 1706659_MW127_KONFIX_0417.rmdup.uq.rmchrM.bam -c 1706669_MW127_KO0417_INPUT.rmdup.uq.rmchrM.bam --keep-dup all -n 1706659_MW127_KONFIX_0417.vs.1706669_MW127_KO0417_INPUT.rmdup.uq.rmchrM -B -g mm
# ARGUMENTS LIST:
# name = 1706659_MW127_KONFIX_0417.vs.1706669_MW127_KO0417_INPUT.rmdup.uq.rmchrM
# format = AUTO
# ChIP-seq file = ['1706659_MW127_KONFIX_0417.rmdup.uq.rmchrM.bam']
# control file = ['1706669_MW127_KO0417_INPUT.rmdup.uq.rmchrM.bam']
# effective genome size = 1.87e+09
# band width = 300
# model fold = [5, 50]
# qvalue cutoff = 5.00e-02
# Larger dataset will be scaled towards smaller dataset.
# Range for calculating regional lambda is: 1000 bps and 10000 bps
# Broad region calling is off
# Paired-End mode is off
 
INFO  @ Fri, 18 Sep 2020 06:26:48: #1 read tag files... 
INFO  @ Fri, 18 Sep 2020 06:26:48: #1 read treatment tags... 
INFO  @ Fri, 18 Sep 2020 06:26:48: Detected format is: BAM 
INFO  @ Fri, 18 Sep 2020 06:26:48: * Input file is gzipped. 
INFO  @ Fri, 18 Sep 2020 06:26:52:  1000000 
INFO  @ Fri, 18 Sep 2020 06:26:57:  2000000 
INFO  @ Fri, 18 Sep 2020 06:27:02:  3000000 
INFO  @ Fri, 18 Sep 2020 06:27:06:  4000000 
INFO  @ Fri, 18 Sep 2020 06:27:11:  5000000 
INFO  @ Fri, 18 Sep 2020 06:27:16:  6000000 
INFO  @ Fri, 18 Sep 2020 06:27:20:  7000000 
INFO  @ Fri, 18 Sep 2020 06:27:25:  8000000 
INFO  @ Fri, 18 Sep 2020 06:27:29:  9000000 
INFO  @ Fri, 18 Sep 2020 06:27:34:  10000000 
INFO  @ Fri, 18 Sep 2020 06:27:39:  11000000 
INFO  @ Fri, 18 Sep 2020 06:27:43:  12000000 
INFO  @ Fri, 18 Sep 2020 06:27:48:  13000000 
INFO  @ Fri, 18 Sep 2020 06:27:52:  14000000 
INFO  @ Fri, 18 Sep 2020 06:27:57:  15000000 
INFO  @ Fri, 18 Sep 2020 06:28:02:  16000000 
INFO  @ Fri, 18 Sep 2020 06:28:06:  17000000 
INFO  @ Fri, 18 Sep 2020 06:28:10:  18000000 
INFO  @ Fri, 18 Sep 2020 06:28:15:  19000000 
INFO  @ Fri, 18 Sep 2020 06:28:20:  20000000 
INFO  @ Fri, 18 Sep 2020 06:28:24:  21000000 
INFO  @ Fri, 18 Sep 2020 06:28:29:  22000000 
INFO  @ Fri, 18 Sep 2020 06:28:33:  23000000 
INFO  @ Fri, 18 Sep 2020 06:28:38:  24000000 
INFO  @ Fri, 18 Sep 2020 06:28:42:  25000000 
INFO  @ Fri, 18 Sep 2020 06:28:47:  26000000 
INFO  @ Fri, 18 Sep 2020 06:28:51:  27000000 
INFO  @ Fri, 18 Sep 2020 06:28:56:  28000000 
INFO  @ Fri, 18 Sep 2020 06:29:00:  29000000 
INFO  @ Fri, 18 Sep 2020 06:29:04:  30000000 
INFO  @ Fri, 18 Sep 2020 06:29:09:  31000000 
INFO  @ Fri, 18 Sep 2020 06:29:13:  32000000 
INFO  @ Fri, 18 Sep 2020 06:29:18:  33000000 
INFO  @ Fri, 18 Sep 2020 06:29:23:  34000000 
INFO  @ Fri, 18 Sep 2020 06:29:27:  35000000 
INFO  @ Fri, 18 Sep 2020 06:29:32:  36000000 
INFO  @ Fri, 18 Sep 2020 06:29:36:  37000000 
INFO  @ Fri, 18 Sep 2020 06:29:41:  38000000 
INFO  @ Fri, 18 Sep 2020 06:29:46:  39000000 
INFO  @ Fri, 18 Sep 2020 06:29:50:  40000000 
INFO  @ Fri, 18 Sep 2020 06:29:55: #1.2 read input tags... 
INFO  @ Fri, 18 Sep 2020 06:29:55: Detected format is: BAM 
INFO  @ Fri, 18 Sep 2020 06:29:55: * Input file is gzipped. 
INFO  @ Fri, 18 Sep 2020 06:30:00:  1000000 
INFO  @ Fri, 18 Sep 2020 06:30:04:  2000000 
INFO  @ Fri, 18 Sep 2020 06:30:09:  3000000 
INFO  @ Fri, 18 Sep 2020 06:30:14:  4000000 
INFO  @ Fri, 18 Sep 2020 06:30:18:  5000000 
INFO  @ Fri, 18 Sep 2020 06:30:23:  6000000 
INFO  @ Fri, 18 Sep 2020 06:30:27:  7000000 
INFO  @ Fri, 18 Sep 2020 06:30:32:  8000000 
INFO  @ Fri, 18 Sep 2020 06:30:37:  9000000 
INFO  @ Fri, 18 Sep 2020 06:30:41:  10000000 
INFO  @ Fri, 18 Sep 2020 06:30:46:  11000000 
INFO  @ Fri, 18 Sep 2020 06:30:50:  12000000 
INFO  @ Fri, 18 Sep 2020 06:30:55:  13000000 
INFO  @ Fri, 18 Sep 2020 06:31:00:  14000000 
INFO  @ Fri, 18 Sep 2020 06:31:04:  15000000 
INFO  @ Fri, 18 Sep 2020 06:31:09:  16000000 
INFO  @ Fri, 18 Sep 2020 06:31:13:  17000000 
INFO  @ Fri, 18 Sep 2020 06:31:18:  18000000 
INFO  @ Fri, 18 Sep 2020 06:31:23:  19000000 
INFO  @ Fri, 18 Sep 2020 06:31:27:  20000000 
INFO  @ Fri, 18 Sep 2020 06:31:32:  21000000 
INFO  @ Fri, 18 Sep 2020 06:31:36:  22000000 
INFO  @ Fri, 18 Sep 2020 06:31:41:  23000000 
INFO  @ Fri, 18 Sep 2020 06:31:46:  24000000 
INFO  @ Fri, 18 Sep 2020 06:31:50:  25000000 
INFO  @ Fri, 18 Sep 2020 06:31:55:  26000000 
INFO  @ Fri, 18 Sep 2020 06:31:59:  27000000 
INFO  @ Fri, 18 Sep 2020 06:32:04:  28000000 
INFO  @ Fri, 18 Sep 2020 06:32:08:  29000000 
INFO  @ Fri, 18 Sep 2020 06:32:13:  30000000 
INFO  @ Fri, 18 Sep 2020 06:32:17:  31000000 
INFO  @ Fri, 18 Sep 2020 06:32:22:  32000000 
INFO  @ Fri, 18 Sep 2020 06:32:26:  33000000 
INFO  @ Fri, 18 Sep 2020 06:32:31:  34000000 
INFO  @ Fri, 18 Sep 2020 06:32:36:  35000000 
INFO  @ Fri, 18 Sep 2020 06:32:40:  36000000 
INFO  @ Fri, 18 Sep 2020 06:32:45:  37000000 
INFO  @ Fri, 18 Sep 2020 06:32:49:  38000000 
INFO  @ Fri, 18 Sep 2020 06:32:54:  39000000 
INFO  @ Fri, 18 Sep 2020 06:32:58:  40000000 
INFO  @ Fri, 18 Sep 2020 06:33:03:  41000000 
INFO  @ Fri, 18 Sep 2020 06:33:08:  42000000 
INFO  @ Fri, 18 Sep 2020 06:33:12:  43000000 
INFO  @ Fri, 18 Sep 2020 06:33:17:  44000000 
INFO  @ Fri, 18 Sep 2020 06:33:21:  45000000 
INFO  @ Fri, 18 Sep 2020 06:33:26:  46000000 
INFO  @ Fri, 18 Sep 2020 06:33:31:  47000000 
INFO  @ Fri, 18 Sep 2020 06:33:35:  48000000 
INFO  @ Fri, 18 Sep 2020 06:33:40:  49000000 
INFO  @ Fri, 18 Sep 2020 06:33:44:  50000000 
INFO  @ Fri, 18 Sep 2020 06:33:49:  51000000 
INFO  @ Fri, 18 Sep 2020 06:33:54:  52000000 
INFO  @ Fri, 18 Sep 2020 06:33:58:  53000000 
INFO  @ Fri, 18 Sep 2020 06:34:03:  54000000 
INFO  @ Fri, 18 Sep 2020 06:34:07:  55000000 
INFO  @ Fri, 18 Sep 2020 06:34:12:  56000000 
INFO  @ Fri, 18 Sep 2020 06:34:17:  57000000 
INFO  @ Fri, 18 Sep 2020 06:34:20: #1 tag size is determined as 51 bps 
INFO  @ Fri, 18 Sep 2020 06:34:20: #1 tag size = 51 
INFO  @ Fri, 18 Sep 2020 06:34:20: #1  total tags in treatment: 40969352 
INFO  @ Fri, 18 Sep 2020 06:34:20: #1  total tags in control: 57687494 
INFO  @ Fri, 18 Sep 2020 06:34:20: #1 finished! 
INFO  @ Fri, 18 Sep 2020 06:34:20: #2 Build Peak Model... 
INFO  @ Fri, 18 Sep 2020 06:34:20: #2 looking for paired plus/minus strand peaks... 
INFO  @ Fri, 18 Sep 2020 06:34:24: #2 number of paired peaks: 778 
WARNING @ Fri, 18 Sep 2020 06:34:24: Fewer paired peaks (778) than 1000! Model may not be build well! Lower your MFOLD parameter may erase this warning. Now I will use 778 pairs to build model! 
INFO  @ Fri, 18 Sep 2020 06:34:24: start model_add_line... 
INFO  @ Fri, 18 Sep 2020 06:34:25: start X-correlation... 
INFO  @ Fri, 18 Sep 2020 06:34:25: end of X-cor 
INFO  @ Fri, 18 Sep 2020 06:34:25: #2 finished! 
INFO  @ Fri, 18 Sep 2020 06:34:25: #2 predicted fragment length is 51 bps 
INFO  @ Fri, 18 Sep 2020 06:34:25: #2 alternative fragment length(s) may be 51,129,187,213 bps 
INFO  @ Fri, 18 Sep 2020 06:34:25: #2.2 Generate R script for model : 1706659_MW127_KONFIX_0417.vs.1706669_MW127_KO0417_INPUT.rmdup.uq.rmchrM_model.r 
WARNING @ Fri, 18 Sep 2020 06:34:25: #2 Since the d (51) calculated from paired-peaks are smaller than 2*tag length, it may be influenced by unknown sequencing problem! 
WARNING @ Fri, 18 Sep 2020 06:34:25: #2 You may need to consider one of the other alternative d(s): 51,129,187,213 
WARNING @ Fri, 18 Sep 2020 06:34:25: #2 You can restart the process with --nomodel --extsize XXX with your choice or an arbitrary number. Nontheless, MACS will continute computing. 
INFO  @ Fri, 18 Sep 2020 06:34:25: #3 Call peaks... 
INFO  @ Fri, 18 Sep 2020 06:34:25: #3 Pre-compute pvalue-qvalue table... 
INFO  @ Fri, 18 Sep 2020 06:38:20: #3 In the peak calling step, the following will be performed simultaneously: 
INFO  @ Fri, 18 Sep 2020 06:38:20: #3   Write bedGraph files for treatment pileup (after scaling if necessary)... 1706659_MW127_KONFIX_0417.vs.1706669_MW127_KO0417_INPUT.rmdup.uq.rmchrM_treat_pileup.bdg 
INFO  @ Fri, 18 Sep 2020 06:38:20: #3   Write bedGraph files for control lambda (after scaling if necessary)... 1706659_MW127_KONFIX_0417.vs.1706669_MW127_KO0417_INPUT.rmdup.uq.rmchrM_control_lambda.bdg 
INFO  @ Fri, 18 Sep 2020 06:38:20: #3   Pileup will be based on sequencing depth in treatment. 
INFO  @ Fri, 18 Sep 2020 06:38:20: #3 Call peaks for each chromosome... 
INFO  @ Fri, 18 Sep 2020 06:49:08: #4 Write output xls file... 1706659_MW127_KONFIX_0417.vs.1706669_MW127_KO0417_INPUT.rmdup.uq.rmchrM_peaks.xls 
INFO  @ Fri, 18 Sep 2020 06:49:08: #4 Write peak in narrowPeak format file... 1706659_MW127_KONFIX_0417.vs.1706669_MW127_KO0417_INPUT.rmdup.uq.rmchrM_peaks.narrowPeak 
INFO  @ Fri, 18 Sep 2020 06:49:08: #4 Write summits bed file... 1706659_MW127_KONFIX_0417.vs.1706669_MW127_KO0417_INPUT.rmdup.uq.rmchrM_summits.bed 
INFO  @ Fri, 18 Sep 2020 06:49:08: Done! 
INFO  @ Fri, 18 Sep 2020 06:49:10: Read and build treatment bedGraph... 
INFO  @ Fri, 18 Sep 2020 06:50:57: Read and build control bedGraph... 
INFO  @ Fri, 18 Sep 2020 06:53:24: Build scoreTrackII... 
INFO  @ Fri, 18 Sep 2020 06:54:27: Calculate scores comparing treatment and control by 'qpois'... 
INFO  @ Fri, 18 Sep 2020 06:56:03: Write bedGraph of scores... 
INFO  @ Fri, 18 Sep 2020 06:56:25: Finished 'qpois'! Please check '1706659_MW127_KONFIX_0417.vs.1706669_MW127_KO0417_INPUT.rmdup.uq.rmchrM_treat_pvalue.bdg'! 
INFO  @ Fri, 18 Sep 2020 06:56:27: Read and build treatment bedGraph... 
INFO  @ Fri, 18 Sep 2020 06:58:10: Read and build control bedGraph... 
INFO  @ Fri, 18 Sep 2020 07:00:38: Build scoreTrackII... 
INFO  @ Fri, 18 Sep 2020 07:01:41: Calculate scores comparing treatment and control by 'FE'... 
INFO  @ Fri, 18 Sep 2020 07:19:38: Write bedGraph of scores... 
INFO  @ Fri, 18 Sep 2020 07:25:35: Finished 'FE'! Please check '1706659_MW127_KONFIX_0417.vs.1706669_MW127_KO0417_INPUT.rmdup.uq.rmchrM_FE.bdg'! 
INFO  @ Fri, 18 Sep 2020 07:25:37: Read and build treatment bedGraph... 
INFO  @ Fri, 18 Sep 2020 07:27:25: Read and build control bedGraph... 
INFO  @ Fri, 18 Sep 2020 07:29:51: Build scoreTrackII... 
INFO  @ Fri, 18 Sep 2020 07:30:53: Calculate scores comparing treatment and control by 'logLR'... 
INFO  @ Fri, 18 Sep 2020 07:31:58: Write bedGraph of scores... 
INFO  @ Fri, 18 Sep 2020 07:39:22: Finished 'logLR'! Please check '1706659_MW127_KONFIX_0417.vs.1706669_MW127_KO0417_INPUT.rmdup.uq.rmchrM_logLR.bdg'! 
INFO  @ Fri, 18 Sep 2020 07:39:24: Read and build bedGraph... 
INFO  @ Fri, 18 Sep 2020 07:39:24: Call peaks from bedGraph... 
INFO  @ Fri, 18 Sep 2020 07:39:24: Write peaks... 
INFO  @ Fri, 18 Sep 2020 07:39:24: Done 
Traceback (most recent call last):
  File "/home/yli11/HemTools/bin/annot_gene_features.py", line 147, in <module>
    main()
  File "/home/yli11/HemTools/bin/annot_gene_features.py", line 111, in main
    get_annotation_data(args)
  File "/home/yli11/HemTools/bin/annot_gene_features.py", line 85, in get_annotation_data
    args.tss = myData['%s_gencode33_TSS'%(args.genome)]
KeyError: 'mm9_gencode33_TSS'
Traceback (most recent call last):
  File "/home/yli11/HemTools/bin/pie_plot.py", line 95, in <module>
    main()
  File "/home/yli11/HemTools/bin/pie_plot.py", line 74, in main
    args.sep = guess_sep(args.input)
  File "/home/yli11/HemTools/bin/pie_plot.py", line 35, in guess_sep
    with open(x) as f:
FileNotFoundError: [Errno 2] No such file or directory: '1706659_MW127_KONFIX_0417.vs.1706669_MW127_KO0417_INPUT.rmdup.uq.rmchrM_peaks.rmblck.narrowPeak.annot.tsv'
INFO  @ Fri, 18 Sep 2020 07:48:57: 
# Command line: callpeak -t 1706659_MW127_KONFIX_0417.rmdup.bam -c 1706669_MW127_KO0417_INPUT.rmdup.bam --keep-dup all -n 1706659_MW127_KONFIX_0417.vs.1706669_MW127_KO0417_INPUT.rmdup -B -g mm
# ARGUMENTS LIST:
# name = 1706659_MW127_KONFIX_0417.vs.1706669_MW127_KO0417_INPUT.rmdup
# format = AUTO
# ChIP-seq file = ['1706659_MW127_KONFIX_0417.rmdup.bam']
# control file = ['1706669_MW127_KO0417_INPUT.rmdup.bam']
# effective genome size = 1.87e+09
# band width = 300
# model fold = [5, 50]
# qvalue cutoff = 5.00e-02
# Larger dataset will be scaled towards smaller dataset.
# Range for calculating regional lambda is: 1000 bps and 10000 bps
# Broad region calling is off
# Paired-End mode is off
 
INFO  @ Fri, 18 Sep 2020 07:48:57: #1 read tag files... 
INFO  @ Fri, 18 Sep 2020 07:48:57: #1 read treatment tags... 
INFO  @ Fri, 18 Sep 2020 07:48:57: Detected format is: BAM 
INFO  @ Fri, 18 Sep 2020 07:48:57: * Input file is gzipped. 
INFO  @ Fri, 18 Sep 2020 07:49:01:  1000000 
INFO  @ Fri, 18 Sep 2020 07:49:06:  2000000 
INFO  @ Fri, 18 Sep 2020 07:49:10:  3000000 
INFO  @ Fri, 18 Sep 2020 07:49:15:  4000000 
INFO  @ Fri, 18 Sep 2020 07:49:19:  5000000 
INFO  @ Fri, 18 Sep 2020 07:49:24:  6000000 
INFO  @ Fri, 18 Sep 2020 07:49:29:  7000000 
INFO  @ Fri, 18 Sep 2020 07:49:33:  8000000 
INFO  @ Fri, 18 Sep 2020 07:49:38:  9000000 
INFO  @ Fri, 18 Sep 2020 07:49:42:  10000000 
INFO  @ Fri, 18 Sep 2020 07:49:47:  11000000 
INFO  @ Fri, 18 Sep 2020 07:49:52:  12000000 
INFO  @ Fri, 18 Sep 2020 07:49:56:  13000000 
INFO  @ Fri, 18 Sep 2020 07:50:01:  14000000 
INFO  @ Fri, 18 Sep 2020 07:50:05:  15000000 
INFO  @ Fri, 18 Sep 2020 07:50:10:  16000000 
INFO  @ Fri, 18 Sep 2020 07:50:14:  17000000 
INFO  @ Fri, 18 Sep 2020 07:50:18:  18000000 
INFO  @ Fri, 18 Sep 2020 07:50:23:  19000000 
INFO  @ Fri, 18 Sep 2020 07:50:27:  20000000 
INFO  @ Fri, 18 Sep 2020 07:50:32:  21000000 
INFO  @ Fri, 18 Sep 2020 07:50:36:  22000000 
INFO  @ Fri, 18 Sep 2020 07:50:40:  23000000 
INFO  @ Fri, 18 Sep 2020 07:50:45:  24000000 
INFO  @ Fri, 18 Sep 2020 07:50:49:  25000000 
INFO  @ Fri, 18 Sep 2020 07:50:53:  26000000 
INFO  @ Fri, 18 Sep 2020 07:50:58:  27000000 
INFO  @ Fri, 18 Sep 2020 07:51:02:  28000000 
INFO  @ Fri, 18 Sep 2020 07:51:06:  29000000 
INFO  @ Fri, 18 Sep 2020 07:51:10:  30000000 
INFO  @ Fri, 18 Sep 2020 07:51:15:  31000000 
INFO  @ Fri, 18 Sep 2020 07:51:19:  32000000 
INFO  @ Fri, 18 Sep 2020 07:51:23:  33000000 
INFO  @ Fri, 18 Sep 2020 07:51:28:  34000000 
INFO  @ Fri, 18 Sep 2020 07:51:32:  35000000 
INFO  @ Fri, 18 Sep 2020 07:51:36:  36000000 
INFO  @ Fri, 18 Sep 2020 07:51:41:  37000000 
INFO  @ Fri, 18 Sep 2020 07:51:45:  38000000 
INFO  @ Fri, 18 Sep 2020 07:51:49:  39000000 
INFO  @ Fri, 18 Sep 2020 07:51:53:  40000000 
INFO  @ Fri, 18 Sep 2020 07:51:58:  41000000 
INFO  @ Fri, 18 Sep 2020 07:52:02:  42000000 
INFO  @ Fri, 18 Sep 2020 07:52:06:  43000000 
INFO  @ Fri, 18 Sep 2020 07:52:10:  44000000 
INFO  @ Fri, 18 Sep 2020 07:52:15:  45000000 
INFO  @ Fri, 18 Sep 2020 07:52:19:  46000000 
INFO  @ Fri, 18 Sep 2020 07:52:24:  47000000 
INFO  @ Fri, 18 Sep 2020 07:52:27:  48000000 
INFO  @ Fri, 18 Sep 2020 07:52:30: #1.2 read input tags... 
INFO  @ Fri, 18 Sep 2020 07:52:30: Detected format is: BAM 
INFO  @ Fri, 18 Sep 2020 07:52:30: * Input file is gzipped. 
INFO  @ Fri, 18 Sep 2020 07:52:34:  1000000 
INFO  @ Fri, 18 Sep 2020 07:52:39:  2000000 
INFO  @ Fri, 18 Sep 2020 07:52:43:  3000000 
INFO  @ Fri, 18 Sep 2020 07:52:48:  4000000 
INFO  @ Fri, 18 Sep 2020 07:52:52:  5000000 
INFO  @ Fri, 18 Sep 2020 07:52:57:  6000000 
INFO  @ Fri, 18 Sep 2020 07:53:01:  7000000 
INFO  @ Fri, 18 Sep 2020 07:53:06:  8000000 
INFO  @ Fri, 18 Sep 2020 07:53:10:  9000000 
INFO  @ Fri, 18 Sep 2020 07:53:15:  10000000 
INFO  @ Fri, 18 Sep 2020 07:53:19:  11000000 
INFO  @ Fri, 18 Sep 2020 07:53:24:  12000000 
INFO  @ Fri, 18 Sep 2020 07:53:28:  13000000 
INFO  @ Fri, 18 Sep 2020 07:53:33:  14000000 
INFO  @ Fri, 18 Sep 2020 07:53:37:  15000000 
INFO  @ Fri, 18 Sep 2020 07:53:42:  16000000 
INFO  @ Fri, 18 Sep 2020 07:53:47:  17000000 
INFO  @ Fri, 18 Sep 2020 07:53:51:  18000000 
INFO  @ Fri, 18 Sep 2020 07:53:56:  19000000 
INFO  @ Fri, 18 Sep 2020 07:54:00:  20000000 
INFO  @ Fri, 18 Sep 2020 07:54:05:  21000000 
INFO  @ Fri, 18 Sep 2020 07:54:09:  22000000 
INFO  @ Fri, 18 Sep 2020 07:54:14:  23000000 
INFO  @ Fri, 18 Sep 2020 07:54:19:  24000000 
INFO  @ Fri, 18 Sep 2020 07:54:23:  25000000 
INFO  @ Fri, 18 Sep 2020 07:54:28:  26000000 
INFO  @ Fri, 18 Sep 2020 07:54:32:  27000000 
INFO  @ Fri, 18 Sep 2020 07:54:37:  28000000 
INFO  @ Fri, 18 Sep 2020 07:54:41:  29000000 
INFO  @ Fri, 18 Sep 2020 07:54:46:  30000000 
INFO  @ Fri, 18 Sep 2020 07:54:50:  31000000 
INFO  @ Fri, 18 Sep 2020 07:54:55:  32000000 
INFO  @ Fri, 18 Sep 2020 07:54:59:  33000000 
INFO  @ Fri, 18 Sep 2020 07:55:04:  34000000 
INFO  @ Fri, 18 Sep 2020 07:55:08:  35000000 
INFO  @ Fri, 18 Sep 2020 07:55:13:  36000000 
INFO  @ Fri, 18 Sep 2020 07:55:17:  37000000 
INFO  @ Fri, 18 Sep 2020 07:55:22:  38000000 
INFO  @ Fri, 18 Sep 2020 07:55:27:  39000000 
INFO  @ Fri, 18 Sep 2020 07:55:31:  40000000 
INFO  @ Fri, 18 Sep 2020 07:55:35:  41000000 
INFO  @ Fri, 18 Sep 2020 07:55:40:  42000000 
INFO  @ Fri, 18 Sep 2020 07:55:44:  43000000 
INFO  @ Fri, 18 Sep 2020 07:55:48:  44000000 
INFO  @ Fri, 18 Sep 2020 07:55:53:  45000000 
INFO  @ Fri, 18 Sep 2020 07:55:57:  46000000 
INFO  @ Fri, 18 Sep 2020 07:56:01:  47000000 
INFO  @ Fri, 18 Sep 2020 07:56:06:  48000000 
INFO  @ Fri, 18 Sep 2020 07:56:10:  49000000 
INFO  @ Fri, 18 Sep 2020 07:56:15:  50000000 
INFO  @ Fri, 18 Sep 2020 07:56:19:  51000000 
INFO  @ Fri, 18 Sep 2020 07:56:24:  52000000 
INFO  @ Fri, 18 Sep 2020 07:56:29:  53000000 
INFO  @ Fri, 18 Sep 2020 07:56:33:  54000000 
INFO  @ Fri, 18 Sep 2020 07:56:38:  55000000 
INFO  @ Fri, 18 Sep 2020 07:56:42:  56000000 
INFO  @ Fri, 18 Sep 2020 07:56:47:  57000000 
INFO  @ Fri, 18 Sep 2020 07:56:51:  58000000 
INFO  @ Fri, 18 Sep 2020 07:56:56:  59000000 
INFO  @ Fri, 18 Sep 2020 07:57:00:  60000000 
INFO  @ Fri, 18 Sep 2020 07:57:05:  61000000 
INFO  @ Fri, 18 Sep 2020 07:57:09:  62000000 
INFO  @ Fri, 18 Sep 2020 07:57:14:  63000000 
INFO  @ Fri, 18 Sep 2020 07:57:19:  64000000 
INFO  @ Fri, 18 Sep 2020 07:57:24:  65000000 
INFO  @ Fri, 18 Sep 2020 07:57:28:  66000000 
INFO  @ Fri, 18 Sep 2020 07:57:31: #1 tag size is determined as 51 bps 
INFO  @ Fri, 18 Sep 2020 07:57:31: #1 tag size = 51 
INFO  @ Fri, 18 Sep 2020 07:57:31: #1  total tags in treatment: 46872520 
INFO  @ Fri, 18 Sep 2020 07:57:31: #1  total tags in control: 66006966 
INFO  @ Fri, 18 Sep 2020 07:57:31: #1 finished! 
INFO  @ Fri, 18 Sep 2020 07:57:31: #2 Build Peak Model... 
INFO  @ Fri, 18 Sep 2020 07:57:31: #2 looking for paired plus/minus strand peaks... 
INFO  @ Fri, 18 Sep 2020 07:57:36: #2 number of paired peaks: 1203 
INFO  @ Fri, 18 Sep 2020 07:57:36: start model_add_line... 
INFO  @ Fri, 18 Sep 2020 07:57:36: start X-correlation... 
INFO  @ Fri, 18 Sep 2020 07:57:36: end of X-cor 
INFO  @ Fri, 18 Sep 2020 07:57:36: #2 finished! 
INFO  @ Fri, 18 Sep 2020 07:57:36: #2 predicted fragment length is 50 bps 
INFO  @ Fri, 18 Sep 2020 07:57:36: #2 alternative fragment length(s) may be 50,560 bps 
INFO  @ Fri, 18 Sep 2020 07:57:36: #2.2 Generate R script for model : 1706659_MW127_KONFIX_0417.vs.1706669_MW127_KO0417_INPUT.rmdup_model.r 
WARNING @ Fri, 18 Sep 2020 07:57:36: #2 Since the d (50) calculated from paired-peaks are smaller than 2*tag length, it may be influenced by unknown sequencing problem! 
WARNING @ Fri, 18 Sep 2020 07:57:36: #2 You may need to consider one of the other alternative d(s): 50,560 
WARNING @ Fri, 18 Sep 2020 07:57:36: #2 You can restart the process with --nomodel --extsize XXX with your choice or an arbitrary number. Nontheless, MACS will continute computing. 
INFO  @ Fri, 18 Sep 2020 07:57:36: #3 Call peaks... 
INFO  @ Fri, 18 Sep 2020 07:57:36: #3 Pre-compute pvalue-qvalue table... 
INFO  @ Fri, 18 Sep 2020 08:02:03: #3 In the peak calling step, the following will be performed simultaneously: 
INFO  @ Fri, 18 Sep 2020 08:02:03: #3   Write bedGraph files for treatment pileup (after scaling if necessary)... 1706659_MW127_KONFIX_0417.vs.1706669_MW127_KO0417_INPUT.rmdup_treat_pileup.bdg 
INFO  @ Fri, 18 Sep 2020 08:02:03: #3   Write bedGraph files for control lambda (after scaling if necessary)... 1706659_MW127_KONFIX_0417.vs.1706669_MW127_KO0417_INPUT.rmdup_control_lambda.bdg 
INFO  @ Fri, 18 Sep 2020 08:02:03: #3   Pileup will be based on sequencing depth in treatment. 
INFO  @ Fri, 18 Sep 2020 08:02:03: #3 Call peaks for each chromosome... 
INFO  @ Fri, 18 Sep 2020 08:13:37: #4 Write output xls file... 1706659_MW127_KONFIX_0417.vs.1706669_MW127_KO0417_INPUT.rmdup_peaks.xls 
INFO  @ Fri, 18 Sep 2020 08:13:37: #4 Write peak in narrowPeak format file... 1706659_MW127_KONFIX_0417.vs.1706669_MW127_KO0417_INPUT.rmdup_peaks.narrowPeak 
INFO  @ Fri, 18 Sep 2020 08:13:37: #4 Write summits bed file... 1706659_MW127_KONFIX_0417.vs.1706669_MW127_KO0417_INPUT.rmdup_summits.bed 
INFO  @ Fri, 18 Sep 2020 08:13:37: Done! 
INFO  @ Fri, 18 Sep 2020 08:13:39: Read and build treatment bedGraph... 
INFO  @ Fri, 18 Sep 2020 08:15:41: Read and build control bedGraph... 
INFO  @ Fri, 18 Sep 2020 08:18:18: Build scoreTrackII... 
INFO  @ Fri, 18 Sep 2020 08:19:27: Calculate scores comparing treatment and control by 'qpois'... 
INFO  @ Fri, 18 Sep 2020 08:21:12: Write bedGraph of scores... 
INFO  @ Fri, 18 Sep 2020 08:21:36: Finished 'qpois'! Please check '1706659_MW127_KONFIX_0417.vs.1706669_MW127_KO0417_INPUT.rmdup_treat_pvalue.bdg'! 
INFO  @ Fri, 18 Sep 2020 08:21:39: Read and build treatment bedGraph... 
INFO  @ Fri, 18 Sep 2020 08:23:41: Read and build control bedGraph... 
INFO  @ Fri, 18 Sep 2020 08:26:16: Build scoreTrackII... 
INFO  @ Fri, 18 Sep 2020 08:27:24: Calculate scores comparing treatment and control by 'FE'... 
INFO  @ Fri, 18 Sep 2020 08:47:04: Write bedGraph of scores... 
INFO  @ Fri, 18 Sep 2020 08:53:43: Finished 'FE'! Please check '1706659_MW127_KONFIX_0417.vs.1706669_MW127_KO0417_INPUT.rmdup_FE.bdg'! 
INFO  @ Fri, 18 Sep 2020 08:53:45: Read and build treatment bedGraph... 
INFO  @ Fri, 18 Sep 2020 08:55:47: Read and build control bedGraph... 
INFO  @ Fri, 18 Sep 2020 08:58:23: Build scoreTrackII... 
INFO  @ Fri, 18 Sep 2020 08:59:31: Calculate scores comparing treatment and control by 'logLR'... 
INFO  @ Fri, 18 Sep 2020 09:00:42: Write bedGraph of scores... 
INFO  @ Fri, 18 Sep 2020 09:30:23: Finished 'logLR'! Please check '1706659_MW127_KONFIX_0417.vs.1706669_MW127_KO0417_INPUT.rmdup_logLR.bdg'! 
INFO  @ Fri, 18 Sep 2020 09:30:26: Read and build bedGraph... 
INFO  @ Fri, 18 Sep 2020 09:30:27: Call peaks from bedGraph... 
INFO  @ Fri, 18 Sep 2020 09:30:27: Write peaks... 
INFO  @ Fri, 18 Sep 2020 09:30:27: Done 
Traceback (most recent call last):
  File "/home/yli11/HemTools/bin/annot_gene_features.py", line 147, in <module>
    main()
  File "/home/yli11/HemTools/bin/annot_gene_features.py", line 111, in main
    get_annotation_data(args)
  File "/home/yli11/HemTools/bin/annot_gene_features.py", line 85, in get_annotation_data
    args.tss = myData['%s_gencode33_TSS'%(args.genome)]
KeyError: 'mm9_gencode33_TSS'
Traceback (most recent call last):
  File "/home/yli11/HemTools/bin/pie_plot.py", line 95, in <module>
    main()
  File "/home/yli11/HemTools/bin/pie_plot.py", line 74, in main
    args.sep = guess_sep(args.input)
  File "/home/yli11/HemTools/bin/pie_plot.py", line 35, in guess_sep
    with open(x) as f:
FileNotFoundError: [Errno 2] No such file or directory: '1706659_MW127_KONFIX_0417.vs.1706669_MW127_KO0417_INPUT.rmdup_peaks.rmblck.narrowPeak.annot.tsv'
INFO  @ Fri, 18 Sep 2020 09:52:25: 
# Command line: callpeak -t 1706659_MW127_KONFIX_0417.markdup.uq.bam -c 1706669_MW127_KO0417_INPUT.markdup.uq.bam --keep-dup all -n 1706659_MW127_KONFIX_0417.vs.1706669_MW127_KO0417_INPUT.markdup.uq -B -g mm
# ARGUMENTS LIST:
# name = 1706659_MW127_KONFIX_0417.vs.1706669_MW127_KO0417_INPUT.markdup.uq
# format = AUTO
# ChIP-seq file = ['1706659_MW127_KONFIX_0417.markdup.uq.bam']
# control file = ['1706669_MW127_KO0417_INPUT.markdup.uq.bam']
# effective genome size = 1.87e+09
# band width = 300
# model fold = [5, 50]
# qvalue cutoff = 5.00e-02
# Larger dataset will be scaled towards smaller dataset.
# Range for calculating regional lambda is: 1000 bps and 10000 bps
# Broad region calling is off
# Paired-End mode is off
 
INFO  @ Fri, 18 Sep 2020 09:52:25: #1 read tag files... 
INFO  @ Fri, 18 Sep 2020 09:52:25: #1 read treatment tags... 
INFO  @ Fri, 18 Sep 2020 09:52:26: Detected format is: BAM 
INFO  @ Fri, 18 Sep 2020 09:52:26: * Input file is gzipped. 
INFO  @ Fri, 18 Sep 2020 09:52:30:  1000000 
INFO  @ Fri, 18 Sep 2020 09:52:34:  2000000 
INFO  @ Fri, 18 Sep 2020 09:52:39:  3000000 
INFO  @ Fri, 18 Sep 2020 09:52:43:  4000000 
INFO  @ Fri, 18 Sep 2020 09:52:47:  5000000 
INFO  @ Fri, 18 Sep 2020 09:52:52:  6000000 
INFO  @ Fri, 18 Sep 2020 09:52:56:  7000000 
INFO  @ Fri, 18 Sep 2020 09:53:00:  8000000 
INFO  @ Fri, 18 Sep 2020 09:53:04:  9000000 
INFO  @ Fri, 18 Sep 2020 09:53:09:  10000000 
INFO  @ Fri, 18 Sep 2020 09:53:13:  11000000 
INFO  @ Fri, 18 Sep 2020 09:53:17:  12000000 
INFO  @ Fri, 18 Sep 2020 09:53:22:  13000000 
INFO  @ Fri, 18 Sep 2020 09:53:26:  14000000 
INFO  @ Fri, 18 Sep 2020 09:53:31:  15000000 
INFO  @ Fri, 18 Sep 2020 09:53:35:  16000000 
INFO  @ Fri, 18 Sep 2020 09:53:39:  17000000 
INFO  @ Fri, 18 Sep 2020 09:53:44:  18000000 
INFO  @ Fri, 18 Sep 2020 09:53:48:  19000000 
INFO  @ Fri, 18 Sep 2020 09:53:52:  20000000 
INFO  @ Fri, 18 Sep 2020 09:53:57:  21000000 
INFO  @ Fri, 18 Sep 2020 09:54:02:  22000000 
INFO  @ Fri, 18 Sep 2020 09:54:06:  23000000 
INFO  @ Fri, 18 Sep 2020 09:54:11:  24000000 
INFO  @ Fri, 18 Sep 2020 09:54:15:  25000000 
INFO  @ Fri, 18 Sep 2020 09:54:19:  26000000 
INFO  @ Fri, 18 Sep 2020 09:54:24:  27000000 
INFO  @ Fri, 18 Sep 2020 09:54:28:  28000000 
INFO  @ Fri, 18 Sep 2020 09:54:32:  29000000 
INFO  @ Fri, 18 Sep 2020 09:54:37:  30000000 
INFO  @ Fri, 18 Sep 2020 09:54:41:  31000000 
INFO  @ Fri, 18 Sep 2020 09:54:46:  32000000 
INFO  @ Fri, 18 Sep 2020 09:54:50:  33000000 
INFO  @ Fri, 18 Sep 2020 09:54:55:  34000000 
INFO  @ Fri, 18 Sep 2020 09:54:59:  35000000 
INFO  @ Fri, 18 Sep 2020 09:55:03:  36000000 
INFO  @ Fri, 18 Sep 2020 09:55:08:  37000000 
INFO  @ Fri, 18 Sep 2020 09:55:12:  38000000 
INFO  @ Fri, 18 Sep 2020 09:55:16:  39000000 
INFO  @ Fri, 18 Sep 2020 09:55:21:  40000000 
INFO  @ Fri, 18 Sep 2020 09:55:25:  41000000 
INFO  @ Fri, 18 Sep 2020 09:55:29:  42000000 
INFO  @ Fri, 18 Sep 2020 09:55:34:  43000000 
INFO  @ Fri, 18 Sep 2020 09:55:38:  44000000 
INFO  @ Fri, 18 Sep 2020 09:55:42:  45000000 
INFO  @ Fri, 18 Sep 2020 09:55:47:  46000000 
INFO  @ Fri, 18 Sep 2020 09:55:51:  47000000 
INFO  @ Fri, 18 Sep 2020 09:55:55:  48000000 
INFO  @ Fri, 18 Sep 2020 09:56:00:  49000000 
INFO  @ Fri, 18 Sep 2020 09:56:04:  50000000 
INFO  @ Fri, 18 Sep 2020 09:56:08: #1.2 read input tags... 
INFO  @ Fri, 18 Sep 2020 09:56:08: Detected format is: BAM 
INFO  @ Fri, 18 Sep 2020 09:56:08: * Input file is gzipped. 
INFO  @ Fri, 18 Sep 2020 09:56:12:  1000000 
INFO  @ Fri, 18 Sep 2020 09:56:16:  2000000 
INFO  @ Fri, 18 Sep 2020 09:56:21:  3000000 
INFO  @ Fri, 18 Sep 2020 09:56:25:  4000000 
INFO  @ Fri, 18 Sep 2020 09:56:30:  5000000 
INFO  @ Fri, 18 Sep 2020 09:56:34:  6000000 
INFO  @ Fri, 18 Sep 2020 09:56:39:  7000000 
INFO  @ Fri, 18 Sep 2020 09:56:43:  8000000 
INFO  @ Fri, 18 Sep 2020 09:56:47:  9000000 
INFO  @ Fri, 18 Sep 2020 09:56:52:  10000000 
INFO  @ Fri, 18 Sep 2020 09:56:56:  11000000 
INFO  @ Fri, 18 Sep 2020 09:57:00:  12000000 
INFO  @ Fri, 18 Sep 2020 09:57:04:  13000000 
INFO  @ Fri, 18 Sep 2020 09:57:09:  14000000 
INFO  @ Fri, 18 Sep 2020 09:57:13:  15000000 
INFO  @ Fri, 18 Sep 2020 09:57:18:  16000000 
INFO  @ Fri, 18 Sep 2020 09:57:22:  17000000 
INFO  @ Fri, 18 Sep 2020 09:57:26:  18000000 
INFO  @ Fri, 18 Sep 2020 09:57:30:  19000000 
INFO  @ Fri, 18 Sep 2020 09:57:35:  20000000 
INFO  @ Fri, 18 Sep 2020 09:57:39:  21000000 
INFO  @ Fri, 18 Sep 2020 09:57:44:  22000000 
INFO  @ Fri, 18 Sep 2020 09:57:48:  23000000 
INFO  @ Fri, 18 Sep 2020 09:57:52:  24000000 
INFO  @ Fri, 18 Sep 2020 09:57:56:  25000000 
INFO  @ Fri, 18 Sep 2020 09:58:00:  26000000 
INFO  @ Fri, 18 Sep 2020 09:58:05:  27000000 
INFO  @ Fri, 18 Sep 2020 09:58:09:  28000000 
INFO  @ Fri, 18 Sep 2020 09:58:13:  29000000 
INFO  @ Fri, 18 Sep 2020 09:58:17:  30000000 
INFO  @ Fri, 18 Sep 2020 09:58:21:  31000000 
INFO  @ Fri, 18 Sep 2020 09:58:26:  32000000 
INFO  @ Fri, 18 Sep 2020 09:58:30:  33000000 
INFO  @ Fri, 18 Sep 2020 09:58:34:  34000000 
INFO  @ Fri, 18 Sep 2020 09:58:38:  35000000 
INFO  @ Fri, 18 Sep 2020 09:58:43:  36000000 
INFO  @ Fri, 18 Sep 2020 09:58:47:  37000000 
INFO  @ Fri, 18 Sep 2020 09:58:51:  38000000 
INFO  @ Fri, 18 Sep 2020 09:58:55:  39000000 
INFO  @ Fri, 18 Sep 2020 09:59:00:  40000000 
INFO  @ Fri, 18 Sep 2020 09:59:04:  41000000 
INFO  @ Fri, 18 Sep 2020 09:59:08:  42000000 
INFO  @ Fri, 18 Sep 2020 09:59:13:  43000000 
INFO  @ Fri, 18 Sep 2020 09:59:17:  44000000 
INFO  @ Fri, 18 Sep 2020 09:59:21:  45000000 
INFO  @ Fri, 18 Sep 2020 09:59:25:  46000000 
INFO  @ Fri, 18 Sep 2020 09:59:30:  47000000 
INFO  @ Fri, 18 Sep 2020 09:59:34:  48000000 
INFO  @ Fri, 18 Sep 2020 09:59:38:  49000000 
INFO  @ Fri, 18 Sep 2020 09:59:42:  50000000 
INFO  @ Fri, 18 Sep 2020 09:59:47:  51000000 
INFO  @ Fri, 18 Sep 2020 09:59:51:  52000000 
INFO  @ Fri, 18 Sep 2020 09:59:56:  53000000 
INFO  @ Fri, 18 Sep 2020 10:00:00:  54000000 
INFO  @ Fri, 18 Sep 2020 10:00:04:  55000000 
INFO  @ Fri, 18 Sep 2020 10:00:08:  56000000 
INFO  @ Fri, 18 Sep 2020 10:00:12:  57000000 
INFO  @ Fri, 18 Sep 2020 10:00:16:  58000000 
INFO  @ Fri, 18 Sep 2020 10:00:21:  59000000 
INFO  @ Fri, 18 Sep 2020 10:00:25:  60000000 
INFO  @ Fri, 18 Sep 2020 10:00:29:  61000000 
INFO  @ Fri, 18 Sep 2020 10:00:33:  62000000 
INFO  @ Fri, 18 Sep 2020 10:00:38:  63000000 
INFO  @ Fri, 18 Sep 2020 10:00:42:  64000000 
INFO  @ Fri, 18 Sep 2020 10:00:46:  65000000 
INFO  @ Fri, 18 Sep 2020 10:00:50:  66000000 
INFO  @ Fri, 18 Sep 2020 10:00:54:  67000000 
INFO  @ Fri, 18 Sep 2020 10:00:59:  68000000 
INFO  @ Fri, 18 Sep 2020 10:01:03:  69000000 
INFO  @ Fri, 18 Sep 2020 10:01:07:  70000000 
INFO  @ Fri, 18 Sep 2020 10:01:12:  71000000 
INFO  @ Fri, 18 Sep 2020 10:01:16:  72000000 
INFO  @ Fri, 18 Sep 2020 10:01:18: #1 tag size is determined as 51 bps 
INFO  @ Fri, 18 Sep 2020 10:01:18: #1 tag size = 51 
INFO  @ Fri, 18 Sep 2020 10:01:18: #1  total tags in treatment: 50636344 
INFO  @ Fri, 18 Sep 2020 10:01:18: #1  total tags in control: 72161565 
INFO  @ Fri, 18 Sep 2020 10:01:18: #1 finished! 
INFO  @ Fri, 18 Sep 2020 10:01:18: #2 Build Peak Model... 
INFO  @ Fri, 18 Sep 2020 10:01:18: #2 looking for paired plus/minus strand peaks... 
INFO  @ Fri, 18 Sep 2020 10:01:22: #2 number of paired peaks: 823 
WARNING @ Fri, 18 Sep 2020 10:01:22: Fewer paired peaks (823) than 1000! Model may not be build well! Lower your MFOLD parameter may erase this warning. Now I will use 823 pairs to build model! 
INFO  @ Fri, 18 Sep 2020 10:01:22: start model_add_line... 
INFO  @ Fri, 18 Sep 2020 10:01:23: start X-correlation... 
INFO  @ Fri, 18 Sep 2020 10:01:23: end of X-cor 
INFO  @ Fri, 18 Sep 2020 10:01:23: #2 finished! 
INFO  @ Fri, 18 Sep 2020 10:01:23: #2 predicted fragment length is 45 bps 
INFO  @ Fri, 18 Sep 2020 10:01:23: #2 alternative fragment length(s) may be 45,104,160,257,392,439,525,581 bps 
INFO  @ Fri, 18 Sep 2020 10:01:23: #2.2 Generate R script for model : 1706659_MW127_KONFIX_0417.vs.1706669_MW127_KO0417_INPUT.markdup.uq_model.r 
WARNING @ Fri, 18 Sep 2020 10:01:23: #2 Since the d (45) calculated from paired-peaks are smaller than 2*tag length, it may be influenced by unknown sequencing problem! 
WARNING @ Fri, 18 Sep 2020 10:01:23: #2 You may need to consider one of the other alternative d(s): 45,104,160,257,392,439,525,581 
WARNING @ Fri, 18 Sep 2020 10:01:23: #2 You can restart the process with --nomodel --extsize XXX with your choice or an arbitrary number. Nontheless, MACS will continute computing. 
INFO  @ Fri, 18 Sep 2020 10:01:23: #3 Call peaks... 
INFO  @ Fri, 18 Sep 2020 10:01:23: #3 Pre-compute pvalue-qvalue table... 
INFO  @ Fri, 18 Sep 2020 10:05:11: #3 In the peak calling step, the following will be performed simultaneously: 
INFO  @ Fri, 18 Sep 2020 10:05:11: #3   Write bedGraph files for treatment pileup (after scaling if necessary)... 1706659_MW127_KONFIX_0417.vs.1706669_MW127_KO0417_INPUT.markdup.uq_treat_pileup.bdg 
INFO  @ Fri, 18 Sep 2020 10:05:11: #3   Write bedGraph files for control lambda (after scaling if necessary)... 1706659_MW127_KONFIX_0417.vs.1706669_MW127_KO0417_INPUT.markdup.uq_control_lambda.bdg 
INFO  @ Fri, 18 Sep 2020 10:05:11: #3   Pileup will be based on sequencing depth in treatment. 
INFO  @ Fri, 18 Sep 2020 10:05:11: #3 Call peaks for each chromosome... 
INFO  @ Fri, 18 Sep 2020 10:15:17: #4 Write output xls file... 1706659_MW127_KONFIX_0417.vs.1706669_MW127_KO0417_INPUT.markdup.uq_peaks.xls 
INFO  @ Fri, 18 Sep 2020 10:15:17: #4 Write peak in narrowPeak format file... 1706659_MW127_KONFIX_0417.vs.1706669_MW127_KO0417_INPUT.markdup.uq_peaks.narrowPeak 
INFO  @ Fri, 18 Sep 2020 10:15:17: #4 Write summits bed file... 1706659_MW127_KONFIX_0417.vs.1706669_MW127_KO0417_INPUT.markdup.uq_summits.bed 
INFO  @ Fri, 18 Sep 2020 10:15:17: Done! 
INFO  @ Fri, 18 Sep 2020 10:15:21: Read and build treatment bedGraph... 
INFO  @ Fri, 18 Sep 2020 10:16:59: Read and build control bedGraph... 
INFO  @ Fri, 18 Sep 2020 10:19:19: Build scoreTrackII... 
INFO  @ Fri, 18 Sep 2020 10:20:18: Calculate scores comparing treatment and control by 'qpois'... 
INFO  @ Fri, 18 Sep 2020 10:22:07: Write bedGraph of scores... 
INFO  @ Fri, 18 Sep 2020 10:22:55: Finished 'qpois'! Please check '1706659_MW127_KONFIX_0417.vs.1706669_MW127_KO0417_INPUT.markdup.uq_treat_pvalue.bdg'! 
INFO  @ Fri, 18 Sep 2020 10:22:59: Read and build treatment bedGraph... 
INFO  @ Fri, 18 Sep 2020 10:24:39: Read and build control bedGraph... 
INFO  @ Fri, 18 Sep 2020 10:27:06: Build scoreTrackII... 
INFO  @ Fri, 18 Sep 2020 10:28:04: Calculate scores comparing treatment and control by 'FE'... 
INFO  @ Fri, 18 Sep 2020 10:44:26: Write bedGraph of scores... 
INFO  @ Fri, 18 Sep 2020 10:49:37: Finished 'FE'! Please check '1706659_MW127_KONFIX_0417.vs.1706669_MW127_KO0417_INPUT.markdup.uq_FE.bdg'! 
INFO  @ Fri, 18 Sep 2020 10:49:43: Read and build treatment bedGraph... 
INFO  @ Fri, 18 Sep 2020 10:51:19: Read and build control bedGraph... 
INFO  @ Fri, 18 Sep 2020 10:53:30: Build scoreTrackII... 
INFO  @ Fri, 18 Sep 2020 10:54:26: Calculate scores comparing treatment and control by 'logLR'... 
INFO  @ Fri, 18 Sep 2020 10:55:22: Write bedGraph of scores... 
INFO  @ Fri, 18 Sep 2020 11:01:56: Finished 'logLR'! Please check '1706659_MW127_KONFIX_0417.vs.1706669_MW127_KO0417_INPUT.markdup.uq_logLR.bdg'! 
INFO  @ Fri, 18 Sep 2020 11:02:01: Read and build bedGraph... 
INFO  @ Fri, 18 Sep 2020 11:02:15: Call peaks from bedGraph... 
INFO  @ Fri, 18 Sep 2020 11:02:16: Write peaks... 
INFO  @ Fri, 18 Sep 2020 11:02:16: Done 
Traceback (most recent call last):
  File "/home/yli11/HemTools/bin/annot_gene_features.py", line 147, in <module>
    main()
  File "/home/yli11/HemTools/bin/annot_gene_features.py", line 111, in main
    get_annotation_data(args)
  File "/home/yli11/HemTools/bin/annot_gene_features.py", line 85, in get_annotation_data
    args.tss = myData['%s_gencode33_TSS'%(args.genome)]
KeyError: 'mm9_gencode33_TSS'
Traceback (most recent call last):
  File "/home/yli11/HemTools/bin/pie_plot.py", line 95, in <module>
    main()
  File "/home/yli11/HemTools/bin/pie_plot.py", line 74, in main
    args.sep = guess_sep(args.input)
  File "/home/yli11/HemTools/bin/pie_plot.py", line 35, in guess_sep
    with open(x) as f:
FileNotFoundError: [Errno 2] No such file or directory: '1706659_MW127_KONFIX_0417.vs.1706669_MW127_KO0417_INPUT.markdup.uq_peaks.rmblck.narrowPeak.annot.tsv'
