[M::bwa_idx_load_from_disk] read 0 ALT contigs
[M::process] read 1176472 sequences (60000072 bp)...
[M::process] read 1176472 sequences (60000072 bp)...
[M::mem_process_seqs] Processed 1176472 reads in 314.051 CPU sec, 54.552 real sec
[M::process] read 1176472 sequences (60000072 bp)...
[M::mem_process_seqs] Processed 1176472 reads in 308.870 CPU sec, 51.991 real sec
[M::process] read 1176472 sequences (60000072 bp)...
[M::mem_process_seqs] Processed 1176472 reads in 304.166 CPU sec, 50.808 real sec
[M::process] read 1176472 sequences (60000072 bp)...
[M::mem_process_seqs] Processed 1176472 reads in 305.413 CPU sec, 51.020 real sec
[M::process] read 1176472 sequences (60000072 bp)...
[M::mem_process_seqs] Processed 1176472 reads in 303.511 CPU sec, 51.071 real sec
[M::process] read 1176472 sequences (60000072 bp)...
[M::mem_process_seqs] Processed 1176472 reads in 303.282 CPU sec, 50.788 real sec
[M::process] read 1176472 sequences (60000072 bp)...
[M::mem_process_seqs] Processed 1176472 reads in 307.906 CPU sec, 51.424 real sec
[M::process] read 1176472 sequences (60000072 bp)...
[M::mem_process_seqs] Processed 1176472 reads in 302.080 CPU sec, 50.614 real sec
[M::process] read 1176472 sequences (60000072 bp)...
[M::mem_process_seqs] Processed 1176472 reads in 304.699 CPU sec, 50.944 real sec
[M::process] read 1176472 sequences (60000072 bp)...
[M::mem_process_seqs] Processed 1176472 reads in 300.612 CPU sec, 50.216 real sec
[M::process] read 1176472 sequences (60000072 bp)...
[M::mem_process_seqs] Processed 1176472 reads in 302.305 CPU sec, 50.700 real sec
[M::process] read 1176472 sequences (60000072 bp)...
[M::mem_process_seqs] Processed 1176472 reads in 304.398 CPU sec, 50.747 real sec
[M::process] read 1176472 sequences (60000072 bp)...
[M::mem_process_seqs] Processed 1176472 reads in 305.335 CPU sec, 51.431 real sec
[M::process] read 1176472 sequences (60000072 bp)...
[M::mem_process_seqs] Processed 1176472 reads in 307.688 CPU sec, 51.636 real sec
[M::process] read 1176472 sequences (60000072 bp)...
[M::mem_process_seqs] Processed 1176472 reads in 309.980 CPU sec, 53.107 real sec
[M::process] read 1176472 sequences (60000072 bp)...
[M::mem_process_seqs] Processed 1176472 reads in 299.425 CPU sec, 50.826 real sec
[M::process] read 1176472 sequences (60000072 bp)...
[M::mem_process_seqs] Processed 1176472 reads in 305.665 CPU sec, 51.410 real sec
[M::process] read 1176472 sequences (60000072 bp)...
[M::mem_process_seqs] Processed 1176472 reads in 307.904 CPU sec, 52.010 real sec
[M::process] read 1176472 sequences (60000072 bp)...
[M::mem_process_seqs] Processed 1176472 reads in 314.042 CPU sec, 52.802 real sec
[M::process] read 1176472 sequences (60000072 bp)...
[M::mem_process_seqs] Processed 1176472 reads in 307.587 CPU sec, 51.436 real sec
[M::process] read 1176472 sequences (60000072 bp)...
[M::mem_process_seqs] Processed 1176472 reads in 303.709 CPU sec, 50.628 real sec
[M::process] read 1176472 sequences (60000072 bp)...
[M::mem_process_seqs] Processed 1176472 reads in 302.310 CPU sec, 50.504 real sec
[M::process] read 1176472 sequences (60000072 bp)...
[M::mem_process_seqs] Processed 1176472 reads in 299.503 CPU sec, 50.027 real sec
[M::process] read 1176472 sequences (60000072 bp)...
[M::mem_process_seqs] Processed 1176472 reads in 307.911 CPU sec, 51.756 real sec
[M::process] read 1176472 sequences (60000072 bp)...
[M::mem_process_seqs] Processed 1176472 reads in 307.631 CPU sec, 51.419 real sec
[M::process] read 1176472 sequences (60000072 bp)...
[M::mem_process_seqs] Processed 1176472 reads in 299.557 CPU sec, 50.155 real sec
[M::process] read 1176472 sequences (60000072 bp)...
[M::mem_process_seqs] Processed 1176472 reads in 298.540 CPU sec, 50.249 real sec
[M::process] read 1176472 sequences (60000072 bp)...
[M::mem_process_seqs] Processed 1176472 reads in 299.077 CPU sec, 49.810 real sec
[M::process] read 1176472 sequences (60000072 bp)...
[M::mem_process_seqs] Processed 1176472 reads in 298.968 CPU sec, 49.857 real sec
[M::process] read 1176472 sequences (60000072 bp)...
[M::mem_process_seqs] Processed 1176472 reads in 297.320 CPU sec, 49.429 real sec
[M::process] read 1176472 sequences (60000072 bp)...
[M::mem_process_seqs] Processed 1176472 reads in 297.153 CPU sec, 49.500 real sec
[M::process] read 1176472 sequences (60000072 bp)...
[M::mem_process_seqs] Processed 1176472 reads in 301.594 CPU sec, 50.403 real sec
[M::process] read 1176472 sequences (60000072 bp)...
[M::mem_process_seqs] Processed 1176472 reads in 298.438 CPU sec, 49.766 real sec
[M::process] read 1176472 sequences (60000072 bp)...
[M::mem_process_seqs] Processed 1176472 reads in 301.486 CPU sec, 50.528 real sec
[M::process] read 1176472 sequences (60000072 bp)...
[M::mem_process_seqs] Processed 1176472 reads in 300.907 CPU sec, 50.253 real sec
[M::process] read 1176472 sequences (60000072 bp)...
[M::mem_process_seqs] Processed 1176472 reads in 304.731 CPU sec, 50.769 real sec
[M::process] read 1176472 sequences (60000072 bp)...
[M::mem_process_seqs] Processed 1176472 reads in 300.511 CPU sec, 50.068 real sec
[M::process] read 1176472 sequences (60000072 bp)...
[M::mem_process_seqs] Processed 1176472 reads in 298.390 CPU sec, 49.683 real sec
[M::process] read 1176472 sequences (60000072 bp)...
[M::mem_process_seqs] Processed 1176472 reads in 302.265 CPU sec, 50.411 real sec
[M::process] read 1176472 sequences (60000072 bp)...
[M::mem_process_seqs] Processed 1176472 reads in 303.171 CPU sec, 50.501 real sec
[M::process] read 1176472 sequences (60000072 bp)...
[M::mem_process_seqs] Processed 1176472 reads in 301.690 CPU sec, 50.287 real sec
[M::process] read 1176472 sequences (60000072 bp)...
[M::mem_process_seqs] Processed 1176472 reads in 312.069 CPU sec, 53.123 real sec
[M::process] read 1176472 sequences (60000072 bp)...
[M::mem_process_seqs] Processed 1176472 reads in 302.641 CPU sec, 50.483 real sec
[M::process] read 1176472 sequences (60000072 bp)...
[M::mem_process_seqs] Processed 1176472 reads in 304.250 CPU sec, 50.803 real sec
[M::process] read 1176472 sequences (60000072 bp)...
[M::mem_process_seqs] Processed 1176472 reads in 305.707 CPU sec, 51.065 real sec
[M::process] read 1176472 sequences (60000072 bp)...
[M::mem_process_seqs] Processed 1176472 reads in 315.478 CPU sec, 52.730 real sec
[M::process] read 1176472 sequences (60000072 bp)...
[M::mem_process_seqs] Processed 1176472 reads in 306.242 CPU sec, 51.011 real sec
[M::process] read 1176472 sequences (60000072 bp)...
[M::mem_process_seqs] Processed 1176472 reads in 309.426 CPU sec, 51.600 real sec
[M::process] read 1176472 sequences (60000072 bp)...
[M::mem_process_seqs] Processed 1176472 reads in 307.655 CPU sec, 51.371 real sec
[M::process] read 1176472 sequences (60000072 bp)...
[M::mem_process_seqs] Processed 1176472 reads in 311.080 CPU sec, 52.006 real sec
[M::process] read 1176472 sequences (60000072 bp)...
[M::mem_process_seqs] Processed 1176472 reads in 306.812 CPU sec, 51.172 real sec
[M::process] read 1176472 sequences (60000072 bp)...
[M::mem_process_seqs] Processed 1176472 reads in 310.595 CPU sec, 51.772 real sec
[M::process] read 1176472 sequences (60000072 bp)...
[M::mem_process_seqs] Processed 1176472 reads in 313.232 CPU sec, 52.681 real sec
[M::process] read 709710 sequences (36195210 bp)...
[M::mem_process_seqs] Processed 1176472 reads in 320.622 CPU sec, 53.814 real sec
[M::mem_process_seqs] Processed 709710 reads in 200.609 CPU sec, 33.488 real sec
[main] Version: 0.7.16a-r1181
[main] CMD: bwa mem -t 6 /research/dept/hem/common/sequencing/chenggrp/pipelines/subcmd/../mm9/bwa_16a_index/mm9.fa 1706659_MW127_KONFIX_0417.fastq.gz
[main] Real time: 2835.165 sec; CPU: 16677.253 sec
