Sender: LSF System <lsfadmin@nodecn208>
Subject: Job 109803385[1]: <html[1-1]> in cluster <hpcf_research_cluster> Done

Job <html[1-1]> was submitted from host <nodecn125> by user <yli11> in cluster <hpcf_research_cluster> at Thu Sep 17 16:38:14 2020.
Job was executed on host(s) <nodecn208>, in queue <standard>, as user <yli11> in cluster <hpcf_research_cluster> at Fri Sep 18 15:46:46 2020.
</home/yli11> was used as the home directory.
</home/yli11/Share/Megan/HPC5/NFIX> was used as the working directory.
Started at Fri Sep 18 15:46:46 2020.
Terminated at Fri Sep 18 15:47:42 2020.
Results reported at Fri Sep 18 15:47:42 2020.

Your job looked like:

------------------------------------------------------------
# LSBATCH: User input


#BSUB -P chip_seq_single
#BSUB -o chip_seq_single_yli11_2020-09-17/log_files/chip_seq_single_yli11_2020-09-17.html.message_%J_%I.out -e chip_seq_single_yli11_2020-09-17/log_files/chip_seq_single_yli11_2020-09-17.html.message_%J_%I.err
#BSUB -n 1
#BSUB -q standard
#BSUB -R "span[hosts=1] rusage[mem=8000]"
#BSUB -J "html[1-1]"
module purge
#BSUB -w "ended(109803374) && ended(109803377) && ended(109803376) && ended(109803381) && ended(109803375) && ended(109803384) && ended(109803382) && ended(109803379) && ended(109803383) && ended(109803380) && ended(109803378)"
module load python/2.7.13

id=$LSB_JOBINDEX
COL1=`head -n $id fastq.tsv|tail -n1|awk -F "	" '{print $1}'`
COL2=`head -n $id fastq.tsv|tail -n1|awk -F "	" '{print $2}'`
COL3=`head -n $id fastq.tsv|tail -n1|awk -F "	" '{print $3}'`
COL4=`head -n $id fastq.tsv|tail -n1|awk -F "	" '{print $4}'`
COL5=`head -n $id fastq.tsv|tail -n1|awk -F "	" '{print $5}'`
COL6=`head -n $id fastq.tsv|tail -n1|awk -F "	" '{print $6}'`
LINE=`head -n $id fastq.tsv|tail -n1`

/research/dept/hem/common/sequencing/chenggrp/pipelines/subcmd/NGS.report.py chip_seq_single_yli11_2020-09-17 chip_seq_single 1706669_MW127_KO0417_INPUT.fastq.gz,1706668_MW127_KO0415_INPUT.fastq.gz,1678572_MW120_P13_NFIX.fastq.gz,1706658_MW127_KONFIX_0415.fastq.gz,1706667_MW127_KO0423_INPUT.fastq.gz,1706657_MW127_KONFIX_0423.fastq.gz,1706659_MW127_KONFIX_0417.fastq.gz,1678571_MW119_P8_Input.fastq.gz,1678573_MW120_P13_Input.fastq.gz,1678570_MW119_P8_NFIX.fastq.gz 1706669_MW127_KO0417_INPUT,1706668_MW127_KO0415_INPUT,1678572_MW120_P13_NFIX,1706658_MW127_KONFIX_0415,1706667_MW127_KO0423_INPUT,1706657_MW127_KONFIX_0423,1706659_MW127_KONFIX_0417,1678571_MW119_P8_Input,1678573_MW120_P13_Input,1678570_MW119_P8_NFIX
/research/dept/hem/common/sequencing/chenggrp/pipelines/subcmd/send_email.py a4d1c2c0edc6.bwDict
mkdir chip_seq_single_yli11_2020-09-17
mkdir chip_seq_single_yli11_2020-09-17/figures_tables
mv chip_seq_single_yli11_2020-09-17.report.html chip_seq_single_yli11_2020-09-17/figures_tables
mkdir chip_seq_single_yli11_2020-09-17/log_files
mv chip_seq_single_yli11_2020-09-17.fastqc.input chip_seq_single_yli11_2020-09-17/log_files
mv chip_seq_single_yli11_2020-09-17.fastqc.lsf chip_seq_single_yli11_2020-09-17/log_files
mv chip_seq_single_yli11_2020-09-17.fastqc.message_109803374_1.out chip_seq_single_yli11_2020-09-17/log_files
mv chip_seq_single_yli11_2020-09-17.fastqc.message_109803374_1.err chip_seq_single_yli11_2020-09-17/log_files
mv chip_seq_single_yli11_2020-09-17.fastqc.message_109803374_2.out chip_seq_single_yli11_2020-09-17/log_files
mv chip_seq_single_yli11_2020-09-17.fastqc.message_109803374_2.err chip_seq_single_yli11_2020-09-17/log_files
mv chip_seq_single_yli11_2020-09-17.fastqc.message_109803374_3.out chip_seq_single_yli11_2020-09-17/log_files
mv chip_seq_single_yli11_2020-09-17.fastqc.message_109803374_3.err chip_seq_single_yli11_2020-09-17/log_files
mv chip_seq_single_yli11_2020-09-17.fastqc.message_109803374_4.out chip_seq_single_yli11_2020-09-17/log_files
mv chip_seq_single_yli11_2020-09-17.fastqc.message_109803374_4.err chip_seq_single_yli11_2020-09-17/log_files
mv chip_seq_single_yli11_2020-09-17.fastqc.message_109803374_5.out chip_seq_single_yli11_2020-09-17/log_files
mv chip_seq_single_yli11_2020-09-17.fastqc.message_109803374_5.err chip_seq_single_yli11_2020-09-17/log_files
mv chip_seq_single_yli11_2020-09-17.fastqc.message_109803374_6.out chip_seq_single_yli11_2020-09-17/log_files
mv chip_seq_single_yli11_2020-09-17.fastqc.message_109803374_6.err chip_seq_single_yli11_2020-09-17/log_files
mv chip_seq_single_yli11_2020-09-17.fastqc.message_109803374_7.out chip_seq_single_yli11_2020-09-17/log_files
mv chip_seq_single_yli11_2020-09-17.fastqc.message_109803374_7.err chip_seq_single_yli11_2020-09-17/log_files
mv chip_seq_single_yli11_2020-09-17.fastqc.message_109803374_8.out chip_seq_single_yli11_2020-09-17/log_files
mv chip_seq_single_yli11_2020-09-17.fastqc.message_109803374_8.err chip_seq_single_yli11_2020-09-17/log_files
mv chip_seq_single_yli11_2020-09-17.fastqc.message_109803374_9.out chip_seq_single_yli11_2020-09-17/log_files
mv chip_seq_single_yli11_2020-09-17.fastqc.message_109803374_9.err chip_seq_single_yli11_2020-09-17/log_files
mv chip_seq_single_yli11_2020-09-17.fastqc.message_109803374_10.out chip_seq_single_yli11_2020-09-17/log_files
mv chip_seq_single_yli11_2020-09-17.fastqc.message_109803374_10.err chip_seq_single_yli11_2020-09-17/log_files
mv chip_seq_single_yli11_2020-09-17.bwa.input chip_seq_single_yli11_2020-09-17/log_files

(... more ...)
------------------------------------------------------------

Successfully completed.

Resource usage summary:

    CPU time :                                   37.98 sec.
    Max Memory :                                 67 MB
    Average Memory :                             34.36 MB
    Total Requested Memory :                     8000.00 MB
    Delta Memory :                               7933.00 MB
    Max Swap :                                   -
    Max Processes :                              5
    Max Threads :                                32
    Run time :                                   55 sec.
    Turnaround time :                            83368 sec.

The output (if any) follows:



PS:

Read file <chip_seq_single_yli11_2020-09-17/log_files/chip_seq_single_yli11_2020-09-17.html.message_109803385_1.err> for stderr output of this job.

