2020-09-18 15:47:00,216 [INFO ]  Reading user's my_dir.csv
2020-09-18 15:47:00,243 [INFO ]  Adding entry chip_seq_single_yli11_2020-09-17,/research/rgs01/home/clusterHome/yli11/Share/Megan/HPC5/NFIX,chip_seq_single
2020-09-18 15:47:00,246 [INFO ]  Saving profile!
2020-09-18 15:47:00,265 [INFO ]  Bye!
/home/yli11/.conda/envs/multiQC/lib/python3.6/site-packages/multiqc/utils/config.py:45: YAMLLoadWarning: calling yaml.load() without Loader=... is deprecated, as the default Loader is unsafe. Please read https://msg.pyyaml.org/load for full details.
  configs = yaml.load(f)
/home/yli11/.conda/envs/multiQC/lib/python3.6/site-packages/multiqc/utils/config.py:51: YAMLLoadWarning: calling yaml.load() without Loader=... is deprecated, as the default Loader is unsafe. Please read https://msg.pyyaml.org/load for full details.
  sp = yaml.load(f)
[WARNING]         multiqc : MultiQC Version v1.9 now available!
[INFO   ]         multiqc : This is MultiQC v1.7
[INFO   ]         multiqc : Template    : default
[INFO   ]         multiqc : Searching '.'
[INFO   ]           macs2 : Found 20 logs
[INFO   ]        samtools : Found 10 stats reports
[INFO   ]        samtools : Found 30 flagstat reports
[INFO   ]          fastqc : Found 10 reports
[INFO   ]         multiqc : Compressing plot data
[INFO   ]         multiqc : Report      : multiqc_report.html
[INFO   ]         multiqc : Data        : multiqc_data
[INFO   ]         multiqc : MultiQC complete
