INFO  @ Fri, 18 Sep 2020 05:02:34: 
# Command line: callpeak -t 1706658_MW127_KONFIX_0415.bam -c 1706668_MW127_KO0415_INPUT.bam --keep-dup all -n 1706658_MW127_KONFIX_0415.vs.1706668_MW127_KO0415_INPUT -B -g mm
# ARGUMENTS LIST:
# name = 1706658_MW127_KONFIX_0415.vs.1706668_MW127_KO0415_INPUT
# format = AUTO
# ChIP-seq file = ['1706658_MW127_KONFIX_0415.bam']
# control file = ['1706668_MW127_KO0415_INPUT.bam']
# effective genome size = 1.87e+09
# band width = 300
# model fold = [5, 50]
# qvalue cutoff = 5.00e-02
# Larger dataset will be scaled towards smaller dataset.
# Range for calculating regional lambda is: 1000 bps and 10000 bps
# Broad region calling is off
# Paired-End mode is off
 
INFO  @ Fri, 18 Sep 2020 05:02:34: #1 read tag files... 
INFO  @ Fri, 18 Sep 2020 05:02:34: #1 read treatment tags... 
INFO  @ Fri, 18 Sep 2020 05:02:34: Detected format is: BAM 
INFO  @ Fri, 18 Sep 2020 05:02:34: * Input file is gzipped. 
INFO  @ Fri, 18 Sep 2020 05:02:38:  1000000 
INFO  @ Fri, 18 Sep 2020 05:02:43:  2000000 
INFO  @ Fri, 18 Sep 2020 05:02:48:  3000000 
INFO  @ Fri, 18 Sep 2020 05:02:52:  4000000 
INFO  @ Fri, 18 Sep 2020 05:02:57:  5000000 
INFO  @ Fri, 18 Sep 2020 05:03:02:  6000000 
INFO  @ Fri, 18 Sep 2020 05:03:07:  7000000 
INFO  @ Fri, 18 Sep 2020 05:03:11:  8000000 
INFO  @ Fri, 18 Sep 2020 05:03:16:  9000000 
INFO  @ Fri, 18 Sep 2020 05:03:21:  10000000 
INFO  @ Fri, 18 Sep 2020 05:03:25:  11000000 
INFO  @ Fri, 18 Sep 2020 05:03:30:  12000000 
INFO  @ Fri, 18 Sep 2020 05:03:35:  13000000 
INFO  @ Fri, 18 Sep 2020 05:03:40:  14000000 
INFO  @ Fri, 18 Sep 2020 05:03:44:  15000000 
INFO  @ Fri, 18 Sep 2020 05:03:49:  16000000 
INFO  @ Fri, 18 Sep 2020 05:03:54:  17000000 
INFO  @ Fri, 18 Sep 2020 05:03:59:  18000000 
INFO  @ Fri, 18 Sep 2020 05:04:03:  19000000 
INFO  @ Fri, 18 Sep 2020 05:04:08:  20000000 
INFO  @ Fri, 18 Sep 2020 05:04:13:  21000000 
INFO  @ Fri, 18 Sep 2020 05:04:17:  22000000 
INFO  @ Fri, 18 Sep 2020 05:04:22:  23000000 
INFO  @ Fri, 18 Sep 2020 05:04:27:  24000000 
INFO  @ Fri, 18 Sep 2020 05:04:31:  25000000 
INFO  @ Fri, 18 Sep 2020 05:04:36:  26000000 
INFO  @ Fri, 18 Sep 2020 05:04:41:  27000000 
INFO  @ Fri, 18 Sep 2020 05:04:46:  28000000 
INFO  @ Fri, 18 Sep 2020 05:04:50:  29000000 
INFO  @ Fri, 18 Sep 2020 05:04:55:  30000000 
INFO  @ Fri, 18 Sep 2020 05:05:00:  31000000 
INFO  @ Fri, 18 Sep 2020 05:05:04:  32000000 
INFO  @ Fri, 18 Sep 2020 05:05:09:  33000000 
INFO  @ Fri, 18 Sep 2020 05:05:14:  34000000 
INFO  @ Fri, 18 Sep 2020 05:05:19:  35000000 
INFO  @ Fri, 18 Sep 2020 05:05:23:  36000000 
INFO  @ Fri, 18 Sep 2020 05:05:28:  37000000 
INFO  @ Fri, 18 Sep 2020 05:05:33:  38000000 
INFO  @ Fri, 18 Sep 2020 05:05:38:  39000000 
INFO  @ Fri, 18 Sep 2020 05:05:42:  40000000 
INFO  @ Fri, 18 Sep 2020 05:05:47:  41000000 
INFO  @ Fri, 18 Sep 2020 05:05:52:  42000000 
INFO  @ Fri, 18 Sep 2020 05:05:57:  43000000 
INFO  @ Fri, 18 Sep 2020 05:06:01:  44000000 
INFO  @ Fri, 18 Sep 2020 05:06:06:  45000000 
INFO  @ Fri, 18 Sep 2020 05:06:11:  46000000 
INFO  @ Fri, 18 Sep 2020 05:06:16:  47000000 
INFO  @ Fri, 18 Sep 2020 05:06:20:  48000000 
INFO  @ Fri, 18 Sep 2020 05:06:25:  49000000 
INFO  @ Fri, 18 Sep 2020 05:06:30:  50000000 
INFO  @ Fri, 18 Sep 2020 05:06:34:  51000000 
INFO  @ Fri, 18 Sep 2020 05:06:39:  52000000 
INFO  @ Fri, 18 Sep 2020 05:06:44:  53000000 
INFO  @ Fri, 18 Sep 2020 05:06:49:  54000000 
INFO  @ Fri, 18 Sep 2020 05:06:53:  55000000 
INFO  @ Fri, 18 Sep 2020 05:06:58:  56000000 
INFO  @ Fri, 18 Sep 2020 05:07:03:  57000000 
INFO  @ Fri, 18 Sep 2020 05:07:07:  58000000 
INFO  @ Fri, 18 Sep 2020 05:07:12:  59000000 
INFO  @ Fri, 18 Sep 2020 05:07:17:  60000000 
INFO  @ Fri, 18 Sep 2020 05:07:22:  61000000 
INFO  @ Fri, 18 Sep 2020 05:07:26:  62000000 
INFO  @ Fri, 18 Sep 2020 05:07:31:  63000000 
INFO  @ Fri, 18 Sep 2020 05:07:36:  64000000 
INFO  @ Fri, 18 Sep 2020 05:07:40:  65000000 
INFO  @ Fri, 18 Sep 2020 05:07:45:  66000000 
INFO  @ Fri, 18 Sep 2020 05:07:50:  67000000 
INFO  @ Fri, 18 Sep 2020 05:07:54:  68000000 
INFO  @ Fri, 18 Sep 2020 05:07:59:  69000000 
INFO  @ Fri, 18 Sep 2020 05:08:03:  70000000 
INFO  @ Fri, 18 Sep 2020 05:08:08:  71000000 
INFO  @ Fri, 18 Sep 2020 05:08:13:  72000000 
INFO  @ Fri, 18 Sep 2020 05:08:18:  73000000 
INFO  @ Fri, 18 Sep 2020 05:08:22:  74000000 
INFO  @ Fri, 18 Sep 2020 05:08:27:  75000000 
INFO  @ Fri, 18 Sep 2020 05:08:32:  76000000 
INFO  @ Fri, 18 Sep 2020 05:08:37:  77000000 
INFO  @ Fri, 18 Sep 2020 05:08:41:  78000000 
INFO  @ Fri, 18 Sep 2020 05:08:46:  79000000 
INFO  @ Fri, 18 Sep 2020 05:08:51:  80000000 
INFO  @ Fri, 18 Sep 2020 05:08:56:  81000000 
INFO  @ Fri, 18 Sep 2020 05:09:00:  82000000 
INFO  @ Fri, 18 Sep 2020 05:09:05:  83000000 
INFO  @ Fri, 18 Sep 2020 05:09:10:  84000000 
INFO  @ Fri, 18 Sep 2020 05:09:14:  85000000 
INFO  @ Fri, 18 Sep 2020 05:09:19:  86000000 
INFO  @ Fri, 18 Sep 2020 05:09:24:  87000000 
INFO  @ Fri, 18 Sep 2020 05:09:29:  88000000 
INFO  @ Fri, 18 Sep 2020 05:09:33:  89000000 
INFO  @ Fri, 18 Sep 2020 05:09:38:  90000000 
INFO  @ Fri, 18 Sep 2020 05:09:43:  91000000 
INFO  @ Fri, 18 Sep 2020 05:09:48:  92000000 
INFO  @ Fri, 18 Sep 2020 05:09:52:  93000000 
INFO  @ Fri, 18 Sep 2020 05:09:57:  94000000 
INFO  @ Fri, 18 Sep 2020 05:10:02:  95000000 
INFO  @ Fri, 18 Sep 2020 05:10:07:  96000000 
INFO  @ Fri, 18 Sep 2020 05:10:11:  97000000 
INFO  @ Fri, 18 Sep 2020 05:10:16:  98000000 
INFO  @ Fri, 18 Sep 2020 05:10:21:  99000000 
INFO  @ Fri, 18 Sep 2020 05:10:25:  100000000 
INFO  @ Fri, 18 Sep 2020 05:10:30:  101000000 
INFO  @ Fri, 18 Sep 2020 05:10:34:  102000000 
INFO  @ Fri, 18 Sep 2020 05:10:39:  103000000 
INFO  @ Fri, 18 Sep 2020 05:10:44:  104000000 
INFO  @ Fri, 18 Sep 2020 05:10:49:  105000000 
INFO  @ Fri, 18 Sep 2020 05:10:53:  106000000 
INFO  @ Fri, 18 Sep 2020 05:10:58:  107000000 
INFO  @ Fri, 18 Sep 2020 05:11:03:  108000000 
INFO  @ Fri, 18 Sep 2020 05:11:07:  109000000 
INFO  @ Fri, 18 Sep 2020 05:11:12:  110000000 
INFO  @ Fri, 18 Sep 2020 05:11:17:  111000000 
INFO  @ Fri, 18 Sep 2020 05:11:22:  112000000 
INFO  @ Fri, 18 Sep 2020 05:11:26:  113000000 
INFO  @ Fri, 18 Sep 2020 05:11:31:  114000000 
INFO  @ Fri, 18 Sep 2020 05:11:36:  115000000 
INFO  @ Fri, 18 Sep 2020 05:11:40:  116000000 
INFO  @ Fri, 18 Sep 2020 05:11:45:  117000000 
INFO  @ Fri, 18 Sep 2020 05:11:50:  118000000 
INFO  @ Fri, 18 Sep 2020 05:11:54:  119000000 
INFO  @ Fri, 18 Sep 2020 05:11:59:  120000000 
INFO  @ Fri, 18 Sep 2020 05:12:04:  121000000 
INFO  @ Fri, 18 Sep 2020 05:12:09:  122000000 
INFO  @ Fri, 18 Sep 2020 05:12:13:  123000000 
INFO  @ Fri, 18 Sep 2020 05:12:18:  124000000 
INFO  @ Fri, 18 Sep 2020 05:12:23:  125000000 
INFO  @ Fri, 18 Sep 2020 05:12:27:  126000000 
INFO  @ Fri, 18 Sep 2020 05:12:32:  127000000 
INFO  @ Fri, 18 Sep 2020 05:12:37:  128000000 
INFO  @ Fri, 18 Sep 2020 05:12:42:  129000000 
INFO  @ Fri, 18 Sep 2020 05:12:46:  130000000 
INFO  @ Fri, 18 Sep 2020 05:12:51:  131000000 
INFO  @ Fri, 18 Sep 2020 05:12:56:  132000000 
INFO  @ Fri, 18 Sep 2020 05:13:01:  133000000 
INFO  @ Fri, 18 Sep 2020 05:13:05:  134000000 
INFO  @ Fri, 18 Sep 2020 05:13:10:  135000000 
INFO  @ Fri, 18 Sep 2020 05:13:15:  136000000 
INFO  @ Fri, 18 Sep 2020 05:13:20:  137000000 
INFO  @ Fri, 18 Sep 2020 05:13:24:  138000000 
INFO  @ Fri, 18 Sep 2020 05:13:29:  139000000 
INFO  @ Fri, 18 Sep 2020 05:13:34:  140000000 
INFO  @ Fri, 18 Sep 2020 05:13:38:  141000000 
INFO  @ Fri, 18 Sep 2020 05:13:43:  142000000 
INFO  @ Fri, 18 Sep 2020 05:13:48:  143000000 
INFO  @ Fri, 18 Sep 2020 05:13:53:  144000000 
INFO  @ Fri, 18 Sep 2020 05:13:57:  145000000 
INFO  @ Fri, 18 Sep 2020 05:14:02:  146000000 
INFO  @ Fri, 18 Sep 2020 05:14:07:  147000000 
INFO  @ Fri, 18 Sep 2020 05:14:12:  148000000 
INFO  @ Fri, 18 Sep 2020 05:14:16:  149000000 
INFO  @ Fri, 18 Sep 2020 05:14:21:  150000000 
INFO  @ Fri, 18 Sep 2020 05:14:26:  151000000 
INFO  @ Fri, 18 Sep 2020 05:14:30:  152000000 
INFO  @ Fri, 18 Sep 2020 05:14:35:  153000000 
INFO  @ Fri, 18 Sep 2020 05:14:40:  154000000 
INFO  @ Fri, 18 Sep 2020 05:14:44:  155000000 
INFO  @ Fri, 18 Sep 2020 05:14:49:  156000000 
INFO  @ Fri, 18 Sep 2020 05:14:54:  157000000 
INFO  @ Fri, 18 Sep 2020 05:14:58:  158000000 
INFO  @ Fri, 18 Sep 2020 05:15:03:  159000000 
INFO  @ Fri, 18 Sep 2020 05:15:08:  160000000 
INFO  @ Fri, 18 Sep 2020 05:15:13:  161000000 
INFO  @ Fri, 18 Sep 2020 05:15:17:  162000000 
INFO  @ Fri, 18 Sep 2020 05:15:22:  163000000 
INFO  @ Fri, 18 Sep 2020 05:15:27:  164000000 
INFO  @ Fri, 18 Sep 2020 05:15:31:  165000000 
INFO  @ Fri, 18 Sep 2020 05:15:36:  166000000 
INFO  @ Fri, 18 Sep 2020 05:15:41:  167000000 
INFO  @ Fri, 18 Sep 2020 05:15:45:  168000000 
INFO  @ Fri, 18 Sep 2020 05:15:50:  169000000 
INFO  @ Fri, 18 Sep 2020 05:15:55:  170000000 
INFO  @ Fri, 18 Sep 2020 05:15:59:  171000000 
INFO  @ Fri, 18 Sep 2020 05:16:04:  172000000 
INFO  @ Fri, 18 Sep 2020 05:16:08:  173000000 
INFO  @ Fri, 18 Sep 2020 05:16:13:  174000000 
INFO  @ Fri, 18 Sep 2020 05:16:18:  175000000 
INFO  @ Fri, 18 Sep 2020 05:16:23:  176000000 
INFO  @ Fri, 18 Sep 2020 05:16:27:  177000000 
INFO  @ Fri, 18 Sep 2020 05:16:32:  178000000 
INFO  @ Fri, 18 Sep 2020 05:16:36:  179000000 
INFO  @ Fri, 18 Sep 2020 05:16:41:  180000000 
INFO  @ Fri, 18 Sep 2020 05:16:45:  181000000 
INFO  @ Fri, 18 Sep 2020 05:16:50:  182000000 
INFO  @ Fri, 18 Sep 2020 05:16:55:  183000000 
INFO  @ Fri, 18 Sep 2020 05:16:59:  184000000 
INFO  @ Fri, 18 Sep 2020 05:17:04:  185000000 
INFO  @ Fri, 18 Sep 2020 05:17:08:  186000000 
INFO  @ Fri, 18 Sep 2020 05:17:13:  187000000 
INFO  @ Fri, 18 Sep 2020 05:17:17:  188000000 
INFO  @ Fri, 18 Sep 2020 05:17:22:  189000000 
INFO  @ Fri, 18 Sep 2020 05:17:26:  190000000 
INFO  @ Fri, 18 Sep 2020 05:17:31:  191000000 
INFO  @ Fri, 18 Sep 2020 05:17:36:  192000000 
INFO  @ Fri, 18 Sep 2020 05:17:41:  193000000 
INFO  @ Fri, 18 Sep 2020 05:17:45:  194000000 
INFO  @ Fri, 18 Sep 2020 05:17:50:  195000000 
INFO  @ Fri, 18 Sep 2020 05:17:55:  196000000 
INFO  @ Fri, 18 Sep 2020 05:18:00:  197000000 
INFO  @ Fri, 18 Sep 2020 05:18:04:  198000000 
INFO  @ Fri, 18 Sep 2020 05:18:09:  199000000 
INFO  @ Fri, 18 Sep 2020 05:18:14:  200000000 
INFO  @ Fri, 18 Sep 2020 05:18:19:  201000000 
INFO  @ Fri, 18 Sep 2020 05:18:23:  202000000 
INFO  @ Fri, 18 Sep 2020 05:18:28:  203000000 
INFO  @ Fri, 18 Sep 2020 05:18:32:  204000000 
INFO  @ Fri, 18 Sep 2020 05:18:37:  205000000 
INFO  @ Fri, 18 Sep 2020 05:18:42:  206000000 
INFO  @ Fri, 18 Sep 2020 05:18:47:  207000000 
INFO  @ Fri, 18 Sep 2020 05:19:02: #1.2 read input tags... 
INFO  @ Fri, 18 Sep 2020 05:19:03: Detected format is: BAM 
INFO  @ Fri, 18 Sep 2020 05:19:03: * Input file is gzipped. 
INFO  @ Fri, 18 Sep 2020 05:19:07:  1000000 
INFO  @ Fri, 18 Sep 2020 05:19:12:  2000000 
INFO  @ Fri, 18 Sep 2020 05:19:17:  3000000 
INFO  @ Fri, 18 Sep 2020 05:19:21:  4000000 
INFO  @ Fri, 18 Sep 2020 05:19:26:  5000000 
INFO  @ Fri, 18 Sep 2020 05:19:31:  6000000 
INFO  @ Fri, 18 Sep 2020 05:19:35:  7000000 
INFO  @ Fri, 18 Sep 2020 05:19:40:  8000000 
INFO  @ Fri, 18 Sep 2020 05:19:45:  9000000 
INFO  @ Fri, 18 Sep 2020 05:19:50:  10000000 
INFO  @ Fri, 18 Sep 2020 05:19:54:  11000000 
INFO  @ Fri, 18 Sep 2020 05:19:59:  12000000 
INFO  @ Fri, 18 Sep 2020 05:20:04:  13000000 
INFO  @ Fri, 18 Sep 2020 05:20:08:  14000000 
INFO  @ Fri, 18 Sep 2020 05:20:13:  15000000 
INFO  @ Fri, 18 Sep 2020 05:20:18:  16000000 
INFO  @ Fri, 18 Sep 2020 05:20:23:  17000000 
INFO  @ Fri, 18 Sep 2020 05:20:27:  18000000 
INFO  @ Fri, 18 Sep 2020 05:20:32:  19000000 
INFO  @ Fri, 18 Sep 2020 05:20:37:  20000000 
INFO  @ Fri, 18 Sep 2020 05:20:42:  21000000 
INFO  @ Fri, 18 Sep 2020 05:20:46:  22000000 
INFO  @ Fri, 18 Sep 2020 05:20:51:  23000000 
INFO  @ Fri, 18 Sep 2020 05:20:56:  24000000 
INFO  @ Fri, 18 Sep 2020 05:21:00:  25000000 
INFO  @ Fri, 18 Sep 2020 05:21:05:  26000000 
INFO  @ Fri, 18 Sep 2020 05:21:10:  27000000 
INFO  @ Fri, 18 Sep 2020 05:21:15:  28000000 
INFO  @ Fri, 18 Sep 2020 05:21:19:  29000000 
INFO  @ Fri, 18 Sep 2020 05:21:23: #1 tag size is determined as 51 bps 
INFO  @ Fri, 18 Sep 2020 05:21:23: #1 tag size = 51 
INFO  @ Fri, 18 Sep 2020 05:21:23: #1  total tags in treatment: 201440118 
INFO  @ Fri, 18 Sep 2020 05:21:23: #1  total tags in control: 29014164 
INFO  @ Fri, 18 Sep 2020 05:21:23: #1 finished! 
INFO  @ Fri, 18 Sep 2020 05:21:23: #2 Build Peak Model... 
INFO  @ Fri, 18 Sep 2020 05:21:23: #2 looking for paired plus/minus strand peaks... 
INFO  @ Fri, 18 Sep 2020 05:21:38: #2 number of paired peaks: 1138 
INFO  @ Fri, 18 Sep 2020 05:21:38: start model_add_line... 
INFO  @ Fri, 18 Sep 2020 05:21:41: start X-correlation... 
INFO  @ Fri, 18 Sep 2020 05:21:41: end of X-cor 
INFO  @ Fri, 18 Sep 2020 05:21:41: #2 finished! 
INFO  @ Fri, 18 Sep 2020 05:21:41: #2 predicted fragment length is 45 bps 
INFO  @ Fri, 18 Sep 2020 05:21:41: #2 alternative fragment length(s) may be 45,183,241,387,431,504,565 bps 
INFO  @ Fri, 18 Sep 2020 05:21:41: #2.2 Generate R script for model : 1706658_MW127_KONFIX_0415.vs.1706668_MW127_KO0415_INPUT_model.r 
WARNING @ Fri, 18 Sep 2020 05:21:41: #2 Since the d (45) calculated from paired-peaks are smaller than 2*tag length, it may be influenced by unknown sequencing problem! 
WARNING @ Fri, 18 Sep 2020 05:21:41: #2 You may need to consider one of the other alternative d(s): 45,183,241,387,431,504,565 
WARNING @ Fri, 18 Sep 2020 05:21:41: #2 You can restart the process with --nomodel --extsize XXX with your choice or an arbitrary number. Nontheless, MACS will continute computing. 
INFO  @ Fri, 18 Sep 2020 05:21:41: #3 Call peaks... 
INFO  @ Fri, 18 Sep 2020 05:21:41: #3 Pre-compute pvalue-qvalue table... 
INFO  @ Fri, 18 Sep 2020 05:25:56: #3 In the peak calling step, the following will be performed simultaneously: 
INFO  @ Fri, 18 Sep 2020 05:25:56: #3   Write bedGraph files for treatment pileup (after scaling if necessary)... 1706658_MW127_KONFIX_0415.vs.1706668_MW127_KO0415_INPUT_treat_pileup.bdg 
INFO  @ Fri, 18 Sep 2020 05:25:56: #3   Write bedGraph files for control lambda (after scaling if necessary)... 1706658_MW127_KONFIX_0415.vs.1706668_MW127_KO0415_INPUT_control_lambda.bdg 
INFO  @ Fri, 18 Sep 2020 05:25:56: #3   Pileup will be based on sequencing depth in control. 
INFO  @ Fri, 18 Sep 2020 05:25:56: #3 Call peaks for each chromosome... 
INFO  @ Fri, 18 Sep 2020 05:42:48: #4 Write output xls file... 1706658_MW127_KONFIX_0415.vs.1706668_MW127_KO0415_INPUT_peaks.xls 
INFO  @ Fri, 18 Sep 2020 05:42:48: #4 Write peak in narrowPeak format file... 1706658_MW127_KONFIX_0415.vs.1706668_MW127_KO0415_INPUT_peaks.narrowPeak 
INFO  @ Fri, 18 Sep 2020 05:42:48: #4 Write summits bed file... 1706658_MW127_KONFIX_0415.vs.1706668_MW127_KO0415_INPUT_summits.bed 
INFO  @ Fri, 18 Sep 2020 05:42:48: Done! 
INFO  @ Fri, 18 Sep 2020 05:42:53: Read and build treatment bedGraph... 
INFO  @ Fri, 18 Sep 2020 05:49:05: Read and build control bedGraph... 
INFO  @ Fri, 18 Sep 2020 05:50:15: Build scoreTrackII... 
INFO  @ Fri, 18 Sep 2020 05:52:04: Calculate scores comparing treatment and control by 'qpois'... 
INFO  @ Fri, 18 Sep 2020 05:55:26: Write bedGraph of scores... 
INFO  @ Fri, 18 Sep 2020 05:56:05: Finished 'qpois'! Please check '1706658_MW127_KONFIX_0415.vs.1706668_MW127_KO0415_INPUT_treat_pvalue.bdg'! 
INFO  @ Fri, 18 Sep 2020 05:56:08: Read and build treatment bedGraph... 
INFO  @ Fri, 18 Sep 2020 06:02:21: Read and build control bedGraph... 
INFO  @ Fri, 18 Sep 2020 06:03:30: Build scoreTrackII... 
INFO  @ Fri, 18 Sep 2020 06:05:17: Calculate scores comparing treatment and control by 'FE'... 
INFO  @ Fri, 18 Sep 2020 06:37:04: Write bedGraph of scores... 
INFO  @ Fri, 18 Sep 2020 06:50:11: Finished 'FE'! Please check '1706658_MW127_KONFIX_0415.vs.1706668_MW127_KO0415_INPUT_FE.bdg'! 
INFO  @ Fri, 18 Sep 2020 06:50:17: Read and build treatment bedGraph... 
INFO  @ Fri, 18 Sep 2020 06:56:33: Read and build control bedGraph... 
INFO  @ Fri, 18 Sep 2020 06:57:42: Build scoreTrackII... 
INFO  @ Fri, 18 Sep 2020 06:59:30: Calculate scores comparing treatment and control by 'logLR'... 
INFO  @ Fri, 18 Sep 2020 07:01:24: Write bedGraph of scores... 
INFO  @ Fri, 18 Sep 2020 07:13:58: Finished 'logLR'! Please check '1706658_MW127_KONFIX_0415.vs.1706668_MW127_KO0415_INPUT_logLR.bdg'! 
INFO  @ Fri, 18 Sep 2020 07:14:01: Read and build bedGraph... 
INFO  @ Fri, 18 Sep 2020 07:14:01: Call peaks from bedGraph... 
INFO  @ Fri, 18 Sep 2020 07:14:01: Write peaks... 
INFO  @ Fri, 18 Sep 2020 07:14:01: Done 
Traceback (most recent call last):
  File "/home/yli11/HemTools/bin/annot_gene_features.py", line 147, in <module>
    main()
  File "/home/yli11/HemTools/bin/annot_gene_features.py", line 111, in main
    get_annotation_data(args)
  File "/home/yli11/HemTools/bin/annot_gene_features.py", line 85, in get_annotation_data
    args.tss = myData['%s_gencode33_TSS'%(args.genome)]
KeyError: 'mm9_gencode33_TSS'
Traceback (most recent call last):
  File "/home/yli11/HemTools/bin/pie_plot.py", line 95, in <module>
    main()
  File "/home/yli11/HemTools/bin/pie_plot.py", line 74, in main
    args.sep = guess_sep(args.input)
  File "/home/yli11/HemTools/bin/pie_plot.py", line 35, in guess_sep
    with open(x) as f:
FileNotFoundError: [Errno 2] No such file or directory: '1706658_MW127_KONFIX_0415.vs.1706668_MW127_KO0415_INPUT_peaks.rmblck.narrowPeak.annot.tsv'
INFO  @ Fri, 18 Sep 2020 07:29:10: 
# Command line: callpeak -t 1706658_MW127_KONFIX_0415.rmdup.uq.rmchrM.bam -c 1706668_MW127_KO0415_INPUT.rmdup.uq.rmchrM.bam --keep-dup all -n 1706658_MW127_KONFIX_0415.vs.1706668_MW127_KO0415_INPUT.rmdup.uq.rmchrM -B -g mm
# ARGUMENTS LIST:
# name = 1706658_MW127_KONFIX_0415.vs.1706668_MW127_KO0415_INPUT.rmdup.uq.rmchrM
# format = AUTO
# ChIP-seq file = ['1706658_MW127_KONFIX_0415.rmdup.uq.rmchrM.bam']
# control file = ['1706668_MW127_KO0415_INPUT.rmdup.uq.rmchrM.bam']
# effective genome size = 1.87e+09
# band width = 300
# model fold = [5, 50]
# qvalue cutoff = 5.00e-02
# Larger dataset will be scaled towards smaller dataset.
# Range for calculating regional lambda is: 1000 bps and 10000 bps
# Broad region calling is off
# Paired-End mode is off
 
INFO  @ Fri, 18 Sep 2020 07:29:10: #1 read tag files... 
INFO  @ Fri, 18 Sep 2020 07:29:10: #1 read treatment tags... 
INFO  @ Fri, 18 Sep 2020 07:29:10: Detected format is: BAM 
INFO  @ Fri, 18 Sep 2020 07:29:10: * Input file is gzipped. 
INFO  @ Fri, 18 Sep 2020 07:29:15:  1000000 
INFO  @ Fri, 18 Sep 2020 07:29:19:  2000000 
INFO  @ Fri, 18 Sep 2020 07:29:24:  3000000 
INFO  @ Fri, 18 Sep 2020 07:29:28:  4000000 
INFO  @ Fri, 18 Sep 2020 07:29:33:  5000000 
INFO  @ Fri, 18 Sep 2020 07:29:37:  6000000 
INFO  @ Fri, 18 Sep 2020 07:29:42:  7000000 
INFO  @ Fri, 18 Sep 2020 07:29:46:  8000000 
INFO  @ Fri, 18 Sep 2020 07:29:51:  9000000 
INFO  @ Fri, 18 Sep 2020 07:29:55:  10000000 
INFO  @ Fri, 18 Sep 2020 07:30:00:  11000000 
INFO  @ Fri, 18 Sep 2020 07:30:04:  12000000 
INFO  @ Fri, 18 Sep 2020 07:30:09:  13000000 
INFO  @ Fri, 18 Sep 2020 07:30:13:  14000000 
INFO  @ Fri, 18 Sep 2020 07:30:18:  15000000 
INFO  @ Fri, 18 Sep 2020 07:30:22:  16000000 
INFO  @ Fri, 18 Sep 2020 07:30:27:  17000000 
INFO  @ Fri, 18 Sep 2020 07:30:31:  18000000 
INFO  @ Fri, 18 Sep 2020 07:30:36:  19000000 
INFO  @ Fri, 18 Sep 2020 07:30:40:  20000000 
INFO  @ Fri, 18 Sep 2020 07:30:45:  21000000 
INFO  @ Fri, 18 Sep 2020 07:30:49:  22000000 
INFO  @ Fri, 18 Sep 2020 07:30:54:  23000000 
INFO  @ Fri, 18 Sep 2020 07:30:58:  24000000 
INFO  @ Fri, 18 Sep 2020 07:31:03:  25000000 
INFO  @ Fri, 18 Sep 2020 07:31:08:  26000000 
INFO  @ Fri, 18 Sep 2020 07:31:12:  27000000 
INFO  @ Fri, 18 Sep 2020 07:31:17:  28000000 
INFO  @ Fri, 18 Sep 2020 07:31:21:  29000000 
INFO  @ Fri, 18 Sep 2020 07:31:26:  30000000 
INFO  @ Fri, 18 Sep 2020 07:31:30:  31000000 
INFO  @ Fri, 18 Sep 2020 07:31:35:  32000000 
INFO  @ Fri, 18 Sep 2020 07:31:39:  33000000 
INFO  @ Fri, 18 Sep 2020 07:31:44:  34000000 
INFO  @ Fri, 18 Sep 2020 07:31:48:  35000000 
INFO  @ Fri, 18 Sep 2020 07:31:53:  36000000 
INFO  @ Fri, 18 Sep 2020 07:31:57:  37000000 
INFO  @ Fri, 18 Sep 2020 07:32:02:  38000000 
INFO  @ Fri, 18 Sep 2020 07:32:07:  39000000 
INFO  @ Fri, 18 Sep 2020 07:32:11:  40000000 
INFO  @ Fri, 18 Sep 2020 07:32:16:  41000000 
INFO  @ Fri, 18 Sep 2020 07:32:20:  42000000 
INFO  @ Fri, 18 Sep 2020 07:32:25:  43000000 
INFO  @ Fri, 18 Sep 2020 07:32:29:  44000000 
INFO  @ Fri, 18 Sep 2020 07:32:33:  45000000 
INFO  @ Fri, 18 Sep 2020 07:32:38:  46000000 
INFO  @ Fri, 18 Sep 2020 07:32:42:  47000000 
INFO  @ Fri, 18 Sep 2020 07:32:47:  48000000 
INFO  @ Fri, 18 Sep 2020 07:32:51:  49000000 
INFO  @ Fri, 18 Sep 2020 07:32:56:  50000000 
INFO  @ Fri, 18 Sep 2020 07:33:00:  51000000 
INFO  @ Fri, 18 Sep 2020 07:33:05:  52000000 
INFO  @ Fri, 18 Sep 2020 07:33:09:  53000000 
INFO  @ Fri, 18 Sep 2020 07:33:14:  54000000 
INFO  @ Fri, 18 Sep 2020 07:33:18:  55000000 
INFO  @ Fri, 18 Sep 2020 07:33:23:  56000000 
INFO  @ Fri, 18 Sep 2020 07:33:27:  57000000 
INFO  @ Fri, 18 Sep 2020 07:33:32:  58000000 
INFO  @ Fri, 18 Sep 2020 07:33:36:  59000000 
INFO  @ Fri, 18 Sep 2020 07:33:41:  60000000 
INFO  @ Fri, 18 Sep 2020 07:33:45:  61000000 
INFO  @ Fri, 18 Sep 2020 07:33:50:  62000000 
INFO  @ Fri, 18 Sep 2020 07:33:54:  63000000 
INFO  @ Fri, 18 Sep 2020 07:33:59:  64000000 
INFO  @ Fri, 18 Sep 2020 07:34:03:  65000000 
INFO  @ Fri, 18 Sep 2020 07:34:08:  66000000 
INFO  @ Fri, 18 Sep 2020 07:34:12:  67000000 
INFO  @ Fri, 18 Sep 2020 07:34:17:  68000000 
INFO  @ Fri, 18 Sep 2020 07:34:21:  69000000 
INFO  @ Fri, 18 Sep 2020 07:34:26:  70000000 
INFO  @ Fri, 18 Sep 2020 07:34:30:  71000000 
INFO  @ Fri, 18 Sep 2020 07:34:35:  72000000 
INFO  @ Fri, 18 Sep 2020 07:34:39:  73000000 
INFO  @ Fri, 18 Sep 2020 07:34:44:  74000000 
INFO  @ Fri, 18 Sep 2020 07:34:48:  75000000 
INFO  @ Fri, 18 Sep 2020 07:34:53:  76000000 
INFO  @ Fri, 18 Sep 2020 07:34:58:  77000000 
INFO  @ Fri, 18 Sep 2020 07:35:02:  78000000 
INFO  @ Fri, 18 Sep 2020 07:35:07:  79000000 
INFO  @ Fri, 18 Sep 2020 07:35:11:  80000000 
INFO  @ Fri, 18 Sep 2020 07:35:16:  81000000 
INFO  @ Fri, 18 Sep 2020 07:35:20:  82000000 
INFO  @ Fri, 18 Sep 2020 07:35:25:  83000000 
INFO  @ Fri, 18 Sep 2020 07:35:29:  84000000 
INFO  @ Fri, 18 Sep 2020 07:35:34:  85000000 
INFO  @ Fri, 18 Sep 2020 07:35:38:  86000000 
INFO  @ Fri, 18 Sep 2020 07:35:43:  87000000 
INFO  @ Fri, 18 Sep 2020 07:35:47:  88000000 
INFO  @ Fri, 18 Sep 2020 07:35:52:  89000000 
INFO  @ Fri, 18 Sep 2020 07:35:56:  90000000 
INFO  @ Fri, 18 Sep 2020 07:36:01:  91000000 
INFO  @ Fri, 18 Sep 2020 07:36:05:  92000000 
INFO  @ Fri, 18 Sep 2020 07:36:10:  93000000 
INFO  @ Fri, 18 Sep 2020 07:36:14:  94000000 
INFO  @ Fri, 18 Sep 2020 07:36:19:  95000000 
INFO  @ Fri, 18 Sep 2020 07:36:23:  96000000 
INFO  @ Fri, 18 Sep 2020 07:36:28:  97000000 
INFO  @ Fri, 18 Sep 2020 07:36:32:  98000000 
INFO  @ Fri, 18 Sep 2020 07:36:37:  99000000 
INFO  @ Fri, 18 Sep 2020 07:36:42:  100000000 
INFO  @ Fri, 18 Sep 2020 07:36:46:  101000000 
INFO  @ Fri, 18 Sep 2020 07:36:51:  102000000 
INFO  @ Fri, 18 Sep 2020 07:36:55:  103000000 
INFO  @ Fri, 18 Sep 2020 07:37:00:  104000000 
INFO  @ Fri, 18 Sep 2020 07:37:04:  105000000 
INFO  @ Fri, 18 Sep 2020 07:37:09:  106000000 
INFO  @ Fri, 18 Sep 2020 07:37:13:  107000000 
INFO  @ Fri, 18 Sep 2020 07:37:18:  108000000 
INFO  @ Fri, 18 Sep 2020 07:37:22:  109000000 
INFO  @ Fri, 18 Sep 2020 07:37:27:  110000000 
INFO  @ Fri, 18 Sep 2020 07:37:31:  111000000 
INFO  @ Fri, 18 Sep 2020 07:37:36:  112000000 
INFO  @ Fri, 18 Sep 2020 07:37:40:  113000000 
INFO  @ Fri, 18 Sep 2020 07:37:44:  114000000 
INFO  @ Fri, 18 Sep 2020 07:37:49:  115000000 
INFO  @ Fri, 18 Sep 2020 07:37:53:  116000000 
INFO  @ Fri, 18 Sep 2020 07:37:58:  117000000 
INFO  @ Fri, 18 Sep 2020 07:38:02:  118000000 
INFO  @ Fri, 18 Sep 2020 07:38:07:  119000000 
INFO  @ Fri, 18 Sep 2020 07:38:12:  120000000 
INFO  @ Fri, 18 Sep 2020 07:38:16: #1.2 read input tags... 
INFO  @ Fri, 18 Sep 2020 07:38:16: Detected format is: BAM 
INFO  @ Fri, 18 Sep 2020 07:38:16: * Input file is gzipped. 
INFO  @ Fri, 18 Sep 2020 07:38:20:  1000000 
INFO  @ Fri, 18 Sep 2020 07:38:25:  2000000 
INFO  @ Fri, 18 Sep 2020 07:38:30:  3000000 
INFO  @ Fri, 18 Sep 2020 07:38:34:  4000000 
INFO  @ Fri, 18 Sep 2020 07:38:39:  5000000 
INFO  @ Fri, 18 Sep 2020 07:38:43:  6000000 
INFO  @ Fri, 18 Sep 2020 07:38:48:  7000000 
INFO  @ Fri, 18 Sep 2020 07:38:53:  8000000 
INFO  @ Fri, 18 Sep 2020 07:38:57:  9000000 
INFO  @ Fri, 18 Sep 2020 07:39:02:  10000000 
INFO  @ Fri, 18 Sep 2020 07:39:07:  11000000 
INFO  @ Fri, 18 Sep 2020 07:39:11:  12000000 
INFO  @ Fri, 18 Sep 2020 07:39:16:  13000000 
INFO  @ Fri, 18 Sep 2020 07:39:20:  14000000 
INFO  @ Fri, 18 Sep 2020 07:39:25:  15000000 
INFO  @ Fri, 18 Sep 2020 07:39:30:  16000000 
INFO  @ Fri, 18 Sep 2020 07:39:34:  17000000 
INFO  @ Fri, 18 Sep 2020 07:39:39:  18000000 
INFO  @ Fri, 18 Sep 2020 07:39:44:  19000000 
INFO  @ Fri, 18 Sep 2020 07:39:48:  20000000 
INFO  @ Fri, 18 Sep 2020 07:39:52: #1 tag size is determined as 51 bps 
INFO  @ Fri, 18 Sep 2020 07:39:52: #1 tag size = 51 
INFO  @ Fri, 18 Sep 2020 07:39:52: #1  total tags in treatment: 120636097 
INFO  @ Fri, 18 Sep 2020 07:39:52: #1  total tags in control: 20668798 
INFO  @ Fri, 18 Sep 2020 07:39:52: #1 finished! 
INFO  @ Fri, 18 Sep 2020 07:39:52: #2 Build Peak Model... 
INFO  @ Fri, 18 Sep 2020 07:39:52: #2 looking for paired plus/minus strand peaks... 
INFO  @ Fri, 18 Sep 2020 07:40:01: #2 number of paired peaks: 317 
WARNING @ Fri, 18 Sep 2020 07:40:01: Fewer paired peaks (317) than 1000! Model may not be build well! Lower your MFOLD parameter may erase this warning. Now I will use 317 pairs to build model! 
INFO  @ Fri, 18 Sep 2020 07:40:01: start model_add_line... 
INFO  @ Fri, 18 Sep 2020 07:40:02: start X-correlation... 
INFO  @ Fri, 18 Sep 2020 07:40:02: end of X-cor 
INFO  @ Fri, 18 Sep 2020 07:40:02: #2 finished! 
INFO  @ Fri, 18 Sep 2020 07:40:02: #2 predicted fragment length is 143 bps 
INFO  @ Fri, 18 Sep 2020 07:40:02: #2 alternative fragment length(s) may be 4,130,143 bps 
INFO  @ Fri, 18 Sep 2020 07:40:02: #2.2 Generate R script for model : 1706658_MW127_KONFIX_0415.vs.1706668_MW127_KO0415_INPUT.rmdup.uq.rmchrM_model.r 
INFO  @ Fri, 18 Sep 2020 07:40:02: #3 Call peaks... 
INFO  @ Fri, 18 Sep 2020 07:40:03: #3 Pre-compute pvalue-qvalue table... 
INFO  @ Fri, 18 Sep 2020 07:43:15: #3 In the peak calling step, the following will be performed simultaneously: 
INFO  @ Fri, 18 Sep 2020 07:43:15: #3   Write bedGraph files for treatment pileup (after scaling if necessary)... 1706658_MW127_KONFIX_0415.vs.1706668_MW127_KO0415_INPUT.rmdup.uq.rmchrM_treat_pileup.bdg 
INFO  @ Fri, 18 Sep 2020 07:43:15: #3   Write bedGraph files for control lambda (after scaling if necessary)... 1706658_MW127_KONFIX_0415.vs.1706668_MW127_KO0415_INPUT.rmdup.uq.rmchrM_control_lambda.bdg 
INFO  @ Fri, 18 Sep 2020 07:43:15: #3   Pileup will be based on sequencing depth in control. 
INFO  @ Fri, 18 Sep 2020 07:43:15: #3 Call peaks for each chromosome... 
INFO  @ Fri, 18 Sep 2020 07:57:19: #4 Write output xls file... 1706658_MW127_KONFIX_0415.vs.1706668_MW127_KO0415_INPUT.rmdup.uq.rmchrM_peaks.xls 
INFO  @ Fri, 18 Sep 2020 07:57:19: #4 Write peak in narrowPeak format file... 1706658_MW127_KONFIX_0415.vs.1706668_MW127_KO0415_INPUT.rmdup.uq.rmchrM_peaks.narrowPeak 
INFO  @ Fri, 18 Sep 2020 07:57:19: #4 Write summits bed file... 1706658_MW127_KONFIX_0415.vs.1706668_MW127_KO0415_INPUT.rmdup.uq.rmchrM_summits.bed 
INFO  @ Fri, 18 Sep 2020 07:57:19: Done! 
INFO  @ Fri, 18 Sep 2020 07:57:22: Read and build treatment bedGraph... 
INFO  @ Fri, 18 Sep 2020 08:02:43: Read and build control bedGraph... 
INFO  @ Fri, 18 Sep 2020 08:03:32: Build scoreTrackII... 
INFO  @ Fri, 18 Sep 2020 08:05:02: Calculate scores comparing treatment and control by 'qpois'... 
INFO  @ Fri, 18 Sep 2020 08:07:10: Write bedGraph of scores... 
INFO  @ Fri, 18 Sep 2020 08:07:42: Finished 'qpois'! Please check '1706658_MW127_KONFIX_0415.vs.1706668_MW127_KO0415_INPUT.rmdup.uq.rmchrM_treat_pvalue.bdg'! 
INFO  @ Fri, 18 Sep 2020 08:07:45: Read and build treatment bedGraph... 
INFO  @ Fri, 18 Sep 2020 08:13:05: Read and build control bedGraph... 
INFO  @ Fri, 18 Sep 2020 08:13:53: Build scoreTrackII... 
INFO  @ Fri, 18 Sep 2020 08:15:21: Calculate scores comparing treatment and control by 'FE'... 
INFO  @ Fri, 18 Sep 2020 08:41:13: Write bedGraph of scores... 
INFO  @ Fri, 18 Sep 2020 08:52:13: Finished 'FE'! Please check '1706658_MW127_KONFIX_0415.vs.1706668_MW127_KO0415_INPUT.rmdup.uq.rmchrM_FE.bdg'! 
INFO  @ Fri, 18 Sep 2020 08:52:20: Read and build treatment bedGraph... 
INFO  @ Fri, 18 Sep 2020 08:57:45: Read and build control bedGraph... 
INFO  @ Fri, 18 Sep 2020 08:58:34: Build scoreTrackII... 
INFO  @ Fri, 18 Sep 2020 09:00:03: Calculate scores comparing treatment and control by 'logLR'... 
INFO  @ Fri, 18 Sep 2020 09:01:38: Write bedGraph of scores... 
INFO  @ Fri, 18 Sep 2020 09:35:20: Finished 'logLR'! Please check '1706658_MW127_KONFIX_0415.vs.1706668_MW127_KO0415_INPUT.rmdup.uq.rmchrM_logLR.bdg'! 
INFO  @ Fri, 18 Sep 2020 09:36:04: Read and build bedGraph... 
INFO  @ Fri, 18 Sep 2020 09:36:11: Call peaks from bedGraph... 
INFO  @ Fri, 18 Sep 2020 09:36:11: Write peaks... 
INFO  @ Fri, 18 Sep 2020 09:36:11: Done 
Traceback (most recent call last):
  File "/home/yli11/HemTools/bin/annot_gene_features.py", line 147, in <module>
    main()
  File "/home/yli11/HemTools/bin/annot_gene_features.py", line 111, in main
    get_annotation_data(args)
  File "/home/yli11/HemTools/bin/annot_gene_features.py", line 85, in get_annotation_data
    args.tss = myData['%s_gencode33_TSS'%(args.genome)]
KeyError: 'mm9_gencode33_TSS'
Traceback (most recent call last):
  File "/home/yli11/HemTools/bin/pie_plot.py", line 95, in <module>
    main()
  File "/home/yli11/HemTools/bin/pie_plot.py", line 74, in main
    args.sep = guess_sep(args.input)
  File "/home/yli11/HemTools/bin/pie_plot.py", line 35, in guess_sep
    with open(x) as f:
FileNotFoundError: [Errno 2] No such file or directory: '1706658_MW127_KONFIX_0415.vs.1706668_MW127_KO0415_INPUT.rmdup.uq.rmchrM_peaks.rmblck.narrowPeak.annot.tsv'
INFO  @ Fri, 18 Sep 2020 09:58:27: 
# Command line: callpeak -t 1706658_MW127_KONFIX_0415.rmdup.bam -c 1706668_MW127_KO0415_INPUT.rmdup.bam --keep-dup all -n 1706658_MW127_KONFIX_0415.vs.1706668_MW127_KO0415_INPUT.rmdup -B -g mm
# ARGUMENTS LIST:
# name = 1706658_MW127_KONFIX_0415.vs.1706668_MW127_KO0415_INPUT.rmdup
# format = AUTO
# ChIP-seq file = ['1706658_MW127_KONFIX_0415.rmdup.bam']
# control file = ['1706668_MW127_KO0415_INPUT.rmdup.bam']
# effective genome size = 1.87e+09
# band width = 300
# model fold = [5, 50]
# qvalue cutoff = 5.00e-02
# Larger dataset will be scaled towards smaller dataset.
# Range for calculating regional lambda is: 1000 bps and 10000 bps
# Broad region calling is off
# Paired-End mode is off
 
INFO  @ Fri, 18 Sep 2020 09:58:27: #1 read tag files... 
INFO  @ Fri, 18 Sep 2020 09:58:27: #1 read treatment tags... 
INFO  @ Fri, 18 Sep 2020 09:58:27: Detected format is: BAM 
INFO  @ Fri, 18 Sep 2020 09:58:27: * Input file is gzipped. 
INFO  @ Fri, 18 Sep 2020 09:58:31:  1000000 
INFO  @ Fri, 18 Sep 2020 09:58:36:  2000000 
INFO  @ Fri, 18 Sep 2020 09:58:41:  3000000 
INFO  @ Fri, 18 Sep 2020 09:58:46:  4000000 
INFO  @ Fri, 18 Sep 2020 09:58:51:  5000000 
INFO  @ Fri, 18 Sep 2020 09:58:56:  6000000 
INFO  @ Fri, 18 Sep 2020 09:59:00:  7000000 
INFO  @ Fri, 18 Sep 2020 09:59:05:  8000000 
INFO  @ Fri, 18 Sep 2020 09:59:09:  9000000 
INFO  @ Fri, 18 Sep 2020 09:59:14:  10000000 
INFO  @ Fri, 18 Sep 2020 09:59:18:  11000000 
INFO  @ Fri, 18 Sep 2020 09:59:23:  12000000 
INFO  @ Fri, 18 Sep 2020 09:59:27:  13000000 
INFO  @ Fri, 18 Sep 2020 09:59:32:  14000000 
INFO  @ Fri, 18 Sep 2020 09:59:36:  15000000 
INFO  @ Fri, 18 Sep 2020 09:59:41:  16000000 
INFO  @ Fri, 18 Sep 2020 09:59:46:  17000000 
INFO  @ Fri, 18 Sep 2020 09:59:50:  18000000 
INFO  @ Fri, 18 Sep 2020 09:59:55:  19000000 
INFO  @ Fri, 18 Sep 2020 09:59:59:  20000000 
INFO  @ Fri, 18 Sep 2020 10:00:04:  21000000 
INFO  @ Fri, 18 Sep 2020 10:00:08:  22000000 
INFO  @ Fri, 18 Sep 2020 10:00:13:  23000000 
INFO  @ Fri, 18 Sep 2020 10:00:17:  24000000 
INFO  @ Fri, 18 Sep 2020 10:00:22:  25000000 
INFO  @ Fri, 18 Sep 2020 10:00:27:  26000000 
INFO  @ Fri, 18 Sep 2020 10:00:32:  27000000 
INFO  @ Fri, 18 Sep 2020 10:00:36:  28000000 
INFO  @ Fri, 18 Sep 2020 10:00:41:  29000000 
INFO  @ Fri, 18 Sep 2020 10:00:45:  30000000 
INFO  @ Fri, 18 Sep 2020 10:00:50:  31000000 
INFO  @ Fri, 18 Sep 2020 10:00:54:  32000000 
INFO  @ Fri, 18 Sep 2020 10:00:59:  33000000 
INFO  @ Fri, 18 Sep 2020 10:01:03:  34000000 
INFO  @ Fri, 18 Sep 2020 10:01:08:  35000000 
INFO  @ Fri, 18 Sep 2020 10:01:12:  36000000 
INFO  @ Fri, 18 Sep 2020 10:01:17:  37000000 
INFO  @ Fri, 18 Sep 2020 10:01:22:  38000000 
INFO  @ Fri, 18 Sep 2020 10:01:26:  39000000 
INFO  @ Fri, 18 Sep 2020 10:01:31:  40000000 
INFO  @ Fri, 18 Sep 2020 10:01:35:  41000000 
INFO  @ Fri, 18 Sep 2020 10:01:40:  42000000 
INFO  @ Fri, 18 Sep 2020 10:01:44:  43000000 
INFO  @ Fri, 18 Sep 2020 10:01:49:  44000000 
INFO  @ Fri, 18 Sep 2020 10:01:54:  45000000 
INFO  @ Fri, 18 Sep 2020 10:01:59:  46000000 
INFO  @ Fri, 18 Sep 2020 10:02:03:  47000000 
INFO  @ Fri, 18 Sep 2020 10:02:08:  48000000 
INFO  @ Fri, 18 Sep 2020 10:02:12:  49000000 
INFO  @ Fri, 18 Sep 2020 10:02:17:  50000000 
INFO  @ Fri, 18 Sep 2020 10:02:22:  51000000 
INFO  @ Fri, 18 Sep 2020 10:02:26:  52000000 
INFO  @ Fri, 18 Sep 2020 10:02:31:  53000000 
INFO  @ Fri, 18 Sep 2020 10:02:36:  54000000 
INFO  @ Fri, 18 Sep 2020 10:02:41:  55000000 
INFO  @ Fri, 18 Sep 2020 10:02:45:  56000000 
INFO  @ Fri, 18 Sep 2020 10:02:50:  57000000 
INFO  @ Fri, 18 Sep 2020 10:02:55:  58000000 
INFO  @ Fri, 18 Sep 2020 10:02:59:  59000000 
INFO  @ Fri, 18 Sep 2020 10:03:04:  60000000 
INFO  @ Fri, 18 Sep 2020 10:03:08:  61000000 
INFO  @ Fri, 18 Sep 2020 10:03:13:  62000000 
INFO  @ Fri, 18 Sep 2020 10:03:18:  63000000 
INFO  @ Fri, 18 Sep 2020 10:03:22:  64000000 
INFO  @ Fri, 18 Sep 2020 10:03:27:  65000000 
INFO  @ Fri, 18 Sep 2020 10:03:32:  66000000 
INFO  @ Fri, 18 Sep 2020 10:03:36:  67000000 
INFO  @ Fri, 18 Sep 2020 10:03:41:  68000000 
INFO  @ Fri, 18 Sep 2020 10:03:45:  69000000 
INFO  @ Fri, 18 Sep 2020 10:03:50:  70000000 
INFO  @ Fri, 18 Sep 2020 10:03:55:  71000000 
INFO  @ Fri, 18 Sep 2020 10:03:59:  72000000 
INFO  @ Fri, 18 Sep 2020 10:04:04:  73000000 
INFO  @ Fri, 18 Sep 2020 10:04:09:  74000000 
INFO  @ Fri, 18 Sep 2020 10:04:13:  75000000 
INFO  @ Fri, 18 Sep 2020 10:04:18:  76000000 
INFO  @ Fri, 18 Sep 2020 10:04:23:  77000000 
INFO  @ Fri, 18 Sep 2020 10:04:27:  78000000 
INFO  @ Fri, 18 Sep 2020 10:04:32:  79000000 
INFO  @ Fri, 18 Sep 2020 10:04:36:  80000000 
INFO  @ Fri, 18 Sep 2020 10:04:41:  81000000 
INFO  @ Fri, 18 Sep 2020 10:04:46:  82000000 
INFO  @ Fri, 18 Sep 2020 10:04:51:  83000000 
INFO  @ Fri, 18 Sep 2020 10:04:55:  84000000 
INFO  @ Fri, 18 Sep 2020 10:05:00:  85000000 
INFO  @ Fri, 18 Sep 2020 10:05:04:  86000000 
INFO  @ Fri, 18 Sep 2020 10:05:09:  87000000 
INFO  @ Fri, 18 Sep 2020 10:05:14:  88000000 
INFO  @ Fri, 18 Sep 2020 10:05:19:  89000000 
INFO  @ Fri, 18 Sep 2020 10:05:24:  90000000 
INFO  @ Fri, 18 Sep 2020 10:05:28:  91000000 
INFO  @ Fri, 18 Sep 2020 10:05:33:  92000000 
INFO  @ Fri, 18 Sep 2020 10:05:38:  93000000 
INFO  @ Fri, 18 Sep 2020 10:05:42:  94000000 
INFO  @ Fri, 18 Sep 2020 10:05:47:  95000000 
INFO  @ Fri, 18 Sep 2020 10:05:51:  96000000 
INFO  @ Fri, 18 Sep 2020 10:05:56:  97000000 
INFO  @ Fri, 18 Sep 2020 10:06:01:  98000000 
INFO  @ Fri, 18 Sep 2020 10:06:06:  99000000 
INFO  @ Fri, 18 Sep 2020 10:06:10:  100000000 
INFO  @ Fri, 18 Sep 2020 10:06:15:  101000000 
INFO  @ Fri, 18 Sep 2020 10:06:19:  102000000 
INFO  @ Fri, 18 Sep 2020 10:06:24:  103000000 
INFO  @ Fri, 18 Sep 2020 10:06:29:  104000000 
INFO  @ Fri, 18 Sep 2020 10:06:34:  105000000 
INFO  @ Fri, 18 Sep 2020 10:06:38:  106000000 
INFO  @ Fri, 18 Sep 2020 10:06:43:  107000000 
INFO  @ Fri, 18 Sep 2020 10:06:47:  108000000 
INFO  @ Fri, 18 Sep 2020 10:06:52:  109000000 
INFO  @ Fri, 18 Sep 2020 10:06:57:  110000000 
INFO  @ Fri, 18 Sep 2020 10:07:02:  111000000 
INFO  @ Fri, 18 Sep 2020 10:07:07:  112000000 
INFO  @ Fri, 18 Sep 2020 10:07:12:  113000000 
INFO  @ Fri, 18 Sep 2020 10:07:16:  114000000 
INFO  @ Fri, 18 Sep 2020 10:07:21:  115000000 
INFO  @ Fri, 18 Sep 2020 10:07:26:  116000000 
INFO  @ Fri, 18 Sep 2020 10:07:31:  117000000 
INFO  @ Fri, 18 Sep 2020 10:07:35:  118000000 
INFO  @ Fri, 18 Sep 2020 10:07:40:  119000000 
INFO  @ Fri, 18 Sep 2020 10:07:45:  120000000 
INFO  @ Fri, 18 Sep 2020 10:07:50:  121000000 
INFO  @ Fri, 18 Sep 2020 10:07:55:  122000000 
INFO  @ Fri, 18 Sep 2020 10:07:59:  123000000 
INFO  @ Fri, 18 Sep 2020 10:08:04:  124000000 
INFO  @ Fri, 18 Sep 2020 10:08:09:  125000000 
INFO  @ Fri, 18 Sep 2020 10:08:14:  126000000 
INFO  @ Fri, 18 Sep 2020 10:08:18:  127000000 
INFO  @ Fri, 18 Sep 2020 10:08:23:  128000000 
INFO  @ Fri, 18 Sep 2020 10:08:28:  129000000 
INFO  @ Fri, 18 Sep 2020 10:08:32:  130000000 
INFO  @ Fri, 18 Sep 2020 10:08:37:  131000000 
INFO  @ Fri, 18 Sep 2020 10:08:42:  132000000 
INFO  @ Fri, 18 Sep 2020 10:08:46:  133000000 
INFO  @ Fri, 18 Sep 2020 10:08:51:  134000000 
INFO  @ Fri, 18 Sep 2020 10:08:56:  135000000 
INFO  @ Fri, 18 Sep 2020 10:09:01:  136000000 
INFO  @ Fri, 18 Sep 2020 10:09:06:  137000000 
INFO  @ Fri, 18 Sep 2020 10:09:12:  138000000 
INFO  @ Fri, 18 Sep 2020 10:09:17:  139000000 
INFO  @ Fri, 18 Sep 2020 10:09:23:  140000000 
INFO  @ Fri, 18 Sep 2020 10:09:27:  141000000 
INFO  @ Fri, 18 Sep 2020 10:09:30:  142000000 
INFO  @ Fri, 18 Sep 2020 10:09:33:  143000000 
INFO  @ Fri, 18 Sep 2020 10:09:36:  144000000 
INFO  @ Fri, 18 Sep 2020 10:09:39:  145000000 
INFO  @ Fri, 18 Sep 2020 10:09:42:  146000000 
INFO  @ Fri, 18 Sep 2020 10:09:45: #1.2 read input tags... 
INFO  @ Fri, 18 Sep 2020 10:09:45: Detected format is: BAM 
INFO  @ Fri, 18 Sep 2020 10:09:45: * Input file is gzipped. 
INFO  @ Fri, 18 Sep 2020 10:09:50:  1000000 
INFO  @ Fri, 18 Sep 2020 10:09:55:  2000000 
INFO  @ Fri, 18 Sep 2020 10:10:01:  3000000 
INFO  @ Fri, 18 Sep 2020 10:10:06:  4000000 
INFO  @ Fri, 18 Sep 2020 10:10:11:  5000000 
INFO  @ Fri, 18 Sep 2020 10:10:15:  6000000 
INFO  @ Fri, 18 Sep 2020 10:10:20:  7000000 
INFO  @ Fri, 18 Sep 2020 10:10:25:  8000000 
INFO  @ Fri, 18 Sep 2020 10:10:30:  9000000 
INFO  @ Fri, 18 Sep 2020 10:10:35:  10000000 
INFO  @ Fri, 18 Sep 2020 10:10:40:  11000000 
INFO  @ Fri, 18 Sep 2020 10:10:45:  12000000 
INFO  @ Fri, 18 Sep 2020 10:10:50:  13000000 
INFO  @ Fri, 18 Sep 2020 10:10:55:  14000000 
INFO  @ Fri, 18 Sep 2020 10:10:59:  15000000 
INFO  @ Fri, 18 Sep 2020 10:11:04:  16000000 
INFO  @ Fri, 18 Sep 2020 10:11:09:  17000000 
INFO  @ Fri, 18 Sep 2020 10:11:14:  18000000 
INFO  @ Fri, 18 Sep 2020 10:11:19:  19000000 
INFO  @ Fri, 18 Sep 2020 10:11:24:  20000000 
INFO  @ Fri, 18 Sep 2020 10:11:29:  21000000 
INFO  @ Fri, 18 Sep 2020 10:11:34:  22000000 
INFO  @ Fri, 18 Sep 2020 10:11:39:  23000000 
INFO  @ Fri, 18 Sep 2020 10:11:44:  24000000 
INFO  @ Fri, 18 Sep 2020 10:11:44: #1 tag size is determined as 51 bps 
INFO  @ Fri, 18 Sep 2020 10:11:44: #1 tag size = 51 
INFO  @ Fri, 18 Sep 2020 10:11:44: #1  total tags in treatment: 140582014 
INFO  @ Fri, 18 Sep 2020 10:11:44: #1  total tags in control: 23832707 
INFO  @ Fri, 18 Sep 2020 10:11:44: #1 finished! 
INFO  @ Fri, 18 Sep 2020 10:11:44: #2 Build Peak Model... 
INFO  @ Fri, 18 Sep 2020 10:11:44: #2 looking for paired plus/minus strand peaks... 
INFO  @ Fri, 18 Sep 2020 10:11:56: #2 number of paired peaks: 1177 
INFO  @ Fri, 18 Sep 2020 10:11:56: start model_add_line... 
INFO  @ Fri, 18 Sep 2020 10:11:57: start X-correlation... 
INFO  @ Fri, 18 Sep 2020 10:11:57: end of X-cor 
INFO  @ Fri, 18 Sep 2020 10:11:57: #2 finished! 
INFO  @ Fri, 18 Sep 2020 10:11:57: #2 predicted fragment length is 48 bps 
INFO  @ Fri, 18 Sep 2020 10:11:57: #2 alternative fragment length(s) may be 3,48 bps 
INFO  @ Fri, 18 Sep 2020 10:11:57: #2.2 Generate R script for model : 1706658_MW127_KONFIX_0415.vs.1706668_MW127_KO0415_INPUT.rmdup_model.r 
WARNING @ Fri, 18 Sep 2020 10:11:57: #2 Since the d (48) calculated from paired-peaks are smaller than 2*tag length, it may be influenced by unknown sequencing problem! 
WARNING @ Fri, 18 Sep 2020 10:11:57: #2 You may need to consider one of the other alternative d(s): 3,48 
WARNING @ Fri, 18 Sep 2020 10:11:57: #2 You can restart the process with --nomodel --extsize XXX with your choice or an arbitrary number. Nontheless, MACS will continute computing. 
INFO  @ Fri, 18 Sep 2020 10:11:57: #3 Call peaks... 
INFO  @ Fri, 18 Sep 2020 10:11:58: #3 Pre-compute pvalue-qvalue table... 
INFO  @ Fri, 18 Sep 2020 10:15:44: #3 In the peak calling step, the following will be performed simultaneously: 
INFO  @ Fri, 18 Sep 2020 10:15:44: #3   Write bedGraph files for treatment pileup (after scaling if necessary)... 1706658_MW127_KONFIX_0415.vs.1706668_MW127_KO0415_INPUT.rmdup_treat_pileup.bdg 
INFO  @ Fri, 18 Sep 2020 10:15:44: #3   Write bedGraph files for control lambda (after scaling if necessary)... 1706658_MW127_KONFIX_0415.vs.1706668_MW127_KO0415_INPUT.rmdup_control_lambda.bdg 
INFO  @ Fri, 18 Sep 2020 10:15:44: #3   Pileup will be based on sequencing depth in control. 
INFO  @ Fri, 18 Sep 2020 10:15:44: #3 Call peaks for each chromosome... 
INFO  @ Fri, 18 Sep 2020 10:33:42: #4 Write output xls file... 1706658_MW127_KONFIX_0415.vs.1706668_MW127_KO0415_INPUT.rmdup_peaks.xls 
INFO  @ Fri, 18 Sep 2020 10:33:42: #4 Write peak in narrowPeak format file... 1706658_MW127_KONFIX_0415.vs.1706668_MW127_KO0415_INPUT.rmdup_peaks.narrowPeak 
INFO  @ Fri, 18 Sep 2020 10:33:42: #4 Write summits bed file... 1706658_MW127_KONFIX_0415.vs.1706668_MW127_KO0415_INPUT.rmdup_summits.bed 
INFO  @ Fri, 18 Sep 2020 10:33:42: Done! 
INFO  @ Fri, 18 Sep 2020 10:33:47: Read and build treatment bedGraph... 
INFO  @ Fri, 18 Sep 2020 10:40:00: Read and build control bedGraph... 
INFO  @ Fri, 18 Sep 2020 10:41:15: Build scoreTrackII... 
INFO  @ Fri, 18 Sep 2020 10:43:03: Calculate scores comparing treatment and control by 'qpois'... 
INFO  @ Fri, 18 Sep 2020 10:45:43: Write bedGraph of scores... 
INFO  @ Fri, 18 Sep 2020 10:46:22: Finished 'qpois'! Please check '1706658_MW127_KONFIX_0415.vs.1706668_MW127_KO0415_INPUT.rmdup_treat_pvalue.bdg'! 
INFO  @ Fri, 18 Sep 2020 10:46:28: Read and build treatment bedGraph... 
INFO  @ Fri, 18 Sep 2020 10:52:40: Read and build control bedGraph... 
INFO  @ Fri, 18 Sep 2020 10:53:54: Build scoreTrackII... 
INFO  @ Fri, 18 Sep 2020 10:55:41: Calculate scores comparing treatment and control by 'FE'... 
INFO  @ Fri, 18 Sep 2020 11:27:18: Write bedGraph of scores... 
INFO  @ Fri, 18 Sep 2020 11:40:04: Finished 'FE'! Please check '1706658_MW127_KONFIX_0415.vs.1706668_MW127_KO0415_INPUT.rmdup_FE.bdg'! 
INFO  @ Fri, 18 Sep 2020 11:40:11: Read and build treatment bedGraph... 
INFO  @ Fri, 18 Sep 2020 11:46:23: Read and build control bedGraph... 
INFO  @ Fri, 18 Sep 2020 11:47:38: Build scoreTrackII... 
INFO  @ Fri, 18 Sep 2020 11:49:27: Calculate scores comparing treatment and control by 'logLR'... 
INFO  @ Fri, 18 Sep 2020 11:51:20: Write bedGraph of scores... 
INFO  @ Fri, 18 Sep 2020 12:04:10: Finished 'logLR'! Please check '1706658_MW127_KONFIX_0415.vs.1706668_MW127_KO0415_INPUT.rmdup_logLR.bdg'! 
INFO  @ Fri, 18 Sep 2020 12:04:14: Read and build bedGraph... 
INFO  @ Fri, 18 Sep 2020 12:04:14: Call peaks from bedGraph... 
INFO  @ Fri, 18 Sep 2020 12:04:14: Write peaks... 
INFO  @ Fri, 18 Sep 2020 12:04:14: Done 
Traceback (most recent call last):
  File "/home/yli11/HemTools/bin/annot_gene_features.py", line 147, in <module>
    main()
  File "/home/yli11/HemTools/bin/annot_gene_features.py", line 111, in main
    get_annotation_data(args)
  File "/home/yli11/HemTools/bin/annot_gene_features.py", line 85, in get_annotation_data
    args.tss = myData['%s_gencode33_TSS'%(args.genome)]
KeyError: 'mm9_gencode33_TSS'
Traceback (most recent call last):
  File "/home/yli11/HemTools/bin/pie_plot.py", line 95, in <module>
    main()
  File "/home/yli11/HemTools/bin/pie_plot.py", line 74, in main
    args.sep = guess_sep(args.input)
  File "/home/yli11/HemTools/bin/pie_plot.py", line 35, in guess_sep
    with open(x) as f:
FileNotFoundError: [Errno 2] No such file or directory: '1706658_MW127_KONFIX_0415.vs.1706668_MW127_KO0415_INPUT.rmdup_peaks.rmblck.narrowPeak.annot.tsv'
INFO  @ Fri, 18 Sep 2020 12:19:52: 
# Command line: callpeak -t 1706658_MW127_KONFIX_0415.markdup.uq.bam -c 1706668_MW127_KO0415_INPUT.markdup.uq.bam --keep-dup all -n 1706658_MW127_KONFIX_0415.vs.1706668_MW127_KO0415_INPUT.markdup.uq -B -g mm
# ARGUMENTS LIST:
# name = 1706658_MW127_KONFIX_0415.vs.1706668_MW127_KO0415_INPUT.markdup.uq
# format = AUTO
# ChIP-seq file = ['1706658_MW127_KONFIX_0415.markdup.uq.bam']
# control file = ['1706668_MW127_KO0415_INPUT.markdup.uq.bam']
# effective genome size = 1.87e+09
# band width = 300
# model fold = [5, 50]
# qvalue cutoff = 5.00e-02
# Larger dataset will be scaled towards smaller dataset.
# Range for calculating regional lambda is: 1000 bps and 10000 bps
# Broad region calling is off
# Paired-End mode is off
 
INFO  @ Fri, 18 Sep 2020 12:19:52: #1 read tag files... 
INFO  @ Fri, 18 Sep 2020 12:19:52: #1 read treatment tags... 
INFO  @ Fri, 18 Sep 2020 12:19:52: Detected format is: BAM 
INFO  @ Fri, 18 Sep 2020 12:19:52: * Input file is gzipped. 
INFO  @ Fri, 18 Sep 2020 12:19:57:  1000000 
INFO  @ Fri, 18 Sep 2020 12:20:01:  2000000 
INFO  @ Fri, 18 Sep 2020 12:20:06:  3000000 
INFO  @ Fri, 18 Sep 2020 12:20:10:  4000000 
INFO  @ Fri, 18 Sep 2020 12:20:14:  5000000 
INFO  @ Fri, 18 Sep 2020 12:20:19:  6000000 
INFO  @ Fri, 18 Sep 2020 12:20:23:  7000000 
INFO  @ Fri, 18 Sep 2020 12:20:28:  8000000 
INFO  @ Fri, 18 Sep 2020 12:20:32:  9000000 
INFO  @ Fri, 18 Sep 2020 12:20:36:  10000000 
INFO  @ Fri, 18 Sep 2020 12:20:40:  11000000 
INFO  @ Fri, 18 Sep 2020 12:20:44:  12000000 
INFO  @ Fri, 18 Sep 2020 12:20:49:  13000000 
INFO  @ Fri, 18 Sep 2020 12:20:53:  14000000 
INFO  @ Fri, 18 Sep 2020 12:20:57:  15000000 
INFO  @ Fri, 18 Sep 2020 12:21:02:  16000000 
INFO  @ Fri, 18 Sep 2020 12:21:06:  17000000 
INFO  @ Fri, 18 Sep 2020 12:21:10:  18000000 
INFO  @ Fri, 18 Sep 2020 12:21:14:  19000000 
INFO  @ Fri, 18 Sep 2020 12:21:19:  20000000 
INFO  @ Fri, 18 Sep 2020 12:21:23:  21000000 
INFO  @ Fri, 18 Sep 2020 12:21:27:  22000000 
INFO  @ Fri, 18 Sep 2020 12:21:31:  23000000 
INFO  @ Fri, 18 Sep 2020 12:21:36:  24000000 
INFO  @ Fri, 18 Sep 2020 12:21:40:  25000000 
INFO  @ Fri, 18 Sep 2020 12:21:44:  26000000 
INFO  @ Fri, 18 Sep 2020 12:21:48:  27000000 
INFO  @ Fri, 18 Sep 2020 12:21:53:  28000000 
INFO  @ Fri, 18 Sep 2020 12:21:57:  29000000 
INFO  @ Fri, 18 Sep 2020 12:22:01:  30000000 
INFO  @ Fri, 18 Sep 2020 12:22:06:  31000000 
INFO  @ Fri, 18 Sep 2020 12:22:10:  32000000 
INFO  @ Fri, 18 Sep 2020 12:22:14:  33000000 
INFO  @ Fri, 18 Sep 2020 12:22:19:  34000000 
INFO  @ Fri, 18 Sep 2020 12:22:23:  35000000 
INFO  @ Fri, 18 Sep 2020 12:22:27:  36000000 
INFO  @ Fri, 18 Sep 2020 12:22:31:  37000000 
INFO  @ Fri, 18 Sep 2020 12:22:36:  38000000 
INFO  @ Fri, 18 Sep 2020 12:22:40:  39000000 
INFO  @ Fri, 18 Sep 2020 12:22:44:  40000000 
INFO  @ Fri, 18 Sep 2020 12:22:49:  41000000 
INFO  @ Fri, 18 Sep 2020 12:22:53:  42000000 
INFO  @ Fri, 18 Sep 2020 12:22:57:  43000000 
INFO  @ Fri, 18 Sep 2020 12:23:02:  44000000 
INFO  @ Fri, 18 Sep 2020 12:23:06:  45000000 
INFO  @ Fri, 18 Sep 2020 12:23:10:  46000000 
INFO  @ Fri, 18 Sep 2020 12:23:14:  47000000 
INFO  @ Fri, 18 Sep 2020 12:23:19:  48000000 
INFO  @ Fri, 18 Sep 2020 12:23:23:  49000000 
INFO  @ Fri, 18 Sep 2020 12:23:27:  50000000 
INFO  @ Fri, 18 Sep 2020 12:23:32:  51000000 
INFO  @ Fri, 18 Sep 2020 12:23:36:  52000000 
INFO  @ Fri, 18 Sep 2020 12:23:41:  53000000 
INFO  @ Fri, 18 Sep 2020 12:23:45:  54000000 
INFO  @ Fri, 18 Sep 2020 12:23:49:  55000000 
INFO  @ Fri, 18 Sep 2020 12:23:53:  56000000 
INFO  @ Fri, 18 Sep 2020 12:23:58:  57000000 
INFO  @ Fri, 18 Sep 2020 12:24:02:  58000000 
INFO  @ Fri, 18 Sep 2020 12:24:06:  59000000 
INFO  @ Fri, 18 Sep 2020 12:24:11:  60000000 
INFO  @ Fri, 18 Sep 2020 12:24:15:  61000000 
INFO  @ Fri, 18 Sep 2020 12:24:19:  62000000 
INFO  @ Fri, 18 Sep 2020 12:24:23:  63000000 
INFO  @ Fri, 18 Sep 2020 12:24:28:  64000000 
INFO  @ Fri, 18 Sep 2020 12:24:32:  65000000 
INFO  @ Fri, 18 Sep 2020 12:24:36:  66000000 
INFO  @ Fri, 18 Sep 2020 12:24:40:  67000000 
INFO  @ Fri, 18 Sep 2020 12:24:45:  68000000 
INFO  @ Fri, 18 Sep 2020 12:24:49:  69000000 
INFO  @ Fri, 18 Sep 2020 12:24:53:  70000000 
INFO  @ Fri, 18 Sep 2020 12:24:58:  71000000 
INFO  @ Fri, 18 Sep 2020 12:25:02:  72000000 
INFO  @ Fri, 18 Sep 2020 12:25:06:  73000000 
INFO  @ Fri, 18 Sep 2020 12:25:11:  74000000 
INFO  @ Fri, 18 Sep 2020 12:25:15:  75000000 
INFO  @ Fri, 18 Sep 2020 12:25:20:  76000000 
INFO  @ Fri, 18 Sep 2020 12:25:24:  77000000 
INFO  @ Fri, 18 Sep 2020 12:25:28:  78000000 
INFO  @ Fri, 18 Sep 2020 12:25:32:  79000000 
INFO  @ Fri, 18 Sep 2020 12:25:37:  80000000 
INFO  @ Fri, 18 Sep 2020 12:25:41:  81000000 
INFO  @ Fri, 18 Sep 2020 12:25:45:  82000000 
INFO  @ Fri, 18 Sep 2020 12:25:49:  83000000 
INFO  @ Fri, 18 Sep 2020 12:25:54:  84000000 
INFO  @ Fri, 18 Sep 2020 12:25:58:  85000000 
INFO  @ Fri, 18 Sep 2020 12:26:02:  86000000 
INFO  @ Fri, 18 Sep 2020 12:26:07:  87000000 
INFO  @ Fri, 18 Sep 2020 12:26:11:  88000000 
INFO  @ Fri, 18 Sep 2020 12:26:15:  89000000 
INFO  @ Fri, 18 Sep 2020 12:26:20:  90000000 
INFO  @ Fri, 18 Sep 2020 12:26:24:  91000000 
INFO  @ Fri, 18 Sep 2020 12:26:28:  92000000 
INFO  @ Fri, 18 Sep 2020 12:26:32:  93000000 
INFO  @ Fri, 18 Sep 2020 12:26:37:  94000000 
INFO  @ Fri, 18 Sep 2020 12:26:41:  95000000 
INFO  @ Fri, 18 Sep 2020 12:26:45:  96000000 
INFO  @ Fri, 18 Sep 2020 12:26:49:  97000000 
INFO  @ Fri, 18 Sep 2020 12:26:54:  98000000 
INFO  @ Fri, 18 Sep 2020 12:26:58:  99000000 
INFO  @ Fri, 18 Sep 2020 12:27:02:  100000000 
INFO  @ Fri, 18 Sep 2020 12:27:06:  101000000 
INFO  @ Fri, 18 Sep 2020 12:27:11:  102000000 
INFO  @ Fri, 18 Sep 2020 12:27:15:  103000000 
INFO  @ Fri, 18 Sep 2020 12:27:20:  104000000 
INFO  @ Fri, 18 Sep 2020 12:27:24:  105000000 
INFO  @ Fri, 18 Sep 2020 12:27:28:  106000000 
INFO  @ Fri, 18 Sep 2020 12:27:32:  107000000 
INFO  @ Fri, 18 Sep 2020 12:27:36:  108000000 
INFO  @ Fri, 18 Sep 2020 12:27:41:  109000000 
INFO  @ Fri, 18 Sep 2020 12:27:45:  110000000 
INFO  @ Fri, 18 Sep 2020 12:27:49:  111000000 
INFO  @ Fri, 18 Sep 2020 12:27:54:  112000000 
INFO  @ Fri, 18 Sep 2020 12:27:58:  113000000 
INFO  @ Fri, 18 Sep 2020 12:28:02:  114000000 
INFO  @ Fri, 18 Sep 2020 12:28:06:  115000000 
INFO  @ Fri, 18 Sep 2020 12:28:11:  116000000 
INFO  @ Fri, 18 Sep 2020 12:28:15:  117000000 
INFO  @ Fri, 18 Sep 2020 12:28:19:  118000000 
INFO  @ Fri, 18 Sep 2020 12:28:24:  119000000 
INFO  @ Fri, 18 Sep 2020 12:28:28:  120000000 
INFO  @ Fri, 18 Sep 2020 12:28:32:  121000000 
INFO  @ Fri, 18 Sep 2020 12:28:37:  122000000 
INFO  @ Fri, 18 Sep 2020 12:28:41:  123000000 
INFO  @ Fri, 18 Sep 2020 12:28:45:  124000000 
INFO  @ Fri, 18 Sep 2020 12:28:50:  125000000 
INFO  @ Fri, 18 Sep 2020 12:28:54:  126000000 
INFO  @ Fri, 18 Sep 2020 12:28:58:  127000000 
INFO  @ Fri, 18 Sep 2020 12:29:02:  128000000 
INFO  @ Fri, 18 Sep 2020 12:29:07:  129000000 
INFO  @ Fri, 18 Sep 2020 12:29:11:  130000000 
INFO  @ Fri, 18 Sep 2020 12:29:15:  131000000 
INFO  @ Fri, 18 Sep 2020 12:29:20:  132000000 
INFO  @ Fri, 18 Sep 2020 12:29:24:  133000000 
INFO  @ Fri, 18 Sep 2020 12:29:29:  134000000 
INFO  @ Fri, 18 Sep 2020 12:29:33:  135000000 
INFO  @ Fri, 18 Sep 2020 12:29:37:  136000000 
INFO  @ Fri, 18 Sep 2020 12:29:42:  137000000 
INFO  @ Fri, 18 Sep 2020 12:29:46:  138000000 
INFO  @ Fri, 18 Sep 2020 12:29:50:  139000000 
INFO  @ Fri, 18 Sep 2020 12:29:55:  140000000 
INFO  @ Fri, 18 Sep 2020 12:29:59:  141000000 
INFO  @ Fri, 18 Sep 2020 12:30:03:  142000000 
INFO  @ Fri, 18 Sep 2020 12:30:08:  143000000 
INFO  @ Fri, 18 Sep 2020 12:30:12:  144000000 
INFO  @ Fri, 18 Sep 2020 12:30:16:  145000000 
INFO  @ Fri, 18 Sep 2020 12:30:20:  146000000 
INFO  @ Fri, 18 Sep 2020 12:30:25:  147000000 
INFO  @ Fri, 18 Sep 2020 12:30:29:  148000000 
INFO  @ Fri, 18 Sep 2020 12:30:33:  149000000 
INFO  @ Fri, 18 Sep 2020 12:30:37:  150000000 
INFO  @ Fri, 18 Sep 2020 12:30:42:  151000000 
INFO  @ Fri, 18 Sep 2020 12:30:46:  152000000 
INFO  @ Fri, 18 Sep 2020 12:30:50:  153000000 
INFO  @ Fri, 18 Sep 2020 12:30:54:  154000000 
INFO  @ Fri, 18 Sep 2020 12:30:59:  155000000 
INFO  @ Fri, 18 Sep 2020 12:31:03:  156000000 
INFO  @ Fri, 18 Sep 2020 12:31:08:  157000000 
INFO  @ Fri, 18 Sep 2020 12:31:12:  158000000 
INFO  @ Fri, 18 Sep 2020 12:31:16:  159000000 
INFO  @ Fri, 18 Sep 2020 12:31:21:  160000000 
INFO  @ Fri, 18 Sep 2020 12:31:25:  161000000 
INFO  @ Fri, 18 Sep 2020 12:31:30:  162000000 
INFO  @ Fri, 18 Sep 2020 12:31:34:  163000000 
INFO  @ Fri, 18 Sep 2020 12:31:39: #1.2 read input tags... 
INFO  @ Fri, 18 Sep 2020 12:31:39: Detected format is: BAM 
INFO  @ Fri, 18 Sep 2020 12:31:39: * Input file is gzipped. 
INFO  @ Fri, 18 Sep 2020 12:31:44:  1000000 
INFO  @ Fri, 18 Sep 2020 12:31:48:  2000000 
INFO  @ Fri, 18 Sep 2020 12:31:52:  3000000 
INFO  @ Fri, 18 Sep 2020 12:31:57:  4000000 
INFO  @ Fri, 18 Sep 2020 12:32:01:  5000000 
INFO  @ Fri, 18 Sep 2020 12:32:05:  6000000 
INFO  @ Fri, 18 Sep 2020 12:32:10:  7000000 
INFO  @ Fri, 18 Sep 2020 12:32:14:  8000000 
INFO  @ Fri, 18 Sep 2020 12:32:19:  9000000 
INFO  @ Fri, 18 Sep 2020 12:32:23:  10000000 
INFO  @ Fri, 18 Sep 2020 12:32:28:  11000000 
INFO  @ Fri, 18 Sep 2020 12:32:32:  12000000 
INFO  @ Fri, 18 Sep 2020 12:32:36:  13000000 
INFO  @ Fri, 18 Sep 2020 12:32:41:  14000000 
INFO  @ Fri, 18 Sep 2020 12:32:45:  15000000 
INFO  @ Fri, 18 Sep 2020 12:32:49:  16000000 
INFO  @ Fri, 18 Sep 2020 12:32:54:  17000000 
INFO  @ Fri, 18 Sep 2020 12:32:58:  18000000 
INFO  @ Fri, 18 Sep 2020 12:33:02:  19000000 
INFO  @ Fri, 18 Sep 2020 12:33:07:  20000000 
INFO  @ Fri, 18 Sep 2020 12:33:11:  21000000 
INFO  @ Fri, 18 Sep 2020 12:33:16:  22000000 
INFO  @ Fri, 18 Sep 2020 12:33:20:  23000000 
INFO  @ Fri, 18 Sep 2020 12:33:23: #1 tag size is determined as 51 bps 
INFO  @ Fri, 18 Sep 2020 12:33:23: #1 tag size = 51 
INFO  @ Fri, 18 Sep 2020 12:33:23: #1  total tags in treatment: 163715546 
INFO  @ Fri, 18 Sep 2020 12:33:23: #1  total tags in control: 23550767 
INFO  @ Fri, 18 Sep 2020 12:33:23: #1 finished! 
INFO  @ Fri, 18 Sep 2020 12:33:23: #2 Build Peak Model... 
INFO  @ Fri, 18 Sep 2020 12:33:23: #2 looking for paired plus/minus strand peaks... 
INFO  @ Fri, 18 Sep 2020 12:33:35: #2 number of paired peaks: 534 
WARNING @ Fri, 18 Sep 2020 12:33:35: Fewer paired peaks (534) than 1000! Model may not be build well! Lower your MFOLD parameter may erase this warning. Now I will use 534 pairs to build model! 
INFO  @ Fri, 18 Sep 2020 12:33:35: start model_add_line... 
INFO  @ Fri, 18 Sep 2020 12:33:36: start X-correlation... 
INFO  @ Fri, 18 Sep 2020 12:33:36: end of X-cor 
INFO  @ Fri, 18 Sep 2020 12:33:36: #2 finished! 
INFO  @ Fri, 18 Sep 2020 12:33:36: #2 predicted fragment length is 46 bps 
INFO  @ Fri, 18 Sep 2020 12:33:36: #2 alternative fragment length(s) may be 46,113,192,234,279,418,544 bps 
INFO  @ Fri, 18 Sep 2020 12:33:36: #2.2 Generate R script for model : 1706658_MW127_KONFIX_0415.vs.1706668_MW127_KO0415_INPUT.markdup.uq_model.r 
WARNING @ Fri, 18 Sep 2020 12:33:36: #2 Since the d (46) calculated from paired-peaks are smaller than 2*tag length, it may be influenced by unknown sequencing problem! 
WARNING @ Fri, 18 Sep 2020 12:33:36: #2 You may need to consider one of the other alternative d(s): 46,113,192,234,279,418,544 
WARNING @ Fri, 18 Sep 2020 12:33:36: #2 You can restart the process with --nomodel --extsize XXX with your choice or an arbitrary number. Nontheless, MACS will continute computing. 
INFO  @ Fri, 18 Sep 2020 12:33:36: #3 Call peaks... 
INFO  @ Fri, 18 Sep 2020 12:33:36: #3 Pre-compute pvalue-qvalue table... 
INFO  @ Fri, 18 Sep 2020 12:36:57: #3 In the peak calling step, the following will be performed simultaneously: 
INFO  @ Fri, 18 Sep 2020 12:36:57: #3   Write bedGraph files for treatment pileup (after scaling if necessary)... 1706658_MW127_KONFIX_0415.vs.1706668_MW127_KO0415_INPUT.markdup.uq_treat_pileup.bdg 
INFO  @ Fri, 18 Sep 2020 12:36:57: #3   Write bedGraph files for control lambda (after scaling if necessary)... 1706658_MW127_KONFIX_0415.vs.1706668_MW127_KO0415_INPUT.markdup.uq_control_lambda.bdg 
INFO  @ Fri, 18 Sep 2020 12:36:57: #3   Pileup will be based on sequencing depth in control. 
INFO  @ Fri, 18 Sep 2020 12:36:57: #3 Call peaks for each chromosome... 
INFO  @ Fri, 18 Sep 2020 12:51:26: #4 Write output xls file... 1706658_MW127_KONFIX_0415.vs.1706668_MW127_KO0415_INPUT.markdup.uq_peaks.xls 
INFO  @ Fri, 18 Sep 2020 12:51:26: #4 Write peak in narrowPeak format file... 1706658_MW127_KONFIX_0415.vs.1706668_MW127_KO0415_INPUT.markdup.uq_peaks.narrowPeak 
INFO  @ Fri, 18 Sep 2020 12:51:26: #4 Write summits bed file... 1706658_MW127_KONFIX_0415.vs.1706668_MW127_KO0415_INPUT.markdup.uq_summits.bed 
INFO  @ Fri, 18 Sep 2020 12:51:26: Done! 
INFO  @ Fri, 18 Sep 2020 12:51:30: Read and build treatment bedGraph... 
INFO  @ Fri, 18 Sep 2020 12:56:47: Read and build control bedGraph... 
INFO  @ Fri, 18 Sep 2020 12:57:56: Build scoreTrackII... 
INFO  @ Fri, 18 Sep 2020 12:59:24: Calculate scores comparing treatment and control by 'qpois'... 
INFO  @ Fri, 18 Sep 2020 13:01:34: Write bedGraph of scores... 
INFO  @ Fri, 18 Sep 2020 13:02:04: Finished 'qpois'! Please check '1706658_MW127_KONFIX_0415.vs.1706668_MW127_KO0415_INPUT.markdup.uq_treat_pvalue.bdg'! 
INFO  @ Fri, 18 Sep 2020 13:02:09: Read and build treatment bedGraph... 
INFO  @ Fri, 18 Sep 2020 13:07:08: Read and build control bedGraph... 
INFO  @ Fri, 18 Sep 2020 13:08:12: Build scoreTrackII... 
INFO  @ Fri, 18 Sep 2020 13:09:41: Calculate scores comparing treatment and control by 'FE'... 
INFO  @ Fri, 18 Sep 2020 13:34:18: Write bedGraph of scores... 
INFO  @ Fri, 18 Sep 2020 13:44:53: Finished 'FE'! Please check '1706658_MW127_KONFIX_0415.vs.1706668_MW127_KO0415_INPUT.markdup.uq_FE.bdg'! 
INFO  @ Fri, 18 Sep 2020 13:44:59: Read and build treatment bedGraph... 
INFO  @ Fri, 18 Sep 2020 13:50:24: Read and build control bedGraph... 
INFO  @ Fri, 18 Sep 2020 13:51:32: Build scoreTrackII... 
INFO  @ Fri, 18 Sep 2020 13:53:06: Calculate scores comparing treatment and control by 'logLR'... 
INFO  @ Fri, 18 Sep 2020 13:54:46: Write bedGraph of scores... 
INFO  @ Fri, 18 Sep 2020 14:06:13: Finished 'logLR'! Please check '1706658_MW127_KONFIX_0415.vs.1706668_MW127_KO0415_INPUT.markdup.uq_logLR.bdg'! 
INFO  @ Fri, 18 Sep 2020 14:06:16: Read and build bedGraph... 
INFO  @ Fri, 18 Sep 2020 14:06:16: Call peaks from bedGraph... 
INFO  @ Fri, 18 Sep 2020 14:06:16: Write peaks... 
INFO  @ Fri, 18 Sep 2020 14:06:16: Done 
Traceback (most recent call last):
  File "/home/yli11/HemTools/bin/annot_gene_features.py", line 147, in <module>
    main()
  File "/home/yli11/HemTools/bin/annot_gene_features.py", line 111, in main
    get_annotation_data(args)
  File "/home/yli11/HemTools/bin/annot_gene_features.py", line 85, in get_annotation_data
    args.tss = myData['%s_gencode33_TSS'%(args.genome)]
KeyError: 'mm9_gencode33_TSS'
Traceback (most recent call last):
  File "/home/yli11/HemTools/bin/pie_plot.py", line 95, in <module>
    main()
  File "/home/yli11/HemTools/bin/pie_plot.py", line 74, in main
    args.sep = guess_sep(args.input)
  File "/home/yli11/HemTools/bin/pie_plot.py", line 35, in guess_sep
    with open(x) as f:
FileNotFoundError: [Errno 2] No such file or directory: '1706658_MW127_KONFIX_0415.vs.1706668_MW127_KO0415_INPUT.markdup.uq_peaks.rmblck.narrowPeak.annot.tsv'
