Sender: LSF System <lsfadmin@nodecn213>
Subject: Job 107028080[1]: <email[1-1]> in cluster <hpcf_research_cluster> Done

Job <email[1-1]> was submitted from host <nodecn104> by user <yli11> in cluster <hpcf_research_cluster> at Fri Jul 24 18:44:35 2020.
Job was executed on host(s) <nodecn213>, in queue <standard>, as user <yli11> in cluster <hpcf_research_cluster> at Fri Jul 24 21:55:02 2020.
</home/yli11> was used as the home directory.
</home/yli11/Share/Megan/ATAC/HPC5_WT/atac_seq_yli11_2020-06-11/footprint_bw> was used as the working directory.
Started at Fri Jul 24 21:55:02 2020.
Terminated at Fri Jul 24 21:55:14 2020.
Results reported at Fri Jul 24 21:55:14 2020.

Your job looked like:

------------------------------------------------------------
# LSBATCH: User input


#BSUB -P atac_seq_f
#BSUB -o atac_seq_footprint_yli11_2020-07-24/log_files/email_%J_%I.out -e atac_seq_footprint_yli11_2020-07-24/log_files/email_%J_%I.err
#BSUB -n 1
#BSUB -q standard
#BSUB -R "span[hosts=1] rusage[mem=4000]"
#BSUB -J "email[1-1]"

#BSUB -w "ended(107028074) && ended(107028075) && ended(107028076) && ended(107028077) && ended(107028078) && ended(107028079)"

module purge

id=$LSB_JOBINDEX
COL1=`head -n $id /research/rgs01/home/clusterHome/yli11/HemTools/utils/../share/misc/sample.tsv|tail -n1|awk -F "	" '{print $1}'`
COL2=`head -n $id /research/rgs01/home/clusterHome/yli11/HemTools/utils/../share/misc/sample.tsv|tail -n1|awk -F "	" '{print $2}'`
COL3=`head -n $id /research/rgs01/home/clusterHome/yli11/HemTools/utils/../share/misc/sample.tsv|tail -n1|awk -F "	" '{print $3}'`
COL4=`head -n $id /research/rgs01/home/clusterHome/yli11/HemTools/utils/../share/misc/sample.tsv|tail -n1|awk -F "	" '{print $4}'`
COL5=`head -n $id /research/rgs01/home/clusterHome/yli11/HemTools/utils/../share/misc/sample.tsv|tail -n1|awk -F "	" '{print $5}'`
COL6=`head -n $id /research/rgs01/home/clusterHome/yli11/HemTools/utils/../share/misc/sample.tsv|tail -n1|awk -F "	" '{print $6}'`
COL7=`head -n $id /research/rgs01/home/clusterHome/yli11/HemTools/utils/../share/misc/sample.tsv|tail -n1|awk -F "	" '{print $7}'`
COL8=`head -n $id /research/rgs01/home/clusterHome/yli11/HemTools/utils/../share/misc/sample.tsv|tail -n1|awk -F "	" '{print $8}'`
COL9=`head -n $id /research/rgs01/home/clusterHome/yli11/HemTools/utils/../share/misc/sample.tsv|tail -n1|awk -F "	" '{print $9}'`
LINE=`head -n $id /research/rgs01/home/clusterHome/yli11/HemTools/utils/../share/misc/sample.tsv|tail -n1`

module load python/2.7.13

cd atac_seq_footprint_yli11_2020-07-24
mv *.lsf log_files
mkdir other_bw_files
mv *norm.bw other_bw_files
mv *raw*.bw other_bw_files
mv *strand*.bw other_bw_files
mv *.wig other_bw_files
mv *.info log_files
send_email_v1.py -m "atac_seq_footprint_yli11_2020-07-24 is finished" -j atac_seq_footprint_yli11_2020-07-24


------------------------------------------------------------

Successfully completed.

Resource usage summary:

    CPU time :                                   3.50 sec.
    Max Memory :                                 51 MB
    Average Memory :                             28.33 MB
    Total Requested Memory :                     4000.00 MB
    Delta Memory :                               3949.00 MB
    Max Swap :                                   -
    Max Processes :                              6
    Max Threads :                                34
    Run time :                                   11 sec.
    Turnaround time :                            11439 sec.

The output (if any) follows:



PS:

Read file <atac_seq_footprint_yli11_2020-07-24/log_files/email_107028080_1.err> for stderr output of this job.

