Sender: LSF System <lsfadmin@nodecn123>
Subject: Job 107028076[1]: <FT_bed[1-1]> in cluster <hpcf_research_cluster> Done

Job <FT_bed[1-1]> was submitted from host <nodecn104> by user <yli11> in cluster <hpcf_research_cluster> at Fri Jul 24 18:44:34 2020.
Job was executed on host(s) <nodecn123>, in queue <priority>, as user <yli11> in cluster <hpcf_research_cluster> at Fri Jul 24 18:44:35 2020.
</home/yli11> was used as the home directory.
</home/yli11/Share/Megan/ATAC/HPC5_WT/atac_seq_yli11_2020-06-11/footprint_bw> was used as the working directory.
Started at Fri Jul 24 18:44:35 2020.
Terminated at Fri Jul 24 21:45:48 2020.
Results reported at Fri Jul 24 21:45:48 2020.

Your job looked like:

------------------------------------------------------------
# LSBATCH: User input


#BSUB -P atac_seq_f
#BSUB -o atac_seq_footprint_yli11_2020-07-24/log_files/FT_bed_%J_%I.out -e atac_seq_footprint_yli11_2020-07-24/log_files/FT_bed_%J_%I.err
#BSUB -n 1
#BSUB -q priority
#BSUB -R "span[hosts=1] rusage[mem=16000]"
#BSUB -J "FT_bed[1-1]"



module purge

id=$LSB_JOBINDEX
COL1=`head -n $id input.list|tail -n1|awk -F "	" '{print $1}'`
COL2=`head -n $id input.list|tail -n1|awk -F "	" '{print $2}'`
COL3=`head -n $id input.list|tail -n1|awk -F "	" '{print $3}'`
COL4=`head -n $id input.list|tail -n1|awk -F "	" '{print $4}'`
COL5=`head -n $id input.list|tail -n1|awk -F "	" '{print $5}'`
COL6=`head -n $id input.list|tail -n1|awk -F "	" '{print $6}'`
COL7=`head -n $id input.list|tail -n1|awk -F "	" '{print $7}'`
COL8=`head -n $id input.list|tail -n1|awk -F "	" '{print $8}'`
COL9=`head -n $id input.list|tail -n1|awk -F "	" '{print $9}'`
LINE=`head -n $id input.list|tail -n1`

ncore=1
mem=16000
q=priority
module purge
module load conda3
source activate /home/yli11/.conda/envs/rgt_hint/
rgt-hint footprinting --atac-seq --paired-end --output-location atac_seq_footprint_yli11_2020-07-24 --output-prefix ${COL3} --organism mm9 ${COL1} ${COL2}
cd atac_seq_footprint_yli11_2020-07-24


------------------------------------------------------------

Successfully completed.

Resource usage summary:

    CPU time :                                   138403.27 sec.
    Max Memory :                                 941 MB
    Average Memory :                             547.27 MB
    Total Requested Memory :                     16000.00 MB
    Delta Memory :                               15059.00 MB
    Max Swap :                                   -
    Max Processes :                              4
    Max Threads :                                43
    Run time :                                   10872 sec.
    Turnaround time :                            10874 sec.

The output (if any) follows:


[total time: 3h 0m 46s]


PS:

Read file <atac_seq_footprint_yli11_2020-07-24/log_files/FT_bed_107028076_1.err> for stderr output of this job.

