Sender: LSF System <lsfadmin@nodecn124>
Subject: Job 107028074[1]: <FT_bw_raw[1-1]> in cluster <hpcf_research_cluster> Done

Job <FT_bw_raw[1-1]> was submitted from host <nodecn104> by user <yli11> in cluster <hpcf_research_cluster> at Fri Jul 24 18:44:34 2020.
Job was executed on host(s) <nodecn124>, in queue <priority>, as user <yli11> in cluster <hpcf_research_cluster> at Fri Jul 24 18:44:35 2020.
</home/yli11> was used as the home directory.
</home/yli11/Share/Megan/ATAC/HPC5_WT/atac_seq_yli11_2020-06-11/footprint_bw> was used as the working directory.
Started at Fri Jul 24 18:44:35 2020.
Terminated at Fri Jul 24 19:26:45 2020.
Results reported at Fri Jul 24 19:26:45 2020.

Your job looked like:

------------------------------------------------------------
# LSBATCH: User input


#BSUB -P atac_seq_f
#BSUB -o atac_seq_footprint_yli11_2020-07-24/log_files/FT_bw_raw_%J_%I.out -e atac_seq_footprint_yli11_2020-07-24/log_files/FT_bw_raw_%J_%I.err
#BSUB -n 1
#BSUB -q priority
#BSUB -R "span[hosts=1] rusage[mem=25000]"
#BSUB -J "FT_bw_raw[1-1]"



module purge

id=$LSB_JOBINDEX
COL1=`head -n $id input.list|tail -n1|awk -F "	" '{print $1}'`
COL2=`head -n $id input.list|tail -n1|awk -F "	" '{print $2}'`
COL3=`head -n $id input.list|tail -n1|awk -F "	" '{print $3}'`
COL4=`head -n $id input.list|tail -n1|awk -F "	" '{print $4}'`
COL5=`head -n $id input.list|tail -n1|awk -F "	" '{print $5}'`
COL6=`head -n $id input.list|tail -n1|awk -F "	" '{print $6}'`
COL7=`head -n $id input.list|tail -n1|awk -F "	" '{print $7}'`
COL8=`head -n $id input.list|tail -n1|awk -F "	" '{print $8}'`
COL9=`head -n $id input.list|tail -n1|awk -F "	" '{print $9}'`
LINE=`head -n $id input.list|tail -n1`

ncore=1
mem=25000
q=priority
module load conda3
source activate /home/yli11/.conda/envs/rgt_hint/
rgt-hint tracks --organism mm9 --raw --norm --bigWig --output-location atac_seq_footprint_yli11_2020-07-24 --output-prefix ${COL3}_raw_norm ${COL1} ${COL2}
rgt-hint tracks --organism mm9 --raw --norm --bigWig --output-location atac_seq_footprint_yli11_2020-07-24 --strand-specific --output-prefix ${COL3}_raw_norm_strand ${COL1} ${COL2}
rgt-hint tracks --organism mm9 --raw --bigWig --output-location atac_seq_footprint_yli11_2020-07-24 --output-prefix ${COL3}_raw ${COL1} ${COL2}


------------------------------------------------------------

Successfully completed.

Resource usage summary:

    CPU time :                                   2542.37 sec.
    Max Memory :                                 940 MB
    Average Memory :                             200.47 MB
    Total Requested Memory :                     25000.00 MB
    Delta Memory :                               24060.00 MB
    Max Swap :                                   -
    Max Processes :                              5
    Max Threads :                                43
    Run time :                                   2529 sec.
    Turnaround time :                            2531 sec.

The output (if any) follows:


[total time: 0h 14m 55s]

[total time: 0h 14m 58s]

[total time: 0h 11m 26s]


PS:

Read file <atac_seq_footprint_yli11_2020-07-24/log_files/FT_bw_raw_107028074_1.err> for stderr output of this job.

