[M::bwa_idx_load_from_disk] read 0 ALT contigs
[M::process] read 1176472 sequences (60000072 bp)...
[M::process] read 1176472 sequences (60000072 bp)...
[M::mem_process_seqs] Processed 1176472 reads in 332.115 CPU sec, 56.304 real sec
[M::process] read 1176472 sequences (60000072 bp)...
[M::mem_process_seqs] Processed 1176472 reads in 341.518 CPU sec, 56.814 real sec
[M::process] read 1176472 sequences (60000072 bp)...
[M::mem_process_seqs] Processed 1176472 reads in 342.124 CPU sec, 57.055 real sec
[M::process] read 1176472 sequences (60000072 bp)...
[M::mem_process_seqs] Processed 1176472 reads in 355.838 CPU sec, 59.255 real sec
[M::process] read 1176472 sequences (60000072 bp)...
[M::mem_process_seqs] Processed 1176472 reads in 315.077 CPU sec, 52.404 real sec
[M::process] read 1176472 sequences (60000072 bp)...
[M::mem_process_seqs] Processed 1176472 reads in 294.133 CPU sec, 48.925 real sec
[M::process] read 1176472 sequences (60000072 bp)...
[M::mem_process_seqs] Processed 1176472 reads in 287.366 CPU sec, 47.852 real sec
[M::process] read 1176472 sequences (60000072 bp)...
[M::mem_process_seqs] Processed 1176472 reads in 289.519 CPU sec, 48.140 real sec
[M::process] read 1176472 sequences (60000072 bp)...
[M::mem_process_seqs] Processed 1176472 reads in 280.930 CPU sec, 46.717 real sec
[M::process] read 1176472 sequences (60000072 bp)...
[M::mem_process_seqs] Processed 1176472 reads in 281.885 CPU sec, 46.869 real sec
[M::process] read 1176472 sequences (60000072 bp)...
[M::mem_process_seqs] Processed 1176472 reads in 281.499 CPU sec, 46.803 real sec
[M::process] read 1176472 sequences (60000072 bp)...
[M::mem_process_seqs] Processed 1176472 reads in 282.948 CPU sec, 47.064 real sec
[M::process] read 1176472 sequences (60000072 bp)...
[M::mem_process_seqs] Processed 1176472 reads in 286.420 CPU sec, 47.691 real sec
[M::process] read 1176472 sequences (60000072 bp)...
[M::mem_process_seqs] Processed 1176472 reads in 283.893 CPU sec, 47.226 real sec
[M::process] read 1176472 sequences (60000072 bp)...
[M::mem_process_seqs] Processed 1176472 reads in 288.154 CPU sec, 47.997 real sec
[M::process] read 1176472 sequences (60000072 bp)...
[M::mem_process_seqs] Processed 1176472 reads in 283.160 CPU sec, 47.094 real sec
[M::process] read 1176472 sequences (60000072 bp)...
[M::mem_process_seqs] Processed 1176472 reads in 280.856 CPU sec, 46.660 real sec
[M::process] read 1176472 sequences (60000072 bp)...
[M::mem_process_seqs] Processed 1176472 reads in 290.139 CPU sec, 48.303 real sec
[M::process] read 1176472 sequences (60000072 bp)...
[M::mem_process_seqs] Processed 1176472 reads in 292.162 CPU sec, 48.625 real sec
[M::process] read 1176472 sequences (60000072 bp)...
[M::mem_process_seqs] Processed 1176472 reads in 283.941 CPU sec, 47.243 real sec
[M::process] read 1176472 sequences (60000072 bp)...
[M::mem_process_seqs] Processed 1176472 reads in 285.342 CPU sec, 47.413 real sec
[M::process] read 1176472 sequences (60000072 bp)...
[M::mem_process_seqs] Processed 1176472 reads in 285.006 CPU sec, 47.488 real sec
[M::process] read 695719 sequences (35481669 bp)...
[M::mem_process_seqs] Processed 1176472 reads in 282.724 CPU sec, 47.109 real sec
[M::mem_process_seqs] Processed 695719 reads in 169.494 CPU sec, 28.148 real sec
[main] Version: 0.7.16a-r1181
[main] CMD: bwa mem -t 6 /research/dept/hem/common/sequencing/chenggrp/pipelines/subcmd/../mm9/bwa_16a_index/mm9.fa wt_p7_runx1_R1.fastq.gz
[main] Real time: 1207.821 sec; CPU: 7002.528 sec
