INFO  @ Sat, 12 Sep 2020 12:25:57: 
# Command line: callpeak -t ko_p7_runx1.bam -c ko_p7_input.bam --keep-dup all -n ko_p7_runx1.vs.ko_p7_input -B -g mm
# ARGUMENTS LIST:
# name = ko_p7_runx1.vs.ko_p7_input
# format = AUTO
# ChIP-seq file = ['ko_p7_runx1.bam']
# control file = ['ko_p7_input.bam']
# effective genome size = 1.87e+09
# band width = 300
# model fold = [5, 50]
# qvalue cutoff = 5.00e-02
# Larger dataset will be scaled towards smaller dataset.
# Range for calculating regional lambda is: 1000 bps and 10000 bps
# Broad region calling is off
# Paired-End mode is off
 
INFO  @ Sat, 12 Sep 2020 12:25:57: #1 read tag files... 
INFO  @ Sat, 12 Sep 2020 12:25:57: #1 read treatment tags... 
INFO  @ Sat, 12 Sep 2020 12:25:57: Detected format is: BAM 
INFO  @ Sat, 12 Sep 2020 12:25:57: * Input file is gzipped. 
INFO  @ Sat, 12 Sep 2020 12:26:01:  1000000 
INFO  @ Sat, 12 Sep 2020 12:26:05:  2000000 
INFO  @ Sat, 12 Sep 2020 12:26:08:  3000000 
INFO  @ Sat, 12 Sep 2020 12:26:12:  4000000 
INFO  @ Sat, 12 Sep 2020 12:26:16:  5000000 
INFO  @ Sat, 12 Sep 2020 12:26:20:  6000000 
INFO  @ Sat, 12 Sep 2020 12:26:23:  7000000 
INFO  @ Sat, 12 Sep 2020 12:26:27:  8000000 
INFO  @ Sat, 12 Sep 2020 12:26:31:  9000000 
INFO  @ Sat, 12 Sep 2020 12:26:34:  10000000 
INFO  @ Sat, 12 Sep 2020 12:26:38:  11000000 
INFO  @ Sat, 12 Sep 2020 12:26:42:  12000000 
INFO  @ Sat, 12 Sep 2020 12:26:46:  13000000 
INFO  @ Sat, 12 Sep 2020 12:26:49:  14000000 
INFO  @ Sat, 12 Sep 2020 12:26:53:  15000000 
INFO  @ Sat, 12 Sep 2020 12:26:57:  16000000 
INFO  @ Sat, 12 Sep 2020 12:27:00:  17000000 
INFO  @ Sat, 12 Sep 2020 12:27:04:  18000000 
INFO  @ Sat, 12 Sep 2020 12:27:08:  19000000 
INFO  @ Sat, 12 Sep 2020 12:27:11:  20000000 
INFO  @ Sat, 12 Sep 2020 12:27:15:  21000000 
INFO  @ Sat, 12 Sep 2020 12:27:19:  22000000 
INFO  @ Sat, 12 Sep 2020 12:27:23:  23000000 
INFO  @ Sat, 12 Sep 2020 12:27:26:  24000000 
INFO  @ Sat, 12 Sep 2020 12:27:28: #1.2 read input tags... 
INFO  @ Sat, 12 Sep 2020 12:27:28: Detected format is: BAM 
INFO  @ Sat, 12 Sep 2020 12:27:28: * Input file is gzipped. 
INFO  @ Sat, 12 Sep 2020 12:27:32:  1000000 
INFO  @ Sat, 12 Sep 2020 12:27:36:  2000000 
INFO  @ Sat, 12 Sep 2020 12:27:39:  3000000 
INFO  @ Sat, 12 Sep 2020 12:27:43:  4000000 
INFO  @ Sat, 12 Sep 2020 12:27:47:  5000000 
INFO  @ Sat, 12 Sep 2020 12:27:50:  6000000 
INFO  @ Sat, 12 Sep 2020 12:27:54:  7000000 
INFO  @ Sat, 12 Sep 2020 12:27:58:  8000000 
INFO  @ Sat, 12 Sep 2020 12:28:02:  9000000 
INFO  @ Sat, 12 Sep 2020 12:28:05:  10000000 
INFO  @ Sat, 12 Sep 2020 12:28:09:  11000000 
INFO  @ Sat, 12 Sep 2020 12:28:13:  12000000 
INFO  @ Sat, 12 Sep 2020 12:28:16:  13000000 
INFO  @ Sat, 12 Sep 2020 12:28:20:  14000000 
INFO  @ Sat, 12 Sep 2020 12:28:24:  15000000 
INFO  @ Sat, 12 Sep 2020 12:28:28:  16000000 
INFO  @ Sat, 12 Sep 2020 12:28:31:  17000000 
INFO  @ Sat, 12 Sep 2020 12:28:35:  18000000 
INFO  @ Sat, 12 Sep 2020 12:28:39:  19000000 
INFO  @ Sat, 12 Sep 2020 12:28:42:  20000000 
INFO  @ Sat, 12 Sep 2020 12:28:44: #1 tag size is determined as 51 bps 
INFO  @ Sat, 12 Sep 2020 12:28:44: #1 tag size = 51 
INFO  @ Sat, 12 Sep 2020 12:28:44: #1  total tags in treatment: 23087355 
INFO  @ Sat, 12 Sep 2020 12:28:44: #1  total tags in control: 19497229 
INFO  @ Sat, 12 Sep 2020 12:28:44: #1 finished! 
INFO  @ Sat, 12 Sep 2020 12:28:44: #2 Build Peak Model... 
INFO  @ Sat, 12 Sep 2020 12:28:44: #2 looking for paired plus/minus strand peaks... 
INFO  @ Sat, 12 Sep 2020 12:28:46: #2 number of paired peaks: 825 
WARNING @ Sat, 12 Sep 2020 12:28:46: Fewer paired peaks (825) than 1000! Model may not be build well! Lower your MFOLD parameter may erase this warning. Now I will use 825 pairs to build model! 
INFO  @ Sat, 12 Sep 2020 12:28:46: start model_add_line... 
INFO  @ Sat, 12 Sep 2020 12:28:46: start X-correlation... 
INFO  @ Sat, 12 Sep 2020 12:28:46: end of X-cor 
INFO  @ Sat, 12 Sep 2020 12:28:46: #2 finished! 
INFO  @ Sat, 12 Sep 2020 12:28:46: #2 predicted fragment length is 45 bps 
INFO  @ Sat, 12 Sep 2020 12:28:46: #2 alternative fragment length(s) may be 45,137,185,229,261,516,592 bps 
INFO  @ Sat, 12 Sep 2020 12:28:46: #2.2 Generate R script for model : ko_p7_runx1.vs.ko_p7_input_model.r 
WARNING @ Sat, 12 Sep 2020 12:28:46: #2 Since the d (45) calculated from paired-peaks are smaller than 2*tag length, it may be influenced by unknown sequencing problem! 
WARNING @ Sat, 12 Sep 2020 12:28:46: #2 You may need to consider one of the other alternative d(s): 45,137,185,229,261,516,592 
WARNING @ Sat, 12 Sep 2020 12:28:46: #2 You can restart the process with --nomodel --extsize XXX with your choice or an arbitrary number. Nontheless, MACS will continute computing. 
INFO  @ Sat, 12 Sep 2020 12:28:46: #3 Call peaks... 
INFO  @ Sat, 12 Sep 2020 12:28:46: #3 Pre-compute pvalue-qvalue table... 
INFO  @ Sat, 12 Sep 2020 12:30:06: #3 In the peak calling step, the following will be performed simultaneously: 
INFO  @ Sat, 12 Sep 2020 12:30:06: #3   Write bedGraph files for treatment pileup (after scaling if necessary)... ko_p7_runx1.vs.ko_p7_input_treat_pileup.bdg 
INFO  @ Sat, 12 Sep 2020 12:30:06: #3   Write bedGraph files for control lambda (after scaling if necessary)... ko_p7_runx1.vs.ko_p7_input_control_lambda.bdg 
INFO  @ Sat, 12 Sep 2020 12:30:06: #3   Pileup will be based on sequencing depth in control. 
INFO  @ Sat, 12 Sep 2020 12:30:06: #3 Call peaks for each chromosome... 
INFO  @ Sat, 12 Sep 2020 12:32:45: #4 Write output xls file... ko_p7_runx1.vs.ko_p7_input_peaks.xls 
INFO  @ Sat, 12 Sep 2020 12:32:45: #4 Write peak in narrowPeak format file... ko_p7_runx1.vs.ko_p7_input_peaks.narrowPeak 
INFO  @ Sat, 12 Sep 2020 12:32:45: #4 Write summits bed file... ko_p7_runx1.vs.ko_p7_input_summits.bed 
INFO  @ Sat, 12 Sep 2020 12:32:45: Done! 
INFO  @ Sat, 12 Sep 2020 12:32:47: Read and build treatment bedGraph... 
INFO  @ Sat, 12 Sep 2020 12:33:27: Read and build control bedGraph... 
INFO  @ Sat, 12 Sep 2020 12:34:05: Build scoreTrackII... 
INFO  @ Sat, 12 Sep 2020 12:34:25: Calculate scores comparing treatment and control by 'qpois'... 
INFO  @ Sat, 12 Sep 2020 12:35:24: Write bedGraph of scores... 
INFO  @ Sat, 12 Sep 2020 12:35:30: Finished 'qpois'! Please check 'ko_p7_runx1.vs.ko_p7_input_treat_pvalue.bdg'! 
INFO  @ Sat, 12 Sep 2020 12:35:32: Read and build treatment bedGraph... 
INFO  @ Sat, 12 Sep 2020 12:36:12: Read and build control bedGraph... 
INFO  @ Sat, 12 Sep 2020 12:36:50: Build scoreTrackII... 
INFO  @ Sat, 12 Sep 2020 12:37:11: Calculate scores comparing treatment and control by 'FE'... 
INFO  @ Sat, 12 Sep 2020 12:41:36: Write bedGraph of scores... 
INFO  @ Sat, 12 Sep 2020 12:42:53: Finished 'FE'! Please check 'ko_p7_runx1.vs.ko_p7_input_FE.bdg'! 
INFO  @ Sat, 12 Sep 2020 12:42:56: Read and build treatment bedGraph... 
INFO  @ Sat, 12 Sep 2020 12:43:35: Read and build control bedGraph... 
INFO  @ Sat, 12 Sep 2020 12:44:14: Build scoreTrackII... 
INFO  @ Sat, 12 Sep 2020 12:44:36: Calculate scores comparing treatment and control by 'logLR'... 
INFO  @ Sat, 12 Sep 2020 12:44:58: Write bedGraph of scores... 
INFO  @ Sat, 12 Sep 2020 12:46:52: Finished 'logLR'! Please check 'ko_p7_runx1.vs.ko_p7_input_logLR.bdg'! 
INFO  @ Sat, 12 Sep 2020 12:46:54: Read and build bedGraph... 
INFO  @ Sat, 12 Sep 2020 12:46:54: Call peaks from bedGraph... 
INFO  @ Sat, 12 Sep 2020 12:46:54: Write peaks... 
INFO  @ Sat, 12 Sep 2020 12:46:54: Done 
Traceback (most recent call last):
  File "/home/yli11/HemTools/bin/annot_gene_features.py", line 147, in <module>
    main()
  File "/home/yli11/HemTools/bin/annot_gene_features.py", line 111, in main
    get_annotation_data(args)
  File "/home/yli11/HemTools/bin/annot_gene_features.py", line 85, in get_annotation_data
    args.tss = myData['%s_gencode33_TSS'%(args.genome)]
KeyError: 'mm9_gencode33_TSS'
Traceback (most recent call last):
  File "/home/yli11/HemTools/bin/pie_plot.py", line 95, in <module>
    main()
  File "/home/yli11/HemTools/bin/pie_plot.py", line 74, in main
    args.sep = guess_sep(args.input)
  File "/home/yli11/HemTools/bin/pie_plot.py", line 35, in guess_sep
    with open(x) as f:
FileNotFoundError: [Errno 2] No such file or directory: 'ko_p7_runx1.vs.ko_p7_input_peaks.rmblck.narrowPeak.annot.tsv'
INFO  @ Sat, 12 Sep 2020 12:51:00: 
# Command line: callpeak -t ko_p7_runx1.rmdup.uq.rmchrM.bam -c ko_p7_input.rmdup.uq.rmchrM.bam --keep-dup all -n ko_p7_runx1.vs.ko_p7_input.rmdup.uq.rmchrM -B -g mm
# ARGUMENTS LIST:
# name = ko_p7_runx1.vs.ko_p7_input.rmdup.uq.rmchrM
# format = AUTO
# ChIP-seq file = ['ko_p7_runx1.rmdup.uq.rmchrM.bam']
# control file = ['ko_p7_input.rmdup.uq.rmchrM.bam']
# effective genome size = 1.87e+09
# band width = 300
# model fold = [5, 50]
# qvalue cutoff = 5.00e-02
# Larger dataset will be scaled towards smaller dataset.
# Range for calculating regional lambda is: 1000 bps and 10000 bps
# Broad region calling is off
# Paired-End mode is off
 
INFO  @ Sat, 12 Sep 2020 12:51:00: #1 read tag files... 
INFO  @ Sat, 12 Sep 2020 12:51:00: #1 read treatment tags... 
INFO  @ Sat, 12 Sep 2020 12:51:00: Detected format is: BAM 
INFO  @ Sat, 12 Sep 2020 12:51:00: * Input file is gzipped. 
INFO  @ Sat, 12 Sep 2020 12:51:03:  1000000 
INFO  @ Sat, 12 Sep 2020 12:51:07:  2000000 
INFO  @ Sat, 12 Sep 2020 12:51:10:  3000000 
INFO  @ Sat, 12 Sep 2020 12:51:14:  4000000 
INFO  @ Sat, 12 Sep 2020 12:51:17:  5000000 
INFO  @ Sat, 12 Sep 2020 12:51:20:  6000000 
INFO  @ Sat, 12 Sep 2020 12:51:24:  7000000 
INFO  @ Sat, 12 Sep 2020 12:51:27:  8000000 
INFO  @ Sat, 12 Sep 2020 12:51:30:  9000000 
INFO  @ Sat, 12 Sep 2020 12:51:33:  10000000 
INFO  @ Sat, 12 Sep 2020 12:51:37:  11000000 
INFO  @ Sat, 12 Sep 2020 12:51:40:  12000000 
INFO  @ Sat, 12 Sep 2020 12:51:44:  13000000 
INFO  @ Sat, 12 Sep 2020 12:51:47:  14000000 
INFO  @ Sat, 12 Sep 2020 12:51:50:  15000000 
INFO  @ Sat, 12 Sep 2020 12:51:54:  16000000 
INFO  @ Sat, 12 Sep 2020 12:51:55: #1.2 read input tags... 
INFO  @ Sat, 12 Sep 2020 12:51:55: Detected format is: BAM 
INFO  @ Sat, 12 Sep 2020 12:51:55: * Input file is gzipped. 
INFO  @ Sat, 12 Sep 2020 12:51:58:  1000000 
INFO  @ Sat, 12 Sep 2020 12:52:02:  2000000 
INFO  @ Sat, 12 Sep 2020 12:52:05:  3000000 
INFO  @ Sat, 12 Sep 2020 12:52:08:  4000000 
INFO  @ Sat, 12 Sep 2020 12:52:12:  5000000 
INFO  @ Sat, 12 Sep 2020 12:52:15:  6000000 
INFO  @ Sat, 12 Sep 2020 12:52:18:  7000000 
INFO  @ Sat, 12 Sep 2020 12:52:22:  8000000 
INFO  @ Sat, 12 Sep 2020 12:52:25:  9000000 
INFO  @ Sat, 12 Sep 2020 12:52:28:  10000000 
INFO  @ Sat, 12 Sep 2020 12:52:32:  11000000 
INFO  @ Sat, 12 Sep 2020 12:52:35:  12000000 
INFO  @ Sat, 12 Sep 2020 12:52:38:  13000000 
INFO  @ Sat, 12 Sep 2020 12:52:41: #1 tag size is determined as 51 bps 
INFO  @ Sat, 12 Sep 2020 12:52:41: #1 tag size = 51 
INFO  @ Sat, 12 Sep 2020 12:52:41: #1  total tags in treatment: 16404822 
INFO  @ Sat, 12 Sep 2020 12:52:41: #1  total tags in control: 13720345 
INFO  @ Sat, 12 Sep 2020 12:52:41: #1 finished! 
INFO  @ Sat, 12 Sep 2020 12:52:41: #2 Build Peak Model... 
INFO  @ Sat, 12 Sep 2020 12:52:41: #2 looking for paired plus/minus strand peaks... 
INFO  @ Sat, 12 Sep 2020 12:52:42: #2 number of paired peaks: 629 
WARNING @ Sat, 12 Sep 2020 12:52:42: Fewer paired peaks (629) than 1000! Model may not be build well! Lower your MFOLD parameter may erase this warning. Now I will use 629 pairs to build model! 
INFO  @ Sat, 12 Sep 2020 12:52:42: start model_add_line... 
INFO  @ Sat, 12 Sep 2020 12:52:42: start X-correlation... 
INFO  @ Sat, 12 Sep 2020 12:52:42: end of X-cor 
INFO  @ Sat, 12 Sep 2020 12:52:42: #2 finished! 
INFO  @ Sat, 12 Sep 2020 12:52:42: #2 predicted fragment length is 45 bps 
INFO  @ Sat, 12 Sep 2020 12:52:42: #2 alternative fragment length(s) may be 45,134,285,530 bps 
INFO  @ Sat, 12 Sep 2020 12:52:42: #2.2 Generate R script for model : ko_p7_runx1.vs.ko_p7_input.rmdup.uq.rmchrM_model.r 
WARNING @ Sat, 12 Sep 2020 12:52:42: #2 Since the d (45) calculated from paired-peaks are smaller than 2*tag length, it may be influenced by unknown sequencing problem! 
WARNING @ Sat, 12 Sep 2020 12:52:42: #2 You may need to consider one of the other alternative d(s): 45,134,285,530 
WARNING @ Sat, 12 Sep 2020 12:52:42: #2 You can restart the process with --nomodel --extsize XXX with your choice or an arbitrary number. Nontheless, MACS will continute computing. 
INFO  @ Sat, 12 Sep 2020 12:52:42: #3 Call peaks... 
INFO  @ Sat, 12 Sep 2020 12:52:42: #3 Pre-compute pvalue-qvalue table... 
INFO  @ Sat, 12 Sep 2020 12:53:37: #3 In the peak calling step, the following will be performed simultaneously: 
INFO  @ Sat, 12 Sep 2020 12:53:37: #3   Write bedGraph files for treatment pileup (after scaling if necessary)... ko_p7_runx1.vs.ko_p7_input.rmdup.uq.rmchrM_treat_pileup.bdg 
INFO  @ Sat, 12 Sep 2020 12:53:37: #3   Write bedGraph files for control lambda (after scaling if necessary)... ko_p7_runx1.vs.ko_p7_input.rmdup.uq.rmchrM_control_lambda.bdg 
INFO  @ Sat, 12 Sep 2020 12:53:37: #3   Pileup will be based on sequencing depth in control. 
INFO  @ Sat, 12 Sep 2020 12:53:37: #3 Call peaks for each chromosome... 
INFO  @ Sat, 12 Sep 2020 12:56:02: #4 Write output xls file... ko_p7_runx1.vs.ko_p7_input.rmdup.uq.rmchrM_peaks.xls 
INFO  @ Sat, 12 Sep 2020 12:56:02: #4 Write peak in narrowPeak format file... ko_p7_runx1.vs.ko_p7_input.rmdup.uq.rmchrM_peaks.narrowPeak 
INFO  @ Sat, 12 Sep 2020 12:56:02: #4 Write summits bed file... ko_p7_runx1.vs.ko_p7_input.rmdup.uq.rmchrM_summits.bed 
INFO  @ Sat, 12 Sep 2020 12:56:02: Done! 
INFO  @ Sat, 12 Sep 2020 12:56:04: Read and build treatment bedGraph... 
INFO  @ Sat, 12 Sep 2020 12:56:38: Read and build control bedGraph... 
INFO  @ Sat, 12 Sep 2020 12:57:15: Build scoreTrackII... 
INFO  @ Sat, 12 Sep 2020 12:57:35: Calculate scores comparing treatment and control by 'qpois'... 
INFO  @ Sat, 12 Sep 2020 12:58:02: Write bedGraph of scores... 
INFO  @ Sat, 12 Sep 2020 12:58:08: Finished 'qpois'! Please check 'ko_p7_runx1.vs.ko_p7_input.rmdup.uq.rmchrM_treat_pvalue.bdg'! 
INFO  @ Sat, 12 Sep 2020 12:58:10: Read and build treatment bedGraph... 
INFO  @ Sat, 12 Sep 2020 12:58:44: Read and build control bedGraph... 
INFO  @ Sat, 12 Sep 2020 12:59:22: Build scoreTrackII... 
INFO  @ Sat, 12 Sep 2020 12:59:41: Calculate scores comparing treatment and control by 'FE'... 
INFO  @ Sat, 12 Sep 2020 13:03:44: Write bedGraph of scores... 
INFO  @ Sat, 12 Sep 2020 13:04:53: Finished 'FE'! Please check 'ko_p7_runx1.vs.ko_p7_input.rmdup.uq.rmchrM_FE.bdg'! 
INFO  @ Sat, 12 Sep 2020 13:04:55: Read and build treatment bedGraph... 
INFO  @ Sat, 12 Sep 2020 13:05:30: Read and build control bedGraph... 
INFO  @ Sat, 12 Sep 2020 13:06:08: Build scoreTrackII... 
INFO  @ Sat, 12 Sep 2020 13:06:28: Calculate scores comparing treatment and control by 'logLR'... 
INFO  @ Sat, 12 Sep 2020 13:06:48: Write bedGraph of scores... 
INFO  @ Sat, 12 Sep 2020 13:08:32: Finished 'logLR'! Please check 'ko_p7_runx1.vs.ko_p7_input.rmdup.uq.rmchrM_logLR.bdg'! 
INFO  @ Sat, 12 Sep 2020 13:08:34: Read and build bedGraph... 
INFO  @ Sat, 12 Sep 2020 13:08:34: Call peaks from bedGraph... 
INFO  @ Sat, 12 Sep 2020 13:08:34: Write peaks... 
INFO  @ Sat, 12 Sep 2020 13:08:34: Done 
Traceback (most recent call last):
  File "/home/yli11/HemTools/bin/annot_gene_features.py", line 147, in <module>
    main()
  File "/home/yli11/HemTools/bin/annot_gene_features.py", line 111, in main
    get_annotation_data(args)
  File "/home/yli11/HemTools/bin/annot_gene_features.py", line 85, in get_annotation_data
    args.tss = myData['%s_gencode33_TSS'%(args.genome)]
KeyError: 'mm9_gencode33_TSS'
Traceback (most recent call last):
  File "/home/yli11/HemTools/bin/pie_plot.py", line 95, in <module>
    main()
  File "/home/yli11/HemTools/bin/pie_plot.py", line 74, in main
    args.sep = guess_sep(args.input)
  File "/home/yli11/HemTools/bin/pie_plot.py", line 35, in guess_sep
    with open(x) as f:
FileNotFoundError: [Errno 2] No such file or directory: 'ko_p7_runx1.vs.ko_p7_input.rmdup.uq.rmchrM_peaks.rmblck.narrowPeak.annot.tsv'
INFO  @ Sat, 12 Sep 2020 13:12:36: 
# Command line: callpeak -t ko_p7_runx1.rmdup.bam -c ko_p7_input.rmdup.bam --keep-dup all -n ko_p7_runx1.vs.ko_p7_input.rmdup -B -g mm
# ARGUMENTS LIST:
# name = ko_p7_runx1.vs.ko_p7_input.rmdup
# format = AUTO
# ChIP-seq file = ['ko_p7_runx1.rmdup.bam']
# control file = ['ko_p7_input.rmdup.bam']
# effective genome size = 1.87e+09
# band width = 300
# model fold = [5, 50]
# qvalue cutoff = 5.00e-02
# Larger dataset will be scaled towards smaller dataset.
# Range for calculating regional lambda is: 1000 bps and 10000 bps
# Broad region calling is off
# Paired-End mode is off
 
INFO  @ Sat, 12 Sep 2020 13:12:36: #1 read tag files... 
INFO  @ Sat, 12 Sep 2020 13:12:36: #1 read treatment tags... 
INFO  @ Sat, 12 Sep 2020 13:12:36: Detected format is: BAM 
INFO  @ Sat, 12 Sep 2020 13:12:36: * Input file is gzipped. 
INFO  @ Sat, 12 Sep 2020 13:12:40:  1000000 
INFO  @ Sat, 12 Sep 2020 13:12:43:  2000000 
INFO  @ Sat, 12 Sep 2020 13:12:46:  3000000 
INFO  @ Sat, 12 Sep 2020 13:12:50:  4000000 
INFO  @ Sat, 12 Sep 2020 13:12:53:  5000000 
INFO  @ Sat, 12 Sep 2020 13:12:56:  6000000 
INFO  @ Sat, 12 Sep 2020 13:13:00:  7000000 
INFO  @ Sat, 12 Sep 2020 13:13:03:  8000000 
INFO  @ Sat, 12 Sep 2020 13:13:06:  9000000 
INFO  @ Sat, 12 Sep 2020 13:13:10:  10000000 
INFO  @ Sat, 12 Sep 2020 13:13:13:  11000000 
INFO  @ Sat, 12 Sep 2020 13:13:17:  12000000 
INFO  @ Sat, 12 Sep 2020 13:13:20:  13000000 
INFO  @ Sat, 12 Sep 2020 13:13:23:  14000000 
INFO  @ Sat, 12 Sep 2020 13:13:27:  15000000 
INFO  @ Sat, 12 Sep 2020 13:13:30:  16000000 
INFO  @ Sat, 12 Sep 2020 13:13:33:  17000000 
INFO  @ Sat, 12 Sep 2020 13:13:36:  18000000 
INFO  @ Sat, 12 Sep 2020 13:13:40:  19000000 
INFO  @ Sat, 12 Sep 2020 13:13:42: #1.2 read input tags... 
INFO  @ Sat, 12 Sep 2020 13:13:42: Detected format is: BAM 
INFO  @ Sat, 12 Sep 2020 13:13:42: * Input file is gzipped. 
INFO  @ Sat, 12 Sep 2020 13:13:45:  1000000 
INFO  @ Sat, 12 Sep 2020 13:13:49:  2000000 
INFO  @ Sat, 12 Sep 2020 13:13:52:  3000000 
INFO  @ Sat, 12 Sep 2020 13:13:55:  4000000 
INFO  @ Sat, 12 Sep 2020 13:13:59:  5000000 
INFO  @ Sat, 12 Sep 2020 13:14:02:  6000000 
INFO  @ Sat, 12 Sep 2020 13:14:05:  7000000 
INFO  @ Sat, 12 Sep 2020 13:14:09:  8000000 
INFO  @ Sat, 12 Sep 2020 13:14:12:  9000000 
INFO  @ Sat, 12 Sep 2020 13:14:15:  10000000 
INFO  @ Sat, 12 Sep 2020 13:14:18:  11000000 
INFO  @ Sat, 12 Sep 2020 13:14:22:  12000000 
INFO  @ Sat, 12 Sep 2020 13:14:25:  13000000 
INFO  @ Sat, 12 Sep 2020 13:14:29:  14000000 
INFO  @ Sat, 12 Sep 2020 13:14:32:  15000000 
INFO  @ Sat, 12 Sep 2020 13:14:35:  16000000 
INFO  @ Sat, 12 Sep 2020 13:14:36: #1 tag size is determined as 51 bps 
INFO  @ Sat, 12 Sep 2020 13:14:36: #1 tag size = 51 
INFO  @ Sat, 12 Sep 2020 13:14:36: #1  total tags in treatment: 18865002 
INFO  @ Sat, 12 Sep 2020 13:14:36: #1  total tags in control: 15731148 
INFO  @ Sat, 12 Sep 2020 13:14:36: #1 finished! 
INFO  @ Sat, 12 Sep 2020 13:14:36: #2 Build Peak Model... 
INFO  @ Sat, 12 Sep 2020 13:14:36: #2 looking for paired plus/minus strand peaks... 
INFO  @ Sat, 12 Sep 2020 13:14:38: #2 number of paired peaks: 1134 
INFO  @ Sat, 12 Sep 2020 13:14:38: start model_add_line... 
INFO  @ Sat, 12 Sep 2020 13:14:38: start X-correlation... 
INFO  @ Sat, 12 Sep 2020 13:14:38: end of X-cor 
INFO  @ Sat, 12 Sep 2020 13:14:38: #2 finished! 
INFO  @ Sat, 12 Sep 2020 13:14:38: #2 predicted fragment length is 48 bps 
INFO  @ Sat, 12 Sep 2020 13:14:38: #2 alternative fragment length(s) may be 48,515 bps 
INFO  @ Sat, 12 Sep 2020 13:14:38: #2.2 Generate R script for model : ko_p7_runx1.vs.ko_p7_input.rmdup_model.r 
WARNING @ Sat, 12 Sep 2020 13:14:38: #2 Since the d (48) calculated from paired-peaks are smaller than 2*tag length, it may be influenced by unknown sequencing problem! 
WARNING @ Sat, 12 Sep 2020 13:14:38: #2 You may need to consider one of the other alternative d(s): 48,515 
WARNING @ Sat, 12 Sep 2020 13:14:38: #2 You can restart the process with --nomodel --extsize XXX with your choice or an arbitrary number. Nontheless, MACS will continute computing. 
INFO  @ Sat, 12 Sep 2020 13:14:38: #3 Call peaks... 
INFO  @ Sat, 12 Sep 2020 13:14:38: #3 Pre-compute pvalue-qvalue table... 
INFO  @ Sat, 12 Sep 2020 13:15:40: #3 In the peak calling step, the following will be performed simultaneously: 
INFO  @ Sat, 12 Sep 2020 13:15:40: #3   Write bedGraph files for treatment pileup (after scaling if necessary)... ko_p7_runx1.vs.ko_p7_input.rmdup_treat_pileup.bdg 
INFO  @ Sat, 12 Sep 2020 13:15:40: #3   Write bedGraph files for control lambda (after scaling if necessary)... ko_p7_runx1.vs.ko_p7_input.rmdup_control_lambda.bdg 
INFO  @ Sat, 12 Sep 2020 13:15:40: #3   Pileup will be based on sequencing depth in control. 
INFO  @ Sat, 12 Sep 2020 13:15:40: #3 Call peaks for each chromosome... 
INFO  @ Sat, 12 Sep 2020 13:18:27: #4 Write output xls file... ko_p7_runx1.vs.ko_p7_input.rmdup_peaks.xls 
INFO  @ Sat, 12 Sep 2020 13:18:27: #4 Write peak in narrowPeak format file... ko_p7_runx1.vs.ko_p7_input.rmdup_peaks.narrowPeak 
INFO  @ Sat, 12 Sep 2020 13:18:27: #4 Write summits bed file... ko_p7_runx1.vs.ko_p7_input.rmdup_summits.bed 
INFO  @ Sat, 12 Sep 2020 13:18:27: Done! 
INFO  @ Sat, 12 Sep 2020 13:18:29: Read and build treatment bedGraph... 
INFO  @ Sat, 12 Sep 2020 13:19:08: Read and build control bedGraph... 
INFO  @ Sat, 12 Sep 2020 13:19:48: Build scoreTrackII... 
INFO  @ Sat, 12 Sep 2020 13:20:09: Calculate scores comparing treatment and control by 'qpois'... 
INFO  @ Sat, 12 Sep 2020 13:20:40: Write bedGraph of scores... 
INFO  @ Sat, 12 Sep 2020 13:20:47: Finished 'qpois'! Please check 'ko_p7_runx1.vs.ko_p7_input.rmdup_treat_pvalue.bdg'! 
INFO  @ Sat, 12 Sep 2020 13:20:49: Read and build treatment bedGraph... 
INFO  @ Sat, 12 Sep 2020 13:21:28: Read and build control bedGraph... 
INFO  @ Sat, 12 Sep 2020 13:22:08: Build scoreTrackII... 
INFO  @ Sat, 12 Sep 2020 13:22:30: Calculate scores comparing treatment and control by 'FE'... 
INFO  @ Sat, 12 Sep 2020 13:27:03: Write bedGraph of scores... 
INFO  @ Sat, 12 Sep 2020 13:28:27: Finished 'FE'! Please check 'ko_p7_runx1.vs.ko_p7_input.rmdup_FE.bdg'! 
INFO  @ Sat, 12 Sep 2020 13:28:30: Read and build treatment bedGraph... 
INFO  @ Sat, 12 Sep 2020 13:29:10: Read and build control bedGraph... 
INFO  @ Sat, 12 Sep 2020 13:29:50: Build scoreTrackII... 
INFO  @ Sat, 12 Sep 2020 13:30:12: Calculate scores comparing treatment and control by 'logLR'... 
INFO  @ Sat, 12 Sep 2020 13:30:35: Write bedGraph of scores... 
INFO  @ Sat, 12 Sep 2020 13:32:31: Finished 'logLR'! Please check 'ko_p7_runx1.vs.ko_p7_input.rmdup_logLR.bdg'! 
INFO  @ Sat, 12 Sep 2020 13:32:33: Read and build bedGraph... 
INFO  @ Sat, 12 Sep 2020 13:32:33: Call peaks from bedGraph... 
INFO  @ Sat, 12 Sep 2020 13:32:33: Write peaks... 
INFO  @ Sat, 12 Sep 2020 13:32:33: Done 
Traceback (most recent call last):
  File "/home/yli11/HemTools/bin/annot_gene_features.py", line 147, in <module>
    main()
  File "/home/yli11/HemTools/bin/annot_gene_features.py", line 111, in main
    get_annotation_data(args)
  File "/home/yli11/HemTools/bin/annot_gene_features.py", line 85, in get_annotation_data
    args.tss = myData['%s_gencode33_TSS'%(args.genome)]
KeyError: 'mm9_gencode33_TSS'
Traceback (most recent call last):
  File "/home/yli11/HemTools/bin/pie_plot.py", line 95, in <module>
    main()
  File "/home/yli11/HemTools/bin/pie_plot.py", line 74, in main
    args.sep = guess_sep(args.input)
  File "/home/yli11/HemTools/bin/pie_plot.py", line 35, in guess_sep
    with open(x) as f:
FileNotFoundError: [Errno 2] No such file or directory: 'ko_p7_runx1.vs.ko_p7_input.rmdup_peaks.rmblck.narrowPeak.annot.tsv'
INFO  @ Sat, 12 Sep 2020 13:36:53: 
# Command line: callpeak -t ko_p7_runx1.markdup.uq.bam -c ko_p7_input.markdup.uq.bam --keep-dup all -n ko_p7_runx1.vs.ko_p7_input.markdup.uq -B -g mm
# ARGUMENTS LIST:
# name = ko_p7_runx1.vs.ko_p7_input.markdup.uq
# format = AUTO
# ChIP-seq file = ['ko_p7_runx1.markdup.uq.bam']
# control file = ['ko_p7_input.markdup.uq.bam']
# effective genome size = 1.87e+09
# band width = 300
# model fold = [5, 50]
# qvalue cutoff = 5.00e-02
# Larger dataset will be scaled towards smaller dataset.
# Range for calculating regional lambda is: 1000 bps and 10000 bps
# Broad region calling is off
# Paired-End mode is off
 
INFO  @ Sat, 12 Sep 2020 13:36:53: #1 read tag files... 
INFO  @ Sat, 12 Sep 2020 13:36:53: #1 read treatment tags... 
INFO  @ Sat, 12 Sep 2020 13:36:53: Detected format is: BAM 
INFO  @ Sat, 12 Sep 2020 13:36:53: * Input file is gzipped. 
INFO  @ Sat, 12 Sep 2020 13:36:56:  1000000 
INFO  @ Sat, 12 Sep 2020 13:37:00:  2000000 
INFO  @ Sat, 12 Sep 2020 13:37:03:  3000000 
INFO  @ Sat, 12 Sep 2020 13:37:06:  4000000 
INFO  @ Sat, 12 Sep 2020 13:37:09:  5000000 
INFO  @ Sat, 12 Sep 2020 13:37:13:  6000000 
INFO  @ Sat, 12 Sep 2020 13:37:16:  7000000 
INFO  @ Sat, 12 Sep 2020 13:37:19:  8000000 
INFO  @ Sat, 12 Sep 2020 13:37:23:  9000000 
INFO  @ Sat, 12 Sep 2020 13:37:26:  10000000 
INFO  @ Sat, 12 Sep 2020 13:37:29:  11000000 
INFO  @ Sat, 12 Sep 2020 13:37:33:  12000000 
INFO  @ Sat, 12 Sep 2020 13:37:36:  13000000 
INFO  @ Sat, 12 Sep 2020 13:37:39:  14000000 
INFO  @ Sat, 12 Sep 2020 13:37:43:  15000000 
INFO  @ Sat, 12 Sep 2020 13:37:46:  16000000 
INFO  @ Sat, 12 Sep 2020 13:37:49:  17000000 
INFO  @ Sat, 12 Sep 2020 13:37:53:  18000000 
INFO  @ Sat, 12 Sep 2020 13:37:54: #1.2 read input tags... 
INFO  @ Sat, 12 Sep 2020 13:37:54: Detected format is: BAM 
INFO  @ Sat, 12 Sep 2020 13:37:54: * Input file is gzipped. 
INFO  @ Sat, 12 Sep 2020 13:37:57:  1000000 
INFO  @ Sat, 12 Sep 2020 13:38:01:  2000000 
INFO  @ Sat, 12 Sep 2020 13:38:04:  3000000 
INFO  @ Sat, 12 Sep 2020 13:38:08:  4000000 
INFO  @ Sat, 12 Sep 2020 13:38:11:  5000000 
INFO  @ Sat, 12 Sep 2020 13:38:14:  6000000 
INFO  @ Sat, 12 Sep 2020 13:38:18:  7000000 
INFO  @ Sat, 12 Sep 2020 13:38:21:  8000000 
INFO  @ Sat, 12 Sep 2020 13:38:24:  9000000 
INFO  @ Sat, 12 Sep 2020 13:38:28:  10000000 
INFO  @ Sat, 12 Sep 2020 13:38:31:  11000000 
INFO  @ Sat, 12 Sep 2020 13:38:34:  12000000 
INFO  @ Sat, 12 Sep 2020 13:38:38:  13000000 
INFO  @ Sat, 12 Sep 2020 13:38:41:  14000000 
INFO  @ Sat, 12 Sep 2020 13:38:45:  15000000 
INFO  @ Sat, 12 Sep 2020 13:38:45: #1 tag size is determined as 51 bps 
INFO  @ Sat, 12 Sep 2020 13:38:45: #1 tag size = 51 
INFO  @ Sat, 12 Sep 2020 13:38:45: #1  total tags in treatment: 18231145 
INFO  @ Sat, 12 Sep 2020 13:38:45: #1  total tags in control: 15125464 
INFO  @ Sat, 12 Sep 2020 13:38:45: #1 finished! 
INFO  @ Sat, 12 Sep 2020 13:38:45: #2 Build Peak Model... 
INFO  @ Sat, 12 Sep 2020 13:38:45: #2 looking for paired plus/minus strand peaks... 
INFO  @ Sat, 12 Sep 2020 13:38:47: #2 number of paired peaks: 525 
WARNING @ Sat, 12 Sep 2020 13:38:47: Fewer paired peaks (525) than 1000! Model may not be build well! Lower your MFOLD parameter may erase this warning. Now I will use 525 pairs to build model! 
INFO  @ Sat, 12 Sep 2020 13:38:47: start model_add_line... 
INFO  @ Sat, 12 Sep 2020 13:38:47: start X-correlation... 
INFO  @ Sat, 12 Sep 2020 13:38:47: end of X-cor 
INFO  @ Sat, 12 Sep 2020 13:38:47: #2 finished! 
INFO  @ Sat, 12 Sep 2020 13:38:47: #2 predicted fragment length is 45 bps 
INFO  @ Sat, 12 Sep 2020 13:38:47: #2 alternative fragment length(s) may be 45,141,184,266,401,542 bps 
INFO  @ Sat, 12 Sep 2020 13:38:47: #2.2 Generate R script for model : ko_p7_runx1.vs.ko_p7_input.markdup.uq_model.r 
WARNING @ Sat, 12 Sep 2020 13:38:47: #2 Since the d (45) calculated from paired-peaks are smaller than 2*tag length, it may be influenced by unknown sequencing problem! 
WARNING @ Sat, 12 Sep 2020 13:38:47: #2 You may need to consider one of the other alternative d(s): 45,141,184,266,401,542 
WARNING @ Sat, 12 Sep 2020 13:38:47: #2 You can restart the process with --nomodel --extsize XXX with your choice or an arbitrary number. Nontheless, MACS will continute computing. 
INFO  @ Sat, 12 Sep 2020 13:38:47: #3 Call peaks... 
INFO  @ Sat, 12 Sep 2020 13:38:47: #3 Pre-compute pvalue-qvalue table... 
INFO  @ Sat, 12 Sep 2020 13:39:47: #3 In the peak calling step, the following will be performed simultaneously: 
INFO  @ Sat, 12 Sep 2020 13:39:47: #3   Write bedGraph files for treatment pileup (after scaling if necessary)... ko_p7_runx1.vs.ko_p7_input.markdup.uq_treat_pileup.bdg 
INFO  @ Sat, 12 Sep 2020 13:39:47: #3   Write bedGraph files for control lambda (after scaling if necessary)... ko_p7_runx1.vs.ko_p7_input.markdup.uq_control_lambda.bdg 
INFO  @ Sat, 12 Sep 2020 13:39:47: #3   Pileup will be based on sequencing depth in control. 
INFO  @ Sat, 12 Sep 2020 13:39:47: #3 Call peaks for each chromosome... 
INFO  @ Sat, 12 Sep 2020 13:42:15: #4 Write output xls file... ko_p7_runx1.vs.ko_p7_input.markdup.uq_peaks.xls 
INFO  @ Sat, 12 Sep 2020 13:42:15: #4 Write peak in narrowPeak format file... ko_p7_runx1.vs.ko_p7_input.markdup.uq_peaks.narrowPeak 
INFO  @ Sat, 12 Sep 2020 13:42:15: #4 Write summits bed file... ko_p7_runx1.vs.ko_p7_input.markdup.uq_summits.bed 
INFO  @ Sat, 12 Sep 2020 13:42:15: Done! 
INFO  @ Sat, 12 Sep 2020 13:42:17: Read and build treatment bedGraph... 
INFO  @ Sat, 12 Sep 2020 13:42:53: Read and build control bedGraph... 
INFO  @ Sat, 12 Sep 2020 13:43:31: Build scoreTrackII... 
INFO  @ Sat, 12 Sep 2020 13:43:51: Calculate scores comparing treatment and control by 'qpois'... 
INFO  @ Sat, 12 Sep 2020 13:44:25: Write bedGraph of scores... 
INFO  @ Sat, 12 Sep 2020 13:44:31: Finished 'qpois'! Please check 'ko_p7_runx1.vs.ko_p7_input.markdup.uq_treat_pvalue.bdg'! 
INFO  @ Sat, 12 Sep 2020 13:44:33: Read and build treatment bedGraph... 
INFO  @ Sat, 12 Sep 2020 13:45:07: Read and build control bedGraph... 
INFO  @ Sat, 12 Sep 2020 13:45:44: Build scoreTrackII... 
INFO  @ Sat, 12 Sep 2020 13:46:04: Calculate scores comparing treatment and control by 'FE'... 
INFO  @ Sat, 12 Sep 2020 13:50:11: Write bedGraph of scores... 
INFO  @ Sat, 12 Sep 2020 13:51:23: Finished 'FE'! Please check 'ko_p7_runx1.vs.ko_p7_input.markdup.uq_FE.bdg'! 
INFO  @ Sat, 12 Sep 2020 13:51:26: Read and build treatment bedGraph... 
INFO  @ Sat, 12 Sep 2020 13:52:01: Read and build control bedGraph... 
INFO  @ Sat, 12 Sep 2020 13:52:38: Build scoreTrackII... 
INFO  @ Sat, 12 Sep 2020 13:52:58: Calculate scores comparing treatment and control by 'logLR'... 
INFO  @ Sat, 12 Sep 2020 13:53:19: Write bedGraph of scores... 
INFO  @ Sat, 12 Sep 2020 13:55:05: Finished 'logLR'! Please check 'ko_p7_runx1.vs.ko_p7_input.markdup.uq_logLR.bdg'! 
INFO  @ Sat, 12 Sep 2020 13:55:07: Read and build bedGraph... 
INFO  @ Sat, 12 Sep 2020 13:55:07: Call peaks from bedGraph... 
INFO  @ Sat, 12 Sep 2020 13:55:07: Write peaks... 
INFO  @ Sat, 12 Sep 2020 13:55:07: Done 
Traceback (most recent call last):
  File "/home/yli11/HemTools/bin/annot_gene_features.py", line 147, in <module>
    main()
  File "/home/yli11/HemTools/bin/annot_gene_features.py", line 111, in main
    get_annotation_data(args)
  File "/home/yli11/HemTools/bin/annot_gene_features.py", line 85, in get_annotation_data
    args.tss = myData['%s_gencode33_TSS'%(args.genome)]
KeyError: 'mm9_gencode33_TSS'
Traceback (most recent call last):
  File "/home/yli11/HemTools/bin/pie_plot.py", line 95, in <module>
    main()
  File "/home/yli11/HemTools/bin/pie_plot.py", line 74, in main
    args.sep = guess_sep(args.input)
  File "/home/yli11/HemTools/bin/pie_plot.py", line 35, in guess_sep
    with open(x) as f:
FileNotFoundError: [Errno 2] No such file or directory: 'ko_p7_runx1.vs.ko_p7_input.markdup.uq_peaks.rmblck.narrowPeak.annot.tsv'
