[M::bwa_idx_load_from_disk] read 0 ALT contigs
[M::process] read 1176472 sequences (60000072 bp)...
[M::process] read 1176472 sequences (60000072 bp)...
[M::mem_process_seqs] Processed 1176472 reads in 318.591 CPU sec, 53.990 real sec
[M::process] read 1176472 sequences (60000072 bp)...
[M::mem_process_seqs] Processed 1176472 reads in 310.362 CPU sec, 51.820 real sec
[M::process] read 1176472 sequences (60000072 bp)...
[M::mem_process_seqs] Processed 1176472 reads in 310.053 CPU sec, 52.096 real sec
[M::process] read 1176472 sequences (60000072 bp)...
[M::mem_process_seqs] Processed 1176472 reads in 305.339 CPU sec, 50.694 real sec
[M::process] read 1176472 sequences (60000072 bp)...
[M::mem_process_seqs] Processed 1176472 reads in 304.270 CPU sec, 50.752 real sec
[M::process] read 1176472 sequences (60000072 bp)...
[M::mem_process_seqs] Processed 1176472 reads in 307.084 CPU sec, 51.237 real sec
[M::process] read 1176472 sequences (60000072 bp)...
[M::mem_process_seqs] Processed 1176472 reads in 306.824 CPU sec, 51.037 real sec
[M::process] read 1176472 sequences (60000072 bp)...
[M::mem_process_seqs] Processed 1176472 reads in 305.136 CPU sec, 50.779 real sec
[M::process] read 1176472 sequences (60000072 bp)...
[M::mem_process_seqs] Processed 1176472 reads in 304.319 CPU sec, 50.602 real sec
[M::process] read 1176472 sequences (60000072 bp)...
[M::mem_process_seqs] Processed 1176472 reads in 305.857 CPU sec, 50.819 real sec
[M::process] read 1176472 sequences (60000072 bp)...
[M::mem_process_seqs] Processed 1176472 reads in 302.021 CPU sec, 50.399 real sec
[M::process] read 169797 sequences (8659647 bp)...
[M::mem_process_seqs] Processed 1176472 reads in 304.139 CPU sec, 50.776 real sec
[M::mem_process_seqs] Processed 169797 reads in 49.647 CPU sec, 8.121 real sec
[main] Version: 0.7.16a-r1181
[main] CMD: bwa mem -t 6 /research/dept/hem/common/sequencing/chenggrp/pipelines/subcmd/../mm9/bwa_16a_index/mm9.fa wt_p7_pu1_R1.fastq.gz
[main] Real time: 664.899 sec; CPU: 3740.187 sec
