Sender: LSF System <lsfadmin@nodecn217>
Subject: Job 109706107[1]: <html[1-1]> in cluster <hpcf_research_cluster> Done

Job <html[1-1]> was submitted from host <nodecn125> by user <yli11> in cluster <hpcf_research_cluster> at Sat Sep 12 09:46:43 2020.
Job was executed on host(s) <nodecn217>, in queue <standard>, as user <yli11> in cluster <hpcf_research_cluster> at Sat Sep 12 15:46:48 2020.
</home/yli11> was used as the home directory.
</home/yli11/Share/Megan/HPC5/PU1/pu1_fastq_files> was used as the working directory.
Started at Sat Sep 12 15:46:48 2020.
Terminated at Sat Sep 12 15:47:59 2020.
Results reported at Sat Sep 12 15:47:59 2020.

Your job looked like:

------------------------------------------------------------
# LSBATCH: User input


#BSUB -P chip_seq_single
#BSUB -o chip_seq_single_yli11_2020-09-12/log_files/chip_seq_single_yli11_2020-09-12.html.message_%J_%I.out -e chip_seq_single_yli11_2020-09-12/log_files/chip_seq_single_yli11_2020-09-12.html.message_%J_%I.err
#BSUB -n 1
#BSUB -q standard
#BSUB -R "span[hosts=1] rusage[mem=8000]"
#BSUB -J "html[1-1]"
module purge
#BSUB -w "ended(109706096) && ended(109706099) && ended(109706098) && ended(109706103) && ended(109706097) && ended(109706106) && ended(109706104) && ended(109706101) && ended(109706105) && ended(109706102) && ended(109706100)"
module load python/2.7.13

id=$LSB_JOBINDEX
COL1=`head -n $id SE.list|tail -n1|awk -F "	" '{print $1}'`
COL2=`head -n $id SE.list|tail -n1|awk -F "	" '{print $2}'`
COL3=`head -n $id SE.list|tail -n1|awk -F "	" '{print $3}'`
COL4=`head -n $id SE.list|tail -n1|awk -F "	" '{print $4}'`
COL5=`head -n $id SE.list|tail -n1|awk -F "	" '{print $5}'`
COL6=`head -n $id SE.list|tail -n1|awk -F "	" '{print $6}'`
LINE=`head -n $id SE.list|tail -n1`

/research/dept/hem/common/sequencing/chenggrp/pipelines/subcmd/NGS.report.py chip_seq_single_yli11_2020-09-12 chip_seq_single ko_p9_pu1_R1.fastq.gz,wt_p7_runx1_R1.fastq.gz,ko_p7_pu1_R1.fastq.gz,wt_p9_input_R1.fastq.gz,ko_p9_runx1_R1.fastq.gz,ko_p9_input_R1.fastq.gz,wt_p9_runx1_R1.fastq.gz,wt_p7_input_R1.fastq.gz,ko_p7_input_R1.fastq.gz,wt_p7_pu1_R1.fastq.gz,ko_p7_runx1_R1.fastq.gz,wt_p9_pu1_R1.fastq.gz ko_p9_pu1,wt_p7_runx1,ko_p7_pu1,wt_p9_input,ko_p9_runx1,ko_p9_input,wt_p9_runx1,wt_p7_input,ko_p7_input,wt_p7_pu1,ko_p7_runx1,wt_p9_pu1
/research/dept/hem/common/sequencing/chenggrp/pipelines/subcmd/send_email.py 059f51e07425.bwDict
mkdir chip_seq_single_yli11_2020-09-12
mkdir chip_seq_single_yli11_2020-09-12/figures_tables
mv chip_seq_single_yli11_2020-09-12.report.html chip_seq_single_yli11_2020-09-12/figures_tables
mkdir chip_seq_single_yli11_2020-09-12/log_files
mv chip_seq_single_yli11_2020-09-12.fastqc.input chip_seq_single_yli11_2020-09-12/log_files
mv chip_seq_single_yli11_2020-09-12.fastqc.lsf chip_seq_single_yli11_2020-09-12/log_files
mv chip_seq_single_yli11_2020-09-12.fastqc.message_109706096_1.out chip_seq_single_yli11_2020-09-12/log_files
mv chip_seq_single_yli11_2020-09-12.fastqc.message_109706096_1.err chip_seq_single_yli11_2020-09-12/log_files
mv chip_seq_single_yli11_2020-09-12.fastqc.message_109706096_2.out chip_seq_single_yli11_2020-09-12/log_files
mv chip_seq_single_yli11_2020-09-12.fastqc.message_109706096_2.err chip_seq_single_yli11_2020-09-12/log_files
mv chip_seq_single_yli11_2020-09-12.fastqc.message_109706096_3.out chip_seq_single_yli11_2020-09-12/log_files
mv chip_seq_single_yli11_2020-09-12.fastqc.message_109706096_3.err chip_seq_single_yli11_2020-09-12/log_files
mv chip_seq_single_yli11_2020-09-12.fastqc.message_109706096_4.out chip_seq_single_yli11_2020-09-12/log_files
mv chip_seq_single_yli11_2020-09-12.fastqc.message_109706096_4.err chip_seq_single_yli11_2020-09-12/log_files
mv chip_seq_single_yli11_2020-09-12.fastqc.message_109706096_5.out chip_seq_single_yli11_2020-09-12/log_files
mv chip_seq_single_yli11_2020-09-12.fastqc.message_109706096_5.err chip_seq_single_yli11_2020-09-12/log_files
mv chip_seq_single_yli11_2020-09-12.fastqc.message_109706096_6.out chip_seq_single_yli11_2020-09-12/log_files
mv chip_seq_single_yli11_2020-09-12.fastqc.message_109706096_6.err chip_seq_single_yli11_2020-09-12/log_files
mv chip_seq_single_yli11_2020-09-12.fastqc.message_109706096_7.out chip_seq_single_yli11_2020-09-12/log_files
mv chip_seq_single_yli11_2020-09-12.fastqc.message_109706096_7.err chip_seq_single_yli11_2020-09-12/log_files
mv chip_seq_single_yli11_2020-09-12.fastqc.message_109706096_8.out chip_seq_single_yli11_2020-09-12/log_files
mv chip_seq_single_yli11_2020-09-12.fastqc.message_109706096_8.err chip_seq_single_yli11_2020-09-12/log_files
mv chip_seq_single_yli11_2020-09-12.fastqc.message_109706096_9.out chip_seq_single_yli11_2020-09-12/log_files
mv chip_seq_single_yli11_2020-09-12.fastqc.message_109706096_9.err chip_seq_single_yli11_2020-09-12/log_files
mv chip_seq_single_yli11_2020-09-12.fastqc.message_109706096_10.out chip_seq_single_yli11_2020-09-12/log_files
mv chip_seq_single_yli11_2020-09-12.fastqc.message_109706096_10.err chip_seq_single_yli11_2020-09-12/log_files
mv chip_seq_single_yli11_2020-09-12.fastqc.message_109706096_11.out chip_seq_single_yli11_2020-09-12/log_files

(... more ...)
------------------------------------------------------------

Successfully completed.

Resource usage summary:

    CPU time :                                   54.80 sec.
    Max Memory :                                 69 MB
    Average Memory :                             39.07 MB
    Total Requested Memory :                     8000.00 MB
    Delta Memory :                               7931.00 MB
    Max Swap :                                   -
    Max Processes :                              4
    Max Threads :                                32
    Run time :                                   70 sec.
    Turnaround time :                            21676 sec.

The output (if any) follows:



PS:

Read file <chip_seq_single_yli11_2020-09-12/log_files/chip_seq_single_yli11_2020-09-12.html.message_109706107_1.err> for stderr output of this job.

