Sender: LSF System <lsfadmin@nodecn268>
Subject: Job 109706099[2]: <spp[1-12]> in cluster <hpcf_research_cluster> Done

Job <spp[1-12]> was submitted from host <nodecn125> by user <yli11> in cluster <hpcf_research_cluster> at Sat Sep 12 09:46:43 2020.
Job was executed on host(s) <2*nodecn268>, in queue <standard>, as user <yli11> in cluster <hpcf_research_cluster> at Sat Sep 12 10:14:18 2020.
</home/yli11> was used as the home directory.
</home/yli11/Share/Megan/HPC5/PU1/pu1_fastq_files> was used as the working directory.
Started at Sat Sep 12 10:14:18 2020.
Terminated at Sat Sep 12 10:22:30 2020.
Results reported at Sat Sep 12 10:22:30 2020.

Your job looked like:

------------------------------------------------------------
# LSBATCH: User input


#BSUB -P chip_seq_single
#BSUB -o chip_seq_single_yli11_2020-09-12.spp.message_%J_%I.out -e chip_seq_single_yli11_2020-09-12.spp.message_%J_%I.err
#BSUB -n 2
#BSUB -q standard
#BSUB -R "span[hosts=1] rusage[mem=6000]"
#BSUB -J "spp[1-12]"
module purge
#BSUB -w "ended(109706098[*])"
module load R/3.4.0
module load samtools/1.7

id=$LSB_JOBINDEX
COL1=`head -n $id SE.list|tail -n1|awk -F "	" '{print $1}'`
COL2=`head -n $id SE.list|tail -n1|awk -F "	" '{print $2}'`
COL3=`head -n $id SE.list|tail -n1|awk -F "	" '{print $3}'`
COL4=`head -n $id SE.list|tail -n1|awk -F "	" '{print $4}'`
COL5=`head -n $id SE.list|tail -n1|awk -F "	" '{print $5}'`
COL6=`head -n $id SE.list|tail -n1|awk -F "	" '{print $6}'`
LINE=`head -n $id SE.list|tail -n1`

Rscript /research/dept/hem/common/sequencing/chenggrp/pipelines/subcmd/../bin/run_spp.R -c=${COL2}.markdup.uq.bam -p=2 -savp -odir=. -rf > ${COL2}.spp.log

		
------------------------------------------------------------

Successfully completed.

Resource usage summary:

    CPU time :                                   831.75 sec.
    Max Memory :                                 1412 MB
    Average Memory :                             1081.70 MB
    Total Requested Memory :                     12000.00 MB
    Delta Memory :                               10588.00 MB
    Max Swap :                                   -
    Max Processes :                              7
    Max Threads :                                8
    Run time :                                   490 sec.
    Turnaround time :                            2147 sec.

The output (if any) follows:



PS:

Read file <chip_seq_single_yli11_2020-09-12.spp.message_109706099_2.err> for stderr output of this job.

