INFO  @ Sat, 12 Sep 2020 12:25:56: 
# Command line: callpeak -t wt_p9_runx1.bam -c wt_p9_input.bam --keep-dup all -n wt_p9_runx1.vs.wt_p9_input -B -g mm
# ARGUMENTS LIST:
# name = wt_p9_runx1.vs.wt_p9_input
# format = AUTO
# ChIP-seq file = ['wt_p9_runx1.bam']
# control file = ['wt_p9_input.bam']
# effective genome size = 1.87e+09
# band width = 300
# model fold = [5, 50]
# qvalue cutoff = 5.00e-02
# Larger dataset will be scaled towards smaller dataset.
# Range for calculating regional lambda is: 1000 bps and 10000 bps
# Broad region calling is off
# Paired-End mode is off
 
INFO  @ Sat, 12 Sep 2020 12:25:56: #1 read tag files... 
INFO  @ Sat, 12 Sep 2020 12:25:56: #1 read treatment tags... 
INFO  @ Sat, 12 Sep 2020 12:25:56: Detected format is: BAM 
INFO  @ Sat, 12 Sep 2020 12:25:56: * Input file is gzipped. 
INFO  @ Sat, 12 Sep 2020 12:26:00:  1000000 
INFO  @ Sat, 12 Sep 2020 12:26:04:  2000000 
INFO  @ Sat, 12 Sep 2020 12:26:07:  3000000 
INFO  @ Sat, 12 Sep 2020 12:26:11:  4000000 
INFO  @ Sat, 12 Sep 2020 12:26:15:  5000000 
INFO  @ Sat, 12 Sep 2020 12:26:19:  6000000 
INFO  @ Sat, 12 Sep 2020 12:26:22:  7000000 
INFO  @ Sat, 12 Sep 2020 12:26:26:  8000000 
INFO  @ Sat, 12 Sep 2020 12:26:30:  9000000 
INFO  @ Sat, 12 Sep 2020 12:26:33:  10000000 
INFO  @ Sat, 12 Sep 2020 12:26:37:  11000000 
INFO  @ Sat, 12 Sep 2020 12:26:41:  12000000 
INFO  @ Sat, 12 Sep 2020 12:26:45:  13000000 
INFO  @ Sat, 12 Sep 2020 12:26:48:  14000000 
INFO  @ Sat, 12 Sep 2020 12:26:52:  15000000 
INFO  @ Sat, 12 Sep 2020 12:26:56:  16000000 
INFO  @ Sat, 12 Sep 2020 12:27:00:  17000000 
INFO  @ Sat, 12 Sep 2020 12:27:03:  18000000 
INFO  @ Sat, 12 Sep 2020 12:27:08: #1.2 read input tags... 
INFO  @ Sat, 12 Sep 2020 12:27:08: Detected format is: BAM 
INFO  @ Sat, 12 Sep 2020 12:27:08: * Input file is gzipped. 
INFO  @ Sat, 12 Sep 2020 12:27:12:  1000000 
INFO  @ Sat, 12 Sep 2020 12:27:16:  2000000 
INFO  @ Sat, 12 Sep 2020 12:27:19:  3000000 
INFO  @ Sat, 12 Sep 2020 12:27:23:  4000000 
INFO  @ Sat, 12 Sep 2020 12:27:27:  5000000 
INFO  @ Sat, 12 Sep 2020 12:27:31:  6000000 
INFO  @ Sat, 12 Sep 2020 12:27:35:  7000000 
INFO  @ Sat, 12 Sep 2020 12:27:39:  8000000 
INFO  @ Sat, 12 Sep 2020 12:27:43:  9000000 
INFO  @ Sat, 12 Sep 2020 12:27:46:  10000000 
INFO  @ Sat, 12 Sep 2020 12:27:50:  11000000 
INFO  @ Sat, 12 Sep 2020 12:27:54:  12000000 
INFO  @ Sat, 12 Sep 2020 12:27:58:  13000000 
INFO  @ Sat, 12 Sep 2020 12:28:02:  14000000 
INFO  @ Sat, 12 Sep 2020 12:28:06:  15000000 
INFO  @ Sat, 12 Sep 2020 12:28:10:  16000000 
INFO  @ Sat, 12 Sep 2020 12:28:14:  17000000 
INFO  @ Sat, 12 Sep 2020 12:28:17:  18000000 
INFO  @ Sat, 12 Sep 2020 12:28:21:  19000000 
INFO  @ Sat, 12 Sep 2020 12:28:25:  20000000 
INFO  @ Sat, 12 Sep 2020 12:28:29:  21000000 
INFO  @ Sat, 12 Sep 2020 12:28:33:  22000000 
INFO  @ Sat, 12 Sep 2020 12:28:37:  23000000 
INFO  @ Sat, 12 Sep 2020 12:28:41:  24000000 
INFO  @ Sat, 12 Sep 2020 12:28:44: #1 tag size is determined as 51 bps 
INFO  @ Sat, 12 Sep 2020 12:28:44: #1 tag size = 51 
INFO  @ Sat, 12 Sep 2020 12:28:44: #1  total tags in treatment: 15946061 
INFO  @ Sat, 12 Sep 2020 12:28:44: #1  total tags in control: 23705307 
INFO  @ Sat, 12 Sep 2020 12:28:44: #1 finished! 
INFO  @ Sat, 12 Sep 2020 12:28:44: #2 Build Peak Model... 
INFO  @ Sat, 12 Sep 2020 12:28:44: #2 looking for paired plus/minus strand peaks... 
INFO  @ Sat, 12 Sep 2020 12:28:46: #2 number of paired peaks: 1480 
INFO  @ Sat, 12 Sep 2020 12:28:46: start model_add_line... 
INFO  @ Sat, 12 Sep 2020 12:28:46: start X-correlation... 
INFO  @ Sat, 12 Sep 2020 12:28:46: end of X-cor 
INFO  @ Sat, 12 Sep 2020 12:28:46: #2 finished! 
INFO  @ Sat, 12 Sep 2020 12:28:46: #2 predicted fragment length is 46 bps 
INFO  @ Sat, 12 Sep 2020 12:28:46: #2 alternative fragment length(s) may be 46,139,232 bps 
INFO  @ Sat, 12 Sep 2020 12:28:46: #2.2 Generate R script for model : wt_p9_runx1.vs.wt_p9_input_model.r 
WARNING @ Sat, 12 Sep 2020 12:28:46: #2 Since the d (46) calculated from paired-peaks are smaller than 2*tag length, it may be influenced by unknown sequencing problem! 
WARNING @ Sat, 12 Sep 2020 12:28:46: #2 You may need to consider one of the other alternative d(s): 46,139,232 
WARNING @ Sat, 12 Sep 2020 12:28:46: #2 You can restart the process with --nomodel --extsize XXX with your choice or an arbitrary number. Nontheless, MACS will continute computing. 
INFO  @ Sat, 12 Sep 2020 12:28:46: #3 Call peaks... 
INFO  @ Sat, 12 Sep 2020 12:28:46: #3 Pre-compute pvalue-qvalue table... 
INFO  @ Sat, 12 Sep 2020 12:30:12: #3 In the peak calling step, the following will be performed simultaneously: 
INFO  @ Sat, 12 Sep 2020 12:30:12: #3   Write bedGraph files for treatment pileup (after scaling if necessary)... wt_p9_runx1.vs.wt_p9_input_treat_pileup.bdg 
INFO  @ Sat, 12 Sep 2020 12:30:12: #3   Write bedGraph files for control lambda (after scaling if necessary)... wt_p9_runx1.vs.wt_p9_input_control_lambda.bdg 
INFO  @ Sat, 12 Sep 2020 12:30:12: #3   Pileup will be based on sequencing depth in treatment. 
INFO  @ Sat, 12 Sep 2020 12:30:12: #3 Call peaks for each chromosome... 
INFO  @ Sat, 12 Sep 2020 12:33:06: #4 Write output xls file... wt_p9_runx1.vs.wt_p9_input_peaks.xls 
INFO  @ Sat, 12 Sep 2020 12:33:06: #4 Write peak in narrowPeak format file... wt_p9_runx1.vs.wt_p9_input_peaks.narrowPeak 
INFO  @ Sat, 12 Sep 2020 12:33:06: #4 Write summits bed file... wt_p9_runx1.vs.wt_p9_input_summits.bed 
INFO  @ Sat, 12 Sep 2020 12:33:06: Done! 
INFO  @ Sat, 12 Sep 2020 12:33:08: Read and build treatment bedGraph... 
INFO  @ Sat, 12 Sep 2020 12:33:36: Read and build control bedGraph... 
INFO  @ Sat, 12 Sep 2020 12:34:27: Build scoreTrackII... 
INFO  @ Sat, 12 Sep 2020 12:34:49: Calculate scores comparing treatment and control by 'qpois'... 
INFO  @ Sat, 12 Sep 2020 12:35:42: Write bedGraph of scores... 
INFO  @ Sat, 12 Sep 2020 12:35:49: Finished 'qpois'! Please check 'wt_p9_runx1.vs.wt_p9_input_treat_pvalue.bdg'! 
INFO  @ Sat, 12 Sep 2020 12:35:50: Read and build treatment bedGraph... 
INFO  @ Sat, 12 Sep 2020 12:36:19: Read and build control bedGraph... 
INFO  @ Sat, 12 Sep 2020 12:37:10: Build scoreTrackII... 
INFO  @ Sat, 12 Sep 2020 12:37:32: Calculate scores comparing treatment and control by 'FE'... 
INFO  @ Sat, 12 Sep 2020 12:41:39: Write bedGraph of scores... 
INFO  @ Sat, 12 Sep 2020 12:42:40: Finished 'FE'! Please check 'wt_p9_runx1.vs.wt_p9_input_FE.bdg'! 
INFO  @ Sat, 12 Sep 2020 12:42:42: Read and build treatment bedGraph... 
INFO  @ Sat, 12 Sep 2020 12:43:11: Read and build control bedGraph... 
INFO  @ Sat, 12 Sep 2020 12:44:02: Build scoreTrackII... 
INFO  @ Sat, 12 Sep 2020 12:44:24: Calculate scores comparing treatment and control by 'logLR'... 
INFO  @ Sat, 12 Sep 2020 12:44:47: Write bedGraph of scores... 
INFO  @ Sat, 12 Sep 2020 12:46:38: Finished 'logLR'! Please check 'wt_p9_runx1.vs.wt_p9_input_logLR.bdg'! 
INFO  @ Sat, 12 Sep 2020 12:46:40: Read and build bedGraph... 
INFO  @ Sat, 12 Sep 2020 12:46:40: Call peaks from bedGraph... 
INFO  @ Sat, 12 Sep 2020 12:46:40: Write peaks... 
INFO  @ Sat, 12 Sep 2020 12:46:40: Done 
Traceback (most recent call last):
  File "/home/yli11/HemTools/bin/annot_gene_features.py", line 147, in <module>
    main()
  File "/home/yli11/HemTools/bin/annot_gene_features.py", line 111, in main
    get_annotation_data(args)
  File "/home/yli11/HemTools/bin/annot_gene_features.py", line 85, in get_annotation_data
    args.tss = myData['%s_gencode33_TSS'%(args.genome)]
KeyError: 'mm9_gencode33_TSS'
Traceback (most recent call last):
  File "/home/yli11/HemTools/bin/pie_plot.py", line 95, in <module>
    main()
  File "/home/yli11/HemTools/bin/pie_plot.py", line 74, in main
    args.sep = guess_sep(args.input)
  File "/home/yli11/HemTools/bin/pie_plot.py", line 35, in guess_sep
    with open(x) as f:
FileNotFoundError: [Errno 2] No such file or directory: 'wt_p9_runx1.vs.wt_p9_input_peaks.rmblck.narrowPeak.annot.tsv'
INFO  @ Sat, 12 Sep 2020 12:50:49: 
# Command line: callpeak -t wt_p9_runx1.rmdup.uq.rmchrM.bam -c wt_p9_input.rmdup.uq.rmchrM.bam --keep-dup all -n wt_p9_runx1.vs.wt_p9_input.rmdup.uq.rmchrM -B -g mm
# ARGUMENTS LIST:
# name = wt_p9_runx1.vs.wt_p9_input.rmdup.uq.rmchrM
# format = AUTO
# ChIP-seq file = ['wt_p9_runx1.rmdup.uq.rmchrM.bam']
# control file = ['wt_p9_input.rmdup.uq.rmchrM.bam']
# effective genome size = 1.87e+09
# band width = 300
# model fold = [5, 50]
# qvalue cutoff = 5.00e-02
# Larger dataset will be scaled towards smaller dataset.
# Range for calculating regional lambda is: 1000 bps and 10000 bps
# Broad region calling is off
# Paired-End mode is off
 
INFO  @ Sat, 12 Sep 2020 12:50:49: #1 read tag files... 
INFO  @ Sat, 12 Sep 2020 12:50:49: #1 read treatment tags... 
INFO  @ Sat, 12 Sep 2020 12:50:49: Detected format is: BAM 
INFO  @ Sat, 12 Sep 2020 12:50:49: * Input file is gzipped. 
INFO  @ Sat, 12 Sep 2020 12:50:52:  1000000 
INFO  @ Sat, 12 Sep 2020 12:50:56:  2000000 
INFO  @ Sat, 12 Sep 2020 12:51:00:  3000000 
INFO  @ Sat, 12 Sep 2020 12:51:03:  4000000 
INFO  @ Sat, 12 Sep 2020 12:51:07:  5000000 
INFO  @ Sat, 12 Sep 2020 12:51:11:  6000000 
INFO  @ Sat, 12 Sep 2020 12:51:14:  7000000 
INFO  @ Sat, 12 Sep 2020 12:51:18:  8000000 
INFO  @ Sat, 12 Sep 2020 12:51:21:  9000000 
INFO  @ Sat, 12 Sep 2020 12:51:25:  10000000 
INFO  @ Sat, 12 Sep 2020 12:51:29:  11000000 
INFO  @ Sat, 12 Sep 2020 12:51:31: #1.2 read input tags... 
INFO  @ Sat, 12 Sep 2020 12:51:31: Detected format is: BAM 
INFO  @ Sat, 12 Sep 2020 12:51:31: * Input file is gzipped. 
INFO  @ Sat, 12 Sep 2020 12:51:35:  1000000 
INFO  @ Sat, 12 Sep 2020 12:51:38:  2000000 
INFO  @ Sat, 12 Sep 2020 12:51:42:  3000000 
INFO  @ Sat, 12 Sep 2020 12:51:45:  4000000 
INFO  @ Sat, 12 Sep 2020 12:51:49:  5000000 
INFO  @ Sat, 12 Sep 2020 12:51:53:  6000000 
INFO  @ Sat, 12 Sep 2020 12:51:56:  7000000 
INFO  @ Sat, 12 Sep 2020 12:52:00:  8000000 
INFO  @ Sat, 12 Sep 2020 12:52:04:  9000000 
INFO  @ Sat, 12 Sep 2020 12:52:07:  10000000 
INFO  @ Sat, 12 Sep 2020 12:52:11:  11000000 
INFO  @ Sat, 12 Sep 2020 12:52:14:  12000000 
INFO  @ Sat, 12 Sep 2020 12:52:18:  13000000 
INFO  @ Sat, 12 Sep 2020 12:52:22:  14000000 
INFO  @ Sat, 12 Sep 2020 12:52:25:  15000000 
INFO  @ Sat, 12 Sep 2020 12:52:29:  16000000 
INFO  @ Sat, 12 Sep 2020 12:52:33:  17000000 
INFO  @ Sat, 12 Sep 2020 12:52:34: #1 tag size is determined as 51 bps 
INFO  @ Sat, 12 Sep 2020 12:52:34: #1 tag size = 51 
INFO  @ Sat, 12 Sep 2020 12:52:34: #1  total tags in treatment: 11607753 
INFO  @ Sat, 12 Sep 2020 12:52:34: #1  total tags in control: 17216989 
INFO  @ Sat, 12 Sep 2020 12:52:34: #1 finished! 
INFO  @ Sat, 12 Sep 2020 12:52:34: #2 Build Peak Model... 
INFO  @ Sat, 12 Sep 2020 12:52:34: #2 looking for paired plus/minus strand peaks... 
INFO  @ Sat, 12 Sep 2020 12:52:35: #2 number of paired peaks: 2687 
INFO  @ Sat, 12 Sep 2020 12:52:35: start model_add_line... 
INFO  @ Sat, 12 Sep 2020 12:52:35: start X-correlation... 
INFO  @ Sat, 12 Sep 2020 12:52:35: end of X-cor 
INFO  @ Sat, 12 Sep 2020 12:52:35: #2 finished! 
INFO  @ Sat, 12 Sep 2020 12:52:35: #2 predicted fragment length is 215 bps 
INFO  @ Sat, 12 Sep 2020 12:52:35: #2 alternative fragment length(s) may be 215 bps 
INFO  @ Sat, 12 Sep 2020 12:52:35: #2.2 Generate R script for model : wt_p9_runx1.vs.wt_p9_input.rmdup.uq.rmchrM_model.r 
INFO  @ Sat, 12 Sep 2020 12:52:35: #3 Call peaks... 
INFO  @ Sat, 12 Sep 2020 12:52:35: #3 Pre-compute pvalue-qvalue table... 
INFO  @ Sat, 12 Sep 2020 12:53:41: #3 In the peak calling step, the following will be performed simultaneously: 
INFO  @ Sat, 12 Sep 2020 12:53:41: #3   Write bedGraph files for treatment pileup (after scaling if necessary)... wt_p9_runx1.vs.wt_p9_input.rmdup.uq.rmchrM_treat_pileup.bdg 
INFO  @ Sat, 12 Sep 2020 12:53:41: #3   Write bedGraph files for control lambda (after scaling if necessary)... wt_p9_runx1.vs.wt_p9_input.rmdup.uq.rmchrM_control_lambda.bdg 
INFO  @ Sat, 12 Sep 2020 12:53:41: #3   Pileup will be based on sequencing depth in treatment. 
INFO  @ Sat, 12 Sep 2020 12:53:41: #3 Call peaks for each chromosome... 
INFO  @ Sat, 12 Sep 2020 12:56:01: #4 Write output xls file... wt_p9_runx1.vs.wt_p9_input.rmdup.uq.rmchrM_peaks.xls 
INFO  @ Sat, 12 Sep 2020 12:56:01: #4 Write peak in narrowPeak format file... wt_p9_runx1.vs.wt_p9_input.rmdup.uq.rmchrM_peaks.narrowPeak 
INFO  @ Sat, 12 Sep 2020 12:56:01: #4 Write summits bed file... wt_p9_runx1.vs.wt_p9_input.rmdup.uq.rmchrM_summits.bed 
INFO  @ Sat, 12 Sep 2020 12:56:01: Done! 
INFO  @ Sat, 12 Sep 2020 12:56:03: Read and build treatment bedGraph... 
INFO  @ Sat, 12 Sep 2020 12:56:28: Read and build control bedGraph... 
INFO  @ Sat, 12 Sep 2020 12:57:08: Build scoreTrackII... 
INFO  @ Sat, 12 Sep 2020 12:57:25: Calculate scores comparing treatment and control by 'qpois'... 
INFO  @ Sat, 12 Sep 2020 12:57:50: Write bedGraph of scores... 
INFO  @ Sat, 12 Sep 2020 12:57:55: Finished 'qpois'! Please check 'wt_p9_runx1.vs.wt_p9_input.rmdup.uq.rmchrM_treat_pvalue.bdg'! 
INFO  @ Sat, 12 Sep 2020 12:57:57: Read and build treatment bedGraph... 
INFO  @ Sat, 12 Sep 2020 12:58:22: Read and build control bedGraph... 
INFO  @ Sat, 12 Sep 2020 12:59:01: Build scoreTrackII... 
INFO  @ Sat, 12 Sep 2020 12:59:19: Calculate scores comparing treatment and control by 'FE'... 
INFO  @ Sat, 12 Sep 2020 13:02:37: Write bedGraph of scores... 
INFO  @ Sat, 12 Sep 2020 13:03:51: Finished 'FE'! Please check 'wt_p9_runx1.vs.wt_p9_input.rmdup.uq.rmchrM_FE.bdg'! 
INFO  @ Sat, 12 Sep 2020 13:03:54: Read and build treatment bedGraph... 
INFO  @ Sat, 12 Sep 2020 13:04:19: Read and build control bedGraph... 
INFO  @ Sat, 12 Sep 2020 13:04:59: Build scoreTrackII... 
INFO  @ Sat, 12 Sep 2020 13:05:16: Calculate scores comparing treatment and control by 'logLR'... 
INFO  @ Sat, 12 Sep 2020 13:05:34: Write bedGraph of scores... 
INFO  @ Sat, 12 Sep 2020 13:07:03: Finished 'logLR'! Please check 'wt_p9_runx1.vs.wt_p9_input.rmdup.uq.rmchrM_logLR.bdg'! 
INFO  @ Sat, 12 Sep 2020 13:07:04: Read and build bedGraph... 
INFO  @ Sat, 12 Sep 2020 13:07:04: Call peaks from bedGraph... 
INFO  @ Sat, 12 Sep 2020 13:07:04: Write peaks... 
INFO  @ Sat, 12 Sep 2020 13:07:04: Done 
Traceback (most recent call last):
  File "/home/yli11/HemTools/bin/annot_gene_features.py", line 147, in <module>
    main()
  File "/home/yli11/HemTools/bin/annot_gene_features.py", line 111, in main
    get_annotation_data(args)
  File "/home/yli11/HemTools/bin/annot_gene_features.py", line 85, in get_annotation_data
    args.tss = myData['%s_gencode33_TSS'%(args.genome)]
KeyError: 'mm9_gencode33_TSS'
Traceback (most recent call last):
  File "/home/yli11/HemTools/bin/pie_plot.py", line 95, in <module>
    main()
  File "/home/yli11/HemTools/bin/pie_plot.py", line 74, in main
    args.sep = guess_sep(args.input)
  File "/home/yli11/HemTools/bin/pie_plot.py", line 35, in guess_sep
    with open(x) as f:
FileNotFoundError: [Errno 2] No such file or directory: 'wt_p9_runx1.vs.wt_p9_input.rmdup.uq.rmchrM_peaks.rmblck.narrowPeak.annot.tsv'
INFO  @ Sat, 12 Sep 2020 13:11:54: 
# Command line: callpeak -t wt_p9_runx1.rmdup.bam -c wt_p9_input.rmdup.bam --keep-dup all -n wt_p9_runx1.vs.wt_p9_input.rmdup -B -g mm
# ARGUMENTS LIST:
# name = wt_p9_runx1.vs.wt_p9_input.rmdup
# format = AUTO
# ChIP-seq file = ['wt_p9_runx1.rmdup.bam']
# control file = ['wt_p9_input.rmdup.bam']
# effective genome size = 1.87e+09
# band width = 300
# model fold = [5, 50]
# qvalue cutoff = 5.00e-02
# Larger dataset will be scaled towards smaller dataset.
# Range for calculating regional lambda is: 1000 bps and 10000 bps
# Broad region calling is off
# Paired-End mode is off
 
INFO  @ Sat, 12 Sep 2020 13:11:54: #1 read tag files... 
INFO  @ Sat, 12 Sep 2020 13:11:54: #1 read treatment tags... 
INFO  @ Sat, 12 Sep 2020 13:11:54: Detected format is: BAM 
INFO  @ Sat, 12 Sep 2020 13:11:54: * Input file is gzipped. 
INFO  @ Sat, 12 Sep 2020 13:11:58:  1000000 
INFO  @ Sat, 12 Sep 2020 13:12:01:  2000000 
INFO  @ Sat, 12 Sep 2020 13:12:05:  3000000 
INFO  @ Sat, 12 Sep 2020 13:12:08:  4000000 
INFO  @ Sat, 12 Sep 2020 13:12:12:  5000000 
INFO  @ Sat, 12 Sep 2020 13:12:16:  6000000 
INFO  @ Sat, 12 Sep 2020 13:12:19:  7000000 
INFO  @ Sat, 12 Sep 2020 13:12:23:  8000000 
INFO  @ Sat, 12 Sep 2020 13:12:26:  9000000 
INFO  @ Sat, 12 Sep 2020 13:12:30:  10000000 
INFO  @ Sat, 12 Sep 2020 13:12:33:  11000000 
INFO  @ Sat, 12 Sep 2020 13:12:37:  12000000 
INFO  @ Sat, 12 Sep 2020 13:12:41:  13000000 
INFO  @ Sat, 12 Sep 2020 13:12:43:  14000000 
INFO  @ Sat, 12 Sep 2020 13:12:46:  15000000 
INFO  @ Sat, 12 Sep 2020 13:12:48:  16000000 
INFO  @ Sat, 12 Sep 2020 13:12:49: #1.2 read input tags... 
INFO  @ Sat, 12 Sep 2020 13:12:49: Detected format is: BAM 
INFO  @ Sat, 12 Sep 2020 13:12:49: * Input file is gzipped. 
INFO  @ Sat, 12 Sep 2020 13:12:53:  1000000 
INFO  @ Sat, 12 Sep 2020 13:12:56:  2000000 
INFO  @ Sat, 12 Sep 2020 13:13:00:  3000000 
INFO  @ Sat, 12 Sep 2020 13:13:03:  4000000 
INFO  @ Sat, 12 Sep 2020 13:13:07:  5000000 
INFO  @ Sat, 12 Sep 2020 13:13:10:  6000000 
INFO  @ Sat, 12 Sep 2020 13:13:14:  7000000 
INFO  @ Sat, 12 Sep 2020 13:13:17:  8000000 
INFO  @ Sat, 12 Sep 2020 13:13:21:  9000000 
INFO  @ Sat, 12 Sep 2020 13:13:24:  10000000 
INFO  @ Sat, 12 Sep 2020 13:13:28:  11000000 
INFO  @ Sat, 12 Sep 2020 13:13:31:  12000000 
INFO  @ Sat, 12 Sep 2020 13:13:35:  13000000 
INFO  @ Sat, 12 Sep 2020 13:13:39:  14000000 
INFO  @ Sat, 12 Sep 2020 13:13:42:  15000000 
INFO  @ Sat, 12 Sep 2020 13:13:46:  16000000 
INFO  @ Sat, 12 Sep 2020 13:13:49:  17000000 
INFO  @ Sat, 12 Sep 2020 13:13:53:  18000000 
INFO  @ Sat, 12 Sep 2020 13:13:56:  19000000 
INFO  @ Sat, 12 Sep 2020 13:14:00:  20000000 
INFO  @ Sat, 12 Sep 2020 13:14:01: #1 tag size is determined as 51 bps 
INFO  @ Sat, 12 Sep 2020 13:14:01: #1 tag size = 51 
INFO  @ Sat, 12 Sep 2020 13:14:01: #1  total tags in treatment: 13386060 
INFO  @ Sat, 12 Sep 2020 13:14:01: #1  total tags in control: 19560791 
INFO  @ Sat, 12 Sep 2020 13:14:01: #1 finished! 
INFO  @ Sat, 12 Sep 2020 13:14:01: #2 Build Peak Model... 
INFO  @ Sat, 12 Sep 2020 13:14:01: #2 looking for paired plus/minus strand peaks... 
INFO  @ Sat, 12 Sep 2020 13:14:02: #2 number of paired peaks: 1991 
INFO  @ Sat, 12 Sep 2020 13:14:02: start model_add_line... 
INFO  @ Sat, 12 Sep 2020 13:14:02: start X-correlation... 
INFO  @ Sat, 12 Sep 2020 13:14:02: end of X-cor 
INFO  @ Sat, 12 Sep 2020 13:14:02: #2 finished! 
INFO  @ Sat, 12 Sep 2020 13:14:02: #2 predicted fragment length is 47 bps 
INFO  @ Sat, 12 Sep 2020 13:14:02: #2 alternative fragment length(s) may be 47,137 bps 
INFO  @ Sat, 12 Sep 2020 13:14:02: #2.2 Generate R script for model : wt_p9_runx1.vs.wt_p9_input.rmdup_model.r 
WARNING @ Sat, 12 Sep 2020 13:14:02: #2 Since the d (47) calculated from paired-peaks are smaller than 2*tag length, it may be influenced by unknown sequencing problem! 
WARNING @ Sat, 12 Sep 2020 13:14:02: #2 You may need to consider one of the other alternative d(s): 47,137 
WARNING @ Sat, 12 Sep 2020 13:14:02: #2 You can restart the process with --nomodel --extsize XXX with your choice or an arbitrary number. Nontheless, MACS will continute computing. 
INFO  @ Sat, 12 Sep 2020 13:14:02: #3 Call peaks... 
INFO  @ Sat, 12 Sep 2020 13:14:02: #3 Pre-compute pvalue-qvalue table... 
INFO  @ Sat, 12 Sep 2020 13:15:17: #3 In the peak calling step, the following will be performed simultaneously: 
INFO  @ Sat, 12 Sep 2020 13:15:17: #3   Write bedGraph files for treatment pileup (after scaling if necessary)... wt_p9_runx1.vs.wt_p9_input.rmdup_treat_pileup.bdg 
INFO  @ Sat, 12 Sep 2020 13:15:17: #3   Write bedGraph files for control lambda (after scaling if necessary)... wt_p9_runx1.vs.wt_p9_input.rmdup_control_lambda.bdg 
INFO  @ Sat, 12 Sep 2020 13:15:17: #3   Pileup will be based on sequencing depth in treatment. 
INFO  @ Sat, 12 Sep 2020 13:15:17: #3 Call peaks for each chromosome... 
INFO  @ Sat, 12 Sep 2020 13:18:15: #4 Write output xls file... wt_p9_runx1.vs.wt_p9_input.rmdup_peaks.xls 
INFO  @ Sat, 12 Sep 2020 13:18:15: #4 Write peak in narrowPeak format file... wt_p9_runx1.vs.wt_p9_input.rmdup_peaks.narrowPeak 
INFO  @ Sat, 12 Sep 2020 13:18:15: #4 Write summits bed file... wt_p9_runx1.vs.wt_p9_input.rmdup_summits.bed 
INFO  @ Sat, 12 Sep 2020 13:18:15: Done! 
INFO  @ Sat, 12 Sep 2020 13:18:17: Read and build treatment bedGraph... 
INFO  @ Sat, 12 Sep 2020 13:18:45: Read and build control bedGraph... 
INFO  @ Sat, 12 Sep 2020 13:19:40: Build scoreTrackII... 
INFO  @ Sat, 12 Sep 2020 13:20:02: Calculate scores comparing treatment and control by 'qpois'... 
INFO  @ Sat, 12 Sep 2020 13:20:34: Write bedGraph of scores... 
INFO  @ Sat, 12 Sep 2020 13:20:41: Finished 'qpois'! Please check 'wt_p9_runx1.vs.wt_p9_input.rmdup_treat_pvalue.bdg'! 
INFO  @ Sat, 12 Sep 2020 13:20:43: Read and build treatment bedGraph... 
INFO  @ Sat, 12 Sep 2020 13:21:11: Read and build control bedGraph... 
INFO  @ Sat, 12 Sep 2020 13:22:05: Build scoreTrackII... 
INFO  @ Sat, 12 Sep 2020 13:22:28: Calculate scores comparing treatment and control by 'FE'... 
INFO  @ Sat, 12 Sep 2020 13:26:47: Write bedGraph of scores... 
INFO  @ Sat, 12 Sep 2020 13:27:50: Finished 'FE'! Please check 'wt_p9_runx1.vs.wt_p9_input.rmdup_FE.bdg'! 
INFO  @ Sat, 12 Sep 2020 13:27:53: Read and build treatment bedGraph... 
INFO  @ Sat, 12 Sep 2020 13:28:21: Read and build control bedGraph... 
INFO  @ Sat, 12 Sep 2020 13:29:15: Build scoreTrackII... 
INFO  @ Sat, 12 Sep 2020 13:29:37: Calculate scores comparing treatment and control by 'logLR'... 
INFO  @ Sat, 12 Sep 2020 13:30:00: Write bedGraph of scores... 
INFO  @ Sat, 12 Sep 2020 13:31:56: Finished 'logLR'! Please check 'wt_p9_runx1.vs.wt_p9_input.rmdup_logLR.bdg'! 
INFO  @ Sat, 12 Sep 2020 13:31:57: Read and build bedGraph... 
INFO  @ Sat, 12 Sep 2020 13:31:57: Call peaks from bedGraph... 
INFO  @ Sat, 12 Sep 2020 13:31:57: Write peaks... 
INFO  @ Sat, 12 Sep 2020 13:31:57: Done 
Traceback (most recent call last):
  File "/home/yli11/HemTools/bin/annot_gene_features.py", line 147, in <module>
    main()
  File "/home/yli11/HemTools/bin/annot_gene_features.py", line 111, in main
    get_annotation_data(args)
  File "/home/yli11/HemTools/bin/annot_gene_features.py", line 85, in get_annotation_data
    args.tss = myData['%s_gencode33_TSS'%(args.genome)]
KeyError: 'mm9_gencode33_TSS'
Traceback (most recent call last):
  File "/home/yli11/HemTools/bin/pie_plot.py", line 95, in <module>
    main()
  File "/home/yli11/HemTools/bin/pie_plot.py", line 74, in main
    args.sep = guess_sep(args.input)
  File "/home/yli11/HemTools/bin/pie_plot.py", line 35, in guess_sep
    with open(x) as f:
FileNotFoundError: [Errno 2] No such file or directory: 'wt_p9_runx1.vs.wt_p9_input.rmdup_peaks.rmblck.narrowPeak.annot.tsv'
INFO  @ Sat, 12 Sep 2020 13:36:07: 
# Command line: callpeak -t wt_p9_runx1.markdup.uq.bam -c wt_p9_input.markdup.uq.bam --keep-dup all -n wt_p9_runx1.vs.wt_p9_input.markdup.uq -B -g mm
# ARGUMENTS LIST:
# name = wt_p9_runx1.vs.wt_p9_input.markdup.uq
# format = AUTO
# ChIP-seq file = ['wt_p9_runx1.markdup.uq.bam']
# control file = ['wt_p9_input.markdup.uq.bam']
# effective genome size = 1.87e+09
# band width = 300
# model fold = [5, 50]
# qvalue cutoff = 5.00e-02
# Larger dataset will be scaled towards smaller dataset.
# Range for calculating regional lambda is: 1000 bps and 10000 bps
# Broad region calling is off
# Paired-End mode is off
 
INFO  @ Sat, 12 Sep 2020 13:36:07: #1 read tag files... 
INFO  @ Sat, 12 Sep 2020 13:36:07: #1 read treatment tags... 
INFO  @ Sat, 12 Sep 2020 13:36:07: Detected format is: BAM 
INFO  @ Sat, 12 Sep 2020 13:36:07: * Input file is gzipped. 
INFO  @ Sat, 12 Sep 2020 13:36:11:  1000000 
INFO  @ Sat, 12 Sep 2020 13:36:14:  2000000 
INFO  @ Sat, 12 Sep 2020 13:36:18:  3000000 
INFO  @ Sat, 12 Sep 2020 13:36:22:  4000000 
INFO  @ Sat, 12 Sep 2020 13:36:25:  5000000 
INFO  @ Sat, 12 Sep 2020 13:36:29:  6000000 
INFO  @ Sat, 12 Sep 2020 13:36:32:  7000000 
INFO  @ Sat, 12 Sep 2020 13:36:36:  8000000 
INFO  @ Sat, 12 Sep 2020 13:36:40:  9000000 
INFO  @ Sat, 12 Sep 2020 13:36:43:  10000000 
INFO  @ Sat, 12 Sep 2020 13:36:47:  11000000 
INFO  @ Sat, 12 Sep 2020 13:36:50:  12000000 
INFO  @ Sat, 12 Sep 2020 13:36:53: #1.2 read input tags... 
INFO  @ Sat, 12 Sep 2020 13:36:53: Detected format is: BAM 
INFO  @ Sat, 12 Sep 2020 13:36:53: * Input file is gzipped. 
INFO  @ Sat, 12 Sep 2020 13:36:57:  1000000 
INFO  @ Sat, 12 Sep 2020 13:37:00:  2000000 
INFO  @ Sat, 12 Sep 2020 13:37:04:  3000000 
INFO  @ Sat, 12 Sep 2020 13:37:07:  4000000 
INFO  @ Sat, 12 Sep 2020 13:37:11:  5000000 
INFO  @ Sat, 12 Sep 2020 13:37:14:  6000000 
INFO  @ Sat, 12 Sep 2020 13:37:18:  7000000 
INFO  @ Sat, 12 Sep 2020 13:37:22:  8000000 
INFO  @ Sat, 12 Sep 2020 13:37:25:  9000000 
INFO  @ Sat, 12 Sep 2020 13:37:29:  10000000 
INFO  @ Sat, 12 Sep 2020 13:37:32:  11000000 
INFO  @ Sat, 12 Sep 2020 13:37:36:  12000000 
INFO  @ Sat, 12 Sep 2020 13:37:39:  13000000 
INFO  @ Sat, 12 Sep 2020 13:37:43:  14000000 
INFO  @ Sat, 12 Sep 2020 13:37:46:  15000000 
INFO  @ Sat, 12 Sep 2020 13:37:50:  16000000 
INFO  @ Sat, 12 Sep 2020 13:37:54:  17000000 
INFO  @ Sat, 12 Sep 2020 13:37:57:  18000000 
INFO  @ Sat, 12 Sep 2020 13:38:01: #1 tag size is determined as 51 bps 
INFO  @ Sat, 12 Sep 2020 13:38:01: #1 tag size = 51 
INFO  @ Sat, 12 Sep 2020 13:38:01: #1  total tags in treatment: 12752073 
INFO  @ Sat, 12 Sep 2020 13:38:01: #1  total tags in control: 18961482 
INFO  @ Sat, 12 Sep 2020 13:38:01: #1 finished! 
INFO  @ Sat, 12 Sep 2020 13:38:01: #2 Build Peak Model... 
INFO  @ Sat, 12 Sep 2020 13:38:01: #2 looking for paired plus/minus strand peaks... 
INFO  @ Sat, 12 Sep 2020 13:38:02: #2 number of paired peaks: 2366 
INFO  @ Sat, 12 Sep 2020 13:38:02: start model_add_line... 
INFO  @ Sat, 12 Sep 2020 13:38:02: start X-correlation... 
INFO  @ Sat, 12 Sep 2020 13:38:02: end of X-cor 
INFO  @ Sat, 12 Sep 2020 13:38:02: #2 finished! 
INFO  @ Sat, 12 Sep 2020 13:38:02: #2 predicted fragment length is 176 bps 
INFO  @ Sat, 12 Sep 2020 13:38:02: #2 alternative fragment length(s) may be 48,176,227 bps 
INFO  @ Sat, 12 Sep 2020 13:38:02: #2.2 Generate R script for model : wt_p9_runx1.vs.wt_p9_input.markdup.uq_model.r 
INFO  @ Sat, 12 Sep 2020 13:38:02: #3 Call peaks... 
INFO  @ Sat, 12 Sep 2020 13:38:02: #3 Pre-compute pvalue-qvalue table... 
INFO  @ Sat, 12 Sep 2020 13:39:16: #3 In the peak calling step, the following will be performed simultaneously: 
INFO  @ Sat, 12 Sep 2020 13:39:16: #3   Write bedGraph files for treatment pileup (after scaling if necessary)... wt_p9_runx1.vs.wt_p9_input.markdup.uq_treat_pileup.bdg 
INFO  @ Sat, 12 Sep 2020 13:39:16: #3   Write bedGraph files for control lambda (after scaling if necessary)... wt_p9_runx1.vs.wt_p9_input.markdup.uq_control_lambda.bdg 
INFO  @ Sat, 12 Sep 2020 13:39:16: #3   Pileup will be based on sequencing depth in treatment. 
INFO  @ Sat, 12 Sep 2020 13:39:16: #3 Call peaks for each chromosome... 
INFO  @ Sat, 12 Sep 2020 13:41:35: #4 Write output xls file... wt_p9_runx1.vs.wt_p9_input.markdup.uq_peaks.xls 
INFO  @ Sat, 12 Sep 2020 13:41:35: #4 Write peak in narrowPeak format file... wt_p9_runx1.vs.wt_p9_input.markdup.uq_peaks.narrowPeak 
INFO  @ Sat, 12 Sep 2020 13:41:35: #4 Write summits bed file... wt_p9_runx1.vs.wt_p9_input.markdup.uq_summits.bed 
INFO  @ Sat, 12 Sep 2020 13:41:35: Done! 
INFO  @ Sat, 12 Sep 2020 13:41:37: Read and build treatment bedGraph... 
INFO  @ Sat, 12 Sep 2020 13:42:01: Read and build control bedGraph... 
INFO  @ Sat, 12 Sep 2020 13:42:38: Build scoreTrackII... 
INFO  @ Sat, 12 Sep 2020 13:42:55: Calculate scores comparing treatment and control by 'qpois'... 
INFO  @ Sat, 12 Sep 2020 13:43:33: Write bedGraph of scores... 
INFO  @ Sat, 12 Sep 2020 13:43:38: Finished 'qpois'! Please check 'wt_p9_runx1.vs.wt_p9_input.markdup.uq_treat_pvalue.bdg'! 
INFO  @ Sat, 12 Sep 2020 13:43:40: Read and build treatment bedGraph... 
INFO  @ Sat, 12 Sep 2020 13:44:05: Read and build control bedGraph... 
INFO  @ Sat, 12 Sep 2020 13:44:43: Build scoreTrackII... 
INFO  @ Sat, 12 Sep 2020 13:45:00: Calculate scores comparing treatment and control by 'FE'... 
INFO  @ Sat, 12 Sep 2020 13:48:14: Write bedGraph of scores... 
INFO  @ Sat, 12 Sep 2020 13:49:22: Finished 'FE'! Please check 'wt_p9_runx1.vs.wt_p9_input.markdup.uq_FE.bdg'! 
INFO  @ Sat, 12 Sep 2020 13:49:24: Read and build treatment bedGraph... 
INFO  @ Sat, 12 Sep 2020 13:49:49: Read and build control bedGraph... 
INFO  @ Sat, 12 Sep 2020 13:50:25: Build scoreTrackII... 
INFO  @ Sat, 12 Sep 2020 13:50:42: Calculate scores comparing treatment and control by 'logLR'... 
INFO  @ Sat, 12 Sep 2020 13:50:59: Write bedGraph of scores... 
INFO  @ Sat, 12 Sep 2020 13:52:23: Finished 'logLR'! Please check 'wt_p9_runx1.vs.wt_p9_input.markdup.uq_logLR.bdg'! 
INFO  @ Sat, 12 Sep 2020 13:52:25: Read and build bedGraph... 
INFO  @ Sat, 12 Sep 2020 13:52:25: Call peaks from bedGraph... 
INFO  @ Sat, 12 Sep 2020 13:52:25: Write peaks... 
INFO  @ Sat, 12 Sep 2020 13:52:25: Done 
Traceback (most recent call last):
  File "/home/yli11/HemTools/bin/annot_gene_features.py", line 147, in <module>
    main()
  File "/home/yli11/HemTools/bin/annot_gene_features.py", line 111, in main
    get_annotation_data(args)
  File "/home/yli11/HemTools/bin/annot_gene_features.py", line 85, in get_annotation_data
    args.tss = myData['%s_gencode33_TSS'%(args.genome)]
KeyError: 'mm9_gencode33_TSS'
Traceback (most recent call last):
  File "/home/yli11/HemTools/bin/pie_plot.py", line 95, in <module>
    main()
  File "/home/yli11/HemTools/bin/pie_plot.py", line 74, in main
    args.sep = guess_sep(args.input)
  File "/home/yli11/HemTools/bin/pie_plot.py", line 35, in guess_sep
    with open(x) as f:
FileNotFoundError: [Errno 2] No such file or directory: 'wt_p9_runx1.vs.wt_p9_input.markdup.uq_peaks.rmblck.narrowPeak.annot.tsv'
