Sender: LSF System <lsfadmin@nodecn242>
Subject: Job 109706102[7]: <rmdup.uq.bw[1-12]> in cluster <hpcf_research_cluster> Done

Job <rmdup.uq.bw[1-12]> was submitted from host <nodecn125> by user <yli11> in cluster <hpcf_research_cluster> at Sat Sep 12 09:46:43 2020.
Job was executed on host(s) <6*nodecn242>, in queue <standard>, as user <yli11> in cluster <hpcf_research_cluster> at Sat Sep 12 10:04:48 2020.
</home/yli11> was used as the home directory.
</home/yli11/Share/Megan/HPC5/PU1/pu1_fastq_files> was used as the working directory.
Started at Sat Sep 12 10:04:48 2020.
Terminated at Sat Sep 12 10:09:22 2020.
Results reported at Sat Sep 12 10:09:22 2020.

Your job looked like:

------------------------------------------------------------
# LSBATCH: User input


#BSUB -P chip_seq_single
#BSUB -o chip_seq_single_yli11_2020-09-12.rmdup.uq.bw.message_%J_%I.out -e chip_seq_single_yli11_2020-09-12.rmdup.uq.bw.message_%J_%I.err
#BSUB -n 6
#BSUB -q standard
#BSUB -R "span[hosts=1] rusage[mem=4500]"
#BSUB -J "rmdup.uq.bw[1-12]"
module purge
#BSUB -w "ended(109706098[*])"
#BSUB -R "select[rhel7]"
module load python/2.7.15-rhel7

id=$LSB_JOBINDEX
COL1=`head -n $id SE.list|tail -n1|awk -F "	" '{print $1}'`
COL2=`head -n $id SE.list|tail -n1|awk -F "	" '{print $2}'`
COL3=`head -n $id SE.list|tail -n1|awk -F "	" '{print $3}'`
COL4=`head -n $id SE.list|tail -n1|awk -F "	" '{print $4}'`
COL5=`head -n $id SE.list|tail -n1|awk -F "	" '{print $5}'`
COL6=`head -n $id SE.list|tail -n1|awk -F "	" '{print $6}'`
LINE=`head -n $id SE.list|tail -n1`

bamCoverage -b ${COL2}.rmdup.uq.bam -o ${COL2}.rmdup.uq.bw --smoothLength=200 --ignoreForNormalization chrX chrM   --effectiveGenomeSize 1865500000 --numberOfProcessors 6

		
------------------------------------------------------------

Successfully completed.

Resource usage summary:

    CPU time :                                   1141.07 sec.
    Max Memory :                                 184 MB
    Average Memory :                             158.85 MB
    Total Requested Memory :                     27000.00 MB
    Delta Memory :                               26816.00 MB
    Max Swap :                                   -
    Max Processes :                              10
    Max Threads :                                14
    Run time :                                   273 sec.
    Turnaround time :                            1359 sec.

The output (if any) follows:



PS:

Read file <chip_seq_single_yli11_2020-09-12.rmdup.uq.bw.message_109706102_7.err> for stderr output of this job.

