INFO  @ Sat, 12 Sep 2020 12:25:57: 
# Command line: callpeak -t wt_p9_pu1.bam -c wt_p9_input.bam --keep-dup all -n wt_p9_pu1.vs.wt_p9_input -B -g mm
# ARGUMENTS LIST:
# name = wt_p9_pu1.vs.wt_p9_input
# format = AUTO
# ChIP-seq file = ['wt_p9_pu1.bam']
# control file = ['wt_p9_input.bam']
# effective genome size = 1.87e+09
# band width = 300
# model fold = [5, 50]
# qvalue cutoff = 5.00e-02
# Larger dataset will be scaled towards smaller dataset.
# Range for calculating regional lambda is: 1000 bps and 10000 bps
# Broad region calling is off
# Paired-End mode is off
 
INFO  @ Sat, 12 Sep 2020 12:25:57: #1 read tag files... 
INFO  @ Sat, 12 Sep 2020 12:25:57: #1 read treatment tags... 
INFO  @ Sat, 12 Sep 2020 12:25:57: Detected format is: BAM 
INFO  @ Sat, 12 Sep 2020 12:25:57: * Input file is gzipped. 
INFO  @ Sat, 12 Sep 2020 12:26:01:  1000000 
INFO  @ Sat, 12 Sep 2020 12:26:04:  2000000 
INFO  @ Sat, 12 Sep 2020 12:26:08:  3000000 
INFO  @ Sat, 12 Sep 2020 12:26:12:  4000000 
INFO  @ Sat, 12 Sep 2020 12:26:15:  5000000 
INFO  @ Sat, 12 Sep 2020 12:26:19:  6000000 
INFO  @ Sat, 12 Sep 2020 12:26:22:  7000000 
INFO  @ Sat, 12 Sep 2020 12:26:26:  8000000 
INFO  @ Sat, 12 Sep 2020 12:26:30:  9000000 
INFO  @ Sat, 12 Sep 2020 12:26:33:  10000000 
INFO  @ Sat, 12 Sep 2020 12:26:37:  11000000 
INFO  @ Sat, 12 Sep 2020 12:26:41:  12000000 
INFO  @ Sat, 12 Sep 2020 12:26:44:  13000000 
INFO  @ Sat, 12 Sep 2020 12:26:48:  14000000 
INFO  @ Sat, 12 Sep 2020 12:26:51:  15000000 
INFO  @ Sat, 12 Sep 2020 12:26:55:  16000000 
INFO  @ Sat, 12 Sep 2020 12:26:58:  17000000 
INFO  @ Sat, 12 Sep 2020 12:27:02:  18000000 
INFO  @ Sat, 12 Sep 2020 12:27:06:  19000000 
INFO  @ Sat, 12 Sep 2020 12:27:09:  20000000 
INFO  @ Sat, 12 Sep 2020 12:27:13:  21000000 
INFO  @ Sat, 12 Sep 2020 12:27:17:  22000000 
INFO  @ Sat, 12 Sep 2020 12:27:20:  23000000 
INFO  @ Sat, 12 Sep 2020 12:27:24:  24000000 
INFO  @ Sat, 12 Sep 2020 12:27:27:  25000000 
INFO  @ Sat, 12 Sep 2020 12:27:31:  26000000 
INFO  @ Sat, 12 Sep 2020 12:27:36: #1.2 read input tags... 
INFO  @ Sat, 12 Sep 2020 12:27:36: Detected format is: BAM 
INFO  @ Sat, 12 Sep 2020 12:27:36: * Input file is gzipped. 
INFO  @ Sat, 12 Sep 2020 12:27:40:  1000000 
INFO  @ Sat, 12 Sep 2020 12:27:43:  2000000 
INFO  @ Sat, 12 Sep 2020 12:27:47:  3000000 
INFO  @ Sat, 12 Sep 2020 12:27:51:  4000000 
INFO  @ Sat, 12 Sep 2020 12:27:54:  5000000 
INFO  @ Sat, 12 Sep 2020 12:27:58:  6000000 
INFO  @ Sat, 12 Sep 2020 12:28:02:  7000000 
INFO  @ Sat, 12 Sep 2020 12:28:05:  8000000 
INFO  @ Sat, 12 Sep 2020 12:28:09:  9000000 
INFO  @ Sat, 12 Sep 2020 12:28:12:  10000000 
INFO  @ Sat, 12 Sep 2020 12:28:16:  11000000 
INFO  @ Sat, 12 Sep 2020 12:28:20:  12000000 
INFO  @ Sat, 12 Sep 2020 12:28:23:  13000000 
INFO  @ Sat, 12 Sep 2020 12:28:27:  14000000 
INFO  @ Sat, 12 Sep 2020 12:28:31:  15000000 
INFO  @ Sat, 12 Sep 2020 12:28:35:  16000000 
INFO  @ Sat, 12 Sep 2020 12:28:39:  17000000 
INFO  @ Sat, 12 Sep 2020 12:28:42:  18000000 
INFO  @ Sat, 12 Sep 2020 12:28:46:  19000000 
INFO  @ Sat, 12 Sep 2020 12:28:50:  20000000 
INFO  @ Sat, 12 Sep 2020 12:28:53:  21000000 
INFO  @ Sat, 12 Sep 2020 12:28:57:  22000000 
INFO  @ Sat, 12 Sep 2020 12:29:01:  23000000 
INFO  @ Sat, 12 Sep 2020 12:29:04:  24000000 
INFO  @ Sat, 12 Sep 2020 12:29:08: #1 tag size is determined as 51 bps 
INFO  @ Sat, 12 Sep 2020 12:29:08: #1 tag size = 51 
INFO  @ Sat, 12 Sep 2020 12:29:08: #1  total tags in treatment: 25752442 
INFO  @ Sat, 12 Sep 2020 12:29:08: #1  total tags in control: 23705307 
INFO  @ Sat, 12 Sep 2020 12:29:08: #1 finished! 
INFO  @ Sat, 12 Sep 2020 12:29:08: #2 Build Peak Model... 
INFO  @ Sat, 12 Sep 2020 12:29:08: #2 looking for paired plus/minus strand peaks... 
INFO  @ Sat, 12 Sep 2020 12:29:10: #2 number of paired peaks: 15235 
INFO  @ Sat, 12 Sep 2020 12:29:10: start model_add_line... 
INFO  @ Sat, 12 Sep 2020 12:29:11: start X-correlation... 
INFO  @ Sat, 12 Sep 2020 12:29:11: end of X-cor 
INFO  @ Sat, 12 Sep 2020 12:29:11: #2 finished! 
INFO  @ Sat, 12 Sep 2020 12:29:11: #2 predicted fragment length is 241 bps 
INFO  @ Sat, 12 Sep 2020 12:29:11: #2 alternative fragment length(s) may be 241 bps 
INFO  @ Sat, 12 Sep 2020 12:29:11: #2.2 Generate R script for model : wt_p9_pu1.vs.wt_p9_input_model.r 
INFO  @ Sat, 12 Sep 2020 12:29:11: #3 Call peaks... 
INFO  @ Sat, 12 Sep 2020 12:29:11: #3 Pre-compute pvalue-qvalue table... 
INFO  @ Sat, 12 Sep 2020 12:31:41: #3 In the peak calling step, the following will be performed simultaneously: 
INFO  @ Sat, 12 Sep 2020 12:31:41: #3   Write bedGraph files for treatment pileup (after scaling if necessary)... wt_p9_pu1.vs.wt_p9_input_treat_pileup.bdg 
INFO  @ Sat, 12 Sep 2020 12:31:41: #3   Write bedGraph files for control lambda (after scaling if necessary)... wt_p9_pu1.vs.wt_p9_input_control_lambda.bdg 
INFO  @ Sat, 12 Sep 2020 12:31:41: #3   Pileup will be based on sequencing depth in control. 
INFO  @ Sat, 12 Sep 2020 12:31:41: #3 Call peaks for each chromosome... 
INFO  @ Sat, 12 Sep 2020 12:34:18: #4 Write output xls file... wt_p9_pu1.vs.wt_p9_input_peaks.xls 
INFO  @ Sat, 12 Sep 2020 12:34:18: #4 Write peak in narrowPeak format file... wt_p9_pu1.vs.wt_p9_input_peaks.narrowPeak 
INFO  @ Sat, 12 Sep 2020 12:34:19: #4 Write summits bed file... wt_p9_pu1.vs.wt_p9_input_summits.bed 
INFO  @ Sat, 12 Sep 2020 12:34:19: Done! 
INFO  @ Sat, 12 Sep 2020 12:34:20: Read and build treatment bedGraph... 
INFO  @ Sat, 12 Sep 2020 12:35:05: Read and build control bedGraph... 
INFO  @ Sat, 12 Sep 2020 12:35:27: Build scoreTrackII... 
INFO  @ Sat, 12 Sep 2020 12:35:45: Calculate scores comparing treatment and control by 'qpois'... 
INFO  @ Sat, 12 Sep 2020 12:38:26: Write bedGraph of scores... 
INFO  @ Sat, 12 Sep 2020 12:38:36: Finished 'qpois'! Please check 'wt_p9_pu1.vs.wt_p9_input_treat_pvalue.bdg'! 
INFO  @ Sat, 12 Sep 2020 12:38:37: Read and build treatment bedGraph... 
INFO  @ Sat, 12 Sep 2020 12:39:22: Read and build control bedGraph... 
INFO  @ Sat, 12 Sep 2020 12:39:44: Build scoreTrackII... 
INFO  @ Sat, 12 Sep 2020 12:40:02: Calculate scores comparing treatment and control by 'FE'... 
INFO  @ Sat, 12 Sep 2020 12:43:25: Write bedGraph of scores... 
INFO  @ Sat, 12 Sep 2020 12:44:55: Finished 'FE'! Please check 'wt_p9_pu1.vs.wt_p9_input_FE.bdg'! 
INFO  @ Sat, 12 Sep 2020 12:44:57: Read and build treatment bedGraph... 
INFO  @ Sat, 12 Sep 2020 12:45:43: Read and build control bedGraph... 
INFO  @ Sat, 12 Sep 2020 12:46:05: Build scoreTrackII... 
INFO  @ Sat, 12 Sep 2020 12:46:23: Calculate scores comparing treatment and control by 'logLR'... 
INFO  @ Sat, 12 Sep 2020 12:46:42: Write bedGraph of scores... 
INFO  @ Sat, 12 Sep 2020 12:48:16: Finished 'logLR'! Please check 'wt_p9_pu1.vs.wt_p9_input_logLR.bdg'! 
INFO  @ Sat, 12 Sep 2020 12:48:18: Read and build bedGraph... 
INFO  @ Sat, 12 Sep 2020 12:48:21: Call peaks from bedGraph... 
INFO  @ Sat, 12 Sep 2020 12:48:21: Write peaks... 
INFO  @ Sat, 12 Sep 2020 12:48:22: Done 
Traceback (most recent call last):
  File "/home/yli11/HemTools/bin/annot_gene_features.py", line 147, in <module>
    main()
  File "/home/yli11/HemTools/bin/annot_gene_features.py", line 111, in main
    get_annotation_data(args)
  File "/home/yli11/HemTools/bin/annot_gene_features.py", line 85, in get_annotation_data
    args.tss = myData['%s_gencode33_TSS'%(args.genome)]
KeyError: 'mm9_gencode33_TSS'
Traceback (most recent call last):
  File "/home/yli11/HemTools/bin/pie_plot.py", line 95, in <module>
    main()
  File "/home/yli11/HemTools/bin/pie_plot.py", line 74, in main
    args.sep = guess_sep(args.input)
  File "/home/yli11/HemTools/bin/pie_plot.py", line 35, in guess_sep
    with open(x) as f:
FileNotFoundError: [Errno 2] No such file or directory: 'wt_p9_pu1.vs.wt_p9_input_peaks.rmblck.narrowPeak.annot.tsv'
INFO  @ Sat, 12 Sep 2020 12:53:05: 
# Command line: callpeak -t wt_p9_pu1.rmdup.uq.rmchrM.bam -c wt_p9_input.rmdup.uq.rmchrM.bam --keep-dup all -n wt_p9_pu1.vs.wt_p9_input.rmdup.uq.rmchrM -B -g mm
# ARGUMENTS LIST:
# name = wt_p9_pu1.vs.wt_p9_input.rmdup.uq.rmchrM
# format = AUTO
# ChIP-seq file = ['wt_p9_pu1.rmdup.uq.rmchrM.bam']
# control file = ['wt_p9_input.rmdup.uq.rmchrM.bam']
# effective genome size = 1.87e+09
# band width = 300
# model fold = [5, 50]
# qvalue cutoff = 5.00e-02
# Larger dataset will be scaled towards smaller dataset.
# Range for calculating regional lambda is: 1000 bps and 10000 bps
# Broad region calling is off
# Paired-End mode is off
 
INFO  @ Sat, 12 Sep 2020 12:53:05: #1 read tag files... 
INFO  @ Sat, 12 Sep 2020 12:53:05: #1 read treatment tags... 
INFO  @ Sat, 12 Sep 2020 12:53:05: Detected format is: BAM 
INFO  @ Sat, 12 Sep 2020 12:53:05: * Input file is gzipped. 
INFO  @ Sat, 12 Sep 2020 12:53:08:  1000000 
INFO  @ Sat, 12 Sep 2020 12:53:12:  2000000 
INFO  @ Sat, 12 Sep 2020 12:53:15:  3000000 
INFO  @ Sat, 12 Sep 2020 12:53:18:  4000000 
INFO  @ Sat, 12 Sep 2020 12:53:22:  5000000 
INFO  @ Sat, 12 Sep 2020 12:53:25:  6000000 
INFO  @ Sat, 12 Sep 2020 12:53:28:  7000000 
INFO  @ Sat, 12 Sep 2020 12:53:32:  8000000 
INFO  @ Sat, 12 Sep 2020 12:53:35:  9000000 
INFO  @ Sat, 12 Sep 2020 12:53:38:  10000000 
INFO  @ Sat, 12 Sep 2020 12:53:42:  11000000 
INFO  @ Sat, 12 Sep 2020 12:53:45:  12000000 
INFO  @ Sat, 12 Sep 2020 12:53:48:  13000000 
INFO  @ Sat, 12 Sep 2020 12:53:52:  14000000 
INFO  @ Sat, 12 Sep 2020 12:53:55:  15000000 
INFO  @ Sat, 12 Sep 2020 12:53:58:  16000000 
INFO  @ Sat, 12 Sep 2020 12:54:02:  17000000 
INFO  @ Sat, 12 Sep 2020 12:54:05:  18000000 
INFO  @ Sat, 12 Sep 2020 12:54:08:  19000000 
INFO  @ Sat, 12 Sep 2020 12:54:09: #1.2 read input tags... 
INFO  @ Sat, 12 Sep 2020 12:54:09: Detected format is: BAM 
INFO  @ Sat, 12 Sep 2020 12:54:09: * Input file is gzipped. 
INFO  @ Sat, 12 Sep 2020 12:54:12:  1000000 
INFO  @ Sat, 12 Sep 2020 12:54:15:  2000000 
INFO  @ Sat, 12 Sep 2020 12:54:19:  3000000 
INFO  @ Sat, 12 Sep 2020 12:54:22:  4000000 
INFO  @ Sat, 12 Sep 2020 12:54:26:  5000000 
INFO  @ Sat, 12 Sep 2020 12:54:29:  6000000 
INFO  @ Sat, 12 Sep 2020 12:54:33:  7000000 
INFO  @ Sat, 12 Sep 2020 12:54:36:  8000000 
INFO  @ Sat, 12 Sep 2020 12:54:40:  9000000 
INFO  @ Sat, 12 Sep 2020 12:54:43:  10000000 
INFO  @ Sat, 12 Sep 2020 12:54:46:  11000000 
INFO  @ Sat, 12 Sep 2020 12:54:50:  12000000 
INFO  @ Sat, 12 Sep 2020 12:54:53:  13000000 
INFO  @ Sat, 12 Sep 2020 12:54:57:  14000000 
INFO  @ Sat, 12 Sep 2020 12:55:01:  15000000 
INFO  @ Sat, 12 Sep 2020 12:55:04:  16000000 
INFO  @ Sat, 12 Sep 2020 12:55:07:  17000000 
INFO  @ Sat, 12 Sep 2020 12:55:08: #1 tag size is determined as 51 bps 
INFO  @ Sat, 12 Sep 2020 12:55:08: #1 tag size = 51 
INFO  @ Sat, 12 Sep 2020 12:55:08: #1  total tags in treatment: 19046433 
INFO  @ Sat, 12 Sep 2020 12:55:08: #1  total tags in control: 17216989 
INFO  @ Sat, 12 Sep 2020 12:55:08: #1 finished! 
INFO  @ Sat, 12 Sep 2020 12:55:08: #2 Build Peak Model... 
INFO  @ Sat, 12 Sep 2020 12:55:08: #2 looking for paired plus/minus strand peaks... 
INFO  @ Sat, 12 Sep 2020 12:55:10: #2 number of paired peaks: 20599 
INFO  @ Sat, 12 Sep 2020 12:55:10: start model_add_line... 
INFO  @ Sat, 12 Sep 2020 12:55:10: start X-correlation... 
INFO  @ Sat, 12 Sep 2020 12:55:10: end of X-cor 
INFO  @ Sat, 12 Sep 2020 12:55:10: #2 finished! 
INFO  @ Sat, 12 Sep 2020 12:55:10: #2 predicted fragment length is 247 bps 
INFO  @ Sat, 12 Sep 2020 12:55:10: #2 alternative fragment length(s) may be 247 bps 
INFO  @ Sat, 12 Sep 2020 12:55:10: #2.2 Generate R script for model : wt_p9_pu1.vs.wt_p9_input.rmdup.uq.rmchrM_model.r 
INFO  @ Sat, 12 Sep 2020 12:55:10: #3 Call peaks... 
INFO  @ Sat, 12 Sep 2020 12:55:10: #3 Pre-compute pvalue-qvalue table... 
INFO  @ Sat, 12 Sep 2020 12:56:18: #3 In the peak calling step, the following will be performed simultaneously: 
INFO  @ Sat, 12 Sep 2020 12:56:18: #3   Write bedGraph files for treatment pileup (after scaling if necessary)... wt_p9_pu1.vs.wt_p9_input.rmdup.uq.rmchrM_treat_pileup.bdg 
INFO  @ Sat, 12 Sep 2020 12:56:18: #3   Write bedGraph files for control lambda (after scaling if necessary)... wt_p9_pu1.vs.wt_p9_input.rmdup.uq.rmchrM_control_lambda.bdg 
INFO  @ Sat, 12 Sep 2020 12:56:18: #3   Pileup will be based on sequencing depth in control. 
INFO  @ Sat, 12 Sep 2020 12:56:18: #3 Call peaks for each chromosome... 
INFO  @ Sat, 12 Sep 2020 12:58:50: #4 Write output xls file... wt_p9_pu1.vs.wt_p9_input.rmdup.uq.rmchrM_peaks.xls 
INFO  @ Sat, 12 Sep 2020 12:58:50: #4 Write peak in narrowPeak format file... wt_p9_pu1.vs.wt_p9_input.rmdup.uq.rmchrM_peaks.narrowPeak 
INFO  @ Sat, 12 Sep 2020 12:58:50: #4 Write summits bed file... wt_p9_pu1.vs.wt_p9_input.rmdup.uq.rmchrM_summits.bed 
INFO  @ Sat, 12 Sep 2020 12:58:50: Done! 
INFO  @ Sat, 12 Sep 2020 12:58:53: Read and build treatment bedGraph... 
INFO  @ Sat, 12 Sep 2020 12:59:32: Read and build control bedGraph... 
INFO  @ Sat, 12 Sep 2020 13:00:00: Build scoreTrackII... 
INFO  @ Sat, 12 Sep 2020 13:00:19: Calculate scores comparing treatment and control by 'qpois'... 
INFO  @ Sat, 12 Sep 2020 13:00:46: Write bedGraph of scores... 
INFO  @ Sat, 12 Sep 2020 13:00:55: Finished 'qpois'! Please check 'wt_p9_pu1.vs.wt_p9_input.rmdup.uq.rmchrM_treat_pvalue.bdg'! 
INFO  @ Sat, 12 Sep 2020 13:00:57: Read and build treatment bedGraph... 
INFO  @ Sat, 12 Sep 2020 13:01:37: Read and build control bedGraph... 
INFO  @ Sat, 12 Sep 2020 13:02:06: Build scoreTrackII... 
INFO  @ Sat, 12 Sep 2020 13:02:25: Calculate scores comparing treatment and control by 'FE'... 
INFO  @ Sat, 12 Sep 2020 13:06:02: Write bedGraph of scores... 
INFO  @ Sat, 12 Sep 2020 13:07:37: Finished 'FE'! Please check 'wt_p9_pu1.vs.wt_p9_input.rmdup.uq.rmchrM_FE.bdg'! 
INFO  @ Sat, 12 Sep 2020 13:07:39: Read and build treatment bedGraph... 
INFO  @ Sat, 12 Sep 2020 13:08:19: Read and build control bedGraph... 
INFO  @ Sat, 12 Sep 2020 13:08:48: Build scoreTrackII... 
INFO  @ Sat, 12 Sep 2020 13:09:06: Calculate scores comparing treatment and control by 'logLR'... 
INFO  @ Sat, 12 Sep 2020 13:09:25: Write bedGraph of scores... 
INFO  @ Sat, 12 Sep 2020 13:11:05: Finished 'logLR'! Please check 'wt_p9_pu1.vs.wt_p9_input.rmdup.uq.rmchrM_logLR.bdg'! 
INFO  @ Sat, 12 Sep 2020 13:11:07: Read and build bedGraph... 
INFO  @ Sat, 12 Sep 2020 13:11:10: Call peaks from bedGraph... 
INFO  @ Sat, 12 Sep 2020 13:11:10: Write peaks... 
INFO  @ Sat, 12 Sep 2020 13:11:10: Done 
Traceback (most recent call last):
  File "/home/yli11/HemTools/bin/annot_gene_features.py", line 147, in <module>
    main()
  File "/home/yli11/HemTools/bin/annot_gene_features.py", line 111, in main
    get_annotation_data(args)
  File "/home/yli11/HemTools/bin/annot_gene_features.py", line 85, in get_annotation_data
    args.tss = myData['%s_gencode33_TSS'%(args.genome)]
KeyError: 'mm9_gencode33_TSS'
Traceback (most recent call last):
  File "/home/yli11/HemTools/bin/pie_plot.py", line 95, in <module>
    main()
  File "/home/yli11/HemTools/bin/pie_plot.py", line 74, in main
    args.sep = guess_sep(args.input)
  File "/home/yli11/HemTools/bin/pie_plot.py", line 35, in guess_sep
    with open(x) as f:
FileNotFoundError: [Errno 2] No such file or directory: 'wt_p9_pu1.vs.wt_p9_input.rmdup.uq.rmchrM_peaks.rmblck.narrowPeak.annot.tsv'
INFO  @ Sat, 12 Sep 2020 13:15:55: 
# Command line: callpeak -t wt_p9_pu1.rmdup.bam -c wt_p9_input.rmdup.bam --keep-dup all -n wt_p9_pu1.vs.wt_p9_input.rmdup -B -g mm
# ARGUMENTS LIST:
# name = wt_p9_pu1.vs.wt_p9_input.rmdup
# format = AUTO
# ChIP-seq file = ['wt_p9_pu1.rmdup.bam']
# control file = ['wt_p9_input.rmdup.bam']
# effective genome size = 1.87e+09
# band width = 300
# model fold = [5, 50]
# qvalue cutoff = 5.00e-02
# Larger dataset will be scaled towards smaller dataset.
# Range for calculating regional lambda is: 1000 bps and 10000 bps
# Broad region calling is off
# Paired-End mode is off
 
INFO  @ Sat, 12 Sep 2020 13:15:55: #1 read tag files... 
INFO  @ Sat, 12 Sep 2020 13:15:55: #1 read treatment tags... 
INFO  @ Sat, 12 Sep 2020 13:15:55: Detected format is: BAM 
INFO  @ Sat, 12 Sep 2020 13:15:55: * Input file is gzipped. 
INFO  @ Sat, 12 Sep 2020 13:15:58:  1000000 
INFO  @ Sat, 12 Sep 2020 13:16:02:  2000000 
INFO  @ Sat, 12 Sep 2020 13:16:05:  3000000 
INFO  @ Sat, 12 Sep 2020 13:16:09:  4000000 
INFO  @ Sat, 12 Sep 2020 13:16:12:  5000000 
INFO  @ Sat, 12 Sep 2020 13:16:16:  6000000 
INFO  @ Sat, 12 Sep 2020 13:16:19:  7000000 
INFO  @ Sat, 12 Sep 2020 13:16:22:  8000000 
INFO  @ Sat, 12 Sep 2020 13:16:26:  9000000 
INFO  @ Sat, 12 Sep 2020 13:16:29:  10000000 
INFO  @ Sat, 12 Sep 2020 13:16:33:  11000000 
INFO  @ Sat, 12 Sep 2020 13:16:36:  12000000 
INFO  @ Sat, 12 Sep 2020 13:16:39:  13000000 
INFO  @ Sat, 12 Sep 2020 13:16:43:  14000000 
INFO  @ Sat, 12 Sep 2020 13:16:46:  15000000 
INFO  @ Sat, 12 Sep 2020 13:16:50:  16000000 
INFO  @ Sat, 12 Sep 2020 13:16:53:  17000000 
INFO  @ Sat, 12 Sep 2020 13:16:57:  18000000 
INFO  @ Sat, 12 Sep 2020 13:17:00:  19000000 
INFO  @ Sat, 12 Sep 2020 13:17:04:  20000000 
INFO  @ Sat, 12 Sep 2020 13:17:07:  21000000 
INFO  @ Sat, 12 Sep 2020 13:17:10:  22000000 
INFO  @ Sat, 12 Sep 2020 13:17:13: #1.2 read input tags... 
INFO  @ Sat, 12 Sep 2020 13:17:13: Detected format is: BAM 
INFO  @ Sat, 12 Sep 2020 13:17:13: * Input file is gzipped. 
INFO  @ Sat, 12 Sep 2020 13:17:16:  1000000 
INFO  @ Sat, 12 Sep 2020 13:17:20:  2000000 
INFO  @ Sat, 12 Sep 2020 13:17:23:  3000000 
INFO  @ Sat, 12 Sep 2020 13:17:26:  4000000 
INFO  @ Sat, 12 Sep 2020 13:17:30:  5000000 
INFO  @ Sat, 12 Sep 2020 13:17:33:  6000000 
INFO  @ Sat, 12 Sep 2020 13:17:36:  7000000 
INFO  @ Sat, 12 Sep 2020 13:17:40:  8000000 
INFO  @ Sat, 12 Sep 2020 13:17:43:  9000000 
INFO  @ Sat, 12 Sep 2020 13:17:47:  10000000 
INFO  @ Sat, 12 Sep 2020 13:17:50:  11000000 
INFO  @ Sat, 12 Sep 2020 13:17:54:  12000000 
INFO  @ Sat, 12 Sep 2020 13:17:57:  13000000 
INFO  @ Sat, 12 Sep 2020 13:18:00:  14000000 
INFO  @ Sat, 12 Sep 2020 13:18:04:  15000000 
INFO  @ Sat, 12 Sep 2020 13:18:07:  16000000 
INFO  @ Sat, 12 Sep 2020 13:18:11:  17000000 
INFO  @ Sat, 12 Sep 2020 13:18:14:  18000000 
INFO  @ Sat, 12 Sep 2020 13:18:18:  19000000 
INFO  @ Sat, 12 Sep 2020 13:18:21:  20000000 
INFO  @ Sat, 12 Sep 2020 13:18:22: #1 tag size is determined as 51 bps 
INFO  @ Sat, 12 Sep 2020 13:18:22: #1 tag size = 51 
INFO  @ Sat, 12 Sep 2020 13:18:22: #1  total tags in treatment: 21644725 
INFO  @ Sat, 12 Sep 2020 13:18:22: #1  total tags in control: 19560791 
INFO  @ Sat, 12 Sep 2020 13:18:22: #1 finished! 
INFO  @ Sat, 12 Sep 2020 13:18:22: #2 Build Peak Model... 
INFO  @ Sat, 12 Sep 2020 13:18:22: #2 looking for paired plus/minus strand peaks... 
INFO  @ Sat, 12 Sep 2020 13:18:24: #2 number of paired peaks: 18333 
INFO  @ Sat, 12 Sep 2020 13:18:24: start model_add_line... 
INFO  @ Sat, 12 Sep 2020 13:18:24: start X-correlation... 
INFO  @ Sat, 12 Sep 2020 13:18:24: end of X-cor 
INFO  @ Sat, 12 Sep 2020 13:18:24: #2 finished! 
INFO  @ Sat, 12 Sep 2020 13:18:24: #2 predicted fragment length is 246 bps 
INFO  @ Sat, 12 Sep 2020 13:18:24: #2 alternative fragment length(s) may be 246 bps 
INFO  @ Sat, 12 Sep 2020 13:18:24: #2.2 Generate R script for model : wt_p9_pu1.vs.wt_p9_input.rmdup_model.r 
INFO  @ Sat, 12 Sep 2020 13:18:24: #3 Call peaks... 
INFO  @ Sat, 12 Sep 2020 13:18:24: #3 Pre-compute pvalue-qvalue table... 
INFO  @ Sat, 12 Sep 2020 13:19:40: #3 In the peak calling step, the following will be performed simultaneously: 
INFO  @ Sat, 12 Sep 2020 13:19:40: #3   Write bedGraph files for treatment pileup (after scaling if necessary)... wt_p9_pu1.vs.wt_p9_input.rmdup_treat_pileup.bdg 
INFO  @ Sat, 12 Sep 2020 13:19:40: #3   Write bedGraph files for control lambda (after scaling if necessary)... wt_p9_pu1.vs.wt_p9_input.rmdup_control_lambda.bdg 
INFO  @ Sat, 12 Sep 2020 13:19:40: #3   Pileup will be based on sequencing depth in control. 
INFO  @ Sat, 12 Sep 2020 13:19:40: #3 Call peaks for each chromosome... 
INFO  @ Sat, 12 Sep 2020 13:22:24: #4 Write output xls file... wt_p9_pu1.vs.wt_p9_input.rmdup_peaks.xls 
INFO  @ Sat, 12 Sep 2020 13:22:24: #4 Write peak in narrowPeak format file... wt_p9_pu1.vs.wt_p9_input.rmdup_peaks.narrowPeak 
INFO  @ Sat, 12 Sep 2020 13:22:24: #4 Write summits bed file... wt_p9_pu1.vs.wt_p9_input.rmdup_summits.bed 
INFO  @ Sat, 12 Sep 2020 13:22:25: Done! 
INFO  @ Sat, 12 Sep 2020 13:22:26: Read and build treatment bedGraph... 
INFO  @ Sat, 12 Sep 2020 13:23:10: Read and build control bedGraph... 
INFO  @ Sat, 12 Sep 2020 13:23:40: Build scoreTrackII... 
INFO  @ Sat, 12 Sep 2020 13:24:00: Calculate scores comparing treatment and control by 'qpois'... 
INFO  @ Sat, 12 Sep 2020 13:24:31: Write bedGraph of scores... 
INFO  @ Sat, 12 Sep 2020 13:24:41: Finished 'qpois'! Please check 'wt_p9_pu1.vs.wt_p9_input.rmdup_treat_pvalue.bdg'! 
INFO  @ Sat, 12 Sep 2020 13:24:43: Read and build treatment bedGraph... 
INFO  @ Sat, 12 Sep 2020 13:25:27: Read and build control bedGraph... 
INFO  @ Sat, 12 Sep 2020 13:25:57: Build scoreTrackII... 
INFO  @ Sat, 12 Sep 2020 13:26:17: Calculate scores comparing treatment and control by 'FE'... 
INFO  @ Sat, 12 Sep 2020 13:30:29: Write bedGraph of scores... 
INFO  @ Sat, 12 Sep 2020 13:32:15: Finished 'FE'! Please check 'wt_p9_pu1.vs.wt_p9_input.rmdup_FE.bdg'! 
INFO  @ Sat, 12 Sep 2020 13:32:17: Read and build treatment bedGraph... 
INFO  @ Sat, 12 Sep 2020 13:33:02: Read and build control bedGraph... 
INFO  @ Sat, 12 Sep 2020 13:33:32: Build scoreTrackII... 
INFO  @ Sat, 12 Sep 2020 13:33:53: Calculate scores comparing treatment and control by 'logLR'... 
INFO  @ Sat, 12 Sep 2020 13:34:14: Write bedGraph of scores... 
INFO  @ Sat, 12 Sep 2020 13:36:03: Finished 'logLR'! Please check 'wt_p9_pu1.vs.wt_p9_input.rmdup_logLR.bdg'! 
INFO  @ Sat, 12 Sep 2020 13:36:05: Read and build bedGraph... 
INFO  @ Sat, 12 Sep 2020 13:36:08: Call peaks from bedGraph... 
INFO  @ Sat, 12 Sep 2020 13:36:08: Write peaks... 
INFO  @ Sat, 12 Sep 2020 13:36:08: Done 
Traceback (most recent call last):
  File "/home/yli11/HemTools/bin/annot_gene_features.py", line 147, in <module>
    main()
  File "/home/yli11/HemTools/bin/annot_gene_features.py", line 111, in main
    get_annotation_data(args)
  File "/home/yli11/HemTools/bin/annot_gene_features.py", line 85, in get_annotation_data
    args.tss = myData['%s_gencode33_TSS'%(args.genome)]
KeyError: 'mm9_gencode33_TSS'
Traceback (most recent call last):
  File "/home/yli11/HemTools/bin/pie_plot.py", line 95, in <module>
    main()
  File "/home/yli11/HemTools/bin/pie_plot.py", line 74, in main
    args.sep = guess_sep(args.input)
  File "/home/yli11/HemTools/bin/pie_plot.py", line 35, in guess_sep
    with open(x) as f:
FileNotFoundError: [Errno 2] No such file or directory: 'wt_p9_pu1.vs.wt_p9_input.rmdup_peaks.rmblck.narrowPeak.annot.tsv'
INFO  @ Sat, 12 Sep 2020 13:40:47: 
# Command line: callpeak -t wt_p9_pu1.markdup.uq.bam -c wt_p9_input.markdup.uq.bam --keep-dup all -n wt_p9_pu1.vs.wt_p9_input.markdup.uq -B -g mm
# ARGUMENTS LIST:
# name = wt_p9_pu1.vs.wt_p9_input.markdup.uq
# format = AUTO
# ChIP-seq file = ['wt_p9_pu1.markdup.uq.bam']
# control file = ['wt_p9_input.markdup.uq.bam']
# effective genome size = 1.87e+09
# band width = 300
# model fold = [5, 50]
# qvalue cutoff = 5.00e-02
# Larger dataset will be scaled towards smaller dataset.
# Range for calculating regional lambda is: 1000 bps and 10000 bps
# Broad region calling is off
# Paired-End mode is off
 
INFO  @ Sat, 12 Sep 2020 13:40:47: #1 read tag files... 
INFO  @ Sat, 12 Sep 2020 13:40:47: #1 read treatment tags... 
INFO  @ Sat, 12 Sep 2020 13:40:47: Detected format is: BAM 
INFO  @ Sat, 12 Sep 2020 13:40:47: * Input file is gzipped. 
INFO  @ Sat, 12 Sep 2020 13:40:50:  1000000 
INFO  @ Sat, 12 Sep 2020 13:40:53:  2000000 
INFO  @ Sat, 12 Sep 2020 13:40:57:  3000000 
INFO  @ Sat, 12 Sep 2020 13:41:00:  4000000 
INFO  @ Sat, 12 Sep 2020 13:41:03:  5000000 
INFO  @ Sat, 12 Sep 2020 13:41:06:  6000000 
INFO  @ Sat, 12 Sep 2020 13:41:10:  7000000 
INFO  @ Sat, 12 Sep 2020 13:41:13:  8000000 
INFO  @ Sat, 12 Sep 2020 13:41:16:  9000000 
INFO  @ Sat, 12 Sep 2020 13:41:20:  10000000 
INFO  @ Sat, 12 Sep 2020 13:41:23:  11000000 
INFO  @ Sat, 12 Sep 2020 13:41:26:  12000000 
INFO  @ Sat, 12 Sep 2020 13:41:29:  13000000 
INFO  @ Sat, 12 Sep 2020 13:41:33:  14000000 
INFO  @ Sat, 12 Sep 2020 13:41:36:  15000000 
INFO  @ Sat, 12 Sep 2020 13:41:39:  16000000 
INFO  @ Sat, 12 Sep 2020 13:41:42:  17000000 
INFO  @ Sat, 12 Sep 2020 13:41:46:  18000000 
INFO  @ Sat, 12 Sep 2020 13:41:49:  19000000 
INFO  @ Sat, 12 Sep 2020 13:41:52:  20000000 
INFO  @ Sat, 12 Sep 2020 13:41:56:  21000000 
INFO  @ Sat, 12 Sep 2020 13:41:56: #1.2 read input tags... 
INFO  @ Sat, 12 Sep 2020 13:41:56: Detected format is: BAM 
INFO  @ Sat, 12 Sep 2020 13:41:56: * Input file is gzipped. 
INFO  @ Sat, 12 Sep 2020 13:42:00:  1000000 
INFO  @ Sat, 12 Sep 2020 13:42:03:  2000000 
INFO  @ Sat, 12 Sep 2020 13:42:06:  3000000 
INFO  @ Sat, 12 Sep 2020 13:42:09:  4000000 
INFO  @ Sat, 12 Sep 2020 13:42:13:  5000000 
INFO  @ Sat, 12 Sep 2020 13:42:16:  6000000 
INFO  @ Sat, 12 Sep 2020 13:42:19:  7000000 
INFO  @ Sat, 12 Sep 2020 13:42:22:  8000000 
INFO  @ Sat, 12 Sep 2020 13:42:25:  9000000 
INFO  @ Sat, 12 Sep 2020 13:42:29:  10000000 
INFO  @ Sat, 12 Sep 2020 13:42:32:  11000000 
INFO  @ Sat, 12 Sep 2020 13:42:35:  12000000 
INFO  @ Sat, 12 Sep 2020 13:42:38:  13000000 
INFO  @ Sat, 12 Sep 2020 13:42:42:  14000000 
INFO  @ Sat, 12 Sep 2020 13:42:45:  15000000 
INFO  @ Sat, 12 Sep 2020 13:42:48:  16000000 
INFO  @ Sat, 12 Sep 2020 13:42:51:  17000000 
INFO  @ Sat, 12 Sep 2020 13:42:54:  18000000 
INFO  @ Sat, 12 Sep 2020 13:42:58: #1 tag size is determined as 51 bps 
INFO  @ Sat, 12 Sep 2020 13:42:58: #1 tag size = 51 
INFO  @ Sat, 12 Sep 2020 13:42:58: #1  total tags in treatment: 21166913 
INFO  @ Sat, 12 Sep 2020 13:42:58: #1  total tags in control: 18961482 
INFO  @ Sat, 12 Sep 2020 13:42:58: #1 finished! 
INFO  @ Sat, 12 Sep 2020 13:42:58: #2 Build Peak Model... 
INFO  @ Sat, 12 Sep 2020 13:42:58: #2 looking for paired plus/minus strand peaks... 
INFO  @ Sat, 12 Sep 2020 13:43:00: #2 number of paired peaks: 19178 
INFO  @ Sat, 12 Sep 2020 13:43:00: start model_add_line... 
INFO  @ Sat, 12 Sep 2020 13:43:00: start X-correlation... 
INFO  @ Sat, 12 Sep 2020 13:43:00: end of X-cor 
INFO  @ Sat, 12 Sep 2020 13:43:00: #2 finished! 
INFO  @ Sat, 12 Sep 2020 13:43:00: #2 predicted fragment length is 242 bps 
INFO  @ Sat, 12 Sep 2020 13:43:00: #2 alternative fragment length(s) may be 242 bps 
INFO  @ Sat, 12 Sep 2020 13:43:00: #2.2 Generate R script for model : wt_p9_pu1.vs.wt_p9_input.markdup.uq_model.r 
INFO  @ Sat, 12 Sep 2020 13:43:00: #3 Call peaks... 
INFO  @ Sat, 12 Sep 2020 13:43:00: #3 Pre-compute pvalue-qvalue table... 
INFO  @ Sat, 12 Sep 2020 13:44:23: #3 In the peak calling step, the following will be performed simultaneously: 
INFO  @ Sat, 12 Sep 2020 13:44:23: #3   Write bedGraph files for treatment pileup (after scaling if necessary)... wt_p9_pu1.vs.wt_p9_input.markdup.uq_treat_pileup.bdg 
INFO  @ Sat, 12 Sep 2020 13:44:23: #3   Write bedGraph files for control lambda (after scaling if necessary)... wt_p9_pu1.vs.wt_p9_input.markdup.uq_control_lambda.bdg 
INFO  @ Sat, 12 Sep 2020 13:44:23: #3   Pileup will be based on sequencing depth in control. 
INFO  @ Sat, 12 Sep 2020 13:44:23: #3 Call peaks for each chromosome... 
INFO  @ Sat, 12 Sep 2020 13:46:56: #4 Write output xls file... wt_p9_pu1.vs.wt_p9_input.markdup.uq_peaks.xls 
INFO  @ Sat, 12 Sep 2020 13:46:56: #4 Write peak in narrowPeak format file... wt_p9_pu1.vs.wt_p9_input.markdup.uq_peaks.narrowPeak 
INFO  @ Sat, 12 Sep 2020 13:46:56: #4 Write summits bed file... wt_p9_pu1.vs.wt_p9_input.markdup.uq_summits.bed 
INFO  @ Sat, 12 Sep 2020 13:46:56: Done! 
INFO  @ Sat, 12 Sep 2020 13:46:57: Read and build treatment bedGraph... 
INFO  @ Sat, 12 Sep 2020 13:47:36: Read and build control bedGraph... 
INFO  @ Sat, 12 Sep 2020 13:48:04: Build scoreTrackII... 
INFO  @ Sat, 12 Sep 2020 13:48:22: Calculate scores comparing treatment and control by 'qpois'... 
INFO  @ Sat, 12 Sep 2020 13:49:18: Write bedGraph of scores... 
INFO  @ Sat, 12 Sep 2020 13:49:28: Finished 'qpois'! Please check 'wt_p9_pu1.vs.wt_p9_input.markdup.uq_treat_pvalue.bdg'! 
INFO  @ Sat, 12 Sep 2020 13:49:30: Read and build treatment bedGraph... 
INFO  @ Sat, 12 Sep 2020 13:50:09: Read and build control bedGraph... 
INFO  @ Sat, 12 Sep 2020 13:50:37: Build scoreTrackII... 
INFO  @ Sat, 12 Sep 2020 13:50:55: Calculate scores comparing treatment and control by 'FE'... 
INFO  @ Sat, 12 Sep 2020 13:54:43: Write bedGraph of scores... 
INFO  @ Sat, 12 Sep 2020 13:56:19: Finished 'FE'! Please check 'wt_p9_pu1.vs.wt_p9_input.markdup.uq_FE.bdg'! 
INFO  @ Sat, 12 Sep 2020 13:56:20: Read and build treatment bedGraph... 
INFO  @ Sat, 12 Sep 2020 13:56:59: Read and build control bedGraph... 
INFO  @ Sat, 12 Sep 2020 13:57:28: Build scoreTrackII... 
INFO  @ Sat, 12 Sep 2020 13:57:46: Calculate scores comparing treatment and control by 'logLR'... 
INFO  @ Sat, 12 Sep 2020 13:58:05: Write bedGraph of scores... 
INFO  @ Sat, 12 Sep 2020 13:59:45: Finished 'logLR'! Please check 'wt_p9_pu1.vs.wt_p9_input.markdup.uq_logLR.bdg'! 
INFO  @ Sat, 12 Sep 2020 13:59:47: Read and build bedGraph... 
INFO  @ Sat, 12 Sep 2020 13:59:50: Call peaks from bedGraph... 
INFO  @ Sat, 12 Sep 2020 13:59:51: Write peaks... 
INFO  @ Sat, 12 Sep 2020 13:59:51: Done 
Traceback (most recent call last):
  File "/home/yli11/HemTools/bin/annot_gene_features.py", line 147, in <module>
    main()
  File "/home/yli11/HemTools/bin/annot_gene_features.py", line 111, in main
    get_annotation_data(args)
  File "/home/yli11/HemTools/bin/annot_gene_features.py", line 85, in get_annotation_data
    args.tss = myData['%s_gencode33_TSS'%(args.genome)]
KeyError: 'mm9_gencode33_TSS'
Traceback (most recent call last):
  File "/home/yli11/HemTools/bin/pie_plot.py", line 95, in <module>
    main()
  File "/home/yli11/HemTools/bin/pie_plot.py", line 74, in main
    args.sep = guess_sep(args.input)
  File "/home/yli11/HemTools/bin/pie_plot.py", line 35, in guess_sep
    with open(x) as f:
FileNotFoundError: [Errno 2] No such file or directory: 'wt_p9_pu1.vs.wt_p9_input.markdup.uq_peaks.rmblck.narrowPeak.annot.tsv'
