Sender: LSF System <lsfadmin@nodecn213>
Subject: Job 109706106[1]: <tracks[1-1]> in cluster <hpcf_research_cluster> Done

Job <tracks[1-1]> was submitted from host <nodecn125> by user <yli11> in cluster <hpcf_research_cluster> at Sat Sep 12 09:46:43 2020.
Job was executed on host(s) <nodecn213>, in queue <standard>, as user <yli11> in cluster <hpcf_research_cluster> at Sat Sep 12 15:25:26 2020.
</home/yli11> was used as the home directory.
</home/yli11/Share/Megan/HPC5/PU1/pu1_fastq_files> was used as the working directory.
Started at Sat Sep 12 15:25:26 2020.
Terminated at Sat Sep 12 15:46:48 2020.
Results reported at Sat Sep 12 15:46:48 2020.

Your job looked like:

------------------------------------------------------------
# LSBATCH: User input


#BSUB -P chip_seq_single
#BSUB -o chip_seq_single_yli11_2020-09-12.tracks.message_%J_%I.out -e chip_seq_single_yli11_2020-09-12.tracks.message_%J_%I.err
#BSUB -n 1
#BSUB -q standard
#BSUB -R "span[hosts=1] rusage[mem=2000]"
#BSUB -J "tracks[1-1]"
module purge
#BSUB -w "ended(109706096) && ended(109706099) && ended(109706098) && ended(109706103) && ended(109706097) && ended(109706104) && ended(109706101) && ended(109706105) && ended(109706102) && ended(109706100)"
module load python/2.7.13

id=$LSB_JOBINDEX
COL1=`head -n $id peakcall.tsv|tail -n1|awk -F "	" '{print $1}'`
COL2=`head -n $id peakcall.tsv|tail -n1|awk -F "	" '{print $2}'`
COL3=`head -n $id peakcall.tsv|tail -n1|awk -F "	" '{print $3}'`
COL4=`head -n $id peakcall.tsv|tail -n1|awk -F "	" '{print $4}'`
COL5=`head -n $id peakcall.tsv|tail -n1|awk -F "	" '{print $5}'`
COL6=`head -n $id peakcall.tsv|tail -n1|awk -F "	" '{print $6}'`
LINE=`head -n $id peakcall.tsv|tail -n1`

/research/dept/hem/common/sequencing/chenggrp/pipelines/subcmd/../bin/upload_tracks.py 3e7206f3701b ko_p9_runx1.vs.ko_p9_input_treat_pvalue.bw,ko_p9_runx1.vs.ko_p9_input.rmdup.uq.rmchrM_treat_pvalue.bw,ko_p9_runx1.vs.ko_p9_input.markdup.uq_treat_pvalue.bw,ko_p9_runx1.vs.ko_p9_input.rmdup_treat_pvalue.bw,ko_p9_pu1.vs.ko_p9_input_treat_pvalue.bw,ko_p9_pu1.vs.ko_p9_input.rmdup.uq.rmchrM_treat_pvalue.bw,ko_p9_pu1.vs.ko_p9_input.markdup.uq_treat_pvalue.bw,ko_p9_pu1.vs.ko_p9_input.rmdup_treat_pvalue.bw,wt_p9_pu1.vs.wt_p9_input_treat_pvalue.bw,wt_p9_pu1.vs.wt_p9_input.rmdup.uq.rmchrM_treat_pvalue.bw,wt_p9_pu1.vs.wt_p9_input.markdup.uq_treat_pvalue.bw,wt_p9_pu1.vs.wt_p9_input.rmdup_treat_pvalue.bw,ko_p7_pu1.vs.ko_p7_input_treat_pvalue.bw,ko_p7_pu1.vs.ko_p7_input.rmdup.uq.rmchrM_treat_pvalue.bw,ko_p7_pu1.vs.ko_p7_input.markdup.uq_treat_pvalue.bw,ko_p7_pu1.vs.ko_p7_input.rmdup_treat_pvalue.bw,wt_p9_runx1.vs.wt_p9_input_treat_pvalue.bw,wt_p9_runx1.vs.wt_p9_input.rmdup.uq.rmchrM_treat_pvalue.bw,wt_p9_runx1.vs.wt_p9_input.markdup.uq_treat_pvalue.bw,wt_p9_runx1.vs.wt_p9_input.rmdup_treat_pvalue.bw,ko_p7_runx1.vs.ko_p7_input_treat_pvalue.bw,ko_p7_runx1.vs.ko_p7_input.rmdup.uq.rmchrM_treat_pvalue.bw,ko_p7_runx1.vs.ko_p7_input.markdup.uq_treat_pvalue.bw,ko_p7_runx1.vs.ko_p7_input.rmdup_treat_pvalue.bw,wt_p7_runx1.vs.wt_p7_input_treat_pvalue.bw,wt_p7_runx1.vs.wt_p7_input.rmdup.uq.rmchrM_treat_pvalue.bw,wt_p7_runx1.vs.wt_p7_input.markdup.uq_treat_pvalue.bw,wt_p7_runx1.vs.wt_p7_input.rmdup_treat_pvalue.bw,wt_p7_pu1.vs.wt_p7_input_treat_pvalue.bw,wt_p7_pu1.vs.wt_p7_input.rmdup.uq.rmchrM_treat_pvalue.bw,wt_p7_pu1.vs.wt_p7_input.markdup.uq_treat_pvalue.bw,wt_p7_pu1.vs.wt_p7_input.rmdup_treat_pvalue.bw treat_pvalue.bw mm9
/research/dept/hem/common/sequencing/chenggrp/pipelines/subcmd/../bin/upload_tracks.py 380adf8b109e ko_p9_pu1.rmdup.bw,wt_p7_runx1.rmdup.bw,ko_p7_pu1.rmdup.bw,wt_p9_input.rmdup.bw,ko_p9_runx1.rmdup.bw,ko_p9_input.rmdup.bw,wt_p9_runx1.rmdup.bw,wt_p7_input.rmdup.bw,ko_p7_input.rmdup.bw,wt_p7_pu1.rmdup.bw,ko_p7_runx1.rmdup.bw,wt_p9_pu1.rmdup.bw rmdup.bw mm9
/research/dept/hem/common/sequencing/chenggrp/pipelines/subcmd/../bin/upload_tracks.py 277dda9cc07b ko_p9_pu1.rmdup.uq.bw,wt_p7_runx1.rmdup.uq.bw,ko_p7_pu1.rmdup.uq.bw,wt_p9_input.rmdup.uq.bw,ko_p9_runx1.rmdup.uq.bw,ko_p9_input.rmdup.uq.bw,wt_p9_runx1.rmdup.uq.bw,wt_p7_input.rmdup.uq.bw,ko_p7_input.rmdup.uq.bw,wt_p7_pu1.rmdup.uq.bw,ko_p7_runx1.rmdup.uq.bw,wt_p9_pu1.rmdup.uq.bw rmdup.uq.bw mm9
/research/dept/hem/common/sequencing/chenggrp/pipelines/subcmd/../bin/upload_tracks.py 4bd296038b31 ko_p9_runx1.vs.ko_p9_input_FE.bw,ko_p9_runx1.vs.ko_p9_input.rmdup.uq.rmchrM_FE.bw,ko_p9_runx1.vs.ko_p9_input.markdup.uq_FE.bw,ko_p9_runx1.vs.ko_p9_input.rmdup_FE.bw,ko_p9_pu1.vs.ko_p9_input_FE.bw,ko_p9_pu1.vs.ko_p9_input.rmdup.uq.rmchrM_FE.bw,ko_p9_pu1.vs.ko_p9_input.markdup.uq_FE.bw,ko_p9_pu1.vs.ko_p9_input.rmdup_FE.bw,wt_p9_pu1.vs.wt_p9_input_FE.bw,wt_p9_pu1.vs.wt_p9_input.rmdup.uq.rmchrM_FE.bw,wt_p9_pu1.vs.wt_p9_input.markdup.uq_FE.bw,wt_p9_pu1.vs.wt_p9_input.rmdup_FE.bw,ko_p7_pu1.vs.ko_p7_input_FE.bw,ko_p7_pu1.vs.ko_p7_input.rmdup.uq.rmchrM_FE.bw,ko_p7_pu1.vs.ko_p7_input.markdup.uq_FE.bw,ko_p7_pu1.vs.ko_p7_input.rmdup_FE.bw,wt_p9_runx1.vs.wt_p9_input_FE.bw,wt_p9_runx1.vs.wt_p9_input.rmdup.uq.rmchrM_FE.bw,wt_p9_runx1.vs.wt_p9_input.markdup.uq_FE.bw,wt_p9_runx1.vs.wt_p9_input.rmdup_FE.bw,ko_p7_runx1.vs.ko_p7_input_FE.bw,ko_p7_runx1.vs.ko_p7_input.rmdup.uq.rmchrM_FE.bw,ko_p7_runx1.vs.ko_p7_input.markdup.uq_FE.bw,ko_p7_runx1.vs.ko_p7_input.rmdup_FE.bw,wt_p7_runx1.vs.wt_p7_input_FE.bw,wt_p7_runx1.vs.wt_p7_input.rmdup.uq.rmchrM_FE.bw,wt_p7_runx1.vs.wt_p7_input.markdup.uq_FE.bw,wt_p7_runx1.vs.wt_p7_input.rmdup_FE.bw,wt_p7_pu1.vs.wt_p7_input_FE.bw,wt_p7_pu1.vs.wt_p7_input.rmdup.uq.rmchrM_FE.bw,wt_p7_pu1.vs.wt_p7_input.markdup.uq_FE.bw,wt_p7_pu1.vs.wt_p7_input.rmdup_FE.bw FE.bw mm9
/research/dept/hem/common/sequencing/chenggrp/pipelines/subcmd/../bin/upload_tracks.py 22492c439986 ko_p9_pu1.all.bw,wt_p7_runx1.all.bw,ko_p7_pu1.all.bw,wt_p9_input.all.bw,ko_p9_runx1.all.bw,ko_p9_input.all.bw,wt_p9_runx1.all.bw,wt_p7_input.all.bw,ko_p7_input.all.bw,wt_p7_pu1.all.bw,ko_p7_runx1.all.bw,wt_p9_pu1.all.bw all.bw mm9
/research/dept/hem/common/sequencing/chenggrp/pipelines/subcmd/../bin/upload_tracks.py 710d9b295a50 ko_p9_runx1.vs.ko_p9_input_logLR.bw,ko_p9_runx1.vs.ko_p9_input.rmdup.uq.rmchrM_logLR.bw,ko_p9_runx1.vs.ko_p9_input.markdup.uq_logLR.bw,ko_p9_runx1.vs.ko_p9_input.rmdup_logLR.bw,ko_p9_pu1.vs.ko_p9_input_logLR.bw,ko_p9_pu1.vs.ko_p9_input.rmdup.uq.rmchrM_logLR.bw,ko_p9_pu1.vs.ko_p9_input.markdup.uq_logLR.bw,ko_p9_pu1.vs.ko_p9_input.rmdup_logLR.bw,wt_p9_pu1.vs.wt_p9_input_logLR.bw,wt_p9_pu1.vs.wt_p9_input.rmdup.uq.rmchrM_logLR.bw,wt_p9_pu1.vs.wt_p9_input.markdup.uq_logLR.bw,wt_p9_pu1.vs.wt_p9_input.rmdup_logLR.bw,ko_p7_pu1.vs.ko_p7_input_logLR.bw,ko_p7_pu1.vs.ko_p7_input.rmdup.uq.rmchrM_logLR.bw,ko_p7_pu1.vs.ko_p7_input.markdup.uq_logLR.bw,ko_p7_pu1.vs.ko_p7_input.rmdup_logLR.bw,wt_p9_runx1.vs.wt_p9_input_logLR.bw,wt_p9_runx1.vs.wt_p9_input.rmdup.uq.rmchrM_logLR.bw,wt_p9_runx1.vs.wt_p9_input.markdup.uq_logLR.bw,wt_p9_runx1.vs.wt_p9_input.rmdup_logLR.bw,ko_p7_runx1.vs.ko_p7_input_logLR.bw,ko_p7_runx1.vs.ko_p7_input.rmdup.uq.rmchrM_logLR.bw,ko_p7_runx1.vs.ko_p7_input.markdup.uq_logLR.bw,ko_p7_runx1.vs.ko_p7_input.rmdup_logLR.bw,wt_p7_runx1.vs.wt_p7_input_logLR.bw,wt_p7_runx1.vs.wt_p7_input.rmdup.uq.rmchrM_logLR.bw,wt_p7_runx1.vs.wt_p7_input.markdup.uq_logLR.bw,wt_p7_runx1.vs.wt_p7_input.rmdup_logLR.bw,wt_p7_pu1.vs.wt_p7_input_logLR.bw,wt_p7_pu1.vs.wt_p7_input.rmdup.uq.rmchrM_logLR.bw,wt_p7_pu1.vs.wt_p7_input.markdup.uq_logLR.bw,wt_p7_pu1.vs.wt_p7_input.rmdup_logLR.bw logLR.bw mm9

		
------------------------------------------------------------

Successfully completed.

Resource usage summary:

    CPU time :                                   641.39 sec.
    Max Memory :                                 50 MB
    Average Memory :                             49.70 MB
    Total Requested Memory :                     2000.00 MB
    Delta Memory :                               1950.00 MB
    Max Swap :                                   -
    Max Processes :                              4
    Max Threads :                                33
    Run time :                                   1281 sec.
    Turnaround time :                            21605 sec.

The output (if any) follows:

connecting to server
creating user's dir
wait 5
wait 5 done
generating json file
transfering file
wait 5
wait 5 done
trasferring ko_p9_runx1.vs.ko_p9_input_treat_pvalue.bw
wait 5
wait 5 done
trasferring ko_p9_runx1.vs.ko_p9_input.rmdup.uq.rmchrM_treat_pvalue.bw
wait 5
wait 5 done
trasferring ko_p9_runx1.vs.ko_p9_input.markdup.uq_treat_pvalue.bw
wait 5
wait 5 done
trasferring ko_p9_runx1.vs.ko_p9_input.rmdup_treat_pvalue.bw
wait 5
wait 5 done
trasferring ko_p9_pu1.vs.ko_p9_input_treat_pvalue.bw
wait 5
wait 5 done
trasferring ko_p9_pu1.vs.ko_p9_input.rmdup.uq.rmchrM_treat_pvalue.bw
wait 5
wait 5 done
trasferring ko_p9_pu1.vs.ko_p9_input.markdup.uq_treat_pvalue.bw
wait 5
wait 5 done
trasferring ko_p9_pu1.vs.ko_p9_input.rmdup_treat_pvalue.bw
wait 5
wait 5 done
trasferring wt_p9_pu1.vs.wt_p9_input_treat_pvalue.bw
wait 5
wait 5 done
trasferring wt_p9_pu1.vs.wt_p9_input.rmdup.uq.rmchrM_treat_pvalue.bw
wait 5
wait 5 done
trasferring wt_p9_pu1.vs.wt_p9_input.markdup.uq_treat_pvalue.bw
wait 5
wait 5 done
trasferring wt_p9_pu1.vs.wt_p9_input.rmdup_treat_pvalue.bw
wait 5
wait 5 done
trasferring ko_p7_pu1.vs.ko_p7_input_treat_pvalue.bw
wait 5
wait 5 done
trasferring ko_p7_pu1.vs.ko_p7_input.rmdup.uq.rmchrM_treat_pvalue.bw
wait 5
wait 5 done
trasferring ko_p7_pu1.vs.ko_p7_input.markdup.uq_treat_pvalue.bw
wait 5
wait 5 done
trasferring ko_p7_pu1.vs.ko_p7_input.rmdup_treat_pvalue.bw
wait 5
wait 5 done
trasferring wt_p9_runx1.vs.wt_p9_input_treat_pvalue.bw
wait 5
wait 5 done
trasferring wt_p9_runx1.vs.wt_p9_input.rmdup.uq.rmchrM_treat_pvalue.bw
wait 5
wait 5 done
trasferring wt_p9_runx1.vs.wt_p9_input.markdup.uq_treat_pvalue.bw
wait 5
wait 5 done
trasferring wt_p9_runx1.vs.wt_p9_input.rmdup_treat_pvalue.bw
wait 5
wait 5 done
trasferring ko_p7_runx1.vs.ko_p7_input_treat_pvalue.bw
wait 5
wait 5 done
trasferring ko_p7_runx1.vs.ko_p7_input.rmdup.uq.rmchrM_treat_pvalue.bw
wait 5
wait 5 done
trasferring ko_p7_runx1.vs.ko_p7_input.markdup.uq_treat_pvalue.bw
wait 5
wait 5 done
trasferring ko_p7_runx1.vs.ko_p7_input.rmdup_treat_pvalue.bw
wait 5
wait 5 done
trasferring wt_p7_runx1.vs.wt_p7_input_treat_pvalue.bw
wait 5
wait 5 done
trasferring wt_p7_runx1.vs.wt_p7_input.rmdup.uq.rmchrM_treat_pvalue.bw
wait 5
wait 5 done
trasferring wt_p7_runx1.vs.wt_p7_input.markdup.uq_treat_pvalue.bw
wait 5
wait 5 done
trasferring wt_p7_runx1.vs.wt_p7_input.rmdup_treat_pvalue.bw
wait 5
wait 5 done
trasferring wt_p7_pu1.vs.wt_p7_input_treat_pvalue.bw
wait 5
wait 5 done
trasferring wt_p7_pu1.vs.wt_p7_input.rmdup.uq.rmchrM_treat_pvalue.bw
wait 5
wait 5 done
trasferring wt_p7_pu1.vs.wt_p7_input.markdup.uq_treat_pvalue.bw
wait 5
wait 5 done
trasferring wt_p7_pu1.vs.wt_p7_input.rmdup_treat_pvalue.bw
wait 5
wait 5 done
https://ppr.stjude.org/?study=HemPipelines/yli11/3e7206f3701b/treat_pvalue.bw.json
connecting to server
creating user's dir
wait 5
wait 5 done
generating json file
transfering file
wait 5
wait 5 done
trasferring ko_p9_pu1.rmdup.bw
wait 5
wait 5 done
trasferring wt_p7_runx1.rmdup.bw
wait 5
wait 5 done
trasferring ko_p7_pu1.rmdup.bw
wait 5
wait 5 done
trasferring wt_p9_input.rmdup.bw
wait 5
wait 5 done
trasferring ko_p9_runx1.rmdup.bw
wait 5
wait 5 done
trasferring ko_p9_input.rmdup.bw
wait 5
wait 5 done
trasferring wt_p9_runx1.rmdup.bw
wait 5
wait 5 done
trasferring wt_p7_input.rmdup.bw
wait 5
wait 5 done
trasferring ko_p7_input.rmdup.bw
wait 5
wait 5 done
trasferring wt_p7_pu1.rmdup.bw
wait 5
wait 5 done
trasferring ko_p7_runx1.rmdup.bw
wait 5
wait 5 done
trasferring wt_p9_pu1.rmdup.bw
wait 5
wait 5 done
https://ppr.stjude.org/?study=HemPipelines/yli11/380adf8b109e/rmdup.bw.json
connecting to server
creating user's dir
wait 5
wait 5 done
generating json file
transfering file
wait 5
wait 5 done
trasferring ko_p9_pu1.rmdup.uq.bw
wait 5
wait 5 done
trasferring wt_p7_runx1.rmdup.uq.bw
wait 5
wait 5 done
trasferring ko_p7_pu1.rmdup.uq.bw
wait 5
wait 5 done
trasferring wt_p9_input.rmdup.uq.bw
wait 5
wait 5 done
trasferring ko_p9_runx1.rmdup.uq.bw
wait 5
wait 5 done
trasferring ko_p9_input.rmdup.uq.bw
wait 5
wait 5 done
trasferring wt_p9_runx1.rmdup.uq.bw
wait 5
wait 5 done
trasferring wt_p7_input.rmdup.uq.bw
wait 5
wait 5 done
trasferring ko_p7_input.rmdup.uq.bw
wait 5
wait 5 done
trasferring wt_p7_pu1.rmdup.uq.bw
wait 5
wait 5 done
trasferring ko_p7_runx1.rmdup.uq.bw
wait 5
wait 5 done
trasferring wt_p9_pu1.rmdup.uq.bw
wait 5
wait 5 done
https://ppr.stjude.org/?study=HemPipelines/yli11/277dda9cc07b/rmdup.uq.bw.json
connecting to server
creating user's dir
wait 5
wait 5 done
generating json file
transfering file
wait 5
wait 5 done
trasferring ko_p9_runx1.vs.ko_p9_input_FE.bw
wait 5
wait 5 done
trasferring ko_p9_runx1.vs.ko_p9_input.rmdup.uq.rmchrM_FE.bw
wait 5
wait 5 done
trasferring ko_p9_runx1.vs.ko_p9_input.markdup.uq_FE.bw
wait 5
wait 5 done
trasferring ko_p9_runx1.vs.ko_p9_input.rmdup_FE.bw
wait 5
wait 5 done
trasferring ko_p9_pu1.vs.ko_p9_input_FE.bw
wait 5
wait 5 done
trasferring ko_p9_pu1.vs.ko_p9_input.rmdup.uq.rmchrM_FE.bw
wait 5
wait 5 done
trasferring ko_p9_pu1.vs.ko_p9_input.markdup.uq_FE.bw
wait 5
wait 5 done
trasferring ko_p9_pu1.vs.ko_p9_input.rmdup_FE.bw
wait 5
wait 5 done
trasferring wt_p9_pu1.vs.wt_p9_input_FE.bw
wait 5
wait 5 done
trasferring wt_p9_pu1.vs.wt_p9_input.rmdup.uq.rmchrM_FE.bw
wait 5
wait 5 done
trasferring wt_p9_pu1.vs.wt_p9_input.markdup.uq_FE.bw
wait 5
wait 5 done
trasferring wt_p9_pu1.vs.wt_p9_input.rmdup_FE.bw
wait 5
wait 5 done
trasferring ko_p7_pu1.vs.ko_p7_input_FE.bw
wait 5
wait 5 done
trasferring ko_p7_pu1.vs.ko_p7_input.rmdup.uq.rmchrM_FE.bw
wait 5
wait 5 done
trasferring ko_p7_pu1.vs.ko_p7_input.markdup.uq_FE.bw
wait 5
wait 5 done
trasferring ko_p7_pu1.vs.ko_p7_input.rmdup_FE.bw
wait 5
wait 5 done
trasferring wt_p9_runx1.vs.wt_p9_input_FE.bw
wait 5
wait 5 done
trasferring wt_p9_runx1.vs.wt_p9_input.rmdup.uq.rmchrM_FE.bw
wait 5
wait 5 done
trasferring wt_p9_runx1.vs.wt_p9_input.markdup.uq_FE.bw
wait 5
wait 5 done
trasferring wt_p9_runx1.vs.wt_p9_input.rmdup_FE.bw
wait 5
wait 5 done
trasferring ko_p7_runx1.vs.ko_p7_input_FE.bw
wait 5
wait 5 done
trasferring ko_p7_runx1.vs.ko_p7_input.rmdup.uq.rmchrM_FE.bw
wait 5
wait 5 done
trasferring ko_p7_runx1.vs.ko_p7_input.markdup.uq_FE.bw
wait 5
wait 5 done
trasferring ko_p7_runx1.vs.ko_p7_input.rmdup_FE.bw
wait 5
wait 5 done
trasferring wt_p7_runx1.vs.wt_p7_input_FE.bw
wait 5
wait 5 done
trasferring wt_p7_runx1.vs.wt_p7_input.rmdup.uq.rmchrM_FE.bw
wait 5
wait 5 done
trasferring wt_p7_runx1.vs.wt_p7_input.markdup.uq_FE.bw
wait 5
wait 5 done
trasferring wt_p7_runx1.vs.wt_p7_input.rmdup_FE.bw
wait 5
wait 5 done
trasferring wt_p7_pu1.vs.wt_p7_input_FE.bw
wait 5
wait 5 done
trasferring wt_p7_pu1.vs.wt_p7_input.rmdup.uq.rmchrM_FE.bw
wait 5
wait 5 done
trasferring wt_p7_pu1.vs.wt_p7_input.markdup.uq_FE.bw
wait 5
wait 5 done
trasferring wt_p7_pu1.vs.wt_p7_input.rmdup_FE.bw
wait 5
wait 5 done
https://ppr.stjude.org/?study=HemPipelines/yli11/4bd296038b31/FE.bw.json
connecting to server
creating user's dir
wait 5
wait 5 done
generating json file
transfering file
wait 5
wait 5 done
trasferring ko_p9_pu1.all.bw
wait 5
wait 5 done
trasferring wt_p7_runx1.all.bw
wait 5
wait 5 done
trasferring ko_p7_pu1.all.bw
wait 5
wait 5 done
trasferring wt_p9_input.all.bw
wait 5
wait 5 done
trasferring ko_p9_runx1.all.bw
wait 5
wait 5 done
trasferring ko_p9_input.all.bw
wait 5
wait 5 done
trasferring wt_p9_runx1.all.bw
wait 5
wait 5 done
trasferring wt_p7_input.all.bw
wait 5
wait 5 done
trasferring ko_p7_input.all.bw
wait 5
wait 5 done
trasferring wt_p7_pu1.all.bw
wait 5
wait 5 done
trasferring ko_p7_runx1.all.bw
wait 5
wait 5 done
trasferring wt_p9_pu1.all.bw
wait 5
wait 5 done
https://ppr.stjude.org/?study=HemPipelines/yli11/22492c439986/all.bw.json
connecting to server
creating user's dir
wait 5
wait 5 done
generating json file
transfering file
wait 5
wait 5 done
trasferring ko_p9_runx1.vs.ko_p9_input_logLR.bw
wait 5
wait 5 done
trasferring ko_p9_runx1.vs.ko_p9_input.rmdup.uq.rmchrM_logLR.bw
wait 5
wait 5 done
trasferring ko_p9_runx1.vs.ko_p9_input.markdup.uq_logLR.bw
wait 5
wait 5 done
trasferring ko_p9_runx1.vs.ko_p9_input.rmdup_logLR.bw
wait 5
wait 5 done
trasferring ko_p9_pu1.vs.ko_p9_input_logLR.bw
wait 5
wait 5 done
trasferring ko_p9_pu1.vs.ko_p9_input.rmdup.uq.rmchrM_logLR.bw
wait 5
wait 5 done
trasferring ko_p9_pu1.vs.ko_p9_input.markdup.uq_logLR.bw
wait 5
wait 5 done
trasferring ko_p9_pu1.vs.ko_p9_input.rmdup_logLR.bw
wait 5
wait 5 done
trasferring wt_p9_pu1.vs.wt_p9_input_logLR.bw
wait 5
wait 5 done
trasferring wt_p9_pu1.vs.wt_p9_input.rmdup.uq.rmchrM_logLR.bw
wait 5
wait 5 done
trasferring wt_p9_pu1.vs.wt_p9_input.markdup.uq_logLR.bw
wait 5
wait 5 done
trasferring wt_p9_pu1.vs.wt_p9_input.rmdup_logLR.bw
wait 5
wait 5 done
trasferring ko_p7_pu1.vs.ko_p7_input_logLR.bw
wait 5
wait 5 done
trasferring ko_p7_pu1.vs.ko_p7_input.rmdup.uq.rmchrM_logLR.bw
wait 5
wait 5 done
trasferring ko_p7_pu1.vs.ko_p7_input.markdup.uq_logLR.bw
wait 5
wait 5 done
trasferring ko_p7_pu1.vs.ko_p7_input.rmdup_logLR.bw
wait 5
wait 5 done
trasferring wt_p9_runx1.vs.wt_p9_input_logLR.bw
wait 5
wait 5 done
trasferring wt_p9_runx1.vs.wt_p9_input.rmdup.uq.rmchrM_logLR.bw
wait 5
wait 5 done
trasferring wt_p9_runx1.vs.wt_p9_input.markdup.uq_logLR.bw
wait 5
wait 5 done
trasferring wt_p9_runx1.vs.wt_p9_input.rmdup_logLR.bw
wait 5
wait 5 done
trasferring ko_p7_runx1.vs.ko_p7_input_logLR.bw
wait 5
wait 5 done
trasferring ko_p7_runx1.vs.ko_p7_input.rmdup.uq.rmchrM_logLR.bw
wait 5
wait 5 done
trasferring ko_p7_runx1.vs.ko_p7_input.markdup.uq_logLR.bw
wait 5
wait 5 done
trasferring ko_p7_runx1.vs.ko_p7_input.rmdup_logLR.bw
wait 5
wait 5 done
trasferring wt_p7_runx1.vs.wt_p7_input_logLR.bw
wait 5
wait 5 done
trasferring wt_p7_runx1.vs.wt_p7_input.rmdup.uq.rmchrM_logLR.bw
wait 5
wait 5 done
trasferring wt_p7_runx1.vs.wt_p7_input.markdup.uq_logLR.bw
wait 5
wait 5 done
trasferring wt_p7_runx1.vs.wt_p7_input.rmdup_logLR.bw
wait 5
wait 5 done
trasferring wt_p7_pu1.vs.wt_p7_input_logLR.bw
wait 5
wait 5 done
trasferring wt_p7_pu1.vs.wt_p7_input.rmdup.uq.rmchrM_logLR.bw
wait 5
wait 5 done
trasferring wt_p7_pu1.vs.wt_p7_input.markdup.uq_logLR.bw
wait 5
wait 5 done
trasferring wt_p7_pu1.vs.wt_p7_input.rmdup_logLR.bw
wait 5
wait 5 done
https://ppr.stjude.org/?study=HemPipelines/yli11/710d9b295a50/logLR.bw.json


PS:

Read file <chip_seq_single_yli11_2020-09-12.tracks.message_109706106_1.err> for stderr output of this job.

