Sender: LSF System <lsfadmin@nodecn268>
Subject: Job 109706104[7]: <libx[1-12]> in cluster <hpcf_research_cluster> Done

Job <libx[1-12]> was submitted from host <nodecn125> by user <yli11> in cluster <hpcf_research_cluster> at Sat Sep 12 09:46:43 2020.
Job was executed on host(s) <nodecn268>, in queue <standard>, as user <yli11> in cluster <hpcf_research_cluster> at Sat Sep 12 10:00:06 2020.
</home/yli11> was used as the home directory.
</home/yli11/Share/Megan/HPC5/PU1/pu1_fastq_files> was used as the working directory.
Started at Sat Sep 12 10:00:06 2020.
Terminated at Sat Sep 12 10:01:02 2020.
Results reported at Sat Sep 12 10:01:02 2020.

Your job looked like:

------------------------------------------------------------
# LSBATCH: User input


#BSUB -P chip_seq_single
#BSUB -o chip_seq_single_yli11_2020-09-12.lib.complexity.message_%J_%I.out -e chip_seq_single_yli11_2020-09-12.lib.complexity.message_%J_%I.err
#BSUB -n 1
#BSUB -q standard
#BSUB -R "span[hosts=1] rusage[mem=10000]"
#BSUB -J "libx[1-12]"
module purge
#BSUB -w "ended(109706097[*])"
module load bedtools/2.25.0

id=$LSB_JOBINDEX
COL1=`head -n $id SE.list|tail -n1|awk -F "	" '{print $1}'`
COL2=`head -n $id SE.list|tail -n1|awk -F "	" '{print $2}'`
COL3=`head -n $id SE.list|tail -n1|awk -F "	" '{print $3}'`
COL4=`head -n $id SE.list|tail -n1|awk -F "	" '{print $4}'`
COL5=`head -n $id SE.list|tail -n1|awk -F "	" '{print $5}'`
COL6=`head -n $id SE.list|tail -n1|awk -F "	" '{print $6}'`
LINE=`head -n $id SE.list|tail -n1`

bedtools bamtobed -i ${COL2}.bam | awk 'BEGIN{OFS="\t"}{print $1,$2,$3,$6}' | grep -v 'chrM' | sort | uniq -c | awk 'BEGIN{mt=0;m0=0;m1=0;m2=0} ($1==1){m1=m1+1} ($1==2){m2=m2+1} {m0=m0+1} {mt=mt+$1} END{printf "%d\t%d\t%d\t%d\t%f\t%f\t%f\n",mt,m0,m1,m2,m0/mt,m1/m0,m1/m2}' > ${COL2}.lib.complexity

		
------------------------------------------------------------

Successfully completed.

Resource usage summary:

    CPU time :                                   88.23 sec.
    Max Memory :                                 16 MB
    Average Memory :                             14.75 MB
    Total Requested Memory :                     10000.00 MB
    Delta Memory :                               9984.00 MB
    Max Swap :                                   -
    Max Processes :                              9
    Max Threads :                                10
    Run time :                                   56 sec.
    Turnaround time :                            859 sec.

The output (if any) follows:



PS:

Read file <chip_seq_single_yli11_2020-09-12.lib.complexity.message_109706104_7.err> for stderr output of this job.

