Sender: LSF System <lsfadmin@nodecn211>
Subject: Job 109803382[1]: <libx[1-10]> in cluster <hpcf_research_cluster> Done

Job <libx[1-10]> was submitted from host <nodecn125> by user <yli11> in cluster <hpcf_research_cluster> at Thu Sep 17 16:38:14 2020.
Job was executed on host(s) <nodecn211>, in queue <standard>, as user <yli11> in cluster <hpcf_research_cluster> at Thu Sep 17 18:09:49 2020.
</home/yli11> was used as the home directory.
</home/yli11/Share/Megan/HPC5/NFIX> was used as the working directory.
Started at Thu Sep 17 18:09:49 2020.
Terminated at Thu Sep 17 18:34:20 2020.
Results reported at Thu Sep 17 18:34:20 2020.

Your job looked like:

------------------------------------------------------------
# LSBATCH: User input


#BSUB -P chip_seq_single
#BSUB -o chip_seq_single_yli11_2020-09-17.lib.complexity.message_%J_%I.out -e chip_seq_single_yli11_2020-09-17.lib.complexity.message_%J_%I.err
#BSUB -n 1
#BSUB -q standard
#BSUB -R "span[hosts=1] rusage[mem=10000]"
#BSUB -J "libx[1-10]"
module purge
#BSUB -w "ended(109803375[*])"
module load bedtools/2.25.0

id=$LSB_JOBINDEX
COL1=`head -n $id fastq.tsv|tail -n1|awk -F "	" '{print $1}'`
COL2=`head -n $id fastq.tsv|tail -n1|awk -F "	" '{print $2}'`
COL3=`head -n $id fastq.tsv|tail -n1|awk -F "	" '{print $3}'`
COL4=`head -n $id fastq.tsv|tail -n1|awk -F "	" '{print $4}'`
COL5=`head -n $id fastq.tsv|tail -n1|awk -F "	" '{print $5}'`
COL6=`head -n $id fastq.tsv|tail -n1|awk -F "	" '{print $6}'`
LINE=`head -n $id fastq.tsv|tail -n1`

bedtools bamtobed -i ${COL2}.bam | awk 'BEGIN{OFS="\t"}{print $1,$2,$3,$6}' | grep -v 'chrM' | sort | uniq -c | awk 'BEGIN{mt=0;m0=0;m1=0;m2=0} ($1==1){m1=m1+1} ($1==2){m2=m2+1} {m0=m0+1} {mt=mt+$1} END{printf "%d\t%d\t%d\t%d\t%f\t%f\t%f\n",mt,m0,m1,m2,m0/mt,m1/m0,m1/m2}' > ${COL2}.lib.complexity

		
------------------------------------------------------------

Successfully completed.

Resource usage summary:

    CPU time :                                   1913.80 sec.
    Max Memory :                                 16 MB
    Average Memory :                             13.83 MB
    Total Requested Memory :                     10000.00 MB
    Delta Memory :                               9984.00 MB
    Max Swap :                                   -
    Max Processes :                              9
    Max Threads :                                10
    Run time :                                   1470 sec.
    Turnaround time :                            6966 sec.

The output (if any) follows:



PS:

Read file <chip_seq_single_yli11_2020-09-17.lib.complexity.message_109803382_1.err> for stderr output of this job.

