Sender: LSF System <lsfadmin@nodecn118>
Subject: Job 109803375[6]: <BWA[1-10]> in cluster <hpcf_research_cluster> Done

Job <BWA[1-10]> was submitted from host <nodecn125> by user <yli11> in cluster <hpcf_research_cluster> at Thu Sep 17 16:38:13 2020.
Job was executed on host(s) <6*nodecn118>, in queue <standard>, as user <yli11> in cluster <hpcf_research_cluster> at Thu Sep 17 17:28:23 2020.
</home/yli11> was used as the home directory.
</home/yli11/Share/Megan/HPC5/NFIX> was used as the working directory.
Started at Thu Sep 17 17:28:23 2020.
Terminated at Thu Sep 17 18:10:11 2020.
Results reported at Thu Sep 17 18:10:11 2020.

Your job looked like:

------------------------------------------------------------
# LSBATCH: User input


#BSUB -P chip_seq_single
#BSUB -o chip_seq_single_yli11_2020-09-17.BWA.message_%J_%I.out -e chip_seq_single_yli11_2020-09-17.BWA.message_%J_%I.err
#BSUB -n 6
#BSUB -q standard
#BSUB -R "span[hosts=1] rusage[mem=6000]"
#BSUB -J "BWA[1-10]"
module purge
module load bwa/0.7.16a
module load samtools/1.7

id=$LSB_JOBINDEX
COL1=`head -n $id chip_seq_single_yli11_2020-09-17.bwa.input|tail -n1|awk -F "	" '{print $1}'`
COL2=`head -n $id chip_seq_single_yli11_2020-09-17.bwa.input|tail -n1|awk -F "	" '{print $2}'`
COL3=`head -n $id chip_seq_single_yli11_2020-09-17.bwa.input|tail -n1|awk -F "	" '{print $3}'`
COL4=`head -n $id chip_seq_single_yli11_2020-09-17.bwa.input|tail -n1|awk -F "	" '{print $4}'`
COL5=`head -n $id chip_seq_single_yli11_2020-09-17.bwa.input|tail -n1|awk -F "	" '{print $5}'`
COL6=`head -n $id chip_seq_single_yli11_2020-09-17.bwa.input|tail -n1|awk -F "	" '{print $6}'`
LINE=`head -n $id chip_seq_single_yli11_2020-09-17.bwa.input|tail -n1`

bwa mem -t 6 /research/dept/hem/common/sequencing/chenggrp/pipelines/subcmd/../mm9/bwa_16a_index/mm9.fa ${COL1} |samtools view -@ 6 -bS - > ${COL2}.bam

		
------------------------------------------------------------

Successfully completed.

Resource usage summary:

    CPU time :                                   15027.34 sec.
    Max Memory :                                 8257 MB
    Average Memory :                             8039.24 MB
    Total Requested Memory :                     36000.00 MB
    Delta Memory :                               27743.00 MB
    Max Swap :                                   -
    Max Processes :                              5
    Max Threads :                                21
    Run time :                                   2506 sec.
    Turnaround time :                            5518 sec.

The output (if any) follows:



PS:

Read file <chip_seq_single_yli11_2020-09-17.BWA.message_109803375_6.err> for stderr output of this job.

