[M::bwa_idx_load_from_disk] read 0 ALT contigs
[M::process] read 1176472 sequences (60000072 bp)...
[M::process] read 1176472 sequences (60000072 bp)...
[M::mem_process_seqs] Processed 1176472 reads in 282.356 CPU sec, 47.589 real sec
[M::process] read 1176472 sequences (60000072 bp)...
[M::mem_process_seqs] Processed 1176472 reads in 278.672 CPU sec, 46.355 real sec
[M::process] read 1176472 sequences (60000072 bp)...
[M::mem_process_seqs] Processed 1176472 reads in 279.464 CPU sec, 46.603 real sec
[M::process] read 1176472 sequences (60000072 bp)...
[M::mem_process_seqs] Processed 1176472 reads in 276.411 CPU sec, 45.999 real sec
[M::process] read 1176472 sequences (60000072 bp)...
[M::mem_process_seqs] Processed 1176472 reads in 283.040 CPU sec, 47.259 real sec
[M::process] read 1176472 sequences (60000072 bp)...
[M::mem_process_seqs] Processed 1176472 reads in 281.814 CPU sec, 47.083 real sec
[M::process] read 1176472 sequences (60000072 bp)...
[M::mem_process_seqs] Processed 1176472 reads in 287.886 CPU sec, 47.997 real sec
[M::process] read 1176472 sequences (60000072 bp)...
[M::mem_process_seqs] Processed 1176472 reads in 284.750 CPU sec, 47.319 real sec
[M::process] read 1176472 sequences (60000072 bp)...
[M::mem_process_seqs] Processed 1176472 reads in 280.071 CPU sec, 46.569 real sec
[M::process] read 1176472 sequences (60000072 bp)...
[M::mem_process_seqs] Processed 1176472 reads in 279.876 CPU sec, 46.569 real sec
[M::process] read 1176472 sequences (60000072 bp)...
[M::mem_process_seqs] Processed 1176472 reads in 283.211 CPU sec, 47.173 real sec
[M::process] read 1176472 sequences (60000072 bp)...
[M::mem_process_seqs] Processed 1176472 reads in 282.562 CPU sec, 47.004 real sec
[M::process] read 1176472 sequences (60000072 bp)...
[M::mem_process_seqs] Processed 1176472 reads in 290.565 CPU sec, 48.487 real sec
[M::process] read 1176472 sequences (60000072 bp)...
[M::mem_process_seqs] Processed 1176472 reads in 279.575 CPU sec, 46.553 real sec
[M::process] read 1176472 sequences (60000072 bp)...
[M::mem_process_seqs] Processed 1176472 reads in 286.981 CPU sec, 47.823 real sec
[M::process] read 1176472 sequences (60000072 bp)...
[M::mem_process_seqs] Processed 1176472 reads in 302.921 CPU sec, 50.513 real sec
[M::process] read 1176472 sequences (60000072 bp)...
[M::mem_process_seqs] Processed 1176472 reads in 295.084 CPU sec, 49.160 real sec
[M::process] read 1176472 sequences (60000072 bp)...
[M::mem_process_seqs] Processed 1176472 reads in 282.542 CPU sec, 47.059 real sec
[M::process] read 1176472 sequences (60000072 bp)...
[M::mem_process_seqs] Processed 1176472 reads in 286.751 CPU sec, 47.847 real sec
[M::process] read 1176472 sequences (60000072 bp)...
[M::mem_process_seqs] Processed 1176472 reads in 283.119 CPU sec, 47.210 real sec
[M::process] read 1176472 sequences (60000072 bp)...
[M::mem_process_seqs] Processed 1176472 reads in 279.010 CPU sec, 46.575 real sec
[M::process] read 1176472 sequences (60000072 bp)...
[M::mem_process_seqs] Processed 1176472 reads in 273.822 CPU sec, 45.558 real sec
[M::process] read 1176472 sequences (60000072 bp)...
[M::mem_process_seqs] Processed 1176472 reads in 275.945 CPU sec, 45.937 real sec
[M::process] read 1176472 sequences (60000072 bp)...
[M::mem_process_seqs] Processed 1176472 reads in 276.821 CPU sec, 45.990 real sec
[M::process] read 1176472 sequences (60000072 bp)...
[M::mem_process_seqs] Processed 1176472 reads in 274.971 CPU sec, 45.832 real sec
[M::process] read 1176472 sequences (60000072 bp)...
[M::mem_process_seqs] Processed 1176472 reads in 278.671 CPU sec, 46.459 real sec
[M::process] read 1176472 sequences (60000072 bp)...
[M::mem_process_seqs] Processed 1176472 reads in 281.583 CPU sec, 46.933 real sec
[M::process] read 1176472 sequences (60000072 bp)...
[M::mem_process_seqs] Processed 1176472 reads in 282.959 CPU sec, 47.065 real sec
[M::process] read 1176472 sequences (60000072 bp)...
[M::mem_process_seqs] Processed 1176472 reads in 279.006 CPU sec, 46.482 real sec
[M::process] read 1176472 sequences (60000072 bp)...
[M::mem_process_seqs] Processed 1176472 reads in 274.359 CPU sec, 45.644 real sec
[M::process] read 1176472 sequences (60000072 bp)...
[M::mem_process_seqs] Processed 1176472 reads in 279.667 CPU sec, 46.615 real sec
[M::process] read 1176472 sequences (60000072 bp)...
[M::mem_process_seqs] Processed 1176472 reads in 278.176 CPU sec, 46.373 real sec
[M::process] read 1176472 sequences (60000072 bp)...
[M::mem_process_seqs] Processed 1176472 reads in 289.450 CPU sec, 48.295 real sec
[M::process] read 1176472 sequences (60000072 bp)...
[M::mem_process_seqs] Processed 1176472 reads in 303.189 CPU sec, 50.437 real sec
[M::process] read 1176472 sequences (60000072 bp)...
[M::mem_process_seqs] Processed 1176472 reads in 286.438 CPU sec, 47.865 real sec
[M::process] read 1176472 sequences (60000072 bp)...
[M::mem_process_seqs] Processed 1176472 reads in 283.310 CPU sec, 47.060 real sec
[M::process] read 1176472 sequences (60000072 bp)...
[M::mem_process_seqs] Processed 1176472 reads in 277.769 CPU sec, 46.381 real sec
[M::process] read 1176472 sequences (60000072 bp)...
[M::mem_process_seqs] Processed 1176472 reads in 282.132 CPU sec, 47.027 real sec
[M::process] read 1176472 sequences (60000072 bp)...
[M::mem_process_seqs] Processed 1176472 reads in 287.094 CPU sec, 47.931 real sec
[M::process] read 1176472 sequences (60000072 bp)...
[M::mem_process_seqs] Processed 1176472 reads in 298.761 CPU sec, 49.829 real sec
[M::process] read 1176472 sequences (60000072 bp)...
[M::mem_process_seqs] Processed 1176472 reads in 286.426 CPU sec, 47.635 real sec
[M::process] read 1176472 sequences (60000072 bp)...
[M::mem_process_seqs] Processed 1176472 reads in 275.463 CPU sec, 45.833 real sec
[M::process] read 1176472 sequences (60000072 bp)...
[M::mem_process_seqs] Processed 1176472 reads in 278.805 CPU sec, 46.437 real sec
[M::process] read 1176472 sequences (60000072 bp)...
[M::mem_process_seqs] Processed 1176472 reads in 285.593 CPU sec, 47.442 real sec
[M::process] read 1176472 sequences (60000072 bp)...
[M::mem_process_seqs] Processed 1176472 reads in 287.378 CPU sec, 47.766 real sec
[M::process] read 1176472 sequences (60000072 bp)...
[M::mem_process_seqs] Processed 1176472 reads in 282.131 CPU sec, 46.875 real sec
[M::process] read 1176472 sequences (60000072 bp)...
[M::mem_process_seqs] Processed 1176472 reads in 283.528 CPU sec, 47.109 real sec
[M::process] read 1176472 sequences (60000072 bp)...
[M::mem_process_seqs] Processed 1176472 reads in 288.892 CPU sec, 47.986 real sec
[M::process] read 1176472 sequences (60000072 bp)...
[M::mem_process_seqs] Processed 1176472 reads in 286.382 CPU sec, 47.803 real sec
[M::process] read 1176472 sequences (60000072 bp)...
[M::mem_process_seqs] Processed 1176472 reads in 300.178 CPU sec, 50.238 real sec
[M::process] read 1176472 sequences (60000072 bp)...
[M::mem_process_seqs] Processed 1176472 reads in 292.754 CPU sec, 48.792 real sec
[M::process] read 1176472 sequences (60000072 bp)...
[M::mem_process_seqs] Processed 1176472 reads in 296.473 CPU sec, 49.375 real sec
[M::process] read 1176472 sequences (60000072 bp)...
[M::mem_process_seqs] Processed 1176472 reads in 332.811 CPU sec, 55.516 real sec
[M::process] read 1176472 sequences (60000072 bp)...
[M::mem_process_seqs] Processed 1176472 reads in 300.089 CPU sec, 49.944 real sec
[M::process] read 1176472 sequences (60000072 bp)...
[M::mem_process_seqs] Processed 1176472 reads in 288.778 CPU sec, 48.099 real sec
[M::process] read 1176472 sequences (60000072 bp)...
[M::mem_process_seqs] Processed 1176472 reads in 278.033 CPU sec, 46.434 real sec
[M::process] read 1176472 sequences (60000072 bp)...
[M::mem_process_seqs] Processed 1176472 reads in 287.690 CPU sec, 47.918 real sec
[M::process] read 1176472 sequences (60000072 bp)...
[M::mem_process_seqs] Processed 1176472 reads in 283.200 CPU sec, 47.222 real sec
[M::process] read 1176472 sequences (60000072 bp)...
[M::mem_process_seqs] Processed 1176472 reads in 307.169 CPU sec, 51.267 real sec
[M::process] read 1176472 sequences (60000072 bp)...
[M::mem_process_seqs] Processed 1176472 reads in 302.882 CPU sec, 50.493 real sec
[M::process] read 1176472 sequences (60000072 bp)...
[M::mem_process_seqs] Processed 1176472 reads in 311.473 CPU sec, 51.915 real sec
[M::process] read 1176472 sequences (60000072 bp)...
[M::mem_process_seqs] Processed 1176472 reads in 288.112 CPU sec, 48.081 real sec
[M::process] read 1176472 sequences (60000072 bp)...
[M::mem_process_seqs] Processed 1176472 reads in 288.285 CPU sec, 47.980 real sec
[M::process] read 1176472 sequences (60000072 bp)...
[M::mem_process_seqs] Processed 1176472 reads in 283.401 CPU sec, 47.057 real sec
[M::process] read 1176472 sequences (60000072 bp)...
[M::mem_process_seqs] Processed 1176472 reads in 290.290 CPU sec, 48.372 real sec
[M::process] read 1176472 sequences (60000072 bp)...
[M::mem_process_seqs] Processed 1176472 reads in 278.978 CPU sec, 46.297 real sec
[M::process] read 204477 sequences (10428327 bp)...
[M::mem_process_seqs] Processed 1176472 reads in 275.967 CPU sec, 46.143 real sec
[M::mem_process_seqs] Processed 204477 reads in 55.936 CPU sec, 9.105 real sec
[main] Version: 0.7.16a-r1181
[main] CMD: bwa mem -t 6 /research/dept/hem/common/sequencing/chenggrp/pipelines/subcmd/../mm9/bwa_16a_index/mm9.fa 1706667_MW127_KO0423_INPUT.fastq.gz
[main] Real time: 3245.389 sec; CPU: 19234.146 sec
