mouse_LTHSC_ATAC.markdup.bam
mouse_LTHSC_ATAC.markdup.s3norm.bdg





------------------------------------------------------------
Sender: LSF System <lsfadmin@noderome123>
Subject: Job 142517553[6]: <bamtobdg[1-10]> in cluster <hpcf_research_cluster> Done

Job <bamtobdg[1-10]> was submitted from host <noderome155> by user <yli11> in cluster <hpcf_research_cluster> at Sat Oct  9 11:34:29 2021
Job was executed on host(s) <noderome123>, in queue <standard>, as user <yli11> in cluster <hpcf_research_cluster> at Sat Oct  9 11:35:30 2021
</home/yli11> was used as the home directory.
</research/rgs01/project_space/chenggrp/blood_regulome/chenggrp/HemPortal/HemTools_uniform_processed_files/Mouse/ATAC/blood_lineage/atac_seq_yli11_2021-09-24/bam_files> was used as the working directory.
Started at Sat Oct  9 11:35:30 2021
Terminated at Sat Oct  9 12:32:28 2021
Results reported at Sat Oct  9 12:32:28 2021

Your job looked like:

------------------------------------------------------------
# LSBATCH: User input


#BSUB -P S3norm_yli
#BSUB -o S3norm_yli11_2021-10-09/log_files/bamtobdg_%J_%I.out -e S3norm_yli11_2021-10-09/log_files/bamtobdg_%J_%I.err
#BSUB -n 1
#BSUB -q standard
#BSUB -R "span[hosts=1] rusage[mem=30000]"
#BSUB -J "bamtobdg[1-10]"



module purge

id=$LSB_JOBINDEX
COL1=`head -n $id S3norm_yli11_2021-10-09.converter.input|tail -n1|awk -F "	" '{print $1}'`
COL2=`head -n $id S3norm_yli11_2021-10-09.converter.input|tail -n1|awk -F "	" '{print $2}'`
COL3=`head -n $id S3norm_yli11_2021-10-09.converter.input|tail -n1|awk -F "	" '{print $3}'`
COL4=`head -n $id S3norm_yli11_2021-10-09.converter.input|tail -n1|awk -F "	" '{print $4}'`
COL5=`head -n $id S3norm_yli11_2021-10-09.converter.input|tail -n1|awk -F "	" '{print $5}'`
COL6=`head -n $id S3norm_yli11_2021-10-09.converter.input|tail -n1|awk -F "	" '{print $6}'`
COL7=`head -n $id S3norm_yli11_2021-10-09.converter.input|tail -n1|awk -F "	" '{print $7}'`
COL8=`head -n $id S3norm_yli11_2021-10-09.converter.input|tail -n1|awk -F "	" '{print $8}'`
COL9=`head -n $id S3norm_yli11_2021-10-09.converter.input|tail -n1|awk -F "	" '{print $9}'`
LINE=`head -n $id S3norm_yli11_2021-10-09.converter.input|tail -n1`

echo ${COL1}
echo ${COL2}
echo ${COL3}
echo ${COL4}
echo ${COL5}
echo ${COL6}

module load conda3
source activate /home/yli11/.conda/envs/cut_run
ncore=1
mem=30000
bamCoverage -b ${COL1} -o ${COL2} -of bedgraph --ignoreForNormalization chrX chrM   --numberOfProcessors 4 -bs 20 --smoothLength 60 --blackListFileName /research/dept/hem/common/sequencing/chenggrp/pipelines/mm9/mm9.blacklist.bed


------------------------------------------------------------

Successfully completed.

Resource usage summary:

    CPU time :                                   3377.52 sec.
    Max Memory :                                 7403 MB
    Average Memory :                             2055.43 MB
    Total Requested Memory :                     30000.00 MB
    Delta Memory :                               22597.00 MB
    Max Swap :                                   -
    Max Processes :                              8
    Max Threads :                                12
    Run time :                                   3418 sec.
    Turnaround time :                            3479 sec.

The output (if any) is above this job summary.



PS:

Read file <S3norm_yli11_2021-10-09/log_files/bamtobdg_142517553_6.err> for stderr output of this job.

