mouse_Ery_ATAC.markdup.s3norm.bdg.NBP.s3norm.bedgraph
mouse_Ery_ATAC.markdup.s3norm.bdg.NBP.s3norm.bw





------------------------------------------------------------
Sender: LSF System <lsfadmin@noderome115>
Subject: Job 142517555[2]: <bdg_to_bw[1-20]> in cluster <hpcf_research_cluster> Exited

Job <bdg_to_bw[1-20]> was submitted from host <noderome155> by user <yli11> in cluster <hpcf_research_cluster> at Sat Oct  9 11:34:29 2021
Job was executed on host(s) <noderome115>, in queue <standard>, as user <yli11> in cluster <hpcf_research_cluster> at Sun Oct 10 03:38:02 2021
</home/yli11> was used as the home directory.
</research/rgs01/project_space/chenggrp/blood_regulome/chenggrp/HemPortal/HemTools_uniform_processed_files/Mouse/ATAC/blood_lineage/atac_seq_yli11_2021-09-24/bam_files> was used as the working directory.
Started at Sun Oct 10 03:38:02 2021
Terminated at Sun Oct 10 03:40:52 2021
Results reported at Sun Oct 10 03:40:52 2021

Your job looked like:

------------------------------------------------------------
# LSBATCH: User input


#BSUB -P S3norm_yli
#BSUB -o S3norm_yli11_2021-10-09/log_files/bdg_to_bw_%J_%I.out -e S3norm_yli11_2021-10-09/log_files/bdg_to_bw_%J_%I.err
#BSUB -n 1
#BSUB -q standard
#BSUB -R "span[hosts=1] rusage[mem=30000]"
#BSUB -J "bdg_to_bw[1-20]"

#BSUB -w "ended(142517554)"

module purge

id=$LSB_JOBINDEX
COL1=`head -n $id S3norm_yli11_2021-10-09.bdg_to_bw_files.input|tail -n1|awk -F "	" '{print $1}'`
COL2=`head -n $id S3norm_yli11_2021-10-09.bdg_to_bw_files.input|tail -n1|awk -F "	" '{print $2}'`
COL3=`head -n $id S3norm_yli11_2021-10-09.bdg_to_bw_files.input|tail -n1|awk -F "	" '{print $3}'`
COL4=`head -n $id S3norm_yli11_2021-10-09.bdg_to_bw_files.input|tail -n1|awk -F "	" '{print $4}'`
COL5=`head -n $id S3norm_yli11_2021-10-09.bdg_to_bw_files.input|tail -n1|awk -F "	" '{print $5}'`
COL6=`head -n $id S3norm_yli11_2021-10-09.bdg_to_bw_files.input|tail -n1|awk -F "	" '{print $6}'`
COL7=`head -n $id S3norm_yli11_2021-10-09.bdg_to_bw_files.input|tail -n1|awk -F "	" '{print $7}'`
COL8=`head -n $id S3norm_yli11_2021-10-09.bdg_to_bw_files.input|tail -n1|awk -F "	" '{print $8}'`
COL9=`head -n $id S3norm_yli11_2021-10-09.bdg_to_bw_files.input|tail -n1|awk -F "	" '{print $9}'`
LINE=`head -n $id S3norm_yli11_2021-10-09.bdg_to_bw_files.input|tail -n1`

echo ${COL1}
echo ${COL2}
echo ${COL3}
echo ${COL4}
echo ${COL5}
echo ${COL6}

ncore=1
mem=30000
module load ucsc/041619
cd S3norm_NBP_bedgraph
bedGraphToBigWig ${COL1} /home/yli11/Data/Mouse/mm9/annotations/mm9.chrom.sizes ${COL2}
cd ..
cd S3norm_rc_bedgraph
bedGraphToBigWig ${COL1} /home/yli11/Data/Mouse/mm9/annotations/mm9.chrom.sizes ${COL2}


------------------------------------------------------------

Exited with exit code 255.

Resource usage summary:

    CPU time :                                   166.48 sec.
    Max Memory :                                 285 MB
    Average Memory :                             70.83 MB
    Total Requested Memory :                     30000.00 MB
    Delta Memory :                               29715.00 MB
    Max Swap :                                   -
    Max Processes :                              4
    Max Threads :                                6
    Run time :                                   170 sec.
    Turnaround time :                            57983 sec.

The output (if any) is above this job summary.



PS:

Read file <S3norm_yli11_2021-10-09/log_files/bdg_to_bw_142517555_2.err> for stderr output of this job.

