a
b
c




------------------------------------------------------------
Sender: LSF System <lsfadmin@noderome202>
Subject: Job 142517556[1]: <email[1-1]> in cluster <hpcf_research_cluster> Done

Job <email[1-1]> was submitted from host <noderome155> by user <yli11> in cluster <hpcf_research_cluster> at Sat Oct  9 11:34:29 2021
Job was executed on host(s) <noderome202>, in queue <standard>, as user <yli11> in cluster <hpcf_research_cluster> at Sun Oct 10 03:41:16 2021
</home/yli11> was used as the home directory.
</research/rgs01/project_space/chenggrp/blood_regulome/chenggrp/HemPortal/HemTools_uniform_processed_files/Mouse/ATAC/blood_lineage/atac_seq_yli11_2021-09-24/bam_files> was used as the working directory.
Started at Sun Oct 10 03:41:16 2021
Terminated at Sun Oct 10 03:41:37 2021
Results reported at Sun Oct 10 03:41:37 2021

Your job looked like:

------------------------------------------------------------
# LSBATCH: User input


#BSUB -P S3norm_yli
#BSUB -o S3norm_yli11_2021-10-09/log_files/email_%J_%I.out -e S3norm_yli11_2021-10-09/log_files/email_%J_%I.err
#BSUB -n 1
#BSUB -q standard
#BSUB -R "span[hosts=1] rusage[mem=4000]"
#BSUB -J "email[1-1]"

#BSUB -w "ended(142517553) && ended(142517554) && ended(142517555)"

module purge

id=$LSB_JOBINDEX
COL1=`head -n $id /research/rgs01/home/clusterHome/yli11/HemTools/utils/../share/misc/sample.tsv|tail -n1|awk -F "	" '{print $1}'`
COL2=`head -n $id /research/rgs01/home/clusterHome/yli11/HemTools/utils/../share/misc/sample.tsv|tail -n1|awk -F "	" '{print $2}'`
COL3=`head -n $id /research/rgs01/home/clusterHome/yli11/HemTools/utils/../share/misc/sample.tsv|tail -n1|awk -F "	" '{print $3}'`
COL4=`head -n $id /research/rgs01/home/clusterHome/yli11/HemTools/utils/../share/misc/sample.tsv|tail -n1|awk -F "	" '{print $4}'`
COL5=`head -n $id /research/rgs01/home/clusterHome/yli11/HemTools/utils/../share/misc/sample.tsv|tail -n1|awk -F "	" '{print $5}'`
COL6=`head -n $id /research/rgs01/home/clusterHome/yli11/HemTools/utils/../share/misc/sample.tsv|tail -n1|awk -F "	" '{print $6}'`
COL7=`head -n $id /research/rgs01/home/clusterHome/yli11/HemTools/utils/../share/misc/sample.tsv|tail -n1|awk -F "	" '{print $7}'`
COL8=`head -n $id /research/rgs01/home/clusterHome/yli11/HemTools/utils/../share/misc/sample.tsv|tail -n1|awk -F "	" '{print $8}'`
COL9=`head -n $id /research/rgs01/home/clusterHome/yli11/HemTools/utils/../share/misc/sample.tsv|tail -n1|awk -F "	" '{print $9}'`
LINE=`head -n $id /research/rgs01/home/clusterHome/yli11/HemTools/utils/../share/misc/sample.tsv|tail -n1`

echo ${COL1}
echo ${COL2}
echo ${COL3}
echo ${COL4}
echo ${COL5}
echo ${COL6}

module load python/2.7.13
mv -f S3norm_NBP_bedgraph S3norm_yli11_2021-10-09
mv -f S3norm_rc_bedgraph S3norm_yli11_2021-10-09
mv -f NBP_bedgraph S3norm_yli11_2021-10-09
mv -f average_ref_bedgraph S3norm_yli11_2021-10-09
cd S3norm_yli11_2021-10-09
send_email_v1.py -m "S3norm_yli11_2021-10-09 is finished" -j S3norm_yli11_2021-10-09


------------------------------------------------------------

Successfully completed.

Resource usage summary:

    CPU time :                                   1.78 sec.
    Max Memory :                                 73 MB
    Average Memory :                             48.33 MB
    Total Requested Memory :                     4000.00 MB
    Delta Memory :                               3927.00 MB
    Max Swap :                                   -
    Max Processes :                              4
    Max Threads :                                68
    Run time :                                   21 sec.
    Turnaround time :                            58028 sec.

The output (if any) is above this job summary.



PS:

Read file <S3norm_yli11_2021-10-09/log_files/email_142517556_1.err> for stderr output of this job.

