Sender: LSF System <lsfadmin@nodecn020>
Subject: Job 105021395[3]: <QC1[1-3]> in cluster <hpcf_research_cluster> Done

Job <QC1[1-3]> was submitted from host <nodecn012> by user <yli11> in cluster <hpcf_research_cluster> at Mon Jun  8 16:50:27 2020.
Job was executed on host(s) <nodecn020>, in queue <standard>, as user <yli11> in cluster <hpcf_research_cluster> at Mon Jun  8 16:50:29 2020.
</home/yli11> was used as the home directory.
</home/yli11/Share/Megan/figures/chromHMM_input/H3K27ac_enhancer> was used as the working directory.
Started at Mon Jun  8 16:50:29 2020.
Terminated at Mon Jun  8 16:54:19 2020.
Results reported at Mon Jun  8 16:54:19 2020.

Your job looked like:

------------------------------------------------------------
# LSBATCH: User input


#BSUB -P chip_seq_single
#BSUB -o chip_seq_single_yli11_2020-06-08.fastqc.message_%J_%I.out -e chip_seq_single_yli11_2020-06-08.fastqc.message_%J_%I.err
#BSUB -n 1
#BSUB -q standard
#BSUB -R "span[hosts=1] rusage[mem=4000]"
#BSUB -J "QC1[1-3]"
module purge
module load fastqc/0.11.5

id=$LSB_JOBINDEX
COL1=`head -n $id chip_seq_single_yli11_2020-06-08.fastqc.input|tail -n1|awk -F "	" '{print $1}'`
COL2=`head -n $id chip_seq_single_yli11_2020-06-08.fastqc.input|tail -n1|awk -F "	" '{print $2}'`
COL3=`head -n $id chip_seq_single_yli11_2020-06-08.fastqc.input|tail -n1|awk -F "	" '{print $3}'`
COL4=`head -n $id chip_seq_single_yli11_2020-06-08.fastqc.input|tail -n1|awk -F "	" '{print $4}'`
COL5=`head -n $id chip_seq_single_yli11_2020-06-08.fastqc.input|tail -n1|awk -F "	" '{print $5}'`
COL6=`head -n $id chip_seq_single_yli11_2020-06-08.fastqc.input|tail -n1|awk -F "	" '{print $6}'`
LINE=`head -n $id chip_seq_single_yli11_2020-06-08.fastqc.input|tail -n1`

fastqc ${COL1}

		
------------------------------------------------------------

Successfully completed.

Resource usage summary:

    CPU time :                                   240.23 sec.
    Max Memory :                                 155 MB
    Average Memory :                             127.17 MB
    Total Requested Memory :                     4000.00 MB
    Delta Memory :                               3845.00 MB
    Max Swap :                                   -
    Max Processes :                              4
    Max Threads :                                18
    Run time :                                   230 sec.
    Turnaround time :                            232 sec.

The output (if any) follows:

Analysis complete for 1706665_MW127_H3K27ac.fastq.gz


PS:

Read file <chip_seq_single_yli11_2020-06-08.fastqc.message_105021395_3.err> for stderr output of this job.

