[M::bwa_idx_load_from_disk] read 0 ALT contigs
[M::process] read 1176472 sequences (60000072 bp)...
[M::process] read 1176472 sequences (60000072 bp)...
[M::mem_process_seqs] Processed 1176472 reads in 274.863 CPU sec, 47.646 real sec
[M::process] read 1176472 sequences (60000072 bp)...
[M::mem_process_seqs] Processed 1176472 reads in 272.324 CPU sec, 45.470 real sec
[M::process] read 1176472 sequences (60000072 bp)...
[M::mem_process_seqs] Processed 1176472 reads in 256.849 CPU sec, 42.807 real sec
[M::process] read 1176472 sequences (60000072 bp)...
[M::mem_process_seqs] Processed 1176472 reads in 238.421 CPU sec, 39.687 real sec
[M::process] read 1176472 sequences (60000072 bp)...
[M::mem_process_seqs] Processed 1176472 reads in 231.574 CPU sec, 39.027 real sec
[M::process] read 1176472 sequences (60000072 bp)...
[M::mem_process_seqs] Processed 1176472 reads in 239.761 CPU sec, 39.975 real sec
[M::process] read 1176472 sequences (60000072 bp)...
[M::mem_process_seqs] Processed 1176472 reads in 226.137 CPU sec, 37.592 real sec
[M::process] read 1176472 sequences (60000072 bp)...
[M::mem_process_seqs] Processed 1176472 reads in 228.107 CPU sec, 37.981 real sec
[M::process] read 1176472 sequences (60000072 bp)...
[M::mem_process_seqs] Processed 1176472 reads in 225.945 CPU sec, 37.548 real sec
[M::process] read 1176472 sequences (60000072 bp)...
[M::mem_process_seqs] Processed 1176472 reads in 221.877 CPU sec, 36.845 real sec
[M::process] read 1176472 sequences (60000072 bp)...
[M::mem_process_seqs] Processed 1176472 reads in 224.287 CPU sec, 37.300 real sec
[M::process] read 1176472 sequences (60000072 bp)...
[M::mem_process_seqs] Processed 1176472 reads in 221.756 CPU sec, 36.959 real sec
[M::process] read 1176472 sequences (60000072 bp)...
[M::mem_process_seqs] Processed 1176472 reads in 222.721 CPU sec, 36.994 real sec
[M::process] read 1176472 sequences (60000072 bp)...
[M::mem_process_seqs] Processed 1176472 reads in 220.270 CPU sec, 36.640 real sec
[M::process] read 1176472 sequences (60000072 bp)...
[M::mem_process_seqs] Processed 1176472 reads in 220.116 CPU sec, 36.618 real sec
[M::process] read 1176472 sequences (60000072 bp)...
[M::mem_process_seqs] Processed 1176472 reads in 221.004 CPU sec, 36.873 real sec
[M::process] read 1176472 sequences (60000072 bp)...
[M::mem_process_seqs] Processed 1176472 reads in 222.000 CPU sec, 36.897 real sec
[M::process] read 1176472 sequences (60000072 bp)...
[M::mem_process_seqs] Processed 1176472 reads in 226.757 CPU sec, 37.685 real sec
[M::process] read 1176472 sequences (60000072 bp)...
[M::mem_process_seqs] Processed 1176472 reads in 225.678 CPU sec, 37.498 real sec
[M::process] read 1176472 sequences (60000072 bp)...
[M::mem_process_seqs] Processed 1176472 reads in 226.642 CPU sec, 37.680 real sec
[M::process] read 1176472 sequences (60000072 bp)...
[M::mem_process_seqs] Processed 1176472 reads in 229.066 CPU sec, 38.106 real sec
[M::process] read 1176472 sequences (60000072 bp)...
[M::mem_process_seqs] Processed 1176472 reads in 224.960 CPU sec, 37.401 real sec
[M::process] read 1176472 sequences (60000072 bp)...
[M::mem_process_seqs] Processed 1176472 reads in 221.708 CPU sec, 36.818 real sec
[M::process] read 1176472 sequences (60000072 bp)...
[M::mem_process_seqs] Processed 1176472 reads in 222.207 CPU sec, 36.885 real sec
[M::process] read 1176472 sequences (60000072 bp)...
[M::mem_process_seqs] Processed 1176472 reads in 224.109 CPU sec, 37.203 real sec
[M::process] read 1176472 sequences (60000072 bp)...
[M::mem_process_seqs] Processed 1176472 reads in 223.273 CPU sec, 37.068 real sec
[M::process] read 1176472 sequences (60000072 bp)...
[M::mem_process_seqs] Processed 1176472 reads in 221.013 CPU sec, 36.668 real sec
[M::process] read 1176472 sequences (60000072 bp)...
[M::mem_process_seqs] Processed 1176472 reads in 221.641 CPU sec, 36.777 real sec
[M::process] read 1176472 sequences (60000072 bp)...
[M::mem_process_seqs] Processed 1176472 reads in 224.301 CPU sec, 37.257 real sec
[M::process] read 1176472 sequences (60000072 bp)...
[M::mem_process_seqs] Processed 1176472 reads in 222.208 CPU sec, 36.874 real sec
[M::process] read 593574 sequences (30272274 bp)...
[M::mem_process_seqs] Processed 1176472 reads in 223.269 CPU sec, 37.125 real sec
[M::mem_process_seqs] Processed 593574 reads in 116.489 CPU sec, 19.321 real sec
[main] Version: 0.7.16a-r1181
[main] CMD: bwa mem -t 6 /research/dept/hem/common/sequencing/chenggrp/pipelines/subcmd/../mm9/bwa_16a_index/mm9.fa 1706666_MW127_H3K27ac.fastq.gz
[main] Real time: 1245.434 sec; CPU: 7227.730 sec
