Sender: LSF System <lsfadmin@nodecn238>
Subject: Job 105021396[1]: <BWA[1-3]> in cluster <hpcf_research_cluster> Done

Job <BWA[1-3]> was submitted from host <nodecn012> by user <yli11> in cluster <hpcf_research_cluster> at Mon Jun  8 16:50:27 2020.
Job was executed on host(s) <6*nodecn238>, in queue <standard>, as user <yli11> in cluster <hpcf_research_cluster> at Mon Jun  8 16:56:28 2020.
</home/yli11> was used as the home directory.
</home/yli11/Share/Megan/figures/chromHMM_input/H3K27ac_enhancer> was used as the working directory.
Started at Mon Jun  8 16:56:28 2020.
Terminated at Mon Jun  8 18:09:06 2020.
Results reported at Mon Jun  8 18:09:06 2020.

Your job looked like:

------------------------------------------------------------
# LSBATCH: User input


#BSUB -P chip_seq_single
#BSUB -o chip_seq_single_yli11_2020-06-08.BWA.message_%J_%I.out -e chip_seq_single_yli11_2020-06-08.BWA.message_%J_%I.err
#BSUB -n 6
#BSUB -q standard
#BSUB -R "span[hosts=1] rusage[mem=4000]"
#BSUB -J "BWA[1-3]"
module purge
module load bwa/0.7.16a
module load samtools/1.7

id=$LSB_JOBINDEX
COL1=`head -n $id chip_seq_single_yli11_2020-06-08.bwa.input|tail -n1|awk -F "	" '{print $1}'`
COL2=`head -n $id chip_seq_single_yli11_2020-06-08.bwa.input|tail -n1|awk -F "	" '{print $2}'`
COL3=`head -n $id chip_seq_single_yli11_2020-06-08.bwa.input|tail -n1|awk -F "	" '{print $3}'`
COL4=`head -n $id chip_seq_single_yli11_2020-06-08.bwa.input|tail -n1|awk -F "	" '{print $4}'`
COL5=`head -n $id chip_seq_single_yli11_2020-06-08.bwa.input|tail -n1|awk -F "	" '{print $5}'`
COL6=`head -n $id chip_seq_single_yli11_2020-06-08.bwa.input|tail -n1|awk -F "	" '{print $6}'`
LINE=`head -n $id chip_seq_single_yli11_2020-06-08.bwa.input|tail -n1`

bwa mem -t 6 /research/dept/hem/common/sequencing/chenggrp/pipelines/subcmd/../mm9/bwa_16a_index/mm9.fa ${COL1} |samtools view -@ 6 -bS - > ${COL2}.bam

		
------------------------------------------------------------

Successfully completed.

Resource usage summary:

    CPU time :                                   27521.49 sec.
    Max Memory :                                 8394 MB
    Average Memory :                             8290.33 MB
    Total Requested Memory :                     24000.00 MB
    Delta Memory :                               15606.00 MB
    Max Swap :                                   -
    Max Processes :                              5
    Max Threads :                                21
    Run time :                                   4358 sec.
    Turnaround time :                            4719 sec.

The output (if any) follows:



PS:

Read file <chip_seq_single_yli11_2020-06-08.BWA.message_105021396_1.err> for stderr output of this job.

