INFO  @ Mon, 08 Jun 2020 18:53:48: 
# Command line: callpeak -t 1706666_MW127_H3K27ac.bam -c histone_input_HPC5_combined.bam --keep-dup all -n 1706666_MW127_H3K27ac.vs.histone_input_HPC5_combined -B -g mm
# ARGUMENTS LIST:
# name = 1706666_MW127_H3K27ac.vs.histone_input_HPC5_combined
# format = AUTO
# ChIP-seq file = ['1706666_MW127_H3K27ac.bam']
# control file = ['histone_input_HPC5_combined.bam']
# effective genome size = 1.87e+09
# band width = 300
# model fold = [5, 50]
# qvalue cutoff = 5.00e-02
# Larger dataset will be scaled towards smaller dataset.
# Range for calculating regional lambda is: 1000 bps and 10000 bps
# Broad region calling is off
# Paired-End mode is off
 
INFO  @ Mon, 08 Jun 2020 18:53:48: #1 read tag files... 
INFO  @ Mon, 08 Jun 2020 18:53:48: #1 read treatment tags... 
INFO  @ Mon, 08 Jun 2020 18:53:48: Detected format is: BAM 
INFO  @ Mon, 08 Jun 2020 18:53:48: * Input file is gzipped. 
INFO  @ Mon, 08 Jun 2020 18:53:51:  1000000 
INFO  @ Mon, 08 Jun 2020 18:53:55:  2000000 
INFO  @ Mon, 08 Jun 2020 18:53:58:  3000000 
INFO  @ Mon, 08 Jun 2020 18:54:02:  4000000 
INFO  @ Mon, 08 Jun 2020 18:54:06:  5000000 
INFO  @ Mon, 08 Jun 2020 18:54:09:  6000000 
INFO  @ Mon, 08 Jun 2020 18:54:13:  7000000 
INFO  @ Mon, 08 Jun 2020 18:54:16:  8000000 
INFO  @ Mon, 08 Jun 2020 18:54:20:  9000000 
INFO  @ Mon, 08 Jun 2020 18:54:23:  10000000 
INFO  @ Mon, 08 Jun 2020 18:54:27:  11000000 
INFO  @ Mon, 08 Jun 2020 18:54:31:  12000000 
INFO  @ Mon, 08 Jun 2020 18:54:34:  13000000 
INFO  @ Mon, 08 Jun 2020 18:54:38:  14000000 
INFO  @ Mon, 08 Jun 2020 18:54:41:  15000000 
INFO  @ Mon, 08 Jun 2020 18:54:45:  16000000 
INFO  @ Mon, 08 Jun 2020 18:54:48:  17000000 
INFO  @ Mon, 08 Jun 2020 18:54:52:  18000000 
INFO  @ Mon, 08 Jun 2020 18:54:55:  19000000 
INFO  @ Mon, 08 Jun 2020 18:54:59:  20000000 
INFO  @ Mon, 08 Jun 2020 18:55:03:  21000000 
INFO  @ Mon, 08 Jun 2020 18:55:06:  22000000 
INFO  @ Mon, 08 Jun 2020 18:55:10:  23000000 
INFO  @ Mon, 08 Jun 2020 18:55:13:  24000000 
INFO  @ Mon, 08 Jun 2020 18:55:17:  25000000 
INFO  @ Mon, 08 Jun 2020 18:55:21:  26000000 
INFO  @ Mon, 08 Jun 2020 18:55:24:  27000000 
INFO  @ Mon, 08 Jun 2020 18:55:28:  28000000 
INFO  @ Mon, 08 Jun 2020 18:55:31:  29000000 
INFO  @ Mon, 08 Jun 2020 18:55:35:  30000000 
INFO  @ Mon, 08 Jun 2020 18:55:38:  31000000 
INFO  @ Mon, 08 Jun 2020 18:55:42:  32000000 
INFO  @ Mon, 08 Jun 2020 18:55:46:  33000000 
INFO  @ Mon, 08 Jun 2020 18:55:49:  34000000 
INFO  @ Mon, 08 Jun 2020 18:55:53:  35000000 
INFO  @ Mon, 08 Jun 2020 18:55:56:  36000000 
INFO  @ Mon, 08 Jun 2020 18:56:00:  37000000 
INFO  @ Mon, 08 Jun 2020 18:56:03: #1.2 read input tags... 
INFO  @ Mon, 08 Jun 2020 18:56:03: Detected format is: BAM 
INFO  @ Mon, 08 Jun 2020 18:56:03: * Input file is gzipped. 
INFO  @ Mon, 08 Jun 2020 18:56:06:  1000000 
INFO  @ Mon, 08 Jun 2020 18:56:10:  2000000 
INFO  @ Mon, 08 Jun 2020 18:56:13:  3000000 
INFO  @ Mon, 08 Jun 2020 18:56:17:  4000000 
INFO  @ Mon, 08 Jun 2020 18:56:21:  5000000 
INFO  @ Mon, 08 Jun 2020 18:56:24:  6000000 
INFO  @ Mon, 08 Jun 2020 18:56:28:  7000000 
INFO  @ Mon, 08 Jun 2020 18:56:31:  8000000 
INFO  @ Mon, 08 Jun 2020 18:56:35:  9000000 
INFO  @ Mon, 08 Jun 2020 18:56:38:  10000000 
INFO  @ Mon, 08 Jun 2020 18:56:42:  11000000 
INFO  @ Mon, 08 Jun 2020 18:56:45:  12000000 
INFO  @ Mon, 08 Jun 2020 18:56:49:  13000000 
INFO  @ Mon, 08 Jun 2020 18:56:52:  14000000 
INFO  @ Mon, 08 Jun 2020 18:56:56:  15000000 
INFO  @ Mon, 08 Jun 2020 18:57:00:  16000000 
INFO  @ Mon, 08 Jun 2020 18:57:03:  17000000 
INFO  @ Mon, 08 Jun 2020 18:57:07:  18000000 
INFO  @ Mon, 08 Jun 2020 18:57:10:  19000000 
INFO  @ Mon, 08 Jun 2020 18:57:14:  20000000 
INFO  @ Mon, 08 Jun 2020 18:57:17:  21000000 
INFO  @ Mon, 08 Jun 2020 18:57:21:  22000000 
INFO  @ Mon, 08 Jun 2020 18:57:24:  23000000 
INFO  @ Mon, 08 Jun 2020 18:57:28:  24000000 
INFO  @ Mon, 08 Jun 2020 18:57:31:  25000000 
INFO  @ Mon, 08 Jun 2020 18:57:35:  26000000 
INFO  @ Mon, 08 Jun 2020 18:57:39:  27000000 
INFO  @ Mon, 08 Jun 2020 18:57:42:  28000000 
INFO  @ Mon, 08 Jun 2020 18:57:46:  29000000 
INFO  @ Mon, 08 Jun 2020 18:57:49:  30000000 
INFO  @ Mon, 08 Jun 2020 18:57:53:  31000000 
INFO  @ Mon, 08 Jun 2020 18:57:56:  32000000 
INFO  @ Mon, 08 Jun 2020 18:58:00:  33000000 
INFO  @ Mon, 08 Jun 2020 18:58:03:  34000000 
INFO  @ Mon, 08 Jun 2020 18:58:07:  35000000 
INFO  @ Mon, 08 Jun 2020 18:58:11:  36000000 
INFO  @ Mon, 08 Jun 2020 18:58:14:  37000000 
INFO  @ Mon, 08 Jun 2020 18:58:18:  38000000 
INFO  @ Mon, 08 Jun 2020 18:58:21:  39000000 
INFO  @ Mon, 08 Jun 2020 18:58:25:  40000000 
INFO  @ Mon, 08 Jun 2020 18:58:28:  41000000 
INFO  @ Mon, 08 Jun 2020 18:58:32:  42000000 
INFO  @ Mon, 08 Jun 2020 18:58:35:  43000000 
INFO  @ Mon, 08 Jun 2020 18:58:39:  44000000 
INFO  @ Mon, 08 Jun 2020 18:58:43:  45000000 
INFO  @ Mon, 08 Jun 2020 18:58:46:  46000000 
INFO  @ Mon, 08 Jun 2020 18:58:50:  47000000 
INFO  @ Mon, 08 Jun 2020 18:58:53:  48000000 
INFO  @ Mon, 08 Jun 2020 18:58:57:  49000000 
INFO  @ Mon, 08 Jun 2020 18:59:00:  50000000 
INFO  @ Mon, 08 Jun 2020 18:59:04:  51000000 
INFO  @ Mon, 08 Jun 2020 18:59:07:  52000000 
INFO  @ Mon, 08 Jun 2020 18:59:11:  53000000 
INFO  @ Mon, 08 Jun 2020 18:59:14:  54000000 
INFO  @ Mon, 08 Jun 2020 18:59:18:  55000000 
INFO  @ Mon, 08 Jun 2020 18:59:21:  56000000 
INFO  @ Mon, 08 Jun 2020 18:59:25:  57000000 
INFO  @ Mon, 08 Jun 2020 18:59:28:  58000000 
INFO  @ Mon, 08 Jun 2020 18:59:32:  59000000 
INFO  @ Mon, 08 Jun 2020 18:59:36:  60000000 
INFO  @ Mon, 08 Jun 2020 18:59:39:  61000000 
INFO  @ Mon, 08 Jun 2020 18:59:43:  62000000 
INFO  @ Mon, 08 Jun 2020 18:59:46:  63000000 
INFO  @ Mon, 08 Jun 2020 18:59:50:  64000000 
INFO  @ Mon, 08 Jun 2020 18:59:54:  65000000 
INFO  @ Mon, 08 Jun 2020 18:59:57:  66000000 
INFO  @ Mon, 08 Jun 2020 19:00:01:  67000000 
INFO  @ Mon, 08 Jun 2020 19:00:04:  68000000 
INFO  @ Mon, 08 Jun 2020 19:00:08:  69000000 
INFO  @ Mon, 08 Jun 2020 19:00:11:  70000000 
INFO  @ Mon, 08 Jun 2020 19:00:15:  71000000 
INFO  @ Mon, 08 Jun 2020 19:00:18:  72000000 
INFO  @ Mon, 08 Jun 2020 19:00:22:  73000000 
INFO  @ Mon, 08 Jun 2020 19:00:25:  74000000 
INFO  @ Mon, 08 Jun 2020 19:00:29:  75000000 
INFO  @ Mon, 08 Jun 2020 19:00:32:  76000000 
INFO  @ Mon, 08 Jun 2020 19:00:36:  77000000 
INFO  @ Mon, 08 Jun 2020 19:00:39:  78000000 
INFO  @ Mon, 08 Jun 2020 19:00:43:  79000000 
INFO  @ Mon, 08 Jun 2020 19:00:46:  80000000 
INFO  @ Mon, 08 Jun 2020 19:00:50:  81000000 
INFO  @ Mon, 08 Jun 2020 19:00:54:  82000000 
INFO  @ Mon, 08 Jun 2020 19:00:57:  83000000 
INFO  @ Mon, 08 Jun 2020 19:01:01:  84000000 
INFO  @ Mon, 08 Jun 2020 19:01:04:  85000000 
INFO  @ Mon, 08 Jun 2020 19:01:08:  86000000 
INFO  @ Mon, 08 Jun 2020 19:01:11:  87000000 
INFO  @ Mon, 08 Jun 2020 19:01:15:  88000000 
INFO  @ Mon, 08 Jun 2020 19:01:18:  89000000 
INFO  @ Mon, 08 Jun 2020 19:01:22:  90000000 
INFO  @ Mon, 08 Jun 2020 19:01:25:  91000000 
INFO  @ Mon, 08 Jun 2020 19:01:29:  92000000 
INFO  @ Mon, 08 Jun 2020 19:01:32:  93000000 
INFO  @ Mon, 08 Jun 2020 19:01:36:  94000000 
INFO  @ Mon, 08 Jun 2020 19:01:40:  95000000 
INFO  @ Mon, 08 Jun 2020 19:01:43:  96000000 
INFO  @ Mon, 08 Jun 2020 19:01:47:  97000000 
INFO  @ Mon, 08 Jun 2020 19:01:50:  98000000 
INFO  @ Mon, 08 Jun 2020 19:01:54:  99000000 
INFO  @ Mon, 08 Jun 2020 19:01:57:  100000000 
INFO  @ Mon, 08 Jun 2020 19:02:01:  101000000 
INFO  @ Mon, 08 Jun 2020 19:02:04:  102000000 
INFO  @ Mon, 08 Jun 2020 19:02:08:  103000000 
INFO  @ Mon, 08 Jun 2020 19:02:18: #1 tag size is determined as 51 bps 
INFO  @ Mon, 08 Jun 2020 19:02:18: #1 tag size = 51 
INFO  @ Mon, 08 Jun 2020 19:02:18: #1  total tags in treatment: 36696649 
INFO  @ Mon, 08 Jun 2020 19:02:18: #1  total tags in control: 102643385 
INFO  @ Mon, 08 Jun 2020 19:02:18: #1 finished! 
INFO  @ Mon, 08 Jun 2020 19:02:18: #2 Build Peak Model... 
INFO  @ Mon, 08 Jun 2020 19:02:18: #2 looking for paired plus/minus strand peaks... 
INFO  @ Mon, 08 Jun 2020 19:02:23: #2 number of paired peaks: 39737 
INFO  @ Mon, 08 Jun 2020 19:02:23: start model_add_line... 
INFO  @ Mon, 08 Jun 2020 19:02:24: start X-correlation... 
INFO  @ Mon, 08 Jun 2020 19:02:24: end of X-cor 
INFO  @ Mon, 08 Jun 2020 19:02:24: #2 finished! 
INFO  @ Mon, 08 Jun 2020 19:02:24: #2 predicted fragment length is 288 bps 
INFO  @ Mon, 08 Jun 2020 19:02:24: #2 alternative fragment length(s) may be 288 bps 
INFO  @ Mon, 08 Jun 2020 19:02:24: #2.2 Generate R script for model : 1706666_MW127_H3K27ac.vs.histone_input_HPC5_combined_model.r 
INFO  @ Mon, 08 Jun 2020 19:02:24: #3 Call peaks... 
INFO  @ Mon, 08 Jun 2020 19:02:24: #3 Pre-compute pvalue-qvalue table... 
INFO  @ Mon, 08 Jun 2020 19:09:57: #3 In the peak calling step, the following will be performed simultaneously: 
INFO  @ Mon, 08 Jun 2020 19:09:57: #3   Write bedGraph files for treatment pileup (after scaling if necessary)... 1706666_MW127_H3K27ac.vs.histone_input_HPC5_combined_treat_pileup.bdg 
INFO  @ Mon, 08 Jun 2020 19:09:57: #3   Write bedGraph files for control lambda (after scaling if necessary)... 1706666_MW127_H3K27ac.vs.histone_input_HPC5_combined_control_lambda.bdg 
INFO  @ Mon, 08 Jun 2020 19:09:57: #3   Pileup will be based on sequencing depth in treatment. 
INFO  @ Mon, 08 Jun 2020 19:09:57: #3 Call peaks for each chromosome... 
INFO  @ Mon, 08 Jun 2020 19:15:29: #4 Write output xls file... 1706666_MW127_H3K27ac.vs.histone_input_HPC5_combined_peaks.xls 
INFO  @ Mon, 08 Jun 2020 19:15:30: #4 Write peak in narrowPeak format file... 1706666_MW127_H3K27ac.vs.histone_input_HPC5_combined_peaks.narrowPeak 
INFO  @ Mon, 08 Jun 2020 19:15:30: #4 Write summits bed file... 1706666_MW127_H3K27ac.vs.histone_input_HPC5_combined_summits.bed 
INFO  @ Mon, 08 Jun 2020 19:15:30: Done! 
INFO  @ Mon, 08 Jun 2020 19:15:35: Read and build treatment bedGraph... 
INFO  @ Mon, 08 Jun 2020 19:16:39: Read and build control bedGraph... 
INFO  @ Mon, 08 Jun 2020 19:17:24: Build scoreTrackII... 
INFO  @ Mon, 08 Jun 2020 19:17:53: Calculate scores comparing treatment and control by 'qpois'... 
INFO  @ Mon, 08 Jun 2020 19:24:22: Write bedGraph of scores... 
INFO  @ Mon, 08 Jun 2020 19:25:11: Finished 'qpois'! Please check '1706666_MW127_H3K27ac.vs.histone_input_HPC5_combined_treat_pvalue.bdg'! 
INFO  @ Mon, 08 Jun 2020 19:25:14: Read and build treatment bedGraph... 
INFO  @ Mon, 08 Jun 2020 19:26:17: Read and build control bedGraph... 
INFO  @ Mon, 08 Jun 2020 19:27:01: Build scoreTrackII... 
INFO  @ Mon, 08 Jun 2020 19:27:30: Calculate scores comparing treatment and control by 'FE'... 
INFO  @ Mon, 08 Jun 2020 19:33:48: Write bedGraph of scores... 
INFO  @ Mon, 08 Jun 2020 19:36:21: Finished 'FE'! Please check '1706666_MW127_H3K27ac.vs.histone_input_HPC5_combined_FE.bdg'! 
INFO  @ Mon, 08 Jun 2020 19:36:25: Read and build treatment bedGraph... 
INFO  @ Mon, 08 Jun 2020 19:37:27: Read and build control bedGraph... 
INFO  @ Mon, 08 Jun 2020 19:38:11: Build scoreTrackII... 
INFO  @ Mon, 08 Jun 2020 19:38:40: Calculate scores comparing treatment and control by 'logLR'... 
INFO  @ Mon, 08 Jun 2020 19:39:12: Write bedGraph of scores... 
INFO  @ Mon, 08 Jun 2020 19:41:48: Finished 'logLR'! Please check '1706666_MW127_H3K27ac.vs.histone_input_HPC5_combined_logLR.bdg'! 
INFO  @ Mon, 08 Jun 2020 19:41:50: Read and build bedGraph... 
INFO  @ Mon, 08 Jun 2020 19:42:20: Call peaks from bedGraph... 
INFO  @ Mon, 08 Jun 2020 19:42:24: Write peaks... 
INFO  @ Mon, 08 Jun 2020 19:42:24: Done 
Traceback (most recent call last):
  File "/home/yli11/HemTools/bin/annot_gene_features.py", line 122, in <module>
    main()
  File "/home/yli11/HemTools/bin/annot_gene_features.py", line 98, in main
    get_annotation_data(args)
  File "/home/yli11/HemTools/bin/annot_gene_features.py", line 81, in get_annotation_data
    args.tss = myData['%s_gencode33_TSS'%(args.genome)]
KeyError: 'mm9_gencode33_TSS'
/home/yli11/.conda/envs/py2/lib/python3.7/site-packages/statsmodels/tools/_testing.py:19: FutureWarning:

pandas.util.testing is deprecated. Use the functions in the public API at pandas.testing instead.

Traceback (most recent call last):
  File "/home/yli11/HemTools/bin/pie_plot.py", line 95, in <module>
    main()
  File "/home/yli11/HemTools/bin/pie_plot.py", line 74, in main
    args.sep = guess_sep(args.input)
  File "/home/yli11/HemTools/bin/pie_plot.py", line 35, in guess_sep
    with open(x) as f:
FileNotFoundError: [Errno 2] No such file or directory: '1706666_MW127_H3K27ac.vs.histone_input_HPC5_combined_peaks.rmblck.narrowPeak.annot.tsv'
INFO  @ Mon, 08 Jun 2020 19:49:35: 
# Command line: callpeak -t 1706666_MW127_H3K27ac.rmdup.uq.rmchrM.bam -c histone_input_HPC5_combined.rmdup.uq.rmchrM.bam --keep-dup all -n 1706666_MW127_H3K27ac.vs.histone_input_HPC5_combined.rmdup.uq.rmchrM -B -g mm
# ARGUMENTS LIST:
# name = 1706666_MW127_H3K27ac.vs.histone_input_HPC5_combined.rmdup.uq.rmchrM
# format = AUTO
# ChIP-seq file = ['1706666_MW127_H3K27ac.rmdup.uq.rmchrM.bam']
# control file = ['histone_input_HPC5_combined.rmdup.uq.rmchrM.bam']
# effective genome size = 1.87e+09
# band width = 300
# model fold = [5, 50]
# qvalue cutoff = 5.00e-02
# Larger dataset will be scaled towards smaller dataset.
# Range for calculating regional lambda is: 1000 bps and 10000 bps
# Broad region calling is off
# Paired-End mode is off
 
INFO  @ Mon, 08 Jun 2020 19:49:35: #1 read tag files... 
INFO  @ Mon, 08 Jun 2020 19:49:35: #1 read treatment tags... 
INFO  @ Mon, 08 Jun 2020 19:49:35: Detected format is: BAM 
INFO  @ Mon, 08 Jun 2020 19:49:35: * Input file is gzipped. 
INFO  @ Mon, 08 Jun 2020 19:49:39:  1000000 
INFO  @ Mon, 08 Jun 2020 19:49:43:  2000000 
INFO  @ Mon, 08 Jun 2020 19:49:46:  3000000 
INFO  @ Mon, 08 Jun 2020 19:49:50:  4000000 
INFO  @ Mon, 08 Jun 2020 19:49:54:  5000000 
INFO  @ Mon, 08 Jun 2020 19:49:58:  6000000 
INFO  @ Mon, 08 Jun 2020 19:50:01:  7000000 
INFO  @ Mon, 08 Jun 2020 19:50:05:  8000000 
INFO  @ Mon, 08 Jun 2020 19:50:08:  9000000 
INFO  @ Mon, 08 Jun 2020 19:50:12:  10000000 
INFO  @ Mon, 08 Jun 2020 19:50:16:  11000000 
INFO  @ Mon, 08 Jun 2020 19:50:19:  12000000 
INFO  @ Mon, 08 Jun 2020 19:50:23:  13000000 
INFO  @ Mon, 08 Jun 2020 19:50:26:  14000000 
INFO  @ Mon, 08 Jun 2020 19:50:30:  15000000 
INFO  @ Mon, 08 Jun 2020 19:50:34:  16000000 
INFO  @ Mon, 08 Jun 2020 19:50:37:  17000000 
INFO  @ Mon, 08 Jun 2020 19:50:41:  18000000 
INFO  @ Mon, 08 Jun 2020 19:50:45:  19000000 
INFO  @ Mon, 08 Jun 2020 19:50:48:  20000000 
INFO  @ Mon, 08 Jun 2020 19:50:52:  21000000 
INFO  @ Mon, 08 Jun 2020 19:50:56:  22000000 
INFO  @ Mon, 08 Jun 2020 19:50:59:  23000000 
INFO  @ Mon, 08 Jun 2020 19:51:03:  24000000 
INFO  @ Mon, 08 Jun 2020 19:51:07:  25000000 
INFO  @ Mon, 08 Jun 2020 19:51:10:  26000000 
INFO  @ Mon, 08 Jun 2020 19:51:14:  27000000 
INFO  @ Mon, 08 Jun 2020 19:51:17: #1.2 read input tags... 
INFO  @ Mon, 08 Jun 2020 19:51:17: Detected format is: BAM 
INFO  @ Mon, 08 Jun 2020 19:51:17: * Input file is gzipped. 
INFO  @ Mon, 08 Jun 2020 19:51:21:  1000000 
INFO  @ Mon, 08 Jun 2020 19:51:24:  2000000 
INFO  @ Mon, 08 Jun 2020 19:51:28:  3000000 
INFO  @ Mon, 08 Jun 2020 19:51:31:  4000000 
INFO  @ Mon, 08 Jun 2020 19:51:35:  5000000 
INFO  @ Mon, 08 Jun 2020 19:51:39:  6000000 
INFO  @ Mon, 08 Jun 2020 19:51:42:  7000000 
INFO  @ Mon, 08 Jun 2020 19:51:46:  8000000 
INFO  @ Mon, 08 Jun 2020 19:51:50:  9000000 
INFO  @ Mon, 08 Jun 2020 19:51:53:  10000000 
INFO  @ Mon, 08 Jun 2020 19:51:57:  11000000 
INFO  @ Mon, 08 Jun 2020 19:52:00:  12000000 
INFO  @ Mon, 08 Jun 2020 19:52:04:  13000000 
INFO  @ Mon, 08 Jun 2020 19:52:08:  14000000 
INFO  @ Mon, 08 Jun 2020 19:52:11:  15000000 
INFO  @ Mon, 08 Jun 2020 19:52:15:  16000000 
INFO  @ Mon, 08 Jun 2020 19:52:19:  17000000 
INFO  @ Mon, 08 Jun 2020 19:52:22:  18000000 
INFO  @ Mon, 08 Jun 2020 19:52:26:  19000000 
INFO  @ Mon, 08 Jun 2020 19:52:29:  20000000 
INFO  @ Mon, 08 Jun 2020 19:52:33:  21000000 
INFO  @ Mon, 08 Jun 2020 19:52:37:  22000000 
INFO  @ Mon, 08 Jun 2020 19:52:40:  23000000 
INFO  @ Mon, 08 Jun 2020 19:52:44:  24000000 
INFO  @ Mon, 08 Jun 2020 19:52:48:  25000000 
INFO  @ Mon, 08 Jun 2020 19:52:51:  26000000 
INFO  @ Mon, 08 Jun 2020 19:52:55:  27000000 
INFO  @ Mon, 08 Jun 2020 19:52:58:  28000000 
INFO  @ Mon, 08 Jun 2020 19:53:02:  29000000 
INFO  @ Mon, 08 Jun 2020 19:53:06:  30000000 
INFO  @ Mon, 08 Jun 2020 19:53:09:  31000000 
INFO  @ Mon, 08 Jun 2020 19:53:13:  32000000 
INFO  @ Mon, 08 Jun 2020 19:53:17:  33000000 
INFO  @ Mon, 08 Jun 2020 19:53:20:  34000000 
INFO  @ Mon, 08 Jun 2020 19:53:24:  35000000 
INFO  @ Mon, 08 Jun 2020 19:53:27:  36000000 
INFO  @ Mon, 08 Jun 2020 19:53:31:  37000000 
INFO  @ Mon, 08 Jun 2020 19:53:35:  38000000 
INFO  @ Mon, 08 Jun 2020 19:53:39:  39000000 
INFO  @ Mon, 08 Jun 2020 19:53:42:  40000000 
INFO  @ Mon, 08 Jun 2020 19:53:46:  41000000 
INFO  @ Mon, 08 Jun 2020 19:53:50:  42000000 
INFO  @ Mon, 08 Jun 2020 19:53:53:  43000000 
INFO  @ Mon, 08 Jun 2020 19:53:57:  44000000 
INFO  @ Mon, 08 Jun 2020 19:54:00:  45000000 
INFO  @ Mon, 08 Jun 2020 19:54:04:  46000000 
INFO  @ Mon, 08 Jun 2020 19:54:08:  47000000 
INFO  @ Mon, 08 Jun 2020 19:54:11:  48000000 
INFO  @ Mon, 08 Jun 2020 19:54:15:  49000000 
INFO  @ Mon, 08 Jun 2020 19:54:18:  50000000 
INFO  @ Mon, 08 Jun 2020 19:54:22:  51000000 
INFO  @ Mon, 08 Jun 2020 19:54:26:  52000000 
INFO  @ Mon, 08 Jun 2020 19:54:29:  53000000 
INFO  @ Mon, 08 Jun 2020 19:54:33:  54000000 
INFO  @ Mon, 08 Jun 2020 19:54:36:  55000000 
INFO  @ Mon, 08 Jun 2020 19:54:40:  56000000 
INFO  @ Mon, 08 Jun 2020 19:54:44:  57000000 
INFO  @ Mon, 08 Jun 2020 19:54:47:  58000000 
INFO  @ Mon, 08 Jun 2020 19:54:51:  59000000 
INFO  @ Mon, 08 Jun 2020 19:54:55:  60000000 
INFO  @ Mon, 08 Jun 2020 19:54:58:  61000000 
INFO  @ Mon, 08 Jun 2020 19:55:02:  62000000 
INFO  @ Mon, 08 Jun 2020 19:55:06:  63000000 
INFO  @ Mon, 08 Jun 2020 19:55:09:  64000000 
INFO  @ Mon, 08 Jun 2020 19:55:13:  65000000 
INFO  @ Mon, 08 Jun 2020 19:55:16:  66000000 
INFO  @ Mon, 08 Jun 2020 19:55:20:  67000000 
INFO  @ Mon, 08 Jun 2020 19:55:24:  68000000 
INFO  @ Mon, 08 Jun 2020 19:55:28:  69000000 
INFO  @ Mon, 08 Jun 2020 19:55:31: #1 tag size is determined as 51 bps 
INFO  @ Mon, 08 Jun 2020 19:55:31: #1 tag size = 51 
INFO  @ Mon, 08 Jun 2020 19:55:31: #1  total tags in treatment: 27691320 
INFO  @ Mon, 08 Jun 2020 19:55:31: #1  total tags in control: 69790155 
INFO  @ Mon, 08 Jun 2020 19:55:31: #1 finished! 
INFO  @ Mon, 08 Jun 2020 19:55:31: #2 Build Peak Model... 
INFO  @ Mon, 08 Jun 2020 19:55:31: #2 looking for paired plus/minus strand peaks... 
INFO  @ Mon, 08 Jun 2020 19:55:35: #2 number of paired peaks: 45931 
INFO  @ Mon, 08 Jun 2020 19:55:35: start model_add_line... 
INFO  @ Mon, 08 Jun 2020 19:55:36: start X-correlation... 
INFO  @ Mon, 08 Jun 2020 19:55:36: end of X-cor 
INFO  @ Mon, 08 Jun 2020 19:55:36: #2 finished! 
INFO  @ Mon, 08 Jun 2020 19:55:36: #2 predicted fragment length is 292 bps 
INFO  @ Mon, 08 Jun 2020 19:55:36: #2 alternative fragment length(s) may be 292 bps 
INFO  @ Mon, 08 Jun 2020 19:55:36: #2.2 Generate R script for model : 1706666_MW127_H3K27ac.vs.histone_input_HPC5_combined.rmdup.uq.rmchrM_model.r 
INFO  @ Mon, 08 Jun 2020 19:55:36: #3 Call peaks... 
INFO  @ Mon, 08 Jun 2020 19:55:36: #3 Pre-compute pvalue-qvalue table... 
INFO  @ Mon, 08 Jun 2020 19:59:46: #3 In the peak calling step, the following will be performed simultaneously: 
INFO  @ Mon, 08 Jun 2020 19:59:46: #3   Write bedGraph files for treatment pileup (after scaling if necessary)... 1706666_MW127_H3K27ac.vs.histone_input_HPC5_combined.rmdup.uq.rmchrM_treat_pileup.bdg 
INFO  @ Mon, 08 Jun 2020 19:59:46: #3   Write bedGraph files for control lambda (after scaling if necessary)... 1706666_MW127_H3K27ac.vs.histone_input_HPC5_combined.rmdup.uq.rmchrM_control_lambda.bdg 
INFO  @ Mon, 08 Jun 2020 19:59:46: #3   Pileup will be based on sequencing depth in treatment. 
INFO  @ Mon, 08 Jun 2020 19:59:46: #3 Call peaks for each chromosome... 
INFO  @ Mon, 08 Jun 2020 20:05:58: #4 Write output xls file... 1706666_MW127_H3K27ac.vs.histone_input_HPC5_combined.rmdup.uq.rmchrM_peaks.xls 
INFO  @ Mon, 08 Jun 2020 20:05:58: #4 Write peak in narrowPeak format file... 1706666_MW127_H3K27ac.vs.histone_input_HPC5_combined.rmdup.uq.rmchrM_peaks.narrowPeak 
INFO  @ Mon, 08 Jun 2020 20:05:58: #4 Write summits bed file... 1706666_MW127_H3K27ac.vs.histone_input_HPC5_combined.rmdup.uq.rmchrM_summits.bed 
INFO  @ Mon, 08 Jun 2020 20:05:59: Done! 
INFO  @ Mon, 08 Jun 2020 20:06:03: Read and build treatment bedGraph... 
INFO  @ Mon, 08 Jun 2020 20:06:59: Read and build control bedGraph... 
INFO  @ Mon, 08 Jun 2020 20:08:23: Build scoreTrackII... 
INFO  @ Mon, 08 Jun 2020 20:09:00: Calculate scores comparing treatment and control by 'qpois'... 
INFO  @ Mon, 08 Jun 2020 20:09:58: Write bedGraph of scores... 
INFO  @ Mon, 08 Jun 2020 20:10:51: Finished 'qpois'! Please check '1706666_MW127_H3K27ac.vs.histone_input_HPC5_combined.rmdup.uq.rmchrM_treat_pvalue.bdg'! 
INFO  @ Mon, 08 Jun 2020 20:10:55: Read and build treatment bedGraph... 
INFO  @ Mon, 08 Jun 2020 20:11:52: Read and build control bedGraph... 
INFO  @ Mon, 08 Jun 2020 20:13:16: Build scoreTrackII... 
INFO  @ Mon, 08 Jun 2020 20:13:54: Calculate scores comparing treatment and control by 'FE'... 
INFO  @ Mon, 08 Jun 2020 20:21:58: Write bedGraph of scores... 
INFO  @ Mon, 08 Jun 2020 20:25:11: Finished 'FE'! Please check '1706666_MW127_H3K27ac.vs.histone_input_HPC5_combined.rmdup.uq.rmchrM_FE.bdg'! 
INFO  @ Mon, 08 Jun 2020 20:25:16: Read and build treatment bedGraph... 
INFO  @ Mon, 08 Jun 2020 20:26:13: Read and build control bedGraph... 
INFO  @ Mon, 08 Jun 2020 20:27:37: Build scoreTrackII... 
INFO  @ Mon, 08 Jun 2020 20:28:15: Calculate scores comparing treatment and control by 'logLR'... 
INFO  @ Mon, 08 Jun 2020 20:28:55: Write bedGraph of scores... 
INFO  @ Mon, 08 Jun 2020 20:32:24: Finished 'logLR'! Please check '1706666_MW127_H3K27ac.vs.histone_input_HPC5_combined.rmdup.uq.rmchrM_logLR.bdg'! 
INFO  @ Mon, 08 Jun 2020 20:32:27: Read and build bedGraph... 
INFO  @ Mon, 08 Jun 2020 20:32:58: Call peaks from bedGraph... 
INFO  @ Mon, 08 Jun 2020 20:33:02: Write peaks... 
INFO  @ Mon, 08 Jun 2020 20:33:02: Done 
Traceback (most recent call last):
  File "/home/yli11/HemTools/bin/annot_gene_features.py", line 122, in <module>
    main()
  File "/home/yli11/HemTools/bin/annot_gene_features.py", line 98, in main
    get_annotation_data(args)
  File "/home/yli11/HemTools/bin/annot_gene_features.py", line 81, in get_annotation_data
    args.tss = myData['%s_gencode33_TSS'%(args.genome)]
KeyError: 'mm9_gencode33_TSS'
/home/yli11/.conda/envs/py2/lib/python3.7/site-packages/statsmodels/tools/_testing.py:19: FutureWarning:

pandas.util.testing is deprecated. Use the functions in the public API at pandas.testing instead.

Traceback (most recent call last):
  File "/home/yli11/HemTools/bin/pie_plot.py", line 95, in <module>
    main()
  File "/home/yli11/HemTools/bin/pie_plot.py", line 74, in main
    args.sep = guess_sep(args.input)
  File "/home/yli11/HemTools/bin/pie_plot.py", line 35, in guess_sep
    with open(x) as f:
FileNotFoundError: [Errno 2] No such file or directory: '1706666_MW127_H3K27ac.vs.histone_input_HPC5_combined.rmdup.uq.rmchrM_peaks.rmblck.narrowPeak.annot.tsv'
INFO  @ Mon, 08 Jun 2020 20:41:14: 
# Command line: callpeak -t 1706666_MW127_H3K27ac.rmdup.bam -c histone_input_HPC5_combined.rmdup.bam --keep-dup all -n 1706666_MW127_H3K27ac.vs.histone_input_HPC5_combined.rmdup -B -g mm
# ARGUMENTS LIST:
# name = 1706666_MW127_H3K27ac.vs.histone_input_HPC5_combined.rmdup
# format = AUTO
# ChIP-seq file = ['1706666_MW127_H3K27ac.rmdup.bam']
# control file = ['histone_input_HPC5_combined.rmdup.bam']
# effective genome size = 1.87e+09
# band width = 300
# model fold = [5, 50]
# qvalue cutoff = 5.00e-02
# Larger dataset will be scaled towards smaller dataset.
# Range for calculating regional lambda is: 1000 bps and 10000 bps
# Broad region calling is off
# Paired-End mode is off
 
INFO  @ Mon, 08 Jun 2020 20:41:14: #1 read tag files... 
INFO  @ Mon, 08 Jun 2020 20:41:14: #1 read treatment tags... 
INFO  @ Mon, 08 Jun 2020 20:41:14: Detected format is: BAM 
INFO  @ Mon, 08 Jun 2020 20:41:14: * Input file is gzipped. 
INFO  @ Mon, 08 Jun 2020 20:41:17:  1000000 
INFO  @ Mon, 08 Jun 2020 20:41:21:  2000000 
INFO  @ Mon, 08 Jun 2020 20:41:25:  3000000 
INFO  @ Mon, 08 Jun 2020 20:41:28:  4000000 
INFO  @ Mon, 08 Jun 2020 20:41:32:  5000000 
INFO  @ Mon, 08 Jun 2020 20:41:35:  6000000 
INFO  @ Mon, 08 Jun 2020 20:41:39:  7000000 
INFO  @ Mon, 08 Jun 2020 20:41:43:  8000000 
INFO  @ Mon, 08 Jun 2020 20:41:46:  9000000 
INFO  @ Mon, 08 Jun 2020 20:41:50:  10000000 
INFO  @ Mon, 08 Jun 2020 20:41:54:  11000000 
INFO  @ Mon, 08 Jun 2020 20:41:57:  12000000 
INFO  @ Mon, 08 Jun 2020 20:42:01:  13000000 
INFO  @ Mon, 08 Jun 2020 20:42:05:  14000000 
INFO  @ Mon, 08 Jun 2020 20:42:08:  15000000 
INFO  @ Mon, 08 Jun 2020 20:42:12:  16000000 
INFO  @ Mon, 08 Jun 2020 20:42:15:  17000000 
INFO  @ Mon, 08 Jun 2020 20:42:19:  18000000 
INFO  @ Mon, 08 Jun 2020 20:42:23:  19000000 
INFO  @ Mon, 08 Jun 2020 20:42:27:  20000000 
INFO  @ Mon, 08 Jun 2020 20:42:30:  21000000 
INFO  @ Mon, 08 Jun 2020 20:42:34:  22000000 
INFO  @ Mon, 08 Jun 2020 20:42:38:  23000000 
INFO  @ Mon, 08 Jun 2020 20:42:41:  24000000 
INFO  @ Mon, 08 Jun 2020 20:42:45:  25000000 
INFO  @ Mon, 08 Jun 2020 20:42:49:  26000000 
INFO  @ Mon, 08 Jun 2020 20:42:52:  27000000 
INFO  @ Mon, 08 Jun 2020 20:42:56:  28000000 
INFO  @ Mon, 08 Jun 2020 20:42:59:  29000000 
INFO  @ Mon, 08 Jun 2020 20:43:03:  30000000 
INFO  @ Mon, 08 Jun 2020 20:43:06: #1.2 read input tags... 
INFO  @ Mon, 08 Jun 2020 20:43:06: Detected format is: BAM 
INFO  @ Mon, 08 Jun 2020 20:43:06: * Input file is gzipped. 
INFO  @ Mon, 08 Jun 2020 20:43:10:  1000000 
INFO  @ Mon, 08 Jun 2020 20:43:14:  2000000 
INFO  @ Mon, 08 Jun 2020 20:43:17:  3000000 
INFO  @ Mon, 08 Jun 2020 20:43:21:  4000000 
INFO  @ Mon, 08 Jun 2020 20:43:24:  5000000 
INFO  @ Mon, 08 Jun 2020 20:43:28:  6000000 
INFO  @ Mon, 08 Jun 2020 20:43:31:  7000000 
INFO  @ Mon, 08 Jun 2020 20:43:35:  8000000 
INFO  @ Mon, 08 Jun 2020 20:43:39:  9000000 
INFO  @ Mon, 08 Jun 2020 20:43:42:  10000000 
INFO  @ Mon, 08 Jun 2020 20:43:46:  11000000 
INFO  @ Mon, 08 Jun 2020 20:43:49:  12000000 
INFO  @ Mon, 08 Jun 2020 20:43:53:  13000000 
INFO  @ Mon, 08 Jun 2020 20:43:57:  14000000 
INFO  @ Mon, 08 Jun 2020 20:44:00:  15000000 
INFO  @ Mon, 08 Jun 2020 20:44:04:  16000000 
INFO  @ Mon, 08 Jun 2020 20:44:07:  17000000 
INFO  @ Mon, 08 Jun 2020 20:44:11:  18000000 
INFO  @ Mon, 08 Jun 2020 20:44:15:  19000000 
INFO  @ Mon, 08 Jun 2020 20:44:18:  20000000 
INFO  @ Mon, 08 Jun 2020 20:44:22:  21000000 
INFO  @ Mon, 08 Jun 2020 20:44:25:  22000000 
INFO  @ Mon, 08 Jun 2020 20:44:29:  23000000 
INFO  @ Mon, 08 Jun 2020 20:44:33:  24000000 
INFO  @ Mon, 08 Jun 2020 20:44:36:  25000000 
INFO  @ Mon, 08 Jun 2020 20:44:40:  26000000 
INFO  @ Mon, 08 Jun 2020 20:44:43:  27000000 
INFO  @ Mon, 08 Jun 2020 20:44:47:  28000000 
INFO  @ Mon, 08 Jun 2020 20:44:51:  29000000 
INFO  @ Mon, 08 Jun 2020 20:44:54:  30000000 
INFO  @ Mon, 08 Jun 2020 20:44:58:  31000000 
INFO  @ Mon, 08 Jun 2020 20:45:01:  32000000 
INFO  @ Mon, 08 Jun 2020 20:45:05:  33000000 
INFO  @ Mon, 08 Jun 2020 20:45:09:  34000000 
INFO  @ Mon, 08 Jun 2020 20:45:12:  35000000 
INFO  @ Mon, 08 Jun 2020 20:45:16:  36000000 
INFO  @ Mon, 08 Jun 2020 20:45:19:  37000000 
INFO  @ Mon, 08 Jun 2020 20:45:23:  38000000 
INFO  @ Mon, 08 Jun 2020 20:45:27:  39000000 
INFO  @ Mon, 08 Jun 2020 20:45:30:  40000000 
INFO  @ Mon, 08 Jun 2020 20:45:34:  41000000 
INFO  @ Mon, 08 Jun 2020 20:45:37:  42000000 
INFO  @ Mon, 08 Jun 2020 20:45:41:  43000000 
INFO  @ Mon, 08 Jun 2020 20:45:45:  44000000 
INFO  @ Mon, 08 Jun 2020 20:45:48:  45000000 
INFO  @ Mon, 08 Jun 2020 20:45:52:  46000000 
INFO  @ Mon, 08 Jun 2020 20:45:55:  47000000 
INFO  @ Mon, 08 Jun 2020 20:45:59:  48000000 
INFO  @ Mon, 08 Jun 2020 20:46:03:  49000000 
INFO  @ Mon, 08 Jun 2020 20:46:06:  50000000 
INFO  @ Mon, 08 Jun 2020 20:46:10:  51000000 
INFO  @ Mon, 08 Jun 2020 20:46:13:  52000000 
INFO  @ Mon, 08 Jun 2020 20:46:17:  53000000 
INFO  @ Mon, 08 Jun 2020 20:46:21:  54000000 
INFO  @ Mon, 08 Jun 2020 20:46:24:  55000000 
INFO  @ Mon, 08 Jun 2020 20:46:28:  56000000 
INFO  @ Mon, 08 Jun 2020 20:46:31:  57000000 
INFO  @ Mon, 08 Jun 2020 20:46:35:  58000000 
INFO  @ Mon, 08 Jun 2020 20:46:39:  59000000 
INFO  @ Mon, 08 Jun 2020 20:46:42:  60000000 
INFO  @ Mon, 08 Jun 2020 20:46:46:  61000000 
INFO  @ Mon, 08 Jun 2020 20:46:49:  62000000 
INFO  @ Mon, 08 Jun 2020 20:46:53:  63000000 
INFO  @ Mon, 08 Jun 2020 20:46:57:  64000000 
INFO  @ Mon, 08 Jun 2020 20:47:00:  65000000 
INFO  @ Mon, 08 Jun 2020 20:47:04:  66000000 
INFO  @ Mon, 08 Jun 2020 20:47:08:  67000000 
INFO  @ Mon, 08 Jun 2020 20:47:11:  68000000 
INFO  @ Mon, 08 Jun 2020 20:47:15:  69000000 
INFO  @ Mon, 08 Jun 2020 20:47:18:  70000000 
INFO  @ Mon, 08 Jun 2020 20:47:22:  71000000 
INFO  @ Mon, 08 Jun 2020 20:47:26:  72000000 
INFO  @ Mon, 08 Jun 2020 20:47:29:  73000000 
INFO  @ Mon, 08 Jun 2020 20:47:33:  74000000 
INFO  @ Mon, 08 Jun 2020 20:47:36:  75000000 
INFO  @ Mon, 08 Jun 2020 20:47:40:  76000000 
INFO  @ Mon, 08 Jun 2020 20:47:44:  77000000 
INFO  @ Mon, 08 Jun 2020 20:47:48:  78000000 
INFO  @ Mon, 08 Jun 2020 20:47:51:  79000000 
INFO  @ Mon, 08 Jun 2020 20:47:55:  80000000 
INFO  @ Mon, 08 Jun 2020 20:47:57: #1 tag size is determined as 51 bps 
INFO  @ Mon, 08 Jun 2020 20:47:57: #1 tag size = 51 
INFO  @ Mon, 08 Jun 2020 20:47:57: #1  total tags in treatment: 30486980 
INFO  @ Mon, 08 Jun 2020 20:47:57: #1  total tags in control: 79707537 
INFO  @ Mon, 08 Jun 2020 20:47:57: #1 finished! 
INFO  @ Mon, 08 Jun 2020 20:47:57: #2 Build Peak Model... 
INFO  @ Mon, 08 Jun 2020 20:47:57: #2 looking for paired plus/minus strand peaks... 
INFO  @ Mon, 08 Jun 2020 20:48:02: #2 number of paired peaks: 42865 
INFO  @ Mon, 08 Jun 2020 20:48:02: start model_add_line... 
INFO  @ Mon, 08 Jun 2020 20:48:02: start X-correlation... 
INFO  @ Mon, 08 Jun 2020 20:48:02: end of X-cor 
INFO  @ Mon, 08 Jun 2020 20:48:02: #2 finished! 
INFO  @ Mon, 08 Jun 2020 20:48:02: #2 predicted fragment length is 290 bps 
INFO  @ Mon, 08 Jun 2020 20:48:02: #2 alternative fragment length(s) may be 290 bps 
INFO  @ Mon, 08 Jun 2020 20:48:02: #2.2 Generate R script for model : 1706666_MW127_H3K27ac.vs.histone_input_HPC5_combined.rmdup_model.r 
INFO  @ Mon, 08 Jun 2020 20:48:02: #3 Call peaks... 
INFO  @ Mon, 08 Jun 2020 20:48:02: #3 Pre-compute pvalue-qvalue table... 
INFO  @ Mon, 08 Jun 2020 20:52:39: #3 In the peak calling step, the following will be performed simultaneously: 
INFO  @ Mon, 08 Jun 2020 20:52:39: #3   Write bedGraph files for treatment pileup (after scaling if necessary)... 1706666_MW127_H3K27ac.vs.histone_input_HPC5_combined.rmdup_treat_pileup.bdg 
INFO  @ Mon, 08 Jun 2020 20:52:39: #3   Write bedGraph files for control lambda (after scaling if necessary)... 1706666_MW127_H3K27ac.vs.histone_input_HPC5_combined.rmdup_control_lambda.bdg 
INFO  @ Mon, 08 Jun 2020 20:52:39: #3   Pileup will be based on sequencing depth in treatment. 
INFO  @ Mon, 08 Jun 2020 20:52:39: #3 Call peaks for each chromosome... 
INFO  @ Mon, 08 Jun 2020 20:58:37: #4 Write output xls file... 1706666_MW127_H3K27ac.vs.histone_input_HPC5_combined.rmdup_peaks.xls 
INFO  @ Mon, 08 Jun 2020 20:58:37: #4 Write peak in narrowPeak format file... 1706666_MW127_H3K27ac.vs.histone_input_HPC5_combined.rmdup_peaks.narrowPeak 
INFO  @ Mon, 08 Jun 2020 20:58:38: #4 Write summits bed file... 1706666_MW127_H3K27ac.vs.histone_input_HPC5_combined.rmdup_summits.bed 
INFO  @ Mon, 08 Jun 2020 20:58:38: Done! 
INFO  @ Mon, 08 Jun 2020 20:58:42: Read and build treatment bedGraph... 
INFO  @ Mon, 08 Jun 2020 20:59:44: Read and build control bedGraph... 
INFO  @ Mon, 08 Jun 2020 21:00:47: Build scoreTrackII... 
INFO  @ Mon, 08 Jun 2020 21:01:22: Calculate scores comparing treatment and control by 'qpois'... 
INFO  @ Mon, 08 Jun 2020 21:02:23: Write bedGraph of scores... 
INFO  @ Mon, 08 Jun 2020 21:03:18: Finished 'qpois'! Please check '1706666_MW127_H3K27ac.vs.histone_input_HPC5_combined.rmdup_treat_pvalue.bdg'! 
INFO  @ Mon, 08 Jun 2020 21:03:23: Read and build treatment bedGraph... 
INFO  @ Mon, 08 Jun 2020 21:04:25: Read and build control bedGraph... 
INFO  @ Mon, 08 Jun 2020 21:05:27: Build scoreTrackII... 
INFO  @ Mon, 08 Jun 2020 21:06:01: Calculate scores comparing treatment and control by 'FE'... 
INFO  @ Mon, 08 Jun 2020 21:12:36: Write bedGraph of scores... 
INFO  @ Mon, 08 Jun 2020 21:15:34: Finished 'FE'! Please check '1706666_MW127_H3K27ac.vs.histone_input_HPC5_combined.rmdup_FE.bdg'! 
INFO  @ Mon, 08 Jun 2020 21:15:39: Read and build treatment bedGraph... 
INFO  @ Mon, 08 Jun 2020 21:16:41: Read and build control bedGraph... 
INFO  @ Mon, 08 Jun 2020 21:17:44: Build scoreTrackII... 
INFO  @ Mon, 08 Jun 2020 21:18:18: Calculate scores comparing treatment and control by 'logLR'... 
INFO  @ Mon, 08 Jun 2020 21:18:54: Write bedGraph of scores... 
INFO  @ Mon, 08 Jun 2020 21:21:58: Finished 'logLR'! Please check '1706666_MW127_H3K27ac.vs.histone_input_HPC5_combined.rmdup_logLR.bdg'! 
INFO  @ Mon, 08 Jun 2020 21:22:00: Read and build bedGraph... 
INFO  @ Mon, 08 Jun 2020 21:22:30: Call peaks from bedGraph... 
INFO  @ Mon, 08 Jun 2020 21:22:33: Write peaks... 
INFO  @ Mon, 08 Jun 2020 21:22:34: Done 
Traceback (most recent call last):
  File "/home/yli11/HemTools/bin/annot_gene_features.py", line 122, in <module>
    main()
  File "/home/yli11/HemTools/bin/annot_gene_features.py", line 98, in main
    get_annotation_data(args)
  File "/home/yli11/HemTools/bin/annot_gene_features.py", line 81, in get_annotation_data
    args.tss = myData['%s_gencode33_TSS'%(args.genome)]
KeyError: 'mm9_gencode33_TSS'
/home/yli11/.conda/envs/py2/lib/python3.7/site-packages/statsmodels/tools/_testing.py:19: FutureWarning:

pandas.util.testing is deprecated. Use the functions in the public API at pandas.testing instead.

Traceback (most recent call last):
  File "/home/yli11/HemTools/bin/pie_plot.py", line 95, in <module>
    main()
  File "/home/yli11/HemTools/bin/pie_plot.py", line 74, in main
    args.sep = guess_sep(args.input)
  File "/home/yli11/HemTools/bin/pie_plot.py", line 35, in guess_sep
    with open(x) as f:
FileNotFoundError: [Errno 2] No such file or directory: '1706666_MW127_H3K27ac.vs.histone_input_HPC5_combined.rmdup_peaks.rmblck.narrowPeak.annot.tsv'
