Sender: LSF System <lsfadmin@nodecn263>
Subject: Job 105021398[3]: <spp[1-3]> in cluster <hpcf_research_cluster> Done

Job <spp[1-3]> was submitted from host <nodecn012> by user <yli11> in cluster <hpcf_research_cluster> at Mon Jun  8 16:50:27 2020.
Job was executed on host(s) <2*nodecn263>, in queue <standard>, as user <yli11> in cluster <hpcf_research_cluster> at Mon Jun  8 17:49:29 2020.
</home/yli11> was used as the home directory.
</home/yli11/Share/Megan/figures/chromHMM_input/H3K27ac_enhancer> was used as the working directory.
Started at Mon Jun  8 17:49:29 2020.
Terminated at Mon Jun  8 18:02:33 2020.
Results reported at Mon Jun  8 18:02:33 2020.

Your job looked like:

------------------------------------------------------------
# LSBATCH: User input


#BSUB -P chip_seq_single
#BSUB -o chip_seq_single_yli11_2020-06-08.spp.message_%J_%I.out -e chip_seq_single_yli11_2020-06-08.spp.message_%J_%I.err
#BSUB -n 2
#BSUB -q standard
#BSUB -R "span[hosts=1] rusage[mem=4000]"
#BSUB -J "spp[1-3]"
module purge
#BSUB -w "ended(105021397[*])"
module load R/3.4.0
module load samtools/1.7

id=$LSB_JOBINDEX
COL1=`head -n $id fastq.tsv|tail -n1|awk -F "	" '{print $1}'`
COL2=`head -n $id fastq.tsv|tail -n1|awk -F "	" '{print $2}'`
COL3=`head -n $id fastq.tsv|tail -n1|awk -F "	" '{print $3}'`
COL4=`head -n $id fastq.tsv|tail -n1|awk -F "	" '{print $4}'`
COL5=`head -n $id fastq.tsv|tail -n1|awk -F "	" '{print $5}'`
COL6=`head -n $id fastq.tsv|tail -n1|awk -F "	" '{print $6}'`
LINE=`head -n $id fastq.tsv|tail -n1`

Rscript /research/dept/hem/common/sequencing/chenggrp/pipelines/subcmd/../bin/run_spp.R -c=${COL2}.markdup.uq.bam -p=2 -savp -odir=. -rf > ${COL2}.spp.log

		
------------------------------------------------------------

Successfully completed.

Resource usage summary:

    CPU time :                                   1366.80 sec.
    Max Memory :                                 1751 MB
    Average Memory :                             1332.87 MB
    Total Requested Memory :                     8000.00 MB
    Delta Memory :                               6249.00 MB
    Max Swap :                                   -
    Max Processes :                              7
    Max Threads :                                8
    Run time :                                   782 sec.
    Turnaround time :                            4326 sec.

The output (if any) follows:



PS:

Read file <chip_seq_single_yli11_2020-06-08.spp.message_105021398_3.err> for stderr output of this job.

