Sender: LSF System <lsfadmin@nodecn004>
Subject: Job 105021405[1]: <html[1-1]> in cluster <hpcf_research_cluster> Done

Job <html[1-1]> was submitted from host <nodecn012> by user <yli11> in cluster <hpcf_research_cluster> at Mon Jun  8 16:50:28 2020.
Job was executed on host(s) <nodecn004>, in queue <standard>, as user <yli11> in cluster <hpcf_research_cluster> at Mon Jun  8 21:38:24 2020.
</home/yli11> was used as the home directory.
</home/yli11/Share/Megan/figures/chromHMM_input/H3K27ac_enhancer> was used as the working directory.
Started at Mon Jun  8 21:38:24 2020.
Terminated at Mon Jun  8 21:39:23 2020.
Results reported at Mon Jun  8 21:39:23 2020.

Your job looked like:

------------------------------------------------------------
# LSBATCH: User input


#BSUB -P chip_seq_single
#BSUB -o chip_seq_single_yli11_2020-06-08/log_files/chip_seq_single_yli11_2020-06-08.html.message_%J_%I.out -e chip_seq_single_yli11_2020-06-08/log_files/chip_seq_single_yli11_2020-06-08.html.message_%J_%I.err
#BSUB -n 1
#BSUB -q standard
#BSUB -R "span[hosts=1] rusage[mem=8000]"
#BSUB -J "html[1-1]"
module purge
#BSUB -w "ended(105021395) && ended(105021398) && ended(105021397) && ended(105021396) && ended(105021404) && ended(105021402) && ended(105021400) && ended(105021403) && ended(105021401) && ended(105021399)"
module load python/2.7.13

id=$LSB_JOBINDEX
COL1=`head -n $id fastq.tsv|tail -n1|awk -F "	" '{print $1}'`
COL2=`head -n $id fastq.tsv|tail -n1|awk -F "	" '{print $2}'`
COL3=`head -n $id fastq.tsv|tail -n1|awk -F "	" '{print $3}'`
COL4=`head -n $id fastq.tsv|tail -n1|awk -F "	" '{print $4}'`
COL5=`head -n $id fastq.tsv|tail -n1|awk -F "	" '{print $5}'`
COL6=`head -n $id fastq.tsv|tail -n1|awk -F "	" '{print $6}'`
LINE=`head -n $id fastq.tsv|tail -n1`

/research/dept/hem/common/sequencing/chenggrp/pipelines/subcmd/NGS.report.py chip_seq_single_yli11_2020-06-08 chip_seq_single histone_input_HPC5_combined.fastq.gz,1706666_MW127_H3K27ac.fastq.gz,1706665_MW127_H3K27ac.fastq.gz histone_input_HPC5_combined,1706666_MW127_H3K27ac,1706665_MW127_H3K27ac
/research/dept/hem/common/sequencing/chenggrp/pipelines/subcmd/send_email.py cf7d5e1d007f.bwDict
mkdir chip_seq_single_yli11_2020-06-08
mkdir chip_seq_single_yli11_2020-06-08/figures_tables
mv chip_seq_single_yli11_2020-06-08.report.html chip_seq_single_yli11_2020-06-08/figures_tables
mkdir chip_seq_single_yli11_2020-06-08/log_files
mv chip_seq_single_yli11_2020-06-08.fastqc.input chip_seq_single_yli11_2020-06-08/log_files
mv chip_seq_single_yli11_2020-06-08.fastqc.lsf chip_seq_single_yli11_2020-06-08/log_files
mv chip_seq_single_yli11_2020-06-08.fastqc.message_105021395_1.out chip_seq_single_yli11_2020-06-08/log_files
mv chip_seq_single_yli11_2020-06-08.fastqc.message_105021395_1.err chip_seq_single_yli11_2020-06-08/log_files
mv chip_seq_single_yli11_2020-06-08.fastqc.message_105021395_2.out chip_seq_single_yli11_2020-06-08/log_files
mv chip_seq_single_yli11_2020-06-08.fastqc.message_105021395_2.err chip_seq_single_yli11_2020-06-08/log_files
mv chip_seq_single_yli11_2020-06-08.fastqc.message_105021395_3.out chip_seq_single_yli11_2020-06-08/log_files
mv chip_seq_single_yli11_2020-06-08.fastqc.message_105021395_3.err chip_seq_single_yli11_2020-06-08/log_files
mv chip_seq_single_yli11_2020-06-08.bwa.input chip_seq_single_yli11_2020-06-08/log_files
mv chip_seq_single_yli11_2020-06-08.BWA.lsf chip_seq_single_yli11_2020-06-08/log_files
mv chip_seq_single_yli11_2020-06-08.BWA.message_105021396_1.out chip_seq_single_yli11_2020-06-08/log_files
mv chip_seq_single_yli11_2020-06-08.BWA.message_105021396_1.err chip_seq_single_yli11_2020-06-08/log_files
mv chip_seq_single_yli11_2020-06-08.BWA.message_105021396_2.out chip_seq_single_yli11_2020-06-08/log_files
mv chip_seq_single_yli11_2020-06-08.BWA.message_105021396_2.err chip_seq_single_yli11_2020-06-08/log_files
mv chip_seq_single_yli11_2020-06-08.BWA.message_105021396_3.out chip_seq_single_yli11_2020-06-08/log_files
mv chip_seq_single_yli11_2020-06-08.BWA.message_105021396_3.err chip_seq_single_yli11_2020-06-08/log_files
mv chip_seq_single_yli11_2020-06-08.mk.rm.lsf chip_seq_single_yli11_2020-06-08/log_files
mv chip_seq_single_yli11_2020-06-08.markdup.rmdup.message_105021397_1.out chip_seq_single_yli11_2020-06-08/log_files
mv chip_seq_single_yli11_2020-06-08.markdup.rmdup.message_105021397_1.err chip_seq_single_yli11_2020-06-08/log_files
mv chip_seq_single_yli11_2020-06-08.markdup.rmdup.message_105021397_2.out chip_seq_single_yli11_2020-06-08/log_files
mv chip_seq_single_yli11_2020-06-08.markdup.rmdup.message_105021397_2.err chip_seq_single_yli11_2020-06-08/log_files
mv chip_seq_single_yli11_2020-06-08.markdup.rmdup.message_105021397_3.out chip_seq_single_yli11_2020-06-08/log_files
mv chip_seq_single_yli11_2020-06-08.markdup.rmdup.message_105021397_3.err chip_seq_single_yli11_2020-06-08/log_files

(... more ...)
------------------------------------------------------------

Successfully completed.

Resource usage summary:

    CPU time :                                   32.19 sec.
    Max Memory :                                 69 MB
    Average Memory :                             37.00 MB
    Total Requested Memory :                     8000.00 MB
    Delta Memory :                               7931.00 MB
    Max Swap :                                   -
    Max Processes :                              5
    Max Threads :                                24
    Run time :                                   59 sec.
    Turnaround time :                            17335 sec.

The output (if any) follows:



PS:

Read file <chip_seq_single_yli11_2020-06-08/log_files/chip_seq_single_yli11_2020-06-08.html.message_105021405_1.err> for stderr output of this job.

