[M::bwa_idx_load_from_disk] read 0 ALT contigs
[M::process] read 1176472 sequences (60000072 bp)...
[M::process] read 1176472 sequences (60000072 bp)...
[M::mem_process_seqs] Processed 1176472 reads in 298.355 CPU sec, 50.808 real sec
[M::process] read 1176472 sequences (60000072 bp)...
[M::mem_process_seqs] Processed 1176472 reads in 294.956 CPU sec, 49.212 real sec
[M::process] read 1176472 sequences (60000072 bp)...
[M::mem_process_seqs] Processed 1176472 reads in 291.910 CPU sec, 48.765 real sec
[M::process] read 1176472 sequences (60000072 bp)...
[M::mem_process_seqs] Processed 1176472 reads in 286.887 CPU sec, 47.844 real sec
[M::process] read 1176472 sequences (60000072 bp)...
[M::mem_process_seqs] Processed 1176472 reads in 288.722 CPU sec, 48.173 real sec
[M::process] read 1176472 sequences (60000072 bp)...
[M::mem_process_seqs] Processed 1176472 reads in 290.286 CPU sec, 48.454 real sec
[M::process] read 1176472 sequences (60000072 bp)...
[M::mem_process_seqs] Processed 1176472 reads in 293.392 CPU sec, 49.007 real sec
[M::process] read 1176472 sequences (60000072 bp)...
[M::mem_process_seqs] Processed 1176472 reads in 297.405 CPU sec, 49.667 real sec
[M::process] read 1176472 sequences (60000072 bp)...
[M::mem_process_seqs] Processed 1176472 reads in 296.356 CPU sec, 49.507 real sec
[M::process] read 1176472 sequences (60000072 bp)...
[M::mem_process_seqs] Processed 1176472 reads in 295.607 CPU sec, 49.501 real sec
[M::process] read 1176472 sequences (60000072 bp)...
[M::mem_process_seqs] Processed 1176472 reads in 298.749 CPU sec, 49.977 real sec
[M::process] read 1176472 sequences (60000072 bp)...
[M::mem_process_seqs] Processed 1176472 reads in 299.923 CPU sec, 50.237 real sec
[M::process] read 1176472 sequences (60000072 bp)...
[M::mem_process_seqs] Processed 1176472 reads in 295.141 CPU sec, 49.345 real sec
[M::process] read 1176472 sequences (60000072 bp)...
[M::mem_process_seqs] Processed 1176472 reads in 289.429 CPU sec, 48.329 real sec
[M::process] read 1176472 sequences (60000072 bp)...
[M::mem_process_seqs] Processed 1176472 reads in 293.782 CPU sec, 49.024 real sec
[M::process] read 1176472 sequences (60000072 bp)...
[M::mem_process_seqs] Processed 1176472 reads in 288.769 CPU sec, 48.095 real sec
[M::process] read 1176472 sequences (60000072 bp)...
[M::mem_process_seqs] Processed 1176472 reads in 292.017 CPU sec, 48.661 real sec
[M::process] read 1176472 sequences (60000072 bp)...
[M::mem_process_seqs] Processed 1176472 reads in 290.100 CPU sec, 48.294 real sec
[M::process] read 1176472 sequences (60000072 bp)...
[M::mem_process_seqs] Processed 1176472 reads in 287.121 CPU sec, 47.791 real sec
[M::process] read 1176472 sequences (60000072 bp)...
[M::mem_process_seqs] Processed 1176472 reads in 286.178 CPU sec, 47.724 real sec
[M::process] read 1176472 sequences (60000072 bp)...
[M::mem_process_seqs] Processed 1176472 reads in 283.032 CPU sec, 47.083 real sec
[M::process] read 1176472 sequences (60000072 bp)...
[M::mem_process_seqs] Processed 1176472 reads in 283.764 CPU sec, 47.186 real sec
[M::process] read 1176472 sequences (60000072 bp)...
[M::mem_process_seqs] Processed 1176472 reads in 285.527 CPU sec, 47.511 real sec
[M::process] read 1176472 sequences (60000072 bp)...
[M::mem_process_seqs] Processed 1176472 reads in 285.067 CPU sec, 47.455 real sec
[M::process] read 1176472 sequences (60000072 bp)...
[M::mem_process_seqs] Processed 1176472 reads in 285.354 CPU sec, 47.469 real sec
[M::process] read 1176472 sequences (60000072 bp)...
[M::mem_process_seqs] Processed 1176472 reads in 285.890 CPU sec, 47.597 real sec
[M::process] read 1176472 sequences (60000072 bp)...
[M::mem_process_seqs] Processed 1176472 reads in 284.443 CPU sec, 47.338 real sec
[M::process] read 1176472 sequences (60000072 bp)...
[M::mem_process_seqs] Processed 1176472 reads in 290.181 CPU sec, 48.391 real sec
[M::process] read 1176472 sequences (60000072 bp)...
[M::mem_process_seqs] Processed 1176472 reads in 288.253 CPU sec, 47.976 real sec
[M::process] read 1176472 sequences (60000072 bp)...
[M::mem_process_seqs] Processed 1176472 reads in 289.476 CPU sec, 48.259 real sec
[M::process] read 1176472 sequences (60000072 bp)...
[M::mem_process_seqs] Processed 1176472 reads in 301.619 CPU sec, 50.632 real sec
[M::process] read 1176472 sequences (60000072 bp)...
[M::mem_process_seqs] Processed 1176472 reads in 319.785 CPU sec, 54.136 real sec
[M::process] read 1176472 sequences (60000072 bp)...
[M::mem_process_seqs] Processed 1176472 reads in 313.410 CPU sec, 52.465 real sec
[M::process] read 1176472 sequences (60000072 bp)...
[M::mem_process_seqs] Processed 1176472 reads in 298.886 CPU sec, 49.913 real sec
[M::process] read 1176472 sequences (60000072 bp)...
[M::mem_process_seqs] Processed 1176472 reads in 300.154 CPU sec, 50.217 real sec
[M::process] read 1176472 sequences (60000072 bp)...
[M::mem_process_seqs] Processed 1176472 reads in 313.193 CPU sec, 52.626 real sec
[M::process] read 1176472 sequences (60000072 bp)...
[M::mem_process_seqs] Processed 1176472 reads in 319.206 CPU sec, 53.424 real sec
[M::process] read 1176472 sequences (60000072 bp)...
[M::mem_process_seqs] Processed 1176472 reads in 293.266 CPU sec, 48.883 real sec
[M::process] read 1176472 sequences (60000072 bp)...
[M::mem_process_seqs] Processed 1176472 reads in 292.101 CPU sec, 48.701 real sec
[M::process] read 1176472 sequences (60000072 bp)...
[M::mem_process_seqs] Processed 1176472 reads in 287.716 CPU sec, 48.135 real sec
[M::process] read 1176472 sequences (60000072 bp)...
[M::mem_process_seqs] Processed 1176472 reads in 290.246 CPU sec, 48.343 real sec
[M::process] read 1176472 sequences (60000072 bp)...
[M::mem_process_seqs] Processed 1176472 reads in 289.855 CPU sec, 48.322 real sec
[M::process] read 1176472 sequences (60000072 bp)...
[M::mem_process_seqs] Processed 1176472 reads in 289.479 CPU sec, 48.300 real sec
[M::process] read 1176472 sequences (60000072 bp)...
[M::mem_process_seqs] Processed 1176472 reads in 289.392 CPU sec, 48.262 real sec
[M::process] read 1176472 sequences (60000072 bp)...
[M::mem_process_seqs] Processed 1176472 reads in 284.357 CPU sec, 47.502 real sec
[M::process] read 1176472 sequences (60000072 bp)...
[M::mem_process_seqs] Processed 1176472 reads in 284.910 CPU sec, 47.541 real sec
[M::process] read 1176472 sequences (60000072 bp)...
[M::mem_process_seqs] Processed 1176472 reads in 280.680 CPU sec, 46.772 real sec
[M::process] read 1176472 sequences (60000072 bp)...
[M::mem_process_seqs] Processed 1176472 reads in 280.959 CPU sec, 46.823 real sec
[M::process] read 1176472 sequences (60000072 bp)...
[M::mem_process_seqs] Processed 1176472 reads in 285.211 CPU sec, 47.586 real sec
[M::process] read 1176472 sequences (60000072 bp)...
[M::mem_process_seqs] Processed 1176472 reads in 288.845 CPU sec, 48.248 real sec
[M::process] read 1176472 sequences (60000072 bp)...
[M::mem_process_seqs] Processed 1176472 reads in 286.139 CPU sec, 47.822 real sec
[M::process] read 1176472 sequences (60000072 bp)...
[M::mem_process_seqs] Processed 1176472 reads in 292.861 CPU sec, 48.943 real sec
[M::process] read 1176472 sequences (60000072 bp)...
[M::mem_process_seqs] Processed 1176472 reads in 288.632 CPU sec, 48.274 real sec
[M::process] read 1176472 sequences (60000072 bp)...
[M::mem_process_seqs] Processed 1176472 reads in 290.387 CPU sec, 48.557 real sec
[M::process] read 1176472 sequences (60000072 bp)...
[M::mem_process_seqs] Processed 1176472 reads in 284.668 CPU sec, 47.499 real sec
[M::process] read 1176472 sequences (60000072 bp)...
[M::mem_process_seqs] Processed 1176472 reads in 286.265 CPU sec, 47.889 real sec
[M::process] read 1176472 sequences (60000072 bp)...
[M::mem_process_seqs] Processed 1176472 reads in 295.800 CPU sec, 49.579 real sec
[M::process] read 1176472 sequences (60000072 bp)...
[M::mem_process_seqs] Processed 1176472 reads in 291.388 CPU sec, 48.766 real sec
[M::process] read 1176472 sequences (60000072 bp)...
[M::mem_process_seqs] Processed 1176472 reads in 294.387 CPU sec, 49.103 real sec
[M::process] read 1176472 sequences (60000072 bp)...
[M::mem_process_seqs] Processed 1176472 reads in 286.226 CPU sec, 47.761 real sec
[M::process] read 1176472 sequences (60000072 bp)...
[M::mem_process_seqs] Processed 1176472 reads in 288.860 CPU sec, 48.331 real sec
[M::process] read 1176472 sequences (60000072 bp)...
[M::mem_process_seqs] Processed 1176472 reads in 281.393 CPU sec, 46.925 real sec
[M::process] read 1176472 sequences (60000072 bp)...
[M::mem_process_seqs] Processed 1176472 reads in 284.044 CPU sec, 47.397 real sec
[M::process] read 1176472 sequences (60000072 bp)...
[M::mem_process_seqs] Processed 1176472 reads in 285.706 CPU sec, 47.609 real sec
[M::process] read 1176472 sequences (60000072 bp)...
[M::mem_process_seqs] Processed 1176472 reads in 283.298 CPU sec, 47.219 real sec
[M::process] read 1176472 sequences (60000072 bp)...
[M::mem_process_seqs] Processed 1176472 reads in 289.029 CPU sec, 48.285 real sec
[M::process] read 1176472 sequences (60000072 bp)...
[M::mem_process_seqs] Processed 1176472 reads in 285.896 CPU sec, 47.596 real sec
[M::process] read 1176472 sequences (60000072 bp)...
[M::mem_process_seqs] Processed 1176472 reads in 287.485 CPU sec, 47.972 real sec
[M::process] read 1176472 sequences (60000072 bp)...
[M::mem_process_seqs] Processed 1176472 reads in 284.253 CPU sec, 47.384 real sec
[M::process] read 1176472 sequences (60000072 bp)...
[M::mem_process_seqs] Processed 1176472 reads in 284.509 CPU sec, 47.448 real sec
[M::process] read 1176472 sequences (60000072 bp)...
[M::mem_process_seqs] Processed 1176472 reads in 285.210 CPU sec, 47.528 real sec
[M::process] read 1176472 sequences (60000072 bp)...
[M::mem_process_seqs] Processed 1176472 reads in 286.516 CPU sec, 47.725 real sec
[M::process] read 1176472 sequences (60000072 bp)...
[M::mem_process_seqs] Processed 1176472 reads in 286.860 CPU sec, 47.885 real sec
[M::process] read 1176472 sequences (60000072 bp)...
[M::mem_process_seqs] Processed 1176472 reads in 284.868 CPU sec, 47.555 real sec
[M::process] read 1176472 sequences (60000072 bp)...
[M::mem_process_seqs] Processed 1176472 reads in 291.572 CPU sec, 48.733 real sec
[M::process] read 1176472 sequences (60000072 bp)...
[M::mem_process_seqs] Processed 1176472 reads in 305.505 CPU sec, 51.180 real sec
[M::process] read 1176472 sequences (60000072 bp)...
[M::mem_process_seqs] Processed 1176472 reads in 300.669 CPU sec, 50.264 real sec
[M::process] read 1176472 sequences (60000072 bp)...
[M::mem_process_seqs] Processed 1176472 reads in 300.776 CPU sec, 50.639 real sec
[M::process] read 1176472 sequences (60000072 bp)...
[M::mem_process_seqs] Processed 1176472 reads in 307.863 CPU sec, 51.579 real sec
[M::process] read 1176472 sequences (60000072 bp)...
[M::mem_process_seqs] Processed 1176472 reads in 311.156 CPU sec, 52.348 real sec
[M::process] read 1176472 sequences (60000072 bp)...
[M::mem_process_seqs] Processed 1176472 reads in 310.715 CPU sec, 52.124 real sec
[M::process] read 1176472 sequences (60000072 bp)...
[M::mem_process_seqs] Processed 1176472 reads in 309.985 CPU sec, 51.975 real sec
[M::process] read 1176472 sequences (60000072 bp)...
[M::mem_process_seqs] Processed 1176472 reads in 308.467 CPU sec, 51.629 real sec
[M::process] read 1176472 sequences (60000072 bp)...
[M::mem_process_seqs] Processed 1176472 reads in 309.690 CPU sec, 51.880 real sec
[M::process] read 1176472 sequences (60000072 bp)...
[M::mem_process_seqs] Processed 1176472 reads in 299.523 CPU sec, 50.118 real sec
[M::process] read 1176472 sequences (60000072 bp)...
[M::mem_process_seqs] Processed 1176472 reads in 291.211 CPU sec, 48.722 real sec
[M::process] read 1176472 sequences (60000072 bp)...
[M::mem_process_seqs] Processed 1176472 reads in 294.039 CPU sec, 49.193 real sec
[M::process] read 184327 sequences (9400677 bp)...
[M::mem_process_seqs] Processed 1176472 reads in 294.026 CPU sec, 49.246 real sec
[M::mem_process_seqs] Processed 184327 reads in 54.704 CPU sec, 9.072 real sec
[main] Version: 0.7.16a-r1181
[main] CMD: bwa mem -t 6 /research/dept/hem/common/sequencing/chenggrp/pipelines/subcmd/../mm9/bwa_16a_index/mm9.fa histone_input_HPC5_combined.fastq.gz
[main] Real time: 4353.095 sec; CPU: 25810.263 sec
