Sender: LSF System <lsfadmin@nodecn212>
Subject: Job 105021397[3]: <rmdup[1-3]> in cluster <hpcf_research_cluster> Done

Job <rmdup[1-3]> was submitted from host <nodecn012> by user <yli11> in cluster <hpcf_research_cluster> at Mon Jun  8 16:50:27 2020.
Job was executed on host(s) <6*nodecn212>, in queue <standard>, as user <yli11> in cluster <hpcf_research_cluster> at Mon Jun  8 17:34:52 2020.
</home/yli11> was used as the home directory.
</home/yli11/Share/Megan/figures/chromHMM_input/H3K27ac_enhancer> was used as the working directory.
Started at Mon Jun  8 17:34:52 2020.
Terminated at Mon Jun  8 17:49:20 2020.
Results reported at Mon Jun  8 17:49:20 2020.

Your job looked like:

------------------------------------------------------------
# LSBATCH: User input


#BSUB -P chip_seq_single
#BSUB -o chip_seq_single_yli11_2020-06-08.markdup.rmdup.message_%J_%I.out -e chip_seq_single_yli11_2020-06-08.markdup.rmdup.message_%J_%I.err
#BSUB -n 6
#BSUB -q standard
#BSUB -R "span[hosts=1] rusage[mem=4000]"
#BSUB -J "rmdup[1-3]"
module purge
#BSUB -w "ended(105021396[*])"
module load samtools/1.7

id=$LSB_JOBINDEX
COL1=`head -n $id fastq.tsv|tail -n1|awk -F "	" '{print $1}'`
COL2=`head -n $id fastq.tsv|tail -n1|awk -F "	" '{print $2}'`
COL3=`head -n $id fastq.tsv|tail -n1|awk -F "	" '{print $3}'`
COL4=`head -n $id fastq.tsv|tail -n1|awk -F "	" '{print $4}'`
COL5=`head -n $id fastq.tsv|tail -n1|awk -F "	" '{print $5}'`
COL6=`head -n $id fastq.tsv|tail -n1|awk -F "	" '{print $6}'`
LINE=`head -n $id fastq.tsv|tail -n1`

samtools stats ${COL2}.bam > ${COL2}.bam.stat
samtools sort -@ 6 -n -o ${COL2}.name.st.bam ${COL2}.bam
samtools fixmate -@ 6 -m ${COL2}.name.st.bam ${COL2}.fixmate.bam
samtools sort -@ 6 -o ${COL2}.fixmate.st.bam ${COL2}.fixmate.bam
samtools markdup -@ 6 ${COL2}.fixmate.st.bam ${COL2}.markdup.bam
samtools markdup -@ 6 -r ${COL2}.markdup.bam ${COL2}.rmdup.bam
rm ${COL2}.name.st.bam ${COL2}.fixmate.bam ${COL2}.fixmate.st.bam
samtools flagstat -@ 6 ${COL2}.markdup.bam > ${COL2}.markdup.report
samtools index -@ 6 ${COL2}.markdup.bam
samtools view -@ 6 -q 1 -b ${COL2}.markdup.bam > ${COL2}.markdup.uq.bam
samtools index -@ 6 ${COL2}.markdup.uq.bam
samtools index -@ 6 ${COL2}.rmdup.bam
samtools view -@ 6 -q 1 -b ${COL2}.rmdup.bam > ${COL2}.rmdup.uq.bam
samtools index -@ 6 ${COL2}.rmdup.uq.bam
samtools view -@ 6 ${COL2}.markdup.bam chrM -b > ${COL2}.markdup.chrM.bam
samtools flagstat -@ 6 ${COL2}.markdup.chrM.bam > ${COL2}.markdup.chrM.report
samtools idxstats ${COL2}.rmdup.uq.bam | cut -f 1 | grep -v  chrM| xargs samtools view -@ 6 -b ${COL2}.rmdup.uq.bam > ${COL2}.rmdup.uq.rmchrM.bam
samtools idxstats ${COL2}.markdup.bam | cut -f 1 | grep -v  chrM| xargs samtools view -@ 6 -b ${COL2}.markdup.bam > ${COL2}.markdup.rmchrM.bam
samtools flagstat -@ 6 ${COL2}.markdup.rmchrM.bam > ${COL2}.markdup.rmchrM.report

		
------------------------------------------------------------

Successfully completed.

Resource usage summary:

    CPU time :                                   2735.62 sec.
    Max Memory :                                 5315 MB
    Average Memory :                             1033.45 MB
    Total Requested Memory :                     24000.00 MB
    Delta Memory :                               18685.00 MB
    Max Swap :                                   -
    Max Processes :                              5
    Max Threads :                                19
    Run time :                                   867 sec.
    Turnaround time :                            3533 sec.

The output (if any) follows:



PS:

Read file <chip_seq_single_yli11_2020-06-08.markdup.rmdup.message_105021397_3.err> for stderr output of this job.

