INFO  @ Mon, 08 Jun 2020 18:53:51: 
# Command line: callpeak -t 1706665_MW127_H3K27ac.bam -c histone_input_HPC5_combined.bam --keep-dup all -n 1706665_MW127_H3K27ac.vs.histone_input_HPC5_combined -B -g mm
# ARGUMENTS LIST:
# name = 1706665_MW127_H3K27ac.vs.histone_input_HPC5_combined
# format = AUTO
# ChIP-seq file = ['1706665_MW127_H3K27ac.bam']
# control file = ['histone_input_HPC5_combined.bam']
# effective genome size = 1.87e+09
# band width = 300
# model fold = [5, 50]
# qvalue cutoff = 5.00e-02
# Larger dataset will be scaled towards smaller dataset.
# Range for calculating regional lambda is: 1000 bps and 10000 bps
# Broad region calling is off
# Paired-End mode is off
 
INFO  @ Mon, 08 Jun 2020 18:53:51: #1 read tag files... 
INFO  @ Mon, 08 Jun 2020 18:53:51: #1 read treatment tags... 
INFO  @ Mon, 08 Jun 2020 18:53:51: Detected format is: BAM 
INFO  @ Mon, 08 Jun 2020 18:53:51: * Input file is gzipped. 
INFO  @ Mon, 08 Jun 2020 18:53:55:  1000000 
INFO  @ Mon, 08 Jun 2020 18:53:59:  2000000 
INFO  @ Mon, 08 Jun 2020 18:54:02:  3000000 
INFO  @ Mon, 08 Jun 2020 18:54:06:  4000000 
INFO  @ Mon, 08 Jun 2020 18:54:09:  5000000 
INFO  @ Mon, 08 Jun 2020 18:54:13:  6000000 
INFO  @ Mon, 08 Jun 2020 18:54:17:  7000000 
INFO  @ Mon, 08 Jun 2020 18:54:20:  8000000 
INFO  @ Mon, 08 Jun 2020 18:54:24:  9000000 
INFO  @ Mon, 08 Jun 2020 18:54:28:  10000000 
INFO  @ Mon, 08 Jun 2020 18:54:31:  11000000 
INFO  @ Mon, 08 Jun 2020 18:54:35:  12000000 
INFO  @ Mon, 08 Jun 2020 18:54:38:  13000000 
INFO  @ Mon, 08 Jun 2020 18:54:42:  14000000 
INFO  @ Mon, 08 Jun 2020 18:54:46:  15000000 
INFO  @ Mon, 08 Jun 2020 18:54:49:  16000000 
INFO  @ Mon, 08 Jun 2020 18:54:53:  17000000 
INFO  @ Mon, 08 Jun 2020 18:54:56:  18000000 
INFO  @ Mon, 08 Jun 2020 18:55:00:  19000000 
INFO  @ Mon, 08 Jun 2020 18:55:04:  20000000 
INFO  @ Mon, 08 Jun 2020 18:55:07:  21000000 
INFO  @ Mon, 08 Jun 2020 18:55:11:  22000000 
INFO  @ Mon, 08 Jun 2020 18:55:14:  23000000 
INFO  @ Mon, 08 Jun 2020 18:55:18:  24000000 
INFO  @ Mon, 08 Jun 2020 18:55:22:  25000000 
INFO  @ Mon, 08 Jun 2020 18:55:25:  26000000 
INFO  @ Mon, 08 Jun 2020 18:55:29:  27000000 
INFO  @ Mon, 08 Jun 2020 18:55:32:  28000000 
INFO  @ Mon, 08 Jun 2020 18:55:36:  29000000 
INFO  @ Mon, 08 Jun 2020 18:55:40:  30000000 
INFO  @ Mon, 08 Jun 2020 18:55:43:  31000000 
INFO  @ Mon, 08 Jun 2020 18:55:47:  32000000 
INFO  @ Mon, 08 Jun 2020 18:55:50:  33000000 
INFO  @ Mon, 08 Jun 2020 18:55:54:  34000000 
INFO  @ Mon, 08 Jun 2020 18:55:58:  35000000 
INFO  @ Mon, 08 Jun 2020 18:56:03: #1.2 read input tags... 
INFO  @ Mon, 08 Jun 2020 18:56:03: Detected format is: BAM 
INFO  @ Mon, 08 Jun 2020 18:56:03: * Input file is gzipped. 
INFO  @ Mon, 08 Jun 2020 18:56:06:  1000000 
INFO  @ Mon, 08 Jun 2020 18:56:10:  2000000 
INFO  @ Mon, 08 Jun 2020 18:56:13:  3000000 
INFO  @ Mon, 08 Jun 2020 18:56:17:  4000000 
INFO  @ Mon, 08 Jun 2020 18:56:21:  5000000 
INFO  @ Mon, 08 Jun 2020 18:56:24:  6000000 
INFO  @ Mon, 08 Jun 2020 18:56:28:  7000000 
INFO  @ Mon, 08 Jun 2020 18:56:31:  8000000 
INFO  @ Mon, 08 Jun 2020 18:56:35:  9000000 
INFO  @ Mon, 08 Jun 2020 18:56:38:  10000000 
INFO  @ Mon, 08 Jun 2020 18:56:42:  11000000 
INFO  @ Mon, 08 Jun 2020 18:56:45:  12000000 
INFO  @ Mon, 08 Jun 2020 18:56:49:  13000000 
INFO  @ Mon, 08 Jun 2020 18:56:52:  14000000 
INFO  @ Mon, 08 Jun 2020 18:56:56:  15000000 
INFO  @ Mon, 08 Jun 2020 18:57:00:  16000000 
INFO  @ Mon, 08 Jun 2020 18:57:03:  17000000 
INFO  @ Mon, 08 Jun 2020 18:57:07:  18000000 
INFO  @ Mon, 08 Jun 2020 18:57:10:  19000000 
INFO  @ Mon, 08 Jun 2020 18:57:14:  20000000 
INFO  @ Mon, 08 Jun 2020 18:57:17:  21000000 
INFO  @ Mon, 08 Jun 2020 18:57:21:  22000000 
INFO  @ Mon, 08 Jun 2020 18:57:24:  23000000 
INFO  @ Mon, 08 Jun 2020 18:57:28:  24000000 
INFO  @ Mon, 08 Jun 2020 18:57:31:  25000000 
INFO  @ Mon, 08 Jun 2020 18:57:35:  26000000 
INFO  @ Mon, 08 Jun 2020 18:57:39:  27000000 
INFO  @ Mon, 08 Jun 2020 18:57:42:  28000000 
INFO  @ Mon, 08 Jun 2020 18:57:46:  29000000 
INFO  @ Mon, 08 Jun 2020 18:57:49:  30000000 
INFO  @ Mon, 08 Jun 2020 18:57:53:  31000000 
INFO  @ Mon, 08 Jun 2020 18:57:56:  32000000 
INFO  @ Mon, 08 Jun 2020 18:58:00:  33000000 
INFO  @ Mon, 08 Jun 2020 18:58:03:  34000000 
INFO  @ Mon, 08 Jun 2020 18:58:07:  35000000 
INFO  @ Mon, 08 Jun 2020 18:58:11:  36000000 
INFO  @ Mon, 08 Jun 2020 18:58:14:  37000000 
INFO  @ Mon, 08 Jun 2020 18:58:18:  38000000 
INFO  @ Mon, 08 Jun 2020 18:58:21:  39000000 
INFO  @ Mon, 08 Jun 2020 18:58:25:  40000000 
INFO  @ Mon, 08 Jun 2020 18:58:28:  41000000 
INFO  @ Mon, 08 Jun 2020 18:58:32:  42000000 
INFO  @ Mon, 08 Jun 2020 18:58:35:  43000000 
INFO  @ Mon, 08 Jun 2020 18:58:39:  44000000 
INFO  @ Mon, 08 Jun 2020 18:58:43:  45000000 
INFO  @ Mon, 08 Jun 2020 18:58:46:  46000000 
INFO  @ Mon, 08 Jun 2020 18:58:50:  47000000 
INFO  @ Mon, 08 Jun 2020 18:58:53:  48000000 
INFO  @ Mon, 08 Jun 2020 18:58:57:  49000000 
INFO  @ Mon, 08 Jun 2020 18:59:00:  50000000 
INFO  @ Mon, 08 Jun 2020 18:59:04:  51000000 
INFO  @ Mon, 08 Jun 2020 18:59:07:  52000000 
INFO  @ Mon, 08 Jun 2020 18:59:11:  53000000 
INFO  @ Mon, 08 Jun 2020 18:59:14:  54000000 
INFO  @ Mon, 08 Jun 2020 18:59:18:  55000000 
INFO  @ Mon, 08 Jun 2020 18:59:21:  56000000 
INFO  @ Mon, 08 Jun 2020 18:59:25:  57000000 
INFO  @ Mon, 08 Jun 2020 18:59:28:  58000000 
INFO  @ Mon, 08 Jun 2020 18:59:32:  59000000 
INFO  @ Mon, 08 Jun 2020 18:59:35:  60000000 
INFO  @ Mon, 08 Jun 2020 18:59:39:  61000000 
INFO  @ Mon, 08 Jun 2020 18:59:43:  62000000 
INFO  @ Mon, 08 Jun 2020 18:59:46:  63000000 
INFO  @ Mon, 08 Jun 2020 18:59:50:  64000000 
INFO  @ Mon, 08 Jun 2020 18:59:53:  65000000 
INFO  @ Mon, 08 Jun 2020 18:59:57:  66000000 
INFO  @ Mon, 08 Jun 2020 19:00:00:  67000000 
INFO  @ Mon, 08 Jun 2020 19:00:04:  68000000 
INFO  @ Mon, 08 Jun 2020 19:00:07:  69000000 
INFO  @ Mon, 08 Jun 2020 19:00:11:  70000000 
INFO  @ Mon, 08 Jun 2020 19:00:14:  71000000 
INFO  @ Mon, 08 Jun 2020 19:00:18:  72000000 
INFO  @ Mon, 08 Jun 2020 19:00:22:  73000000 
INFO  @ Mon, 08 Jun 2020 19:00:25:  74000000 
INFO  @ Mon, 08 Jun 2020 19:00:29:  75000000 
INFO  @ Mon, 08 Jun 2020 19:00:32:  76000000 
INFO  @ Mon, 08 Jun 2020 19:00:36:  77000000 
INFO  @ Mon, 08 Jun 2020 19:00:39:  78000000 
INFO  @ Mon, 08 Jun 2020 19:00:43:  79000000 
INFO  @ Mon, 08 Jun 2020 19:00:46:  80000000 
INFO  @ Mon, 08 Jun 2020 19:00:50:  81000000 
INFO  @ Mon, 08 Jun 2020 19:00:54:  82000000 
INFO  @ Mon, 08 Jun 2020 19:00:57:  83000000 
INFO  @ Mon, 08 Jun 2020 19:01:01:  84000000 
INFO  @ Mon, 08 Jun 2020 19:01:04:  85000000 
INFO  @ Mon, 08 Jun 2020 19:01:08:  86000000 
INFO  @ Mon, 08 Jun 2020 19:01:11:  87000000 
INFO  @ Mon, 08 Jun 2020 19:01:15:  88000000 
INFO  @ Mon, 08 Jun 2020 19:01:18:  89000000 
INFO  @ Mon, 08 Jun 2020 19:01:22:  90000000 
INFO  @ Mon, 08 Jun 2020 19:01:25:  91000000 
INFO  @ Mon, 08 Jun 2020 19:01:29:  92000000 
INFO  @ Mon, 08 Jun 2020 19:01:32:  93000000 
INFO  @ Mon, 08 Jun 2020 19:01:36:  94000000 
INFO  @ Mon, 08 Jun 2020 19:01:40:  95000000 
INFO  @ Mon, 08 Jun 2020 19:01:43:  96000000 
INFO  @ Mon, 08 Jun 2020 19:01:47:  97000000 
INFO  @ Mon, 08 Jun 2020 19:01:50:  98000000 
INFO  @ Mon, 08 Jun 2020 19:01:54:  99000000 
INFO  @ Mon, 08 Jun 2020 19:01:57:  100000000 
INFO  @ Mon, 08 Jun 2020 19:02:01:  101000000 
INFO  @ Mon, 08 Jun 2020 19:02:04:  102000000 
INFO  @ Mon, 08 Jun 2020 19:02:08:  103000000 
INFO  @ Mon, 08 Jun 2020 19:02:18: #1 tag size is determined as 51 bps 
INFO  @ Mon, 08 Jun 2020 19:02:18: #1 tag size = 51 
INFO  @ Mon, 08 Jun 2020 19:02:18: #1  total tags in treatment: 35259259 
INFO  @ Mon, 08 Jun 2020 19:02:18: #1  total tags in control: 102643385 
INFO  @ Mon, 08 Jun 2020 19:02:18: #1 finished! 
INFO  @ Mon, 08 Jun 2020 19:02:18: #2 Build Peak Model... 
INFO  @ Mon, 08 Jun 2020 19:02:18: #2 looking for paired plus/minus strand peaks... 
INFO  @ Mon, 08 Jun 2020 19:02:22: #2 number of paired peaks: 17416 
INFO  @ Mon, 08 Jun 2020 19:02:22: start model_add_line... 
INFO  @ Mon, 08 Jun 2020 19:02:22: start X-correlation... 
INFO  @ Mon, 08 Jun 2020 19:02:23: end of X-cor 
INFO  @ Mon, 08 Jun 2020 19:02:23: #2 finished! 
INFO  @ Mon, 08 Jun 2020 19:02:23: #2 predicted fragment length is 299 bps 
INFO  @ Mon, 08 Jun 2020 19:02:23: #2 alternative fragment length(s) may be 299 bps 
INFO  @ Mon, 08 Jun 2020 19:02:23: #2.2 Generate R script for model : 1706665_MW127_H3K27ac.vs.histone_input_HPC5_combined_model.r 
INFO  @ Mon, 08 Jun 2020 19:02:23: #3 Call peaks... 
INFO  @ Mon, 08 Jun 2020 19:02:23: #3 Pre-compute pvalue-qvalue table... 
INFO  @ Mon, 08 Jun 2020 19:09:45: #3 In the peak calling step, the following will be performed simultaneously: 
INFO  @ Mon, 08 Jun 2020 19:09:45: #3   Write bedGraph files for treatment pileup (after scaling if necessary)... 1706665_MW127_H3K27ac.vs.histone_input_HPC5_combined_treat_pileup.bdg 
INFO  @ Mon, 08 Jun 2020 19:09:45: #3   Write bedGraph files for control lambda (after scaling if necessary)... 1706665_MW127_H3K27ac.vs.histone_input_HPC5_combined_control_lambda.bdg 
INFO  @ Mon, 08 Jun 2020 19:09:45: #3   Pileup will be based on sequencing depth in treatment. 
INFO  @ Mon, 08 Jun 2020 19:09:45: #3 Call peaks for each chromosome... 
INFO  @ Mon, 08 Jun 2020 19:15:05: #4 Write output xls file... 1706665_MW127_H3K27ac.vs.histone_input_HPC5_combined_peaks.xls 
INFO  @ Mon, 08 Jun 2020 19:15:05: #4 Write peak in narrowPeak format file... 1706665_MW127_H3K27ac.vs.histone_input_HPC5_combined_peaks.narrowPeak 
INFO  @ Mon, 08 Jun 2020 19:15:06: #4 Write summits bed file... 1706665_MW127_H3K27ac.vs.histone_input_HPC5_combined_summits.bed 
INFO  @ Mon, 08 Jun 2020 19:15:06: Done! 
INFO  @ Mon, 08 Jun 2020 19:15:11: Read and build treatment bedGraph... 
INFO  @ Mon, 08 Jun 2020 19:16:11: Read and build control bedGraph... 
INFO  @ Mon, 08 Jun 2020 19:16:52: Build scoreTrackII... 
INFO  @ Mon, 08 Jun 2020 19:17:19: Calculate scores comparing treatment and control by 'qpois'... 
INFO  @ Mon, 08 Jun 2020 19:23:26: Write bedGraph of scores... 
INFO  @ Mon, 08 Jun 2020 19:23:50: Finished 'qpois'! Please check '1706665_MW127_H3K27ac.vs.histone_input_HPC5_combined_treat_pvalue.bdg'! 
INFO  @ Mon, 08 Jun 2020 19:23:53: Read and build treatment bedGraph... 
INFO  @ Mon, 08 Jun 2020 19:24:54: Read and build control bedGraph... 
INFO  @ Mon, 08 Jun 2020 19:25:35: Build scoreTrackII... 
INFO  @ Mon, 08 Jun 2020 19:26:03: Calculate scores comparing treatment and control by 'FE'... 
INFO  @ Mon, 08 Jun 2020 19:32:02: Write bedGraph of scores... 
INFO  @ Mon, 08 Jun 2020 19:34:31: Finished 'FE'! Please check '1706665_MW127_H3K27ac.vs.histone_input_HPC5_combined_FE.bdg'! 
INFO  @ Mon, 08 Jun 2020 19:34:36: Read and build treatment bedGraph... 
INFO  @ Mon, 08 Jun 2020 19:35:37: Read and build control bedGraph... 
INFO  @ Mon, 08 Jun 2020 19:36:19: Build scoreTrackII... 
INFO  @ Mon, 08 Jun 2020 19:36:46: Calculate scores comparing treatment and control by 'logLR'... 
INFO  @ Mon, 08 Jun 2020 19:37:16: Write bedGraph of scores... 
INFO  @ Mon, 08 Jun 2020 19:39:51: Finished 'logLR'! Please check '1706665_MW127_H3K27ac.vs.histone_input_HPC5_combined_logLR.bdg'! 
INFO  @ Mon, 08 Jun 2020 19:39:55: Read and build bedGraph... 
INFO  @ Mon, 08 Jun 2020 19:40:06: Call peaks from bedGraph... 
INFO  @ Mon, 08 Jun 2020 19:40:08: Write peaks... 
INFO  @ Mon, 08 Jun 2020 19:40:08: Done 
Traceback (most recent call last):
  File "/home/yli11/HemTools/bin/annot_gene_features.py", line 122, in <module>
    main()
  File "/home/yli11/HemTools/bin/annot_gene_features.py", line 98, in main
    get_annotation_data(args)
  File "/home/yli11/HemTools/bin/annot_gene_features.py", line 81, in get_annotation_data
    args.tss = myData['%s_gencode33_TSS'%(args.genome)]
KeyError: 'mm9_gencode33_TSS'
/home/yli11/.conda/envs/py2/lib/python3.7/site-packages/statsmodels/tools/_testing.py:19: FutureWarning:

pandas.util.testing is deprecated. Use the functions in the public API at pandas.testing instead.

Traceback (most recent call last):
  File "/home/yli11/HemTools/bin/pie_plot.py", line 95, in <module>
    main()
  File "/home/yli11/HemTools/bin/pie_plot.py", line 74, in main
    args.sep = guess_sep(args.input)
  File "/home/yli11/HemTools/bin/pie_plot.py", line 35, in guess_sep
    with open(x) as f:
FileNotFoundError: [Errno 2] No such file or directory: '1706665_MW127_H3K27ac.vs.histone_input_HPC5_combined_peaks.rmblck.narrowPeak.annot.tsv'
INFO  @ Mon, 08 Jun 2020 19:46:32: 
# Command line: callpeak -t 1706665_MW127_H3K27ac.rmdup.uq.rmchrM.bam -c histone_input_HPC5_combined.rmdup.uq.rmchrM.bam --keep-dup all -n 1706665_MW127_H3K27ac.vs.histone_input_HPC5_combined.rmdup.uq.rmchrM -B -g mm
# ARGUMENTS LIST:
# name = 1706665_MW127_H3K27ac.vs.histone_input_HPC5_combined.rmdup.uq.rmchrM
# format = AUTO
# ChIP-seq file = ['1706665_MW127_H3K27ac.rmdup.uq.rmchrM.bam']
# control file = ['histone_input_HPC5_combined.rmdup.uq.rmchrM.bam']
# effective genome size = 1.87e+09
# band width = 300
# model fold = [5, 50]
# qvalue cutoff = 5.00e-02
# Larger dataset will be scaled towards smaller dataset.
# Range for calculating regional lambda is: 1000 bps and 10000 bps
# Broad region calling is off
# Paired-End mode is off
 
INFO  @ Mon, 08 Jun 2020 19:46:32: #1 read tag files... 
INFO  @ Mon, 08 Jun 2020 19:46:32: #1 read treatment tags... 
INFO  @ Mon, 08 Jun 2020 19:46:32: Detected format is: BAM 
INFO  @ Mon, 08 Jun 2020 19:46:32: * Input file is gzipped. 
INFO  @ Mon, 08 Jun 2020 19:46:36:  1000000 
INFO  @ Mon, 08 Jun 2020 19:46:40:  2000000 
INFO  @ Mon, 08 Jun 2020 19:46:43:  3000000 
INFO  @ Mon, 08 Jun 2020 19:46:47:  4000000 
INFO  @ Mon, 08 Jun 2020 19:46:50:  5000000 
INFO  @ Mon, 08 Jun 2020 19:46:54:  6000000 
INFO  @ Mon, 08 Jun 2020 19:46:58:  7000000 
INFO  @ Mon, 08 Jun 2020 19:47:01:  8000000 
INFO  @ Mon, 08 Jun 2020 19:47:05:  9000000 
INFO  @ Mon, 08 Jun 2020 19:47:09:  10000000 
INFO  @ Mon, 08 Jun 2020 19:47:12:  11000000 
INFO  @ Mon, 08 Jun 2020 19:47:16:  12000000 
INFO  @ Mon, 08 Jun 2020 19:47:20:  13000000 
INFO  @ Mon, 08 Jun 2020 19:47:23:  14000000 
INFO  @ Mon, 08 Jun 2020 19:47:27:  15000000 
INFO  @ Mon, 08 Jun 2020 19:47:30:  16000000 
INFO  @ Mon, 08 Jun 2020 19:47:34:  17000000 
INFO  @ Mon, 08 Jun 2020 19:47:38:  18000000 
INFO  @ Mon, 08 Jun 2020 19:47:41:  19000000 
INFO  @ Mon, 08 Jun 2020 19:47:45:  20000000 
INFO  @ Mon, 08 Jun 2020 19:47:49:  21000000 
INFO  @ Mon, 08 Jun 2020 19:47:52:  22000000 
INFO  @ Mon, 08 Jun 2020 19:47:56:  23000000 
INFO  @ Mon, 08 Jun 2020 19:47:59:  24000000 
INFO  @ Mon, 08 Jun 2020 19:48:03:  25000000 
INFO  @ Mon, 08 Jun 2020 19:48:06: #1.2 read input tags... 
INFO  @ Mon, 08 Jun 2020 19:48:06: Detected format is: BAM 
INFO  @ Mon, 08 Jun 2020 19:48:06: * Input file is gzipped. 
INFO  @ Mon, 08 Jun 2020 19:48:10:  1000000 
INFO  @ Mon, 08 Jun 2020 19:48:13:  2000000 
INFO  @ Mon, 08 Jun 2020 19:48:17:  3000000 
INFO  @ Mon, 08 Jun 2020 19:48:21:  4000000 
INFO  @ Mon, 08 Jun 2020 19:48:24:  5000000 
INFO  @ Mon, 08 Jun 2020 19:48:28:  6000000 
INFO  @ Mon, 08 Jun 2020 19:48:31:  7000000 
INFO  @ Mon, 08 Jun 2020 19:48:35:  8000000 
INFO  @ Mon, 08 Jun 2020 19:48:39:  9000000 
INFO  @ Mon, 08 Jun 2020 19:48:42:  10000000 
INFO  @ Mon, 08 Jun 2020 19:48:46:  11000000 
INFO  @ Mon, 08 Jun 2020 19:48:49:  12000000 
INFO  @ Mon, 08 Jun 2020 19:48:53:  13000000 
INFO  @ Mon, 08 Jun 2020 19:48:57:  14000000 
INFO  @ Mon, 08 Jun 2020 19:49:00:  15000000 
INFO  @ Mon, 08 Jun 2020 19:49:04:  16000000 
INFO  @ Mon, 08 Jun 2020 19:49:07:  17000000 
INFO  @ Mon, 08 Jun 2020 19:49:11:  18000000 
INFO  @ Mon, 08 Jun 2020 19:49:15:  19000000 
INFO  @ Mon, 08 Jun 2020 19:49:18:  20000000 
INFO  @ Mon, 08 Jun 2020 19:49:22:  21000000 
INFO  @ Mon, 08 Jun 2020 19:49:26:  22000000 
INFO  @ Mon, 08 Jun 2020 19:49:29:  23000000 
INFO  @ Mon, 08 Jun 2020 19:49:33:  24000000 
INFO  @ Mon, 08 Jun 2020 19:49:36:  25000000 
INFO  @ Mon, 08 Jun 2020 19:49:40:  26000000 
INFO  @ Mon, 08 Jun 2020 19:49:44:  27000000 
INFO  @ Mon, 08 Jun 2020 19:49:47:  28000000 
INFO  @ Mon, 08 Jun 2020 19:49:51:  29000000 
INFO  @ Mon, 08 Jun 2020 19:49:55:  30000000 
INFO  @ Mon, 08 Jun 2020 19:49:58:  31000000 
INFO  @ Mon, 08 Jun 2020 19:50:02:  32000000 
INFO  @ Mon, 08 Jun 2020 19:50:05:  33000000 
INFO  @ Mon, 08 Jun 2020 19:50:09:  34000000 
INFO  @ Mon, 08 Jun 2020 19:50:13:  35000000 
INFO  @ Mon, 08 Jun 2020 19:50:16:  36000000 
INFO  @ Mon, 08 Jun 2020 19:50:20:  37000000 
INFO  @ Mon, 08 Jun 2020 19:50:23:  38000000 
INFO  @ Mon, 08 Jun 2020 19:50:27:  39000000 
INFO  @ Mon, 08 Jun 2020 19:50:31:  40000000 
INFO  @ Mon, 08 Jun 2020 19:50:34:  41000000 
INFO  @ Mon, 08 Jun 2020 19:50:38:  42000000 
INFO  @ Mon, 08 Jun 2020 19:50:41:  43000000 
INFO  @ Mon, 08 Jun 2020 19:50:45:  44000000 
INFO  @ Mon, 08 Jun 2020 19:50:49:  45000000 
INFO  @ Mon, 08 Jun 2020 19:50:52:  46000000 
INFO  @ Mon, 08 Jun 2020 19:50:56:  47000000 
INFO  @ Mon, 08 Jun 2020 19:51:00:  48000000 
INFO  @ Mon, 08 Jun 2020 19:51:03:  49000000 
INFO  @ Mon, 08 Jun 2020 19:51:07:  50000000 
INFO  @ Mon, 08 Jun 2020 19:51:11:  51000000 
INFO  @ Mon, 08 Jun 2020 19:51:14:  52000000 
INFO  @ Mon, 08 Jun 2020 19:51:18:  53000000 
INFO  @ Mon, 08 Jun 2020 19:51:21:  54000000 
INFO  @ Mon, 08 Jun 2020 19:51:25:  55000000 
INFO  @ Mon, 08 Jun 2020 19:51:29:  56000000 
INFO  @ Mon, 08 Jun 2020 19:51:32:  57000000 
INFO  @ Mon, 08 Jun 2020 19:51:36:  58000000 
INFO  @ Mon, 08 Jun 2020 19:51:39:  59000000 
INFO  @ Mon, 08 Jun 2020 19:51:43:  60000000 
INFO  @ Mon, 08 Jun 2020 19:51:47:  61000000 
INFO  @ Mon, 08 Jun 2020 19:51:50:  62000000 
INFO  @ Mon, 08 Jun 2020 19:51:54:  63000000 
INFO  @ Mon, 08 Jun 2020 19:51:57:  64000000 
INFO  @ Mon, 08 Jun 2020 19:52:01:  65000000 
INFO  @ Mon, 08 Jun 2020 19:52:04:  66000000 
INFO  @ Mon, 08 Jun 2020 19:52:08:  67000000 
INFO  @ Mon, 08 Jun 2020 19:52:12:  68000000 
INFO  @ Mon, 08 Jun 2020 19:52:16:  69000000 
INFO  @ Mon, 08 Jun 2020 19:52:19: #1 tag size is determined as 51 bps 
INFO  @ Mon, 08 Jun 2020 19:52:19: #1 tag size = 51 
INFO  @ Mon, 08 Jun 2020 19:52:19: #1  total tags in treatment: 25757741 
INFO  @ Mon, 08 Jun 2020 19:52:19: #1  total tags in control: 69790155 
INFO  @ Mon, 08 Jun 2020 19:52:19: #1 finished! 
INFO  @ Mon, 08 Jun 2020 19:52:19: #2 Build Peak Model... 
INFO  @ Mon, 08 Jun 2020 19:52:19: #2 looking for paired plus/minus strand peaks... 
INFO  @ Mon, 08 Jun 2020 19:52:22: #2 number of paired peaks: 19505 
INFO  @ Mon, 08 Jun 2020 19:52:22: start model_add_line... 
INFO  @ Mon, 08 Jun 2020 19:52:22: start X-correlation... 
INFO  @ Mon, 08 Jun 2020 19:52:22: end of X-cor 
INFO  @ Mon, 08 Jun 2020 19:52:22: #2 finished! 
INFO  @ Mon, 08 Jun 2020 19:52:22: #2 predicted fragment length is 306 bps 
INFO  @ Mon, 08 Jun 2020 19:52:22: #2 alternative fragment length(s) may be 306 bps 
INFO  @ Mon, 08 Jun 2020 19:52:22: #2.2 Generate R script for model : 1706665_MW127_H3K27ac.vs.histone_input_HPC5_combined.rmdup.uq.rmchrM_model.r 
INFO  @ Mon, 08 Jun 2020 19:52:22: #3 Call peaks... 
INFO  @ Mon, 08 Jun 2020 19:52:22: #3 Pre-compute pvalue-qvalue table... 
INFO  @ Mon, 08 Jun 2020 19:56:23: #3 In the peak calling step, the following will be performed simultaneously: 
INFO  @ Mon, 08 Jun 2020 19:56:23: #3   Write bedGraph files for treatment pileup (after scaling if necessary)... 1706665_MW127_H3K27ac.vs.histone_input_HPC5_combined.rmdup.uq.rmchrM_treat_pileup.bdg 
INFO  @ Mon, 08 Jun 2020 19:56:23: #3   Write bedGraph files for control lambda (after scaling if necessary)... 1706665_MW127_H3K27ac.vs.histone_input_HPC5_combined.rmdup.uq.rmchrM_control_lambda.bdg 
INFO  @ Mon, 08 Jun 2020 19:56:23: #3   Pileup will be based on sequencing depth in treatment. 
INFO  @ Mon, 08 Jun 2020 19:56:23: #3 Call peaks for each chromosome... 
INFO  @ Mon, 08 Jun 2020 20:02:10: #4 Write output xls file... 1706665_MW127_H3K27ac.vs.histone_input_HPC5_combined.rmdup.uq.rmchrM_peaks.xls 
INFO  @ Mon, 08 Jun 2020 20:02:10: #4 Write peak in narrowPeak format file... 1706665_MW127_H3K27ac.vs.histone_input_HPC5_combined.rmdup.uq.rmchrM_peaks.narrowPeak 
INFO  @ Mon, 08 Jun 2020 20:02:11: #4 Write summits bed file... 1706665_MW127_H3K27ac.vs.histone_input_HPC5_combined.rmdup.uq.rmchrM_summits.bed 
INFO  @ Mon, 08 Jun 2020 20:02:11: Done! 
INFO  @ Mon, 08 Jun 2020 20:02:16: Read and build treatment bedGraph... 
INFO  @ Mon, 08 Jun 2020 20:03:09: Read and build control bedGraph... 
INFO  @ Mon, 08 Jun 2020 20:04:27: Build scoreTrackII... 
INFO  @ Mon, 08 Jun 2020 20:05:02: Calculate scores comparing treatment and control by 'qpois'... 
INFO  @ Mon, 08 Jun 2020 20:05:55: Write bedGraph of scores... 
INFO  @ Mon, 08 Jun 2020 20:06:19: Finished 'qpois'! Please check '1706665_MW127_H3K27ac.vs.histone_input_HPC5_combined.rmdup.uq.rmchrM_treat_pvalue.bdg'! 
INFO  @ Mon, 08 Jun 2020 20:06:21: Read and build treatment bedGraph... 
INFO  @ Mon, 08 Jun 2020 20:07:14: Read and build control bedGraph... 
INFO  @ Mon, 08 Jun 2020 20:08:32: Build scoreTrackII... 
INFO  @ Mon, 08 Jun 2020 20:09:08: Calculate scores comparing treatment and control by 'FE'... 
INFO  @ Mon, 08 Jun 2020 20:16:44: Write bedGraph of scores... 
INFO  @ Mon, 08 Jun 2020 20:19:49: Finished 'FE'! Please check '1706665_MW127_H3K27ac.vs.histone_input_HPC5_combined.rmdup.uq.rmchrM_FE.bdg'! 
INFO  @ Mon, 08 Jun 2020 20:19:51: Read and build treatment bedGraph... 
INFO  @ Mon, 08 Jun 2020 20:20:44: Read and build control bedGraph... 
INFO  @ Mon, 08 Jun 2020 20:22:02: Build scoreTrackII... 
INFO  @ Mon, 08 Jun 2020 20:22:38: Calculate scores comparing treatment and control by 'logLR'... 
INFO  @ Mon, 08 Jun 2020 20:23:15: Write bedGraph of scores... 
INFO  @ Mon, 08 Jun 2020 20:26:26: Finished 'logLR'! Please check '1706665_MW127_H3K27ac.vs.histone_input_HPC5_combined.rmdup.uq.rmchrM_logLR.bdg'! 
INFO  @ Mon, 08 Jun 2020 20:26:27: Read and build bedGraph... 
INFO  @ Mon, 08 Jun 2020 20:26:37: Call peaks from bedGraph... 
INFO  @ Mon, 08 Jun 2020 20:26:38: Write peaks... 
INFO  @ Mon, 08 Jun 2020 20:26:38: Done 
Traceback (most recent call last):
  File "/home/yli11/HemTools/bin/annot_gene_features.py", line 122, in <module>
    main()
  File "/home/yli11/HemTools/bin/annot_gene_features.py", line 98, in main
    get_annotation_data(args)
  File "/home/yli11/HemTools/bin/annot_gene_features.py", line 81, in get_annotation_data
    args.tss = myData['%s_gencode33_TSS'%(args.genome)]
KeyError: 'mm9_gencode33_TSS'
/home/yli11/.conda/envs/py2/lib/python3.7/site-packages/statsmodels/tools/_testing.py:19: FutureWarning:

pandas.util.testing is deprecated. Use the functions in the public API at pandas.testing instead.

Traceback (most recent call last):
  File "/home/yli11/HemTools/bin/pie_plot.py", line 95, in <module>
    main()
  File "/home/yli11/HemTools/bin/pie_plot.py", line 74, in main
    args.sep = guess_sep(args.input)
  File "/home/yli11/HemTools/bin/pie_plot.py", line 35, in guess_sep
    with open(x) as f:
FileNotFoundError: [Errno 2] No such file or directory: '1706665_MW127_H3K27ac.vs.histone_input_HPC5_combined.rmdup.uq.rmchrM_peaks.rmblck.narrowPeak.annot.tsv'
INFO  @ Mon, 08 Jun 2020 20:33:53: 
# Command line: callpeak -t 1706665_MW127_H3K27ac.rmdup.bam -c histone_input_HPC5_combined.rmdup.bam --keep-dup all -n 1706665_MW127_H3K27ac.vs.histone_input_HPC5_combined.rmdup -B -g mm
# ARGUMENTS LIST:
# name = 1706665_MW127_H3K27ac.vs.histone_input_HPC5_combined.rmdup
# format = AUTO
# ChIP-seq file = ['1706665_MW127_H3K27ac.rmdup.bam']
# control file = ['histone_input_HPC5_combined.rmdup.bam']
# effective genome size = 1.87e+09
# band width = 300
# model fold = [5, 50]
# qvalue cutoff = 5.00e-02
# Larger dataset will be scaled towards smaller dataset.
# Range for calculating regional lambda is: 1000 bps and 10000 bps
# Broad region calling is off
# Paired-End mode is off
 
INFO  @ Mon, 08 Jun 2020 20:33:53: #1 read tag files... 
INFO  @ Mon, 08 Jun 2020 20:33:53: #1 read treatment tags... 
INFO  @ Mon, 08 Jun 2020 20:33:53: Detected format is: BAM 
INFO  @ Mon, 08 Jun 2020 20:33:53: * Input file is gzipped. 
INFO  @ Mon, 08 Jun 2020 20:33:57:  1000000 
INFO  @ Mon, 08 Jun 2020 20:34:01:  2000000 
INFO  @ Mon, 08 Jun 2020 20:34:04:  3000000 
INFO  @ Mon, 08 Jun 2020 20:34:08:  4000000 
INFO  @ Mon, 08 Jun 2020 20:34:12:  5000000 
INFO  @ Mon, 08 Jun 2020 20:34:15:  6000000 
INFO  @ Mon, 08 Jun 2020 20:34:19:  7000000 
INFO  @ Mon, 08 Jun 2020 20:34:23:  8000000 
INFO  @ Mon, 08 Jun 2020 20:34:26:  9000000 
INFO  @ Mon, 08 Jun 2020 20:34:30:  10000000 
INFO  @ Mon, 08 Jun 2020 20:34:34:  11000000 
INFO  @ Mon, 08 Jun 2020 20:34:38:  12000000 
INFO  @ Mon, 08 Jun 2020 20:34:41:  13000000 
INFO  @ Mon, 08 Jun 2020 20:34:45:  14000000 
INFO  @ Mon, 08 Jun 2020 20:34:49:  15000000 
INFO  @ Mon, 08 Jun 2020 20:34:52:  16000000 
INFO  @ Mon, 08 Jun 2020 20:34:56:  17000000 
INFO  @ Mon, 08 Jun 2020 20:35:00:  18000000 
INFO  @ Mon, 08 Jun 2020 20:35:03:  19000000 
INFO  @ Mon, 08 Jun 2020 20:35:07:  20000000 
INFO  @ Mon, 08 Jun 2020 20:35:11:  21000000 
INFO  @ Mon, 08 Jun 2020 20:35:14:  22000000 
INFO  @ Mon, 08 Jun 2020 20:35:18:  23000000 
INFO  @ Mon, 08 Jun 2020 20:35:22:  24000000 
INFO  @ Mon, 08 Jun 2020 20:35:25:  25000000 
INFO  @ Mon, 08 Jun 2020 20:35:29:  26000000 
INFO  @ Mon, 08 Jun 2020 20:35:33:  27000000 
INFO  @ Mon, 08 Jun 2020 20:35:36:  28000000 
INFO  @ Mon, 08 Jun 2020 20:35:40:  29000000 
INFO  @ Mon, 08 Jun 2020 20:35:42: #1.2 read input tags... 
INFO  @ Mon, 08 Jun 2020 20:35:42: Detected format is: BAM 
INFO  @ Mon, 08 Jun 2020 20:35:42: * Input file is gzipped. 
INFO  @ Mon, 08 Jun 2020 20:35:45:  1000000 
INFO  @ Mon, 08 Jun 2020 20:35:49:  2000000 
INFO  @ Mon, 08 Jun 2020 20:35:53:  3000000 
INFO  @ Mon, 08 Jun 2020 20:35:56:  4000000 
INFO  @ Mon, 08 Jun 2020 20:36:00:  5000000 
INFO  @ Mon, 08 Jun 2020 20:36:03:  6000000 
INFO  @ Mon, 08 Jun 2020 20:36:07:  7000000 
INFO  @ Mon, 08 Jun 2020 20:36:10:  8000000 
INFO  @ Mon, 08 Jun 2020 20:36:14:  9000000 
INFO  @ Mon, 08 Jun 2020 20:36:18:  10000000 
INFO  @ Mon, 08 Jun 2020 20:36:21:  11000000 
INFO  @ Mon, 08 Jun 2020 20:36:25:  12000000 
INFO  @ Mon, 08 Jun 2020 20:36:28:  13000000 
INFO  @ Mon, 08 Jun 2020 20:36:32:  14000000 
INFO  @ Mon, 08 Jun 2020 20:36:36:  15000000 
INFO  @ Mon, 08 Jun 2020 20:36:39:  16000000 
INFO  @ Mon, 08 Jun 2020 20:36:43:  17000000 
INFO  @ Mon, 08 Jun 2020 20:36:46:  18000000 
INFO  @ Mon, 08 Jun 2020 20:36:50:  19000000 
INFO  @ Mon, 08 Jun 2020 20:36:54:  20000000 
INFO  @ Mon, 08 Jun 2020 20:36:57:  21000000 
INFO  @ Mon, 08 Jun 2020 20:37:01:  22000000 
INFO  @ Mon, 08 Jun 2020 20:37:04:  23000000 
INFO  @ Mon, 08 Jun 2020 20:37:08:  24000000 
INFO  @ Mon, 08 Jun 2020 20:37:12:  25000000 
INFO  @ Mon, 08 Jun 2020 20:37:15:  26000000 
INFO  @ Mon, 08 Jun 2020 20:37:19:  27000000 
INFO  @ Mon, 08 Jun 2020 20:37:23:  28000000 
INFO  @ Mon, 08 Jun 2020 20:37:26:  29000000 
INFO  @ Mon, 08 Jun 2020 20:37:30:  30000000 
INFO  @ Mon, 08 Jun 2020 20:37:33:  31000000 
INFO  @ Mon, 08 Jun 2020 20:37:37:  32000000 
INFO  @ Mon, 08 Jun 2020 20:37:41:  33000000 
INFO  @ Mon, 08 Jun 2020 20:37:44:  34000000 
INFO  @ Mon, 08 Jun 2020 20:37:48:  35000000 
INFO  @ Mon, 08 Jun 2020 20:37:51:  36000000 
INFO  @ Mon, 08 Jun 2020 20:37:55:  37000000 
INFO  @ Mon, 08 Jun 2020 20:37:58:  38000000 
INFO  @ Mon, 08 Jun 2020 20:38:02:  39000000 
INFO  @ Mon, 08 Jun 2020 20:38:06:  40000000 
INFO  @ Mon, 08 Jun 2020 20:38:09:  41000000 
INFO  @ Mon, 08 Jun 2020 20:38:13:  42000000 
INFO  @ Mon, 08 Jun 2020 20:38:16:  43000000 
INFO  @ Mon, 08 Jun 2020 20:38:20:  44000000 
INFO  @ Mon, 08 Jun 2020 20:38:24:  45000000 
INFO  @ Mon, 08 Jun 2020 20:38:27:  46000000 
INFO  @ Mon, 08 Jun 2020 20:38:31:  47000000 
INFO  @ Mon, 08 Jun 2020 20:38:34:  48000000 
INFO  @ Mon, 08 Jun 2020 20:38:38:  49000000 
INFO  @ Mon, 08 Jun 2020 20:38:41:  50000000 
INFO  @ Mon, 08 Jun 2020 20:38:45:  51000000 
INFO  @ Mon, 08 Jun 2020 20:38:49:  52000000 
INFO  @ Mon, 08 Jun 2020 20:38:52:  53000000 
INFO  @ Mon, 08 Jun 2020 20:38:56:  54000000 
INFO  @ Mon, 08 Jun 2020 20:39:00:  55000000 
INFO  @ Mon, 08 Jun 2020 20:39:03:  56000000 
INFO  @ Mon, 08 Jun 2020 20:39:07:  57000000 
INFO  @ Mon, 08 Jun 2020 20:39:10:  58000000 
INFO  @ Mon, 08 Jun 2020 20:39:14:  59000000 
INFO  @ Mon, 08 Jun 2020 20:39:18:  60000000 
INFO  @ Mon, 08 Jun 2020 20:39:21:  61000000 
INFO  @ Mon, 08 Jun 2020 20:39:25:  62000000 
INFO  @ Mon, 08 Jun 2020 20:39:28:  63000000 
INFO  @ Mon, 08 Jun 2020 20:39:32:  64000000 
INFO  @ Mon, 08 Jun 2020 20:39:36:  65000000 
INFO  @ Mon, 08 Jun 2020 20:39:39:  66000000 
INFO  @ Mon, 08 Jun 2020 20:39:43:  67000000 
INFO  @ Mon, 08 Jun 2020 20:39:47:  68000000 
INFO  @ Mon, 08 Jun 2020 20:39:50:  69000000 
INFO  @ Mon, 08 Jun 2020 20:39:54:  70000000 
INFO  @ Mon, 08 Jun 2020 20:39:57:  71000000 
INFO  @ Mon, 08 Jun 2020 20:40:01:  72000000 
INFO  @ Mon, 08 Jun 2020 20:40:05:  73000000 
INFO  @ Mon, 08 Jun 2020 20:40:08:  74000000 
INFO  @ Mon, 08 Jun 2020 20:40:12:  75000000 
INFO  @ Mon, 08 Jun 2020 20:40:16:  76000000 
INFO  @ Mon, 08 Jun 2020 20:40:19:  77000000 
INFO  @ Mon, 08 Jun 2020 20:40:23:  78000000 
INFO  @ Mon, 08 Jun 2020 20:40:27:  79000000 
INFO  @ Mon, 08 Jun 2020 20:40:30:  80000000 
INFO  @ Mon, 08 Jun 2020 20:40:33: #1 tag size is determined as 51 bps 
INFO  @ Mon, 08 Jun 2020 20:40:33: #1 tag size = 51 
INFO  @ Mon, 08 Jun 2020 20:40:33: #1  total tags in treatment: 29054941 
INFO  @ Mon, 08 Jun 2020 20:40:33: #1  total tags in control: 79707537 
INFO  @ Mon, 08 Jun 2020 20:40:33: #1 finished! 
INFO  @ Mon, 08 Jun 2020 20:40:33: #2 Build Peak Model... 
INFO  @ Mon, 08 Jun 2020 20:40:33: #2 looking for paired plus/minus strand peaks... 
INFO  @ Mon, 08 Jun 2020 20:40:36: #2 number of paired peaks: 18639 
INFO  @ Mon, 08 Jun 2020 20:40:36: start model_add_line... 
INFO  @ Mon, 08 Jun 2020 20:40:36: start X-correlation... 
INFO  @ Mon, 08 Jun 2020 20:40:36: end of X-cor 
INFO  @ Mon, 08 Jun 2020 20:40:36: #2 finished! 
INFO  @ Mon, 08 Jun 2020 20:40:36: #2 predicted fragment length is 301 bps 
INFO  @ Mon, 08 Jun 2020 20:40:36: #2 alternative fragment length(s) may be 301 bps 
INFO  @ Mon, 08 Jun 2020 20:40:36: #2.2 Generate R script for model : 1706665_MW127_H3K27ac.vs.histone_input_HPC5_combined.rmdup_model.r 
INFO  @ Mon, 08 Jun 2020 20:40:36: #3 Call peaks... 
INFO  @ Mon, 08 Jun 2020 20:40:36: #3 Pre-compute pvalue-qvalue table... 
INFO  @ Mon, 08 Jun 2020 20:45:12: #3 In the peak calling step, the following will be performed simultaneously: 
INFO  @ Mon, 08 Jun 2020 20:45:12: #3   Write bedGraph files for treatment pileup (after scaling if necessary)... 1706665_MW127_H3K27ac.vs.histone_input_HPC5_combined.rmdup_treat_pileup.bdg 
INFO  @ Mon, 08 Jun 2020 20:45:12: #3   Write bedGraph files for control lambda (after scaling if necessary)... 1706665_MW127_H3K27ac.vs.histone_input_HPC5_combined.rmdup_control_lambda.bdg 
INFO  @ Mon, 08 Jun 2020 20:45:12: #3   Pileup will be based on sequencing depth in treatment. 
INFO  @ Mon, 08 Jun 2020 20:45:12: #3 Call peaks for each chromosome... 
INFO  @ Mon, 08 Jun 2020 20:51:19: #4 Write output xls file... 1706665_MW127_H3K27ac.vs.histone_input_HPC5_combined.rmdup_peaks.xls 
INFO  @ Mon, 08 Jun 2020 20:51:19: #4 Write peak in narrowPeak format file... 1706665_MW127_H3K27ac.vs.histone_input_HPC5_combined.rmdup_peaks.narrowPeak 
INFO  @ Mon, 08 Jun 2020 20:51:19: #4 Write summits bed file... 1706665_MW127_H3K27ac.vs.histone_input_HPC5_combined.rmdup_summits.bed 
INFO  @ Mon, 08 Jun 2020 20:51:19: Done! 
INFO  @ Mon, 08 Jun 2020 20:51:24: Read and build treatment bedGraph... 
INFO  @ Mon, 08 Jun 2020 20:52:25: Read and build control bedGraph... 
INFO  @ Mon, 08 Jun 2020 20:53:31: Build scoreTrackII... 
INFO  @ Mon, 08 Jun 2020 20:54:06: Calculate scores comparing treatment and control by 'qpois'... 
INFO  @ Mon, 08 Jun 2020 20:55:06: Write bedGraph of scores... 
INFO  @ Mon, 08 Jun 2020 20:55:35: Finished 'qpois'! Please check '1706665_MW127_H3K27ac.vs.histone_input_HPC5_combined.rmdup_treat_pvalue.bdg'! 
INFO  @ Mon, 08 Jun 2020 20:55:37: Read and build treatment bedGraph... 
INFO  @ Mon, 08 Jun 2020 20:56:37: Read and build control bedGraph... 
INFO  @ Mon, 08 Jun 2020 20:57:43: Build scoreTrackII... 
INFO  @ Mon, 08 Jun 2020 20:58:18: Calculate scores comparing treatment and control by 'FE'... 
INFO  @ Mon, 08 Jun 2020 21:05:01: Write bedGraph of scores... 
INFO  @ Mon, 08 Jun 2020 21:08:05: Finished 'FE'! Please check '1706665_MW127_H3K27ac.vs.histone_input_HPC5_combined.rmdup_FE.bdg'! 
INFO  @ Mon, 08 Jun 2020 21:08:08: Read and build treatment bedGraph... 
INFO  @ Mon, 08 Jun 2020 21:09:08: Read and build control bedGraph... 
INFO  @ Mon, 08 Jun 2020 21:10:15: Build scoreTrackII... 
INFO  @ Mon, 08 Jun 2020 21:10:49: Calculate scores comparing treatment and control by 'logLR'... 
INFO  @ Mon, 08 Jun 2020 21:11:26: Write bedGraph of scores... 
INFO  @ Mon, 08 Jun 2020 21:14:38: Finished 'logLR'! Please check '1706665_MW127_H3K27ac.vs.histone_input_HPC5_combined.rmdup_logLR.bdg'! 
INFO  @ Mon, 08 Jun 2020 21:14:40: Read and build bedGraph... 
INFO  @ Mon, 08 Jun 2020 21:14:49: Call peaks from bedGraph... 
INFO  @ Mon, 08 Jun 2020 21:14:50: Write peaks... 
INFO  @ Mon, 08 Jun 2020 21:14:50: Done 
Traceback (most recent call last):
  File "/home/yli11/HemTools/bin/annot_gene_features.py", line 122, in <module>
    main()
  File "/home/yli11/HemTools/bin/annot_gene_features.py", line 98, in main
    get_annotation_data(args)
  File "/home/yli11/HemTools/bin/annot_gene_features.py", line 81, in get_annotation_data
    args.tss = myData['%s_gencode33_TSS'%(args.genome)]
KeyError: 'mm9_gencode33_TSS'
/home/yli11/.conda/envs/py2/lib/python3.7/site-packages/statsmodels/tools/_testing.py:19: FutureWarning:

pandas.util.testing is deprecated. Use the functions in the public API at pandas.testing instead.

Traceback (most recent call last):
  File "/home/yli11/HemTools/bin/pie_plot.py", line 95, in <module>
    main()
  File "/home/yli11/HemTools/bin/pie_plot.py", line 74, in main
    args.sep = guess_sep(args.input)
  File "/home/yli11/HemTools/bin/pie_plot.py", line 35, in guess_sep
    with open(x) as f:
FileNotFoundError: [Errno 2] No such file or directory: '1706665_MW127_H3K27ac.vs.histone_input_HPC5_combined.rmdup_peaks.rmblck.narrowPeak.annot.tsv'
