a
b
c




------------------------------------------------------------
Sender: LSF System <lsfadmin@noderome202>
Subject: Job 143735618[1]: <email[1-1]> in cluster <hpcf_research_cluster> Done

Job <email[1-1]> was submitted from host <noderome194> by user <yli11> in cluster <hpcf_research_cluster> at Fri Oct 29 12:18:20 2021
Job was executed on host(s) <noderome202>, in queue <priority>, as user <yli11> in cluster <hpcf_research_cluster> at Fri Oct 29 19:19:47 2021
</home/yli11> was used as the home directory.
</home/yli11/dirs/NFIX_megan/predict_NFIX_PU1_cobinding> was used as the working directory.
Started at Fri Oct 29 19:19:47 2021
Terminated at Fri Oct 29 19:20:03 2021
Results reported at Fri Oct 29 19:20:03 2021

Your job looked like:

------------------------------------------------------------
# LSBATCH: User input


#BSUB -P final2_two
#BSUB -o final2_two_motif_coBinding_S3Norm_50bp/log_files/email_%J_%I.out -e final2_two_motif_coBinding_S3Norm_50bp/log_files/email_%J_%I.err
#BSUB -n 1
#BSUB -q priority
#BSUB -R "span[hosts=1] rusage[mem=2000]"
#BSUB -J "email[1-1]"

#BSUB -w "ended(143735604) && ended(143735605) && ended(143735606) && ended(143735607) && ended(143735608) && ended(143735609) && ended(143735610) && ended(143735611) && ended(143735612) && ended(143735613) && ended(143735614) && ended(143735615) && ended(143735616) && ended(143735617)"

module purge

id=$LSB_JOBINDEX
COL1=`head -n $id /research/rgs01/home/clusterHome/yli11/HemTools/utils/../share/misc/sample.tsv|tail -n1|awk -F "	" '{print $1}'`
COL2=`head -n $id /research/rgs01/home/clusterHome/yli11/HemTools/utils/../share/misc/sample.tsv|tail -n1|awk -F "	" '{print $2}'`
COL3=`head -n $id /research/rgs01/home/clusterHome/yli11/HemTools/utils/../share/misc/sample.tsv|tail -n1|awk -F "	" '{print $3}'`
COL4=`head -n $id /research/rgs01/home/clusterHome/yli11/HemTools/utils/../share/misc/sample.tsv|tail -n1|awk -F "	" '{print $4}'`
COL5=`head -n $id /research/rgs01/home/clusterHome/yli11/HemTools/utils/../share/misc/sample.tsv|tail -n1|awk -F "	" '{print $5}'`
COL6=`head -n $id /research/rgs01/home/clusterHome/yli11/HemTools/utils/../share/misc/sample.tsv|tail -n1|awk -F "	" '{print $6}'`
COL7=`head -n $id /research/rgs01/home/clusterHome/yli11/HemTools/utils/../share/misc/sample.tsv|tail -n1|awk -F "	" '{print $7}'`
COL8=`head -n $id /research/rgs01/home/clusterHome/yli11/HemTools/utils/../share/misc/sample.tsv|tail -n1|awk -F "	" '{print $8}'`
COL9=`head -n $id /research/rgs01/home/clusterHome/yli11/HemTools/utils/../share/misc/sample.tsv|tail -n1|awk -F "	" '{print $9}'`
LINE=`head -n $id /research/rgs01/home/clusterHome/yli11/HemTools/utils/../share/misc/sample.tsv|tail -n1`

echo ${COL1}
echo ${COL2}
echo ${COL3}
echo ${COL4}
echo ${COL5}
echo ${COL6}

ncore=1
mem=2000
q=priority
module load python/2.7.13
cd final2_two_motif_coBinding_S3Norm_50bp
send_email_v1.py -m "final2_two_motif_coBinding_S3Norm_50bp is finished!" -j final2_two_motif_coBinding_S3Norm_50bp


------------------------------------------------------------

Successfully completed.

Resource usage summary:

    CPU time :                                   1.75 sec.
    Max Memory :                                 77 MB
    Average Memory :                             59.60 MB
    Total Requested Memory :                     2000.00 MB
    Delta Memory :                               1923.00 MB
    Max Swap :                                   -
    Max Processes :                              5
    Max Threads :                                68
    Run time :                                   16 sec.
    Turnaround time :                            25303 sec.

The output (if any) is above this job summary.



PS:

Read file <final2_two_motif_coBinding_S3Norm_50bp/log_files/email_143735618_1.err> for stderr output of this job.

