a
b
c



GenDisMixClassifier with weights=[1.0, 0.0, 0.0]
optimizing 262 parameters
start 1:
Warning: Could not load UserTime. Using RealTime instead.
QUASI_NEWTON_BFGS
iteration	time	f(x)	delta	start distance	linesearch
0	0	13.027433245342733	0
1	0.677	1.0742358690028913	11.953197376339842	1.0E-4	5.526045109976099
2	0.864	0.5205645404704715	0.5536713285324197	1.0E-4	0.8075446458151055
3	1.059	0.3545719778139803	0.1659925626564912	1.0E-4	1.9356435008946011
4	1.222	0.3247321019631225	0.02983987585085779	1.0E-4	0.16878120539475966
5	1.408	0.26220143328050155	0.06253066868262097	1.0E-4	2.6369816635591254
6	1.585	0.22508090209221876	0.03712053118828279	1.0E-4	3.9765609851980965
7	1.751	0.19644981480693194	0.02863108728528682	1.0E-4	1.5449560343006299
8	1.916	0.1675540526103496	0.028895762196582325	1.0E-4	1.3883013584289319
9	2.086	0.15678241905658477	0.010771633553764842	1.0E-4	0.7350814389971061
10	2.242	0.1521881462456585	0.004594272810926281	1.0E-4	0.5155294862849875
11	2.433	0.14663551915989323	0.00555262708576526	1.0E-4	1.550835764667636
12	2.593	0.14203397873611656	0.004601540423776668	1.0E-4	1.7757302078603485
13	2.761	0.139059971836091	0.0029740069000255553	1.0E-4	1.7416842082501935
14	2.928	0.1355790646100275	0.0034809072260635066	1.0E-4	2.294017280322404
15	3.121	0.12999210239353434	0.005586962216493158	1.0E-4	2.763914025762962
16	3.287	0.1271596013627898	0.002832501030744533	1.0E-4	0.8968400027185971
17	3.455	0.12484448998648051	0.002315111376309298	1.0E-4	1.849195661909185
18	3.625	0.12263493828634177	0.0022095517001387427	1.0E-4	1.7957188661033483
19	3.808	0.12102072079963798	0.0016142174867037895	1.0E-4	1.1883891213635467
20	3.991	0.11887157604129686	0.0021491447583411177	1.0E-4	2.1009306204716416
21	4.17	0.11566308605773458	0.003208489983562282	1.0E-4	2.7365622203673747
22	4.343	0.11001495058332375	0.005648135474410829	1.0E-4	2.11466282462858
23	4.521	0.10550722500804112	0.004507725575282631	1.0E-4	2.004034956581636
24	4.683	0.1029065105323476	0.0026007144756935163	1.0E-4	1.3553517707176626
25	4.862	0.10122461278919116	0.0016818977431564408	1.0E-4	1.349076292653449
26	5.031	0.09797263966434261	0.0032519731248485534	1.0E-4	3.0266279907399234
27	5.193	0.09433681272729157	0.0036358269370510427	1.0E-4	2.3745577912455036
28	5.347	0.09282835139637491	0.0015084613309166578	1.0E-4	0.7143138394602442
29	5.511	0.09207074520547363	7.576061909012749E-4	1.0E-4	1.4126218612147323
30	5.74	0.09087937381040775	0.0011913713950658794	1.0E-4	3.249600140410451
31	5.919	0.08883861652527919	0.002040757285128564	1.0E-4	2.515862030719253
32	6.086	0.08723648223734892	0.001602134287930268	1.0E-4	2.1926498202506637
33	6.249	0.08665387252108264	5.826097162662802E-4	1.0E-4	0.7233123192219297
34	6.406	0.08589962232140887	7.542501996737755E-4	1.0E-4	1.5030298193664102
35	6.667	0.08526111600134814	6.385063200607249E-4	1.0E-4	2.0882052281899908
36	6.847	0.08475625848380251	5.048575175456288E-4	1.0E-4	2.153527711309746
37	7.043	0.08397308206486753	7.831764189349805E-4	1.0E-4	3.3222740529219257
38	7.226	0.0825913924448894	0.0013816896199781298	1.0E-4	2.3268605912880624
39	7.373	0.08207921280967138	5.121796352180186E-4	1.0E-4	1.1489376827227504
40	7.531	0.08189700256717948	1.8221024249190365E-4	1.0E-4	1.1391747668223073
41	7.745	0.08154421865834738	3.527839088321022E-4	1.0E-4	2.543348685902392
42	7.923	0.08133686998482716	2.073486735202218E-4	1.0E-4	1.717675067773142
43	8.108	0.08120132644260046	1.3554354222669596E-4	1.0E-4	1.8654763166046537
44	8.306	0.08104303713191267	1.5828931068778695E-4	1.0E-4	2.780730660909161
45	8.496	0.08059122081901679	4.5181631289588353E-4	1.0E-4	3.6312320103786204
46	8.663	0.08026059212965923	3.306286893575566E-4	1.0E-4	1.919505837277268
47	8.837	0.08010702849812441	1.535636315348199E-4	1.0E-4	1.3333355648940146
48	9.017	0.07998644903087636	1.2057946724805535E-4	1.0E-4	2.3645088937391
49	9.212	0.07977647594310398	2.099730877723749E-4	1.0E-4	4.645301342315706
50	9.399	0.0793325033091485	4.4397263395548614E-4	1.0E-4	4.387209631478164
51	9.572	0.07916131332690754	1.7118998224095738E-4	1.0E-4	1.566062065258442
52	9.741	0.07907150161886452	8.981170804302219E-5	1.0E-4	2.6077561530702753
53	9.958	0.07881468340854608	2.568182103184352E-4	1.0E-4	6.550013975686326
54	10.13	0.07835222671656708	4.6245669197900185E-4	1.0E-4	2.658365980731122
55	10.298	0.07825683790328518	9.538881328190196E-5	1.0E-4	1.2267733245967076
56	10.499	0.07821011903919957	4.671886408560977E-5	1.0E-4	1.9955452803927285
57	10.692	0.07811819568648534	9.192335271422658E-5	1.0E-4	3.661895623314602
58	10.89	0.07791316740759248	2.0502827889286313E-4	1.0E-4	2.5895764860151202
59	11.093	0.07779016574827033	1.2300165932215001E-4	1.0E-4	2.2940409437300073
60	11.269	0.07775841310433883	3.1752643931501345E-5	1.0E-4	1.3879541900775274
61	11.441	0.07773590775353188	2.2505350806945046E-5	1.0E-4	1.8542085320092847
62	11.626	0.077691231580015	4.4676173516888795E-5	1.0E-4	3.2413944443676206
63	11.828	0.07760024592852821	9.098565148678295E-5	1.0E-4	3.6262383064588226
64	12.01	0.07747927788101842	1.2096804750978685E-4	1.0E-4	2.6695103071162674
65	12.235	0.07741909950225548	6.017837876294563E-5	1.0E-4	1.1150110097419603
66	12.413	0.07739895605371434	2.0143448541135034E-5	1.0E-4	1.164000035790764
67	12.609	0.07738207638391378	1.687966980055966E-5	1.0E-4	2.248247312477402
68	12.829	0.07734005559069396	4.202079321982688E-5	1.0E-4	5.749162267739872
69	13.025	0.07724054699167461	9.950859901934617E-5	1.0E-4	4.685868487634121
70	13.23	0.07715399867320431	8.654831847029754E-5	1.0E-4	2.6781153829364945
71	13.406	0.0771377424780571	1.6256195147210106E-5	1.0E-4	1.544769894353273
72	13.604	0.07712018767342566	1.7554804631447762E-5	1.0E-4	3.658728528826278
73	13.822	0.07698570281663702	1.3448485678863031E-4	1.0E-4	9.820387178347792
74	14.009	0.07686366931963229	1.2203349700473654E-4	1.0E-4	2.6657181384113455
75	14.194	0.07682644705585538	3.722226377690652E-5	1.0E-4	1.9062193884660075
76	14.384	0.07680590913165936	2.053792419602629E-5	1.0E-4	3.4457534395414298
77	14.598	0.0766999789396165	1.0593019204285792E-4	1.0E-4	8.874911669718312
78	14.793	0.07657134991166133	1.2862902795517106E-4	1.0E-4	2.4927478975235933
79	14.976	0.07648144423305193	8.990567860939214E-5	1.0E-4	1.453176137504482
80	15.185	0.07646083172423222	2.0612508819711772E-5	1.0E-4	1.2577997904163511
81	15.371	0.0764506301150157	1.0201609216525798E-5	1.0E-4	3.563743528655554
82	15.571	0.07641676908345296	3.386103156273468E-5	1.0E-4	6.7914531574176875
83	15.768	0.07635775595886063	5.90131245923331E-5	1.0E-4	3.19907233069993
84	15.952	0.07631588919909589	4.186675976473875E-5	1.0E-4	1.8697151874686029
85	16.197	0.07629970458183505	1.6184617260842082E-5	1.0E-4	2.0207956599585515
86	16.399	0.07629337479253906	6.329789295989041E-6	1.0E-4	2.4834754805734907
87	16.606	0.07628461113778874	8.763654750318373E-6	1.0E-4	5.025728369198496
88	16.839	0.07624336171319333	4.124942459540759E-5	1.0E-4	10.088786683962855
89	17.032	0.07619974953242929	4.361218076404105E-5	1.0E-4	2.5155322975979466
90	17.225	0.07618543565603422	1.4313876395069536E-5	1.0E-4	2.3400749013690407
91	17.424	0.07617842022239393	7.015433640289448E-6	1.0E-4	2.8634639489545957
92	17.629	0.07616681366672233	1.1606555671603291E-5	1.0E-4	4.629550423996665
93	17.832	0.07615603865201154	1.0775014710792674E-5	1.0E-4	2.2238958445846944
94	18.051	0.07614277699446148	1.3261657550056594E-5	1.0E-4	3.6792769895536117
95	18.262	0.07609199435700942	5.0782637452062573E-5	1.0E-4	5.705748315135094
96	18.482	0.07604166277676945	5.0331580239967866E-5	1.0E-4	2.5658619537035925
97	18.668	0.07601315716452992	2.850561223953496E-5	1.0E-4	2.1216401312711217
98	18.839	0.0760034469886205	9.710175909422025E-6	1.0E-4	1.3903697580623133
99	19.032	0.07599535973815891	8.087250461585871E-6	1.0E-4	2.4664252040517587
100	19.265	0.07596508130322899	3.0278434929920106E-5	1.0E-4	7.671808724814199
101	19.458	0.07591002230981626	5.50589934127238E-5	1.0E-4	3.4027223328745264
102	19.631	0.07588786218909928	2.2160120716985254E-5	1.0E-4	1.566064032890457
103	19.826	0.07588383902554695	4.023163552330233E-6	1.0E-4	1.107059054532893
104	20.022	0.07588104598416898	2.793041377971428E-6	1.0E-4	2.420422743516094
105	20.248	0.07587684547070758	4.200513461394273E-6	1.0E-4	4.9768309609340395
106	20.44	0.07584919802178676	2.7647448920822826E-5	1.0E-4	12.412654310875386
107	20.628	0.0758231073226018	2.6090699184966315E-5	1.0E-4	2.5508392998856633
108	20.846	0.07581416716271146	8.94015989033603E-6	1.0E-4	1.8526818352741719
109	21.04	0.07580967428121352	4.4928814979389164E-6	1.0E-4	2.206538972626515
110	21.275	0.07580590558253827	3.7686986752438756E-6	1.0E-4	2.9125308413308395
111	21.515	0.07579584792345913	1.0057659079146242E-5	1.0E-4	5.243855184212958
112	21.759	0.0757708115022769	2.5036421182234037E-5	1.0E-4	3.7321437155464294
113	21.969	0.07574807336532881	2.273813694808613E-5	1.0E-4	1.860361281580096
114	22.169	0.07574302624839196	5.047116936843232E-6	1.0E-4	1.0327297651224783
115	22.361	0.07574129138898258	1.7348594093802294E-6	1.0E-4	1.8110210760445502
116	22.611	0.07573865741442563	2.633974556950913E-6	1.0E-4	3.653956673381342
117	22.866	0.07572535949164395	1.329792278167985E-5	1.0E-4	6.157220380367557
118	23.08	0.07568582148980196	3.953800184199052E-5	1.0E-4	4.211368007530796
119	23.278	0.07567937282870171	6.448661100250108E-6	1.0E-4	1.3308555569285465
120	23.474	0.07567646014243	2.9126862717138158E-6	1.0E-4	2.707988201767749
121	23.654	0.07567218978233914	4.27036009086057E-6	1.0E-4	3.5377890310900675
122	23.87	0.07566152179086552	1.066799147361741E-5	1.0E-4	5.808650001031457
123	24.066	0.07561781773682258	4.370405404294231E-5	1.0E-4	6.234221141603949
124	24.245	0.07560442669193258	1.3391044889995984E-5	1.0E-4	1.5438695046998172
125	24.431	0.07560212605063331	2.3006412992743197E-6	1.0E-4	1.5161785452131773
126	24.63	0.07560047137820058	1.6546724327243245E-6	1.0E-4	2.1727109305466388
127	24.869	0.07559655948521883	3.911892981753318E-6	1.0E-4	4.897793970669411
128	25.061	0.07557195632243253	2.4603162786296373E-5	1.0E-4	10.253875159088441
129	25.281	0.07551791495441115	5.404136802138193E-5	1.0E-4	3.518538122291932
130	25.465	0.07550289479993957	1.5020154471578895E-5	1.0E-4	1.3994080916386185
131	25.689	0.07550095915427939	1.935645660186558E-6	1.0E-4	1.3716588038727349
132	25.891	0.07549903090332057	1.9282509588214314E-6	1.0E-4	3.423240537845548
133	26.098	0.07549188644792432	7.144455396249083E-6	1.0E-4	5.704747342812768
134	26.317	0.075463094402699	2.8792045225323193E-5	1.0E-4	5.25318192330753
135	26.552	0.07542386101124837	3.9233391450621546E-5	1.0E-4	2.0796746396442845
136	26.773	0.07540760764975664	1.6253361491733176E-5	1.0E-4	1.1662537288106034
137	26.945	0.07540262808487952	4.97956487711948E-6	1.0E-4	1.1705402046161246
138	27.119	0.07540126969629106	1.3583885884599356E-6	1.0E-4	1.159788889886668
139	27.345	0.07540001996657839	1.2497297126740081E-6	1.0E-4	1.837902727447829
140	27.562	0.07539451701309854	5.5029534798411994E-6	1.0E-4	5.71157078393687
141	27.777	0.07537293546898073	2.158154411781299E-5	1.0E-4	5.652266943257556
142	27.976	0.07534643242637856	2.6503042602168958E-5	1.0E-4	2.422864266334937
143	28.18	0.07530798977619883	3.844265017972914E-5	1.0E-4	2.9201231815114266
144	28.373	0.07525714200888732	5.084776731151264E-5	1.0E-4	1.8009158553395075
145	28.546	0.07523495033326269	2.2191675624630425E-5	1.0E-4	0.8100696225815402
146	28.73	0.07522552404423137	9.42628903131959E-6	1.0E-4	0.9892968336428587
147	28.937	0.07522242439993361	3.09964429776044E-6	1.0E-4	0.9549884882568083
148	29.174	0.07522079723729222	1.6271626413905116E-6	1.0E-4	1.6460380381079516
149	29.39	0.0752176544895069	3.1427477853174235E-6	1.0E-4	3.2168990456555013
150	29.596	0.07520908656745914	8.56792204775858E-6	1.0E-4	3.8359835769971027
151	29.804	0.07518824440801075	2.0842159448392072E-5	1.0E-4	3.8946077351036577
152	30.001	0.0751504085445302	3.78358634805509E-5	1.0E-4	2.739892915143518
153	30.177	0.0751273642522205	2.3044292309704062E-5	1.0E-4	1.570169832358661
154	30.365	0.07512238097402416	4.983278196341034E-6	1.0E-4	0.9669126596737843
155	30.547	0.07512147616098626	9.048130378969121E-7	1.0E-4	1.1335601382569493
best = -0.07512147616098626
GenDisMixClassifier with weights=[1.0, 0.0, 0.0]
optimizing 262 parameters
start 1:
Warning: Could not load UserTime. Using RealTime instead.
QUASI_NEWTON_BFGS
iteration	time	f(x)	delta	start distance	linesearch
0	0	3.927844712006702	0
1	1.07	0.629857842118492	3.2979868698882098	1.0E-4	1.4911329391652814
2	2.013	0.44229523804405174	0.1875626040744403	1.0E-4	0.18661264939169592
3	2.96	0.18241949706919974	0.259875740974852	1.0E-4	1.4925075615862204
4	3.985	0.15840182084768162	0.024017676221518125	1.0E-4	1.4200510470543235
5	4.987	0.13667663972428443	0.02172518112339719	1.0E-4	1.8675440011507844
6	6.165	0.12541886966376292	0.011257770060521505	1.0E-4	8.102499355268614
7	7.143	0.12411103000693172	0.0013078396568312056	1.0E-4	0.5697042075467222
8	8.273	0.11716932513145877	0.006941704875472951	1.0E-4	4.782696567326372
9	9.733	0.11109197634057842	0.006077348790880344	1.0E-4	3.1856511832508656
10	10.658	0.11049635643518481	5.956199053936129E-4	1.0E-4	0.608471499506558
11	11.477	0.10868869155835725	0.0018076648768275555	1.0E-4	0.057969703092985284
12	12.489	0.10649926771774171	0.0021894238406155453	1.0E-4	1.2029329042229577
13	13.468	0.10488554970271396	0.001613718015027743	1.0E-4	0.7488799214874614
14	14.555	0.10048551385875193	0.004400035843962036	1.0E-4	2.921737930480239
15	15.684	0.09520862892782883	0.005276884930923098	1.0E-4	2.3821155584518103
16	16.645	0.09398872884293996	0.0012199000848888697	1.0E-4	0.7251501384065938
17	17.568	0.09147795344936893	0.0025107753935710297	1.0E-4	0.6149605406363008
18	18.642	0.08789249386615848	0.0035854595832104513	1.0E-4	1.55021734738534
19	19.625	0.08638701309615007	0.0015054807700084077	1.0E-4	0.8322343446102966
20	20.554	0.08392194481197549	0.0024650682841745875	1.0E-4	0.5386153841204763
21	21.541	0.08336894030666744	5.530045053080412E-4	1.0E-4	0.9815661035609783
22	22.707	0.08196358678363881	0.0014053535230286324	1.0E-4	2.0396808726449955
23	23.66	0.08127009722448429	6.934895591545198E-4	1.0E-4	1.522429938378849
24	24.909	0.0806508631399645	6.192340845197902E-4	1.0E-4	1.5313774572472272
25	25.811	0.07977151142293078	8.793517170337245E-4	1.0E-4	0.41461813734068464
26	26.843	0.07802194154133713	0.0017495698815936517	1.0E-4	2.176124319382641
27	27.85	0.07597367459973184	0.0020482669416052868	1.0E-4	2.560076252930336
28	28.903	0.07487122524823796	0.001102449351493881	1.0E-4	1.6607210471361373
29	29.95	0.07397291409959311	8.983111486448453E-4	1.0E-4	2.581337295761487
30	31.011	0.07320968449619142	7.632296034016939E-4	1.0E-4	2.2089503653046596
31	32.065	0.07177822389028597	0.0014314606059054463	1.0E-4	1.9010909824372024
32	33.234	0.0707168205923911	0.0010614032978948779	1.0E-4	3.0204112854983
33	34.352	0.0702544688489253	4.6235174346578867E-4	1.0E-4	2.4976795794807747
34	35.466	0.06941732415050324	8.371446984220682E-4	1.0E-4	2.007292291482225
35	36.617	0.06797900456406959	0.001438319586433645	1.0E-4	4.959967501434817
36	37.635	0.0670106075551899	9.683970088796984E-4	1.0E-4	2.71101089065226
37	38.623	0.06635452678934281	6.560807658470835E-4	1.0E-4	1.4254411613909157
38	39.628	0.06583331782555965	5.212089637831596E-4	1.0E-4	1.5852347200542312
39	40.922	0.06535498639985943	4.783314257002236E-4	1.0E-4	2.5071643762188045
40	42.017	0.0646030158831149	7.519705167445268E-4	1.0E-4	3.699457544995815
41	42.992	0.06434646465290199	2.5655123021291193E-4	1.0E-4	1.1437935629833826
42	44.047	0.0640763709186423	2.7009373425969374E-4	1.0E-4	1.4163677950425972
43	45.181	0.06333940617410175	7.369647445405469E-4	1.0E-4	2.9672690366910417
44	46.276	0.06290162857025335	4.3777760384840214E-4	1.0E-4	2.56429886380321
45	47.302	0.06263377433427562	2.678542359777214E-4	1.0E-4	1.581419914658157
46	48.437	0.062248245152381566	3.855291818940579E-4	1.0E-4	1.5205482447414314
47	49.643	0.06183130693470269	4.1693821767887357E-4	1.0E-4	2.604275028540897
48	50.723	0.061485019316901535	3.4628761780115813E-4	1.0E-4	1.373793012827691
49	51.839	0.061308264036696154	1.767552802053804E-4	1.0E-4	1.1591632947543113
50	52.991	0.06117553667757827	1.3272735911788736E-4	1.0E-4	2.3955302221796195
51	54.048	0.061081619029393255	9.391764818501153E-5	1.0E-4	1.1682920672854462
52	55.035	0.060869048870273515	2.1257015911974042E-4	1.0E-4	1.6751242361393617
53	56.16	0.060492983067799454	3.7606580247406124E-4	1.0E-4	3.059149373695897
54	57.192	0.06029407791106151	1.989051567379413E-4	1.0E-4	1.5783130719796135
55	58.256	0.0601858210688367	1.0825684222481174E-4	1.0E-4	1.1741269820350873
56	59.454	0.06008769760110331	9.812346773339226E-5	1.0E-4	1.1422479064568636
57	60.716	0.05992738328481513	1.6031431628817788E-4	1.0E-4	2.6399412550925043
58	61.841	0.05972651704212951	2.0086624268562253E-4	1.0E-4	1.7753123545409208
59	63.131	0.059595240816753166	1.312762253763422E-4	1.0E-4	1.1766565571990728
60	64.225	0.059477946864997605	1.1729395175556073E-4	1.0E-4	0.881937723140103
61	65.235	0.05938490985116127	9.303701383633206E-5	1.0E-4	1.1248013140227904
62	66.585	0.05927106725592786	1.1384259523341406E-4	1.0E-4	1.2124300915977584
63	67.648	0.05915354674462729	1.1752051130056729E-4	1.0E-4	2.4391131302467444
64	68.678	0.059044805360406	1.087413842212892E-4	1.0E-4	1.1438547242882764
65	69.741	0.058917012112882985	1.2779324752301702E-4	1.0E-4	0.796198730587516
66	70.817	0.058824164368516826	9.284774436615906E-5	1.0E-4	0.8566752118195142
67	71.862	0.05871900728221209	1.0515708630473575E-4	1.0E-4	0.6270773533247157
68	73.029	0.05858919842960109	1.2980885261099778E-4	1.0E-4	1.4759522695691418
69	74.011	0.058539759023824585	4.943940577650796E-5	1.0E-4	1.0440457601430617
70	75.056	0.058504317326221335	3.544169760325011E-5	1.0E-4	1.2078801407837354
71	76.226	0.05839378050677277	1.1053681944856592E-4	1.0E-4	4.1666540286853
72	77.294	0.05829533617326903	9.84443335037416E-5	1.0E-4	1.4488482483875444
73	78.493	0.05823574658373813	5.9589589530895104E-5	1.0E-4	1.9456994647951869
74	79.497	0.05816419277720977	7.155380652835996E-5	1.0E-4	3.888622207314163
75	80.581	0.05805399185501582	1.1020092219395095E-4	1.0E-4	2.9323192563050897
76	81.722	0.05797814163341525	7.585022160057353E-5	1.0E-4	1.936615306347991
77	82.842	0.05794502038774315	3.312124567209779E-5	1.0E-4	1.5766655949698913
78	84.119	0.057901400927920205	4.3619459822945295E-5	1.0E-4	3.748180879068988
79	85.203	0.05785318145930276	4.821946861744558E-5	1.0E-4	2.810629537587899
80	86.343	0.05778186023827024	7.132122103251787E-5	1.0E-4	4.162410411709024
81	87.383	0.05773422055758567	4.7639680684573305E-5	1.0E-4	1.4035335276977068
82	88.701	0.05767063356053218	6.35869970534858E-5	1.0E-4	2.0935253273408927
83	89.784	0.05761495080667777	5.5682753854410794E-5	1.0E-4	1.7380605031526308
84	90.638	0.05758303349663422	3.1917310043552694E-5	1.0E-4	0.26041088968487996
85	91.81	0.057519605131123315	6.342836551090358E-5	1.0E-4	2.4499921392361927
86	92.876	0.05749366033518501	2.5944795938308285E-5	1.0E-4	1.4369383189362284
87	93.76	0.05747755556934591	1.6104765839096424E-5	1.0E-4	0.6470915358657061
88	94.878	0.05745010569942813	2.7449869917782477E-5	1.0E-4	1.8057273724307183
89	96.01	0.057425677154208515	2.4428545219612463E-5	1.0E-4	1.1605316188509474
90	97.118	0.05738394297177891	4.173418242960775E-5	1.0E-4	2.5451528633896454
91	98.245	0.057340449327441555	4.349364433735292E-5	1.0E-4	3.080295507080516
92	99.454	0.05730901061147347	3.143871596808512E-5	1.0E-4	2.1930193512820946
93	100.755	0.05728916507761793	1.984553385554061E-5	1.0E-4	2.365067729290806
94	101.856	0.057258421660661356	3.074341695657318E-5	1.0E-4	1.720371610346807
95	102.982	0.057227760067140386	3.0661593520969754E-5	1.0E-4	1.6293085781357708
96	104.103	0.0571795797269758	4.818034016458583E-5	1.0E-4	1.8749893493499734
97	105.4	0.05714465585598477	3.4923870991028505E-5	1.0E-4	2.442145222858541
98	106.704	0.05710182943305063	4.282642293414185E-5	1.0E-4	4.1865818115927445
99	107.916	0.057033125528194395	6.87039048562349E-5	1.0E-4	3.765162403427147
100	109.059	0.056963805572727386	6.931995546700931E-5	1.0E-4	2.1515383539717523
101	110.062	0.05694898974263006	1.4815830097325566E-5	1.0E-4	0.314924281068062
102	110.86	0.05692526950899544	2.3720233634623444E-5	1.0E-4	0.16996011944351536
103	111.941	0.05691127224608485	1.3997262910583896E-5	1.0E-4	1.7050377143395525
104	113.359	0.05690073024553439	1.0542000550464725E-5	1.0E-4	1.383435194101449
105	114.458	0.05689231649970804	8.413745826350849E-6	1.0E-4	1.499407563095008
106	115.956	0.05688262853588564	9.687963822398171E-6	1.0E-4	1.2762662439759518
107	117.01	0.056873188768782654	9.439767102985275E-6	1.0E-4	0.6941586345854934
108	118.141	0.05685273980183695	2.0448966945703362E-5	1.0E-4	1.6910432344868886
109	119.339	0.05683383593678436	1.8903865052592728E-5	1.0E-4	1.8183728851625292
110	120.827	0.056807756859170395	2.6079077613962165E-5	1.0E-4	4.984904968363271
111	122.113	0.05678989025136444	1.786660780595667E-5	1.0E-4	1.5354109993995053
112	123.089	0.05677210786490463	1.7782386459809507E-5	1.0E-4	1.5957951048963386
113	124.311	0.05673581480376484	3.629306113978742E-5	1.0E-4	2.084255576364424
114	125.429	0.056718041059877836	1.7773743887006255E-5	1.0E-4	0.9552521387567567
115	126.58	0.05670804446399312	9.996595884714798E-6	1.0E-4	1.4440867555600723
116	127.681	0.05670294931383594	5.095150157181927E-6	1.0E-4	0.584224690785259
117	129.201	0.056690035704516216	1.2913609319722963E-5	1.0E-4	2.587813871571679
118	130.424	0.05665143950098119	3.859620353502402E-5	1.0E-4	4.7094797006902365
119	131.633	0.0566083009873895	4.313851359169507E-5	1.0E-4	2.501282696369491
120	132.699	0.056581606282959926	2.6694704429570948E-5	1.0E-4	1.5622349934126922
121	133.79	0.05656655643062564	1.5049852334282632E-5	1.0E-4	1.2635484689952647
122	135.004	0.05655613012658898	1.042630403666478E-5	1.0E-4	1.2577985521255788
123	136.495	0.0565475587124682	8.57141412077822E-6	1.0E-4	2.4067415132953496
124	137.608	0.05653304544621053	1.451326625766941E-5	1.0E-4	3.9446851548704935
125	138.812	0.05651762296217832	1.5422484032211192E-5	1.0E-4	2.222847522221545
126	139.966	0.05650886335155749	8.75961062082875E-6	1.0E-4	1.8238420942664912
127	141.202	0.0565014425883164	7.420763241089423E-6	1.0E-4	2.0652174711667493
128	142.17	0.0564922126890616	9.229899254802054E-6	1.0E-4	0.747158993404354
129	143.295	0.0564835246772475	8.688011814098062E-6	1.0E-4	1.4316757553293453
130	144.415	0.05647171787949757	1.1806797749931708E-5	1.0E-4	1.2114422151073208
131	145.38	0.05646351278883216	8.20509066540992E-6	1.0E-4	0.6117767754911825
132	146.528	0.05645086762046937	1.2645168362787618E-5	1.0E-4	2.5540805795988546
133	147.557	0.05644114467670275	9.722943766624081E-6	1.0E-4	1.4861434217930447
134	148.614	0.056428352584365266	1.2792092337482464E-5	1.0E-4	2.370928764414864
135	149.859	0.05641092847694657	1.742410741869399E-5	1.0E-4	2.8612222601098205
136	150.959	0.05638794699392874	2.298148301783237E-5	1.0E-4	4.349644469788721
137	152.104	0.056370871438562536	1.7075555366202755E-5	1.0E-4	2.0684442325480408
138	153.264	0.05636166437095241	9.207067610123021E-6	1.0E-4	2.3843603070383317
139	154.41	0.056349530502147506	1.2133868804907466E-5	1.0E-4	3.5704864821185076
140	155.525	0.056337586379065566	1.1944123081940317E-5	1.0E-4	1.5339366285104101
141	156.62	0.05633096679542237	6.619583643195648E-6	1.0E-4	1.5277802588531315
142	157.779	0.05632593246074956	5.03433467281128E-6	1.0E-4	2.323752527730366
143	159.281	0.056317516393000845	8.416067748713563E-6	1.0E-4	2.2578872170722417
144	160.427	0.05630867216835907	8.844224641778309E-6	1.0E-4	2.6557074589981826
145	162.1	0.05628767184281643	2.10003255426347E-5	1.0E-4	5.936533409287114
146	163.206	0.056269723638867584	1.7948203948847663E-5	1.0E-4	1.9431114151123197
147	164.578	0.056264882109455995	4.84152941158944E-6	1.0E-4	1.3146947298722198
148	165.856	0.056263222367151894	1.6597423041012083E-6	1.0E-4	1.9396544236149755
149	167.125	0.05626017639591244	3.045971239457046E-6	1.0E-4	4.396058388471729
150	168.462	0.0562481371450399	1.2039250872536433E-5	1.0E-4	6.935249890771702
151	169.731	0.05623842245524302	9.714689796880283E-6	1.0E-4	2.750213603832354
152	171.012	0.05623031735734282	8.10509790020314E-6	1.0E-4	1.9871752402562035
153	172.247	0.05621869150909342	1.1625848249395554E-5	1.0E-4	2.2475949328230915
154	173.404	0.05621361249899167	5.07901010175088E-6	1.0E-4	1.8120326637513682
155	174.693	0.05621076913014876	2.843368842909977E-6	1.0E-4	2.310985644501926
156	175.961	0.05620761402557199	3.155104576768597E-6	1.0E-4	3.1588006715641486
157	177.18	0.05620035968445244	7.254341119554419E-6	1.0E-4	5.917739338829234
158	178.347	0.05618514715762401	1.5212526828428663E-5	1.0E-4	3.188086206295363
159	179.428	0.05617110181984872	1.40453377752911E-5	1.0E-4	1.71973039684623
160	180.604	0.05616438271744098	6.719102407737321E-6	1.0E-4	1.02531779447006
161	181.738	0.056162303725504494	2.078991936486918E-6	1.0E-4	1.2357071926169465
162	182.884	0.05616138156238576	9.221631187342205E-7	1.0E-4	1.6162339437690036
best = -0.05616138156238576
GenDisMixClassifier with weights=[1.0, 0.0, 0.0]
optimizing 262 parameters
start 1:
Warning: Could not load UserTime. Using RealTime instead.
QUASI_NEWTON_BFGS
iteration	time	f(x)	delta	start distance	linesearch
0	0	5.157940585154631	0
1	1.151	0.6853865141238085	4.472554071030823	1.0E-4	1.418205483853432
2	2.075	0.4859695972331575	0.19941691689065094	1.0E-4	0.08426313543442326
3	3.224	0.1538163703058223	0.33215322692733523	1.0E-4	1.0496340052450237
4	4.504	0.13321844874490385	0.020597921560918442	1.0E-4	2.3219679351939138
5	5.66	0.12521361412731644	0.008004834617587414	1.0E-4	1.1777034267630042
6	6.932	0.11154542352334464	0.0136681906039718	1.0E-4	7.266848944134574
7	8.103	0.10977726250501423	0.0017681610183304108	1.0E-4	0.781177428046998
8	9.252	0.10591005695704	0.00386720554797422	1.0E-4	2.3223242445714227
9	10.443	0.09909293897865962	0.006817117978380388	1.0E-4	1.526387495173572
10	11.596	0.09666463201542229	0.0024283069632373283	1.0E-4	1.7570714194172015
11	12.712	0.09559370800014785	0.0010709240152744354	1.0E-4	1.179115941499923
12	13.808	0.09415982800514702	0.0014338799950008307	1.0E-4	0.48372431937955546
13	15.191	0.09293267058952011	0.0012271574156269144	1.0E-4	1.2188459647709724
14	16.3	0.09157813484089433	0.0013545357486257764	1.0E-4	1.1573972849999268
15	17.542	0.09065892852671371	9.192063141806178E-4	1.0E-4	1.339269110750088
16	18.875	0.08700210947263032	0.003656819054083396	1.0E-4	2.6843052715944564
17	19.691	0.0866160271256495	3.86082346980815E-4	1.0E-4	0.03424117957535432
18	20.989	0.0853582936010417	0.0012577335246077986	1.0E-4	2.0008388097197
19	22.142	0.0841437632507715	0.001214530350270207	1.0E-4	0.8457925308122537
20	23.406	0.08251336514485935	0.0016303981059121453	1.0E-4	1.6499793518524473
21	24.716	0.08000358538654401	0.0025097797583153447	1.0E-4	3.700589260317879
22	25.827	0.0790754215511518	9.281638353922095E-4	1.0E-4	0.8819758084947992
23	26.999	0.07843127732294905	6.441442282027476E-4	1.0E-4	1.9365484623492302
24	28.196	0.0777588880631459	6.723892598031467E-4	1.0E-4	1.8378933544207585
25	29.536	0.07654154892389606	0.0012173391392498456	1.0E-4	2.9012653030765443
26	31.074	0.07540563646249047	0.0011359124614055832	1.0E-4	2.2155453059484094
27	32.298	0.07438671887080132	0.0010189175916891502	1.0E-4	2.0359829536034546
28	33.56	0.07244309032897954	0.0019436285418217847	1.0E-4	1.5957430992932111
29	34.732	0.07140952334367491	0.0010335669853046292	1.0E-4	1.8212471565680461
30	35.975	0.07053905026661997	8.704730770549424E-4	1.0E-4	1.390841082246624
31	37.133	0.06977302521419462	7.660250524253454E-4	1.0E-4	0.8747444723978715
32	38.414	0.06881694952295137	9.560756912432578E-4	1.0E-4	2.401895199560049
33	39.805	0.06854947820410488	2.6747131884648223E-4	1.0E-4	1.4435765390837643
34	40.955	0.06833100349485605	2.184747092488365E-4	1.0E-4	1.4697512814132399
35	42.476	0.06794185326350184	3.8915023135420446E-4	1.0E-4	3.3934739750297442
36	44.067	0.06763898989973781	3.028633637640332E-4	1.0E-4	2.6277583485291944
37	45.446	0.06739511789642026	2.4387200331754677E-4	1.0E-4	2.0154519409122718
38	47.12	0.06711327693699648	2.8184095942378196E-4	1.0E-4	3.106515577689477
39	48.396	0.06683450660632594	2.7877033067054413E-4	1.0E-4	2.6808419737299896
40	49.722	0.06633746965453742	4.970369517885154E-4	1.0E-4	3.122885494415868
41	51.071	0.06599604721071446	3.414224438229585E-4	1.0E-4	1.2117841326956624
42	52.244	0.06577006771099103	2.2597949972343045E-4	1.0E-4	0.7900412496565254
43	53.595	0.06542914057208263	3.409271389084034E-4	1.0E-4	1.4978653610399244
44	55.093	0.06527743647293116	1.5170409915146732E-4	1.0E-4	1.5749525504588593
45	56.073	0.06522431740241484	5.3119070516319256E-5	1.0E-4	0.06961786671791376
46	57.646	0.06467202581435932	5.522915880555174E-4	1.0E-4	4.1407620629792135
47	58.93	0.06395135722338625	7.206685909730698E-4	1.0E-4	1.7574907374254916
48	60.264	0.06356111027268667	3.9024695069958537E-4	1.0E-4	1.6234319466604992
49	61.336	0.0632730512164947	2.880590561919749E-4	1.0E-4	1.20546658678016
50	62.491	0.06297805056364465	2.950006528500415E-4	1.0E-4	1.1030933648084453
51	63.98	0.0625827310783496	3.953194852950592E-4	1.0E-4	2.646423499817865
52	65.176	0.06221606543283397	3.6666564551562225E-4	1.0E-4	2.6839854808247057
53	66.516	0.06185623206778789	3.5983336504608054E-4	1.0E-4	3.074333113738876
54	67.721	0.06160946498224215	2.4676708554573906E-4	1.0E-4	1.241590256926515
55	69.065	0.06130233909584512	3.0712588639703053E-4	1.0E-4	1.4648590911544959
56	70.313	0.06103012778989078	2.722113059543396E-4	1.0E-4	2.4317741374860296
57	71.493	0.060861598455552876	1.6852933433790518E-4	1.0E-4	2.957956281850837
58	72.846	0.060743954069581246	1.1764438597162974E-4	1.0E-4	2.5354190477694796
59	74.245	0.06058005235351303	1.6390171606821963E-4	1.0E-4	3.807128154670682
60	75.505	0.060398385249951975	1.8166710356105203E-4	1.0E-4	2.3081522769966614
61	76.639	0.06033631025011717	6.207499983480746E-5	1.0E-4	0.8015867355018604
62	77.92	0.06018898951676373	1.4732073335343987E-4	1.0E-4	1.8835140253606026
63	79.213	0.06012653804523494	6.245147152878633E-5	1.0E-4	1.3254320855596728
64	80.563	0.060085339083393925	4.119896184101579E-5	1.0E-4	2.2994905903933174
65	81.833	0.06003613684780412	4.92022355898028E-5	1.0E-4	1.7729897720305778
66	83.122	0.059913693897324344	1.224429504797786E-4	1.0E-4	3.7579415137925696
67	84.877	0.05979818897584832	1.1550492147602287E-4	1.0E-4	2.309153857644693
68	86.045	0.0597535243006692	4.466467517912076E-5	1.0E-4	1.855954854708408
69	87.326	0.05971300715696268	4.051714370652271E-5	1.0E-4	1.4165833526633123
70	88.635	0.059660912579752624	5.209457721005312E-5	1.0E-4	1.753455772050109
71	90.186	0.059594999635603475	6.591294414914906E-5	1.0E-4	3.1986305202660126
72	91.494	0.0594854367094564	1.0956292614707624E-4	1.0E-4	3.1755033940163866
73	92.7	0.05937462587018756	1.1081083926883784E-4	1.0E-4	1.1192226883416496
74	94.235	0.05926478586546459	1.0984000472297195E-4	1.0E-4	2.6405720691203483
75	95.528	0.05919194236884771	7.284349661688255E-5	1.0E-4	2.3657148988299
76	97.226	0.05909919196303113	9.275040581657734E-5	1.0E-4	1.7153663586251837
77	98.612	0.05893298624025155	1.6620572277958184E-4	1.0E-4	3.5791497206460257
78	100.121	0.058822322399006935	1.1066384124461259E-4	1.0E-4	1.87515435322358
79	101.292	0.05878098967820114	4.133272080579509E-5	1.0E-4	0.613738324223353
80	102.927	0.05873538225062238	4.5607427578760185E-5	1.0E-4	1.4853042496335804
81	104.199	0.05869412684078519	4.125540983718895E-5	1.0E-4	1.702714150912642
82	105.553	0.05866467521846161	2.945162232358134E-5	1.0E-4	2.070279294636818
83	106.879	0.0586221755323509	4.249968611071131E-5	1.0E-4	2.526587813829015
84	108.265	0.05857901226905694	4.316326329395492E-5	1.0E-4	1.7521724339912566
85	109.703	0.058522031919920066	5.698034913687727E-5	1.0E-4	1.8721183223457625
86	111.053	0.058478451493083915	4.3580426836151154E-5	1.0E-4	2.0703684920803096
87	112.181	0.058458670135775256	1.978135730865832E-5	1.0E-4	0.5201400921564922
88	113.479	0.05843745141938091	2.1218716394343085E-5	1.0E-4	1.676660398401471
89	114.834	0.058417674733531655	1.9776685849258457E-5	1.0E-4	2.46677921822278
90	116.131	0.058392731528193215	2.494320533844019E-5	1.0E-4	2.8302703488489005
91	117.363	0.05836896172443432	2.376980375889265E-5	1.0E-4	2.244727982763165
92	118.645	0.058351081745151384	1.7879979282937886E-5	1.0E-4	1.365733616097263
93	119.968	0.05833810193521146	1.2979809939923925E-5	1.0E-4	1.2715206618189645
94	121.462	0.05830890135766769	2.9200577543769812E-5	1.0E-4	4.202202950369689
95	122.779	0.05827993036515256	2.89709925151288E-5	1.0E-4	2.210592346989905
96	124.042	0.05826469866774639	1.5231697406171973E-5	1.0E-4	2.1705418323560397
97	125.551	0.058243171707576424	2.1526960169965248E-5	1.0E-4	3.3553702570609882
98	126.866	0.058206505062772015	3.6666644804408954E-5	1.0E-4	4.056465767638263
99	128.43	0.058159340298656735	4.716476411528031E-5	1.0E-4	3.104234713403135
100	129.736	0.05812947724525745	2.9863053399283024E-5	1.0E-4	1.5502071259293333
101	130.989	0.0581116280377534	1.7849207504049003E-5	1.0E-4	1.8904653363919548
102	132.304	0.05807202687579624	3.960116195716318E-5	1.0E-4	4.375607844958655
103	133.935	0.05802678152457511	4.524535122112788E-5	1.0E-4	2.4634089072627154
104	135.403	0.05800807547277859	1.870605179651874E-5	1.0E-4	1.6579491814875946
105	136.778	0.05800062605577712	7.4494170014746675E-6	1.0E-4	1.2666777444864001
106	138.053	0.057993504053752296	7.122002024823049E-6	1.0E-4	1.308563740170189
107	139.393	0.05798210464920228	1.1399404550013759E-5	1.0E-4	3.329529618177215
108	140.767	0.05795959848490675	2.2506164295534037E-5	1.0E-4	4.636359930964756
109	142.073	0.057936727776938896	2.2870707967852233E-5	1.0E-4	2.3456685697779336
110	143.323	0.05792928529296608	7.442483972816549E-6	1.0E-4	1.3271002410736323
111	144.844	0.057917923446457714	1.1361846508364803E-5	1.0E-4	3.2116400248841495
112	146.288	0.05790875835684397	9.165089613745458E-6	1.0E-4	2.32276252573687
113	147.623	0.05789653682252076	1.2221534323210437E-5	1.0E-4	3.398672158606298
114	148.952	0.05788199935023721	1.453747228354757E-5	1.0E-4	2.7565279019408835
115	150.265	0.0578764828525882	5.516497649009355E-6	1.0E-4	3.188174342473144
116	151.597	0.05787088370337169	5.599149216509169E-6	1.0E-4	2.5957701559150195
117	153.076	0.057865182467671826	5.701235699866192E-6	1.0E-4	1.614929665501841
118	154.492	0.05785971649050718	5.465977164643976E-6	1.0E-4	3.4084896055853213
119	155.981	0.05785154492801043	8.171562496751827E-6	1.0E-4	4.101541243993488
120	157.322	0.0578464499898666	5.094938143830607E-6	1.0E-4	1.725422576757024
121	158.654	0.05784218450883729	4.265481029309959E-6	1.0E-4	1.9231248360942566
122	159.956	0.05783493369140213	7.2508174351615384E-6	1.0E-4	3.969389173251963
123	161.163	0.05783188295596813	3.0507354339959214E-6	1.0E-4	0.9009116148470747
124	162.517	0.057825907656861575	5.975299106557308E-6	1.0E-4	1.9233200136407438
125	163.855	0.0578188375136926	7.070143168974585E-6	1.0E-4	2.4501349964942873
126	165.205	0.05780811634368948	1.072117000312095E-5	1.0E-4	2.6062220294210645
127	166.64	0.05780314982107898	4.966522610498625E-6	1.0E-4	2.1734687986346044
128	168.131	0.05780031567151846	2.8341495605238576E-6	1.0E-4	2.9828499861700792
129	170.008	0.05779513127673373	5.1843947847241E-6	1.0E-4	4.451754693685865
130	171.504	0.05778343998471189	1.1691292021845379E-5	1.0E-4	4.343097428880442
131	172.837	0.057772044300285784	1.1395684426103447E-5	1.0E-4	2.3853558572020823
132	174.193	0.05776427368562863	7.770614657155728E-6	1.0E-4	2.143361245556355
133	175.548	0.05775992031823022	4.353367398408914E-6	1.0E-4	1.6845829237936698
134	176.965	0.057758089910493124	1.830407737095363E-6	1.0E-4	2.0723245234776275
135	178.68	0.05775617415086718	1.915759625943647E-6	1.0E-4	3.016321687154491
136	180.292	0.057754372747497944	1.8014033692365095E-6	1.0E-4	2.5245166560312042
137	181.811	0.05775004910882014	4.323638677805608E-6	1.0E-4	3.844868758415366
138	183.191	0.0577427429742672	7.306134552936827E-6	1.0E-4	3.0640615031279124
139	184.72	0.05773794301049785	4.799963769348825E-6	1.0E-4	1.8799128636760243
140	186.069	0.057737169525533136	7.734849647167419E-7	1.0E-4	1.4841757801603364
best = -0.057737169525533136
GenDisMixClassifier with weights=[1.0, 0.0, 0.0]
optimizing 262 parameters
start 1:
Warning: Could not load UserTime. Using RealTime instead.
QUASI_NEWTON_BFGS
iteration	time	f(x)	delta	start distance	linesearch
0	0	5.19598108019441	0
1	1.431	0.3063400243269392	4.889641055867471	1.0E-4	1.0427696575169632
2	2.556	0.2327345611798925	0.07360546314704669	1.0E-4	0.2558817006922953
3	3.92	0.11933103359097912	0.11340352758891338	1.0E-4	1.242920048129991
4	5.595	0.10472789618417434	0.014603137406804773	1.0E-4	2.6530630025712587
5	6.838	0.10183033936235683	0.0028975568218175124	1.0E-4	0.9058546904101145
6	8.196	0.09429045622182979	0.0075398831405270456	1.0E-4	5.217442078177405
7	9.629	0.08980360617435042	0.004486850047479368	1.0E-4	5.608854411579581
8	11.063	0.08517901724330901	0.0046245889310414096	1.0E-4	3.310812290010761
9	12.606	0.08407664504880157	0.0011023721945074422	1.0E-4	0.9533987999765126
10	13.661	0.08333395644405228	7.426886047492837E-4	1.0E-4	0.17908145757717886
11	15.026	0.0816782716163218	0.0016556848277304859	1.0E-4	2.6596540324296414
12	16.449	0.07971293579191852	0.0019653358244032804	1.0E-4	2.386735434718651
13	17.987	0.07937514905678227	3.377867351362501E-4	1.0E-4	0.4292436752685964
14	19.112	0.07805785759426644	0.0013172914625158294	1.0E-4	0.7127316425151222
15	20.531	0.07586588521245048	0.0021919723818159542	1.0E-4	5.238867897911515
16	21.882	0.07485308049759054	0.0010128047148599412	1.0E-4	1.3480921054792012
17	23.284	0.07321425514564932	0.0016388253519412227	1.0E-4	2.8471816416525213
18	24.455	0.07227540628074265	9.388488649066662E-4	1.0E-4	1.1549890731748451
19	26.232	0.07081737675068098	0.0014580295300616747	1.0E-4	3.5464264098346794
20	27.535	0.07030500020581038	5.123765448706019E-4	1.0E-4	1.2236151366819514
21	28.622	0.06980173504812719	5.032651576831887E-4	1.0E-4	0.2036603436613116
22	30.536	0.06881148515001986	9.902498981073232E-4	1.0E-4	3.615233864043954
23	31.949	0.06733746073913463	0.001474024410885233	1.0E-4	3.468032376341579
24	33.616	0.06601474979421182	0.0013227109449228114	1.0E-4	2.155195204637697
25	35.03	0.06535697338945494	6.577764047568796E-4	1.0E-4	2.4151190941572653
26	36.247	0.06507371248989033	2.8326089956461076E-4	1.0E-4	1.3738900392064464
27	37.722	0.06448779956025445	5.859129296358762E-4	1.0E-4	3.2602936840139525
28	38.984	0.06393047639605175	5.573231642027054E-4	1.0E-4	1.7147229845329377
29	40.192	0.0634915727930373	4.389036030144483E-4	1.0E-4	0.5041610693728397
30	41.465	0.06312078473425177	3.707880587855289E-4	1.0E-4	1.1013171326662292
31	42.656	0.06262343794027041	4.973467939813625E-4	1.0E-4	1.365228834216585
32	43.885	0.062335012590936864	2.8842534933354314E-4	1.0E-4	1.1210314982211549
33	45.428	0.0620840802652754	2.509323256614654E-4	1.0E-4	2.475253229068288
34	47.204	0.061706898040100655	3.7718222517474365E-4	1.0E-4	3.1753687175769554
35	48.552	0.06132786544427223	3.790325958284227E-4	1.0E-4	1.972191861952678
36	49.818	0.06081896197712869	5.089034671435441E-4	1.0E-4	1.9159135621295313
37	51.031	0.06046939179846801	3.4957017866067697E-4	1.0E-4	1.8118022645049165
38	52.144	0.060388049968597694	8.134182987031696E-5	1.0E-4	0.5586722509525198
39	53.354	0.060158660623291005	2.2938934530668947E-4	1.0E-4	1.4734372543915046
40	54.734	0.05993353847666725	2.2512214662375601E-4	1.0E-4	3.039547704636724
41	56.107	0.05974901922728891	1.8451924937833847E-4	1.0E-4	2.331885944471207
42	57.464	0.05964172070724838	1.072985200405302E-4	1.0E-4	1.4653173346330415
43	58.735	0.05953106081730673	1.1065988994164722E-4	1.0E-4	1.7728975774860163
44	60.227	0.05945084671631633	8.02141009904056E-5	1.0E-4	1.2698887374214152
45	61.918	0.05937207602460571	7.877069171061818E-5	1.0E-4	1.0029566221963273
46	63.247	0.05936812890703366	3.947117572046521E-6	1.0E-4	0.11504303131542919
47	64.573	0.05924983111864888	1.1829778838478439E-4	1.0E-4	1.3456369535475128
48	65.942	0.05921486196683968	3.4969151809199905E-5	1.0E-4	0.6751659647240599
49	67.176	0.05914782534572475	6.70366211149298E-5	1.0E-4	0.8349628011080072
50	68.6	0.05907792347794734	6.990186777740964E-5	1.0E-4	2.3098679947976195
51	70.543	0.05900800193692999	6.992154101734954E-5	1.0E-4	2.558876274047235
52	72.053	0.05882600444810185	1.8199748882814087E-4	1.0E-4	3.823722981221978
53	73.601	0.05868567825868394	1.403261894179081E-4	1.0E-4	2.105686737637074
54	75.001	0.05854121705629967	1.4446120238426757E-4	1.0E-4	2.631575039832594
55	76.365	0.0583579751528847	1.8324190341497543E-4	1.0E-4	1.9723524524251674
56	78.172	0.05819669759447742	1.6127755840728009E-4	1.0E-4	1.8993654410358844
57	80.227	0.05791986236386612	2.76835230611297E-4	1.0E-4	3.6611866223634886
58	81.702	0.05763033634262773	2.895260212383913E-4	1.0E-4	2.9791410598974273
59	83.017	0.057437325494734945	1.9301084789278417E-4	1.0E-4	0.9640927483809791
60	84.396	0.05717637142669783	2.609540680371114E-4	1.0E-4	1.2735426353790478
61	85.699	0.056980625100790425	1.957463259074088E-4	1.0E-4	1.1217312915135618
62	86.892	0.05685044581828012	1.3017928251030791E-4	1.0E-4	0.7305840488948128
63	88.218	0.056769168857376644	8.127696090347303E-5	1.0E-4	1.2862598708559347
64	89.532	0.05668360267738008	8.556617999656152E-5	1.0E-4	0.9789847945124325
65	90.87	0.05659175975319442	9.184292418566026E-5	1.0E-4	1.40302053228111
66	92.366	0.05649345615313558	9.830360005884387E-5	1.0E-4	2.7947038509867363
67	93.72	0.05636665629396277	1.2679985917280617E-4	1.0E-4	1.7965462945590167
68	95.031	0.0562984358665747	6.822042738807016E-5	1.0E-4	1.469225576352443
69	96.516	0.056234219704031536	6.421616254316531E-5	1.0E-4	1.7914981828084582
70	98.119	0.056159374201362584	7.484550266895207E-5	1.0E-4	1.7634713024168776
71	99.505	0.056035455987292315	1.239182140702691E-4	1.0E-4	2.3279872441750227
72	101.287	0.055848509612226725	1.8694637506559003E-4	1.0E-4	2.2215885059287315
73	102.6	0.0557518273571301	9.668225509662509E-5	1.0E-4	1.0950442352327974
74	104.009	0.055664158552988396	8.76688041417037E-5	1.0E-4	1.6864245538103784
75	105.489	0.055587179062021486	7.697949096691081E-5	1.0E-4	1.76440715283887
76	107.081	0.055499179616980664	8.799944504082197E-5	1.0E-4	2.6265465665442904
77	108.408	0.055438928486101574	6.0251130879089565E-5	1.0E-4	1.5828856361067845
78	109.788	0.055393997268510936	4.4931217590638006E-5	1.0E-4	1.4312874730791987
79	111.47	0.05535215606216036	4.184120635057631E-5	1.0E-4	1.7555983264388297
80	112.994	0.05521533442394114	1.3682163821922277E-4	1.0E-4	4.437217099249014
81	114.51	0.05510949958682082	1.058348371203166E-4	1.0E-4	3.1232159017680363
82	115.888	0.05501020902714679	9.929055967403122E-5	1.0E-4	2.5870702033389112
83	117.303	0.05493034798789992	7.986103924687016E-5	1.0E-4	3.095245202800713
84	118.767	0.054853640990403144	7.670699749677545E-5	1.0E-4	2.9992188052725735
85	120.29	0.05479807105260424	5.5569937798906344E-5	1.0E-4	1.952876109235393
86	121.845	0.054754878338308714	4.319271429552296E-5	1.0E-4	2.719170417133556
87	123.506	0.05468212633305642	7.275200525229397E-5	1.0E-4	3.4193143218106763
88	124.807	0.05462761971075889	5.4506622297528784E-5	1.0E-4	1.1751278327271975
89	126.479	0.05458028237074782	4.733734001106937E-5	1.0E-4	2.8588871660252186
90	127.907	0.054546794820432155	3.348755031566675E-5	1.0E-4	2.3978415360290235
91	129.747	0.05450399816828822	4.27966521439338E-5	1.0E-4	3.6050750843894184
92	131.5	0.05445144835828347	5.254981000474973E-5	1.0E-4	2.580484907059198
93	132.785	0.05442851162892255	2.293672936092006E-5	1.0E-4	0.4976687687608277
94	134.194	0.054361862710992484	6.664891793006777E-5	1.0E-4	2.0824246910435615
95	135.898	0.054314616421974056	4.7246289018428034E-5	1.0E-4	1.4804471555979302
96	137.159	0.05428307813932021	3.1538282653849337E-5	1.0E-4	0.8402780517562884
97	138.554	0.0542566256390874	2.645250023280976E-5	1.0E-4	2.318643741344883
98	139.949	0.05423669914192044	1.992649716695688E-5	1.0E-4	1.0999693186613506
99	141.183	0.05421461276091674	2.2086381003698363E-5	1.0E-4	0.5383768811566454
100	142.737	0.05418192956022232	3.2683200694424985E-5	1.0E-4	2.604160965781981
101	144.141	0.054158468838369105	2.3460721853212074E-5	1.0E-4	1.454167668826855
102	145.521	0.054120898012026054	3.75708263430502E-5	1.0E-4	3.1349598695761123
103	146.931	0.0540914290241535	2.9468987872552366E-5	1.0E-4	1.9329389882020562
104	148.266	0.0540551564782869	3.627254586659884E-5	1.0E-4	1.3832834626497807
105	149.629	0.05402662712411597	2.8529354170934995E-5	1.0E-4	1.0414894281426528
106	150.975	0.05400643568989898	2.019143421699149E-5	1.0E-4	0.9639534135428978
107	152.358	0.05398139600671743	2.5039683181543593E-5	1.0E-4	2.0326753554364823
108	153.881	0.05395346123749893	2.7934769218501687E-5	1.0E-4	1.660831397892111
109	155.168	0.053934005692945854	1.9455544553077797E-5	1.0E-4	0.6013293870905465
110	157.021	0.05389708383157472	3.69218613711364E-5	1.0E-4	3.1255039430404974
111	158.487	0.0538645178441913	3.256598738341637E-5	1.0E-4	2.3193940855086526
112	160.337	0.053842090308058	2.2427536133302894E-5	1.0E-4	1.8723247774496357
113	161.793	0.05383077394299302	1.1316365064975575E-5	1.0E-4	1.7012388986936897
114	163.197	0.053822123447531685	8.65049546133756E-6	1.0E-4	2.3943470828480313
115	164.598	0.05381465841213274	7.4650353989458296E-6	1.0E-4	1.048316619230766
116	166.088	0.05378965090030811	2.500751182463179E-5	1.0E-4	3.70269590745891
117	167.498	0.05377417799681984	1.5472903488265854E-5	1.0E-4	1.5062888924012736
118	169.134	0.0537563100922604	1.786790455943904E-5	1.0E-4	2.365706858203976
119	170.665	0.053742644986479154	1.3665105781247855E-5	1.0E-4	2.4403384292024386
120	172.154	0.05373428762034551	8.357366133644739E-6	1.0E-4	2.0272485340248108
121	173.902	0.0537261926627056	8.09495763991197E-6	1.0E-4	2.7661910593033356
122	175.496	0.05371576007885852	1.0432583847079513E-5	1.0E-4	3.302711887435137
123	177.06	0.05370646676634959	9.293312508928953E-6	1.0E-4	2.4429299529375954
124	178.621	0.05369391935884903	1.2547407500562713E-5	1.0E-4	3.4528080609380005
125	180.362	0.05368351654472904	1.0402814119986337E-5	1.0E-4	2.630304867044592
126	181.894	0.05366675387910943	1.676266561961154E-5	1.0E-4	3.3879339300807283
127	183.428	0.05364257688870913	2.417699040029725E-5	1.0E-4	3.5743448541859775
128	184.796	0.05363035872436621	1.2218164342922555E-5	1.0E-4	1.4684652106444378
129	186.253	0.05361612494517402	1.423377919219232E-5	1.0E-4	1.5773245603034232
130	187.703	0.05360456159647481	1.1563348699207554E-5	1.0E-4	3.1282094221096686
131	189.234	0.05359684804046323	7.713556011576528E-6	1.0E-4	2.8719609653315827
132	190.764	0.053589665145519404	7.182894943828788E-6	1.0E-4	3.315354247127275
133	192.343	0.05358275586732009	6.909278199317137E-6	1.0E-4	2.805999841868121
134	194.282	0.05357766947686993	5.0863904501596835E-6	1.0E-4	2.259480629494863
135	195.739	0.05357367438263835	3.995094231573626E-6	1.0E-4	1.8688102159417053
136	197.389	0.053568474674083	5.1997085553506794E-6	1.0E-4	3.6763878813797732
137	198.883	0.053563482793328517	4.991880754486033E-6	1.0E-4	2.953565436430277
138	200.422	0.05355776001167725	5.722781651264219E-6	1.0E-4	3.5209221671593105
139	201.958	0.053554530906239205	3.229105438047608E-6	1.0E-4	1.6549140146809869
140	203.188	0.05355244552511973	2.0853811194751493E-6	1.0E-4	1.9128049117424204
141	204.609	0.05354949331327836	2.952211841371344E-6	1.0E-4	1.9159172748659592
142	206.266	0.05354437057569549	5.122737582866077E-6	1.0E-4	2.9087305044196774
143	207.791	0.05353855007167015	5.820504025338957E-6	1.0E-4	2.6118726187952372
144	209.028	0.05353388003805065	4.6700336195013015E-6	1.0E-4	2.51420339670999
145	210.607	0.05353064187243712	3.238165613532462E-6	1.0E-4	2.380267798215108
146	211.964	0.05352783648335961	2.8053890775078805E-6	1.0E-4	2.911608407989216
147	213.57	0.05352627201193457	1.5644714250404035E-6	1.0E-4	2.273464351805325
148	215.24	0.05352283882556327	3.4331863713044086E-6	1.0E-4	5.5311620058515025
149	216.724	0.053519060876951026	3.777948612240789E-6	1.0E-4	2.596374515756058
150	218.344	0.05350991401756483	9.146859386195694E-6	1.0E-4	7.856138739183048
151	219.891	0.05349612202787965	1.379198968518014E-5	1.0E-4	3.377618746520221
152	221.375	0.05349387194770189	2.2500801777625146E-6	1.0E-4	1.633247996078522
153	223.289	0.05349293636089125	9.355868106353249E-7	1.0E-4	1.749609864396906
best = -0.05349293636089125
GenDisMixClassifier with weights=[1.0, 0.0, 0.0]
optimizing 262 parameters
start 1:
Warning: Could not load UserTime. Using RealTime instead.
QUASI_NEWTON_BFGS
iteration	time	f(x)	delta	start distance	linesearch
0	0	5.083534178915746	0
1	1.45	0.19100410858826494	4.892530070327481	1.0E-4	0.8089659733962441
2	2.609	0.14841178959860696	0.042592318989657985	1.0E-4	0.44084122910776197
3	4.038	0.09190440629752024	0.05650738330108672	1.0E-4	1.280856480434855
4	5.551	0.08338091902885902	0.008523487268661215	1.0E-4	4.49838448694723
5	6.783	0.08225587066855823	0.0011250483603007927	1.0E-4	0.7954580585747795
6	8.248	0.07824126844538516	0.004014602223173069	1.0E-4	5.887929136394801
7	9.645	0.0762232723884988	0.0020179960568863647	1.0E-4	2.2849548557686252
8	11.109	0.07134257865908547	0.004880693729413327	1.0E-4	3.111454541292679
9	12.369	0.07060735006331299	7.352285957724775E-4	1.0E-4	0.8281386738777877
10	13.707	0.06942430361391122	0.0011830464494017728	1.0E-4	0.6211661608206467
11	15.108	0.06792415563044615	0.0015001479834650666	1.0E-4	1.8454097526410267
12	16.495	0.06641032353704064	0.0015138320934055122	1.0E-4	1.7296765597908783
13	18.111	0.06511879578884631	0.0012915277481943266	1.0E-4	2.0066114468239764
14	19.379	0.06486786856438721	2.509272244591021E-4	1.0E-4	0.5451193336475354
15	20.52	0.06448544227407292	3.8242629031429165E-4	1.0E-4	0.6974280446172779
16	22.19	0.06361236996419263	8.730723098802906E-4	1.0E-4	3.870669846819317
17	23.916	0.06243012965014619	0.0011822403140464427	1.0E-4	3.499227496198678
18	25.422	0.061512083771158056	9.180458789881316E-4	1.0E-4	2.7068461754770956
19	26.548	0.06101735869531951	4.947250758385452E-4	1.0E-4	0.4319291707769717
20	28.209	0.05951933796238599	0.0014980207329335221	1.0E-4	3.1051107898976
21	29.362	0.05932060848276448	1.9872947962151083E-4	1.0E-4	0.35343886680096565
22	30.604	0.058536559275127124	7.840492076373537E-4	1.0E-4	0.603085750780089
23	31.916	0.05813888857286415	3.9767070226297274E-4	1.0E-4	2.1479945659647486
24	33.401	0.05745263823681194	6.862503360522132E-4	1.0E-4	3.035954181913131
25	34.714	0.05682118280223846	6.314554345734774E-4	1.0E-4	1.3214492244055902
26	35.965	0.05624539901287482	5.757837893636403E-4	1.0E-4	0.6318130198584471
27	37.246	0.055773596027604504	4.7180298527031705E-4	1.0E-4	0.9924513641201516
28	38.714	0.0554520734701882	3.2152255741630525E-4	1.0E-4	1.269139054771562
29	40.046	0.055209707741797315	2.4236572839088366E-4	1.0E-4	1.7120422658545436
30	41.582	0.05502074662504482	1.8896111675249794E-4	1.0E-4	2.090436859152984
31	42.929	0.05487321502622429	1.4753159882052724E-4	1.0E-4	1.2464954123187069
32	44.112	0.0547479290953098	1.2528593091448714E-4	1.0E-4	1.008398537193294
33	45.492	0.054626749591469716	1.2117950384008674E-4	1.0E-4	1.7068367381224248
34	46.797	0.05453343948082497	9.33101106447426E-5	1.0E-4	1.7458622327508555
35	48.317	0.054327600403243234	2.0583907758173897E-4	1.0E-4	2.6222475172953055
36	49.835	0.054105974066822014	2.2162633642121982E-4	1.0E-4	2.7827274130105724
37	51.238	0.053876244464220124	2.2972960260188996E-4	1.0E-4	2.1407531561012196
38	52.644	0.05365669125323692	2.195532109832074E-4	1.0E-4	1.4219730485516673
39	54.003	0.05349407235575161	1.6261889748530461E-4	1.0E-4	1.6724007275811
40	55.389	0.053378265088867824	1.158072668837884E-4	1.0E-4	1.7563812544953636
41	56.935	0.05320021234937554	1.7805273949228484E-4	1.0E-4	2.84625775194997
42	58.396	0.053024281780411575	1.7593056896396397E-4	1.0E-4	2.1306791706119528
43	59.647	0.052941438080843825	8.284369956775006E-5	1.0E-4	0.8195924950801914
44	61.016	0.05278974297241614	1.516951084276838E-4	1.0E-4	1.097881751838281
45	62.583	0.052577877346397725	2.1186562601841624E-4	1.0E-4	2.318397592651115
46	63.875	0.052402842118422645	1.7503522797508025E-4	1.0E-4	1.3363899366397918
47	65.185	0.05227408186723562	1.287602511870281E-4	1.0E-4	1.9423832312369904
48	66.825	0.05209303557755906	1.8104628967655773E-4	1.0E-4	1.975635737353175
49	68.429	0.051973139645094826	1.1989593246423264E-4	1.0E-4	3.587375310737864
50	69.74	0.05193067207573673	4.2467569358099755E-5	1.0E-4	0.3660756145745273
51	71.105	0.051867120131099766	6.35519446369609E-5	1.0E-4	0.8461083861695823
52	72.493	0.051832471906529114	3.4648224570651975E-5	1.0E-4	0.7893140672202048
53	74.295	0.05181050196974282	2.1969936786291056E-5	1.0E-4	1.1852330008719174
54	75.717	0.05178777498125831	2.2726988484510213E-5	1.0E-4	1.0958392438791613
55	77.105	0.05177121730194211	1.655767931620089E-5	1.0E-4	0.6238898992548336
56	78.869	0.05174297693388629	2.8240368055820753E-5	1.0E-4	1.54799088408838
57	80.217	0.05172720856069438	1.576837319191421E-5	1.0E-4	0.6489354984211115
58	81.488	0.05168604630472166	4.116225597271955E-5	1.0E-4	0.5389103892219578
59	83.054	0.051637801733335154	4.8244571386503454E-5	1.0E-4	2.340909444780062
60	84.374	0.0515945658618927	4.32358714424555E-5	1.0E-4	1.1664248997001854
61	85.907	0.05155539081656573	3.9175045326966806E-5	1.0E-4	0.48327586808867484
62	87.459	0.05149995912285243	5.54316937133037E-5	1.0E-4	2.3786191775706933
63	89.05	0.05143752208135058	6.243704150184909E-5	1.0E-4	2.0443769737027426
64	90.254	0.0514160689617198	2.1453119630775175E-5	1.0E-4	0.6841813322875647
65	91.592	0.05137332643895231	4.274252276749435E-5	1.0E-4	1.0014918206978547
66	93.117	0.05132730765872595	4.601878022635758E-5	1.0E-4	2.3465052140510325
67	94.561	0.0512863672380148	4.094042071114967E-5	1.0E-4	1.2101978327012215
68	96.406	0.051255398111643695	3.096912637110677E-5	1.0E-4	1.0882122227627231
69	97.888	0.05121427075550893	4.112735613476248E-5	1.0E-4	3.1561917911521347
70	99.424	0.051162566178752755	5.170457675617718E-5	1.0E-4	1.0394837673711064
71	100.71	0.051041501489433004	1.2106468931975117E-4	1.0E-4	1.2895566575792785
72	102.191	0.05091278930462391	1.287121848090947E-4	1.0E-4	2.024669149761279
73	103.708	0.050828240242207806	8.454906241610327E-5	1.0E-4	2.2393082196300225
74	105.176	0.05076606048066727	6.21797615405345E-5	1.0E-4	1.9457182003863247
75	106.365	0.05075095663221659	1.510384845068019E-5	1.0E-4	0.6318400882613231
76	107.877	0.05070409660292812	4.686002928847022E-5	1.0E-4	1.7328454886642612
77	109.268	0.050671224529834066	3.287207309405488E-5	1.0E-4	1.6786226884651592
78	110.968	0.05060967164280002	6.155288703404288E-5	1.0E-4	2.5352258798064247
79	112.364	0.050546607972827035	6.30636699729889E-5	1.0E-4	1.8416494734880344
80	113.708	0.05049133413071098	5.527384211605202E-5	1.0E-4	1.5818912719324718
81	115.599	0.05043648420398602	5.4849926724963305E-5	1.0E-4	1.4386853360948122
82	117.014	0.05038889563462672	4.7588569359297006E-5	1.0E-4	1.859713121205893
83	118.464	0.05035843655125721	3.0459083369509254E-5	1.0E-4	1.8739295636308404
84	119.844	0.05032604143989287	3.239511136434586E-5	1.0E-4	1.6002741430833436
85	121.142	0.050282835117723926	4.3206322168941325E-5	1.0E-4	0.5873961971970979
86	122.678	0.05019748545501622	8.534966270770661E-5	1.0E-4	2.31416543530272
87	124.294	0.050137691095846273	5.979435916994569E-5	1.0E-4	2.195698388367793
88	125.9	0.050099568194128134	3.81229017181392E-5	1.0E-4	1.961436638669595
89	127.338	0.05007976344880556	1.980474532257276E-5	1.0E-4	1.4241112610211963
90	128.739	0.050054435727531356	2.5327721274205628E-5	1.0E-4	1.18306940024071
91	130.747	0.05000951247226836	4.492325526299357E-5	1.0E-4	3.1899479038029424
92	132.231	0.049938755499512474	7.075697275588794E-5	1.0E-4	3.4039401716794786
93	133.683	0.049896823260579676	4.193223893279863E-5	1.0E-4	1.6413573704948146
94	135.176	0.04987724320969027	1.958005088940895E-5	1.0E-4	1.3419629900010481
95	137.003	0.04986788908162897	9.35412806129382E-6	1.0E-4	1.4452728358544435
96	139.036	0.04984761725371205	2.027182791692478E-5	1.0E-4	2.7412363707954253
97	140.474	0.049817732135203574	2.9885118508474195E-5	1.0E-4	3.890158728325627
98	141.725	0.04981177244782535	5.95968737822361E-6	1.0E-4	0.39590342603468803
99	143.311	0.04978890989432129	2.2862553504060523E-5	1.0E-4	2.2175083448470683
100	145.141	0.04975268252492073	3.622736940055854E-5	1.0E-4	5.104551204187803
101	146.743	0.049707194401302245	4.548812361848675E-5	1.0E-4	3.7991899487430736
102	148.867	0.049665348594958	4.1845806344247005E-5	1.0E-4	3.3236270445330653
103	150.452	0.04963323514249929	3.211345245870967E-5	1.0E-4	2.7807017341956466
104	151.95	0.049596660791646666	3.6574350852622284E-5	1.0E-4	3.891089265397885
105	153.695	0.049568782539270446	2.787825237621916E-5	1.0E-4	4.273126547520173
106	155.219	0.049531468413883166	3.731412538728052E-5	1.0E-4	2.9460259475288915
107	156.808	0.049500740813545205	3.0727600337961125E-5	1.0E-4	3.122324603086026
108	158.799	0.049456892062288114	4.384875125709037E-5	1.0E-4	4.44779661573083
109	160.466	0.049419017066119224	3.787499616889067E-5	1.0E-4	2.1040940635118863
110	161.719	0.049394807297383485	2.420976873573899E-5	1.0E-4	0.6662551688105437
111	163.211	0.049347553864779126	4.725343260435916E-5	1.0E-4	2.2919384699831413
112	164.684	0.049313615916677364	3.393794810176154E-5	1.0E-4	1.8754115370969417
113	166.202	0.04929392209389724	1.9693822780122994E-5	1.0E-4	2.2397650053993443
114	167.785	0.049278024575009016	1.5897518888224882E-5	1.0E-4	1.714991455796419
115	169.23	0.049261093992509074	1.6930582499942448E-5	1.0E-4	2.1215579370389976
116	170.913	0.04924518478644506	1.5909206064014525E-5	1.0E-4	1.73856058499309
117	172.373	0.04921641735048618	2.8767435958879095E-5	1.0E-4	2.5608692794713623
118	173.786	0.049194969257538766	2.1448092947413955E-5	1.0E-4	2.520905068488427
119	175.436	0.04915027266574377	4.469659179499874E-5	1.0E-4	5.598662086430488
120	176.87	0.04911777233056937	3.250033517439993E-5	1.0E-4	2.07350619416586
121	178.259	0.04910739338158491	1.0378948984458847E-5	1.0E-4	1.5734966144729636
122	180.085	0.04909212613878916	1.5267242795748148E-5	1.0E-4	3.154495399424888
123	181.94	0.04906521140735909	2.691473143007217E-5	1.0E-4	2.1878266320354345
124	183.919	0.049027570663100324	3.7640744258764236E-5	1.0E-4	2.23820109311962
125	185.391	0.0489830782207526	4.4492442347721095E-5	1.0E-4	2.1685489462234773
126	187.04	0.048944686433544896	3.839178720770747E-5	1.0E-4	2.761593989953451
127	188.547	0.048912765873717796	3.1920559827099126E-5	1.0E-4	2.0576659229647536
128	190.075	0.04887442404590191	3.834182781588952E-5	1.0E-4	2.2718996956199073
129	191.673	0.04883938366146038	3.5040384441527295E-5	1.0E-4	3.4084822744894443
130	193.028	0.04882824794989807	1.1135711562311468E-5	1.0E-4	1.9604151879470775
131	194.676	0.048814915584591154	1.3332365306914506E-5	1.0E-4	3.4332667456511303
132	196.305	0.04879733100020258	1.75845843885733E-5	1.0E-4	1.8135211242373974
133	197.773	0.048782183814871864	1.5147185330716129E-5	1.0E-4	1.3740398739795914
134	199.105	0.04877018598922263	1.1997825649236182E-5	1.0E-4	0.9054529085412084
135	200.511	0.04875258789784874	1.7598091373888236E-5	1.0E-4	2.2650170990814766
136	202.037	0.048727910757447694	2.4677140401045683E-5	1.0E-4	4.184095285096301
137	203.752	0.04871191146536324	1.5999292084456496E-5	1.0E-4	2.467126117916482
138	205.153	0.048705099914819916	6.811550543321665E-6	1.0E-4	1.548715360654437
139	207.169	0.04869733933668406	7.76057813585418E-6	1.0E-4	2.635726538993842
140	209.146	0.04869021985234325	7.119484340810389E-6	1.0E-4	3.134145528060197
141	210.675	0.04868554316397709	4.67668836616475E-6	1.0E-4	2.3039085104090113
142	212.493	0.048682366017801036	3.1771461760504716E-6	1.0E-4	3.342350026980525
143	214.143	0.04867679208772394	5.573930077093503E-6	1.0E-4	4.321928841749276
144	215.775	0.04866768634290691	9.105744817029804E-6	1.0E-4	4.073269130502046
145	217.39	0.048659689546313487	7.996796593426336E-6	1.0E-4	2.778757947675649
146	219.019	0.04865665174591418	3.0378003993067337E-6	1.0E-4	2.1789169384110805
147	220.654	0.04865427666583903	2.375080075146807E-6	1.0E-4	3.500272002755466
148	222.515	0.04864833350114228	5.9431646967506024E-6	1.0E-4	4.707247985342306
149	224.017	0.0486389698607214	9.363640420881336E-6	1.0E-4	2.688122429881866
150	225.51	0.04863410853324945	4.861327471954169E-6	1.0E-4	1.7206006081583336
151	227.115	0.04862942073971713	4.687793532319462E-6	1.0E-4	2.509219897039101
152	228.633	0.04862431629542317	5.104444293954624E-6	1.0E-4	2.7332474863578975
153	230.142	0.04862075116568404	3.565129739133144E-6	1.0E-4	1.457893945196984
154	231.903	0.04861498630712927	5.764858554767327E-6	1.0E-4	4.519900761910732
155	233.444	0.048604395629490114	1.0590677639157886E-5	1.0E-4	3.762480900853319
156	235.084	0.04859602970578929	8.365923700827393E-6	1.0E-4	1.9199788479578266
157	236.656	0.04858605847718246	9.971228606825422E-6	1.0E-4	2.656200683852278
158	238.066	0.04857997562602811	6.082851154352864E-6	1.0E-4	1.5164567497340227
159	239.622	0.04857658706986176	3.388556166349088E-6	1.0E-4	2.022890924629087
160	241.26	0.048573547629281046	3.0394405807140923E-6	1.0E-4	3.07421215204686
161	242.799	0.04857032608799773	3.2215412833144774E-6	1.0E-4	2.4684492065512913
162	244.452	0.04856654959197346	3.776496024274212E-6	1.0E-4	2.6572296794709116
163	246.283	0.04856351639590945	3.0331960640048172E-6	1.0E-4	3.380184606683124
164	248.101	0.048560591606353086	2.924789556366103E-6	1.0E-4	2.605793613834083
165	249.532	0.04855875923884147	1.8323675116185822E-6	1.0E-4	1.2018082507446488
166	251.007	0.04855506525639987	3.6939824415993527E-6	1.0E-4	2.8096463834242305
167	252.549	0.04855206322888342	3.0020275164494015E-6	1.0E-4	1.3952973847479762
168	254.076	0.048550650595472894	1.4126334105246663E-6	1.0E-4	1.7154070029218187
169	255.825	0.048549997036488525	6.535589843689737E-7	1.0E-4	3.015201635622249
best = -0.048549997036488525

------------------------------------------------------------
Sender: LSF System <lsfadmin@noderome198>
Subject: Job 143735608[1]: <train4[1-1]> in cluster <hpcf_research_cluster> Done

Job <train4[1-1]> was submitted from host <noderome194> by user <yli11> in cluster <hpcf_research_cluster> at Fri Oct 29 12:18:19 2021
Job was executed on host(s) <4*noderome198>, in queue <priority>, as user <yli11> in cluster <hpcf_research_cluster> at Fri Oct 29 14:02:31 2021
</home/yli11> was used as the home directory.
</home/yli11/dirs/NFIX_megan/predict_NFIX_PU1_cobinding> was used as the working directory.
Started at Fri Oct 29 14:02:31 2021
Terminated at Fri Oct 29 16:28:47 2021
Results reported at Fri Oct 29 16:28:47 2021

Your job looked like:

------------------------------------------------------------
# LSBATCH: User input


#BSUB -P final2_two
#BSUB -o final2_two_motif_coBinding_S3Norm_50bp/log_files/train4_%J_%I.out -e final2_two_motif_coBinding_S3Norm_50bp/log_files/train4_%J_%I.err
#BSUB -n 4
#BSUB -q priority
#BSUB -R "span[hosts=1] rusage[mem=15000]"
#BSUB -J "train4[1-1]"

#BSUB -w "ended(143735607)"

module purge

id=$LSB_JOBINDEX
COL1=`head -n $id /research/rgs01/home/clusterHome/yli11/HemTools/utils/../share/misc/sample.tsv|tail -n1|awk -F "	" '{print $1}'`
COL2=`head -n $id /research/rgs01/home/clusterHome/yli11/HemTools/utils/../share/misc/sample.tsv|tail -n1|awk -F "	" '{print $2}'`
COL3=`head -n $id /research/rgs01/home/clusterHome/yli11/HemTools/utils/../share/misc/sample.tsv|tail -n1|awk -F "	" '{print $3}'`
COL4=`head -n $id /research/rgs01/home/clusterHome/yli11/HemTools/utils/../share/misc/sample.tsv|tail -n1|awk -F "	" '{print $4}'`
COL5=`head -n $id /research/rgs01/home/clusterHome/yli11/HemTools/utils/../share/misc/sample.tsv|tail -n1|awk -F "	" '{print $5}'`
COL6=`head -n $id /research/rgs01/home/clusterHome/yli11/HemTools/utils/../share/misc/sample.tsv|tail -n1|awk -F "	" '{print $6}'`
COL7=`head -n $id /research/rgs01/home/clusterHome/yli11/HemTools/utils/../share/misc/sample.tsv|tail -n1|awk -F "	" '{print $7}'`
COL8=`head -n $id /research/rgs01/home/clusterHome/yli11/HemTools/utils/../share/misc/sample.tsv|tail -n1|awk -F "	" '{print $8}'`
COL9=`head -n $id /research/rgs01/home/clusterHome/yli11/HemTools/utils/../share/misc/sample.tsv|tail -n1|awk -F "	" '{print $9}'`
LINE=`head -n $id /research/rgs01/home/clusterHome/yli11/HemTools/utils/../share/misc/sample.tsv|tail -n1`

echo ${COL1}
echo ${COL2}
echo ${COL3}
echo ${COL4}
echo ${COL5}
echo ${COL6}

ncore=4
mem=15000
q=priority
module load java/10.0.2
Catchitt_path=/home/yli11/HemTools/share/script/jar/Catchitt-0.1.4b.jar
java -jar -Xmx40g ${Catchitt_path} itrain \
t=chr1,chr2,chr3,chr4,chr5,chr6,chr7,chr9,chr10,chr11,chr12,chr13,chr14,chr15,chr16,chr17,chr18,chr19 \
itc='chr1,chr2,chr3,chr4,chr12,chr13,chr14,chr15,chr16,chr17,chr18,chr19' \
threads=20 \
a=final2_two_motif_coBinding_S3Norm_50bp/ATAC/HPC5/Chromatin_accessibility.tsv.gz \
m=final2_two_motif_coBinding_S3Norm_50bp/Motif/NFIX.homer/Motif_scores.tsv.gz m=final2_two_motif_coBinding_S3Norm_50bp/Motif/PU1.homer/Motif_scores.tsv.gz \
l=final2_two_motif_coBinding_S3Norm_50bp/labels/Labels.tsv.gz \
f=/home/yli11/Data/Mouse/mm9/fasta/mm9_main.fa.fai \
i=5 \
abb=2 \
aba=6 \
p=0.2 \
b=50 outdir=final2_two_motif_coBinding_S3Norm_50bp/trained_model/model1_5_26_02

(... more ...)
------------------------------------------------------------

Successfully completed.

Resource usage summary:

    CPU time :                                   11037.58 sec.
    Max Memory :                                 2215 MB
    Average Memory :                             1181.02 MB
    Total Requested Memory :                     60000.00 MB
    Delta Memory :                               57785.00 MB
    Max Swap :                                   -
    Max Processes :                              4
    Max Threads :                                42
    Run time :                                   8776 sec.
    Turnaround time :                            15028 sec.

The output (if any) is above this job summary.



PS:

Read file <final2_two_motif_coBinding_S3Norm_50bp/log_files/train4_143735608_1.err> for stderr output of this job.

