a
b
c



GenDisMixClassifier with weights=[1.0, 0.0, 0.0]
optimizing 262 parameters
start 1:
Warning: Could not load UserTime. Using RealTime instead.
QUASI_NEWTON_BFGS
iteration	time	f(x)	delta	start distance	linesearch
0	0	13.027433245342733	0
1	0.522	1.0742358690028913	11.953197376339842	1.0E-4	5.526045109976099
2	0.878	0.5205645404704715	0.5536713285324197	1.0E-4	0.8075446458151055
3	1.252	0.3545719778139803	0.1659925626564912	1.0E-4	1.9356435008946011
4	1.479	0.3247321019631225	0.02983987585085779	1.0E-4	0.16878120539475966
5	1.763	0.26220143328050155	0.06253066868262097	1.0E-4	2.6369816635591254
6	1.978	0.22508090209221876	0.03712053118828279	1.0E-4	3.9765609851980965
7	2.197	0.19644981480693194	0.02863108728528682	1.0E-4	1.5449560343006299
8	2.45	0.1675540526103496	0.028895762196582325	1.0E-4	1.3883013584289319
9	2.703	0.15678241905658477	0.010771633553764842	1.0E-4	0.7350814389971061
10	2.948	0.1521881462456585	0.004594272810926281	1.0E-4	0.5155294862849875
11	3.275	0.14663551915989323	0.00555262708576526	1.0E-4	1.550835764667636
12	3.563	0.14203397873611656	0.004601540423776668	1.0E-4	1.7757302078603485
13	3.764	0.139059971836091	0.0029740069000255553	1.0E-4	1.7416842082501935
14	3.984	0.1355790646100275	0.0034809072260635066	1.0E-4	2.294017280322404
15	4.297	0.12999210239353434	0.005586962216493158	1.0E-4	2.763914025762962
16	4.569	0.1271596013627898	0.002832501030744533	1.0E-4	0.8968400027185971
17	4.839	0.12484448998648051	0.002315111376309298	1.0E-4	1.849195661909185
18	5.054	0.12263493828634177	0.0022095517001387427	1.0E-4	1.7957188661033483
19	5.316	0.12102072079963798	0.0016142174867037895	1.0E-4	1.1883891213635467
20	5.565	0.11887157604129686	0.0021491447583411177	1.0E-4	2.1009306204716416
21	5.836	0.11566308605773458	0.003208489983562282	1.0E-4	2.7365622203673747
22	6.099	0.11001495058332375	0.005648135474410829	1.0E-4	2.11466282462858
23	6.335	0.10550722500804112	0.004507725575282631	1.0E-4	2.004034956581636
24	6.502	0.1029065105323476	0.0026007144756935163	1.0E-4	1.3553517707176626
25	6.678	0.10122461278919116	0.0016818977431564408	1.0E-4	1.349076292653449
26	6.871	0.09797263966434261	0.0032519731248485534	1.0E-4	3.0266279907399234
27	7.077	0.09433681272729157	0.0036358269370510427	1.0E-4	2.3745577912455036
28	7.28	0.09282835139637491	0.0015084613309166578	1.0E-4	0.7143138394602442
29	7.479	0.09207074520547363	7.576061909012749E-4	1.0E-4	1.4126218612147323
30	7.768	0.09087937381040775	0.0011913713950658794	1.0E-4	3.249600140410451
31	7.985	0.08883861652527919	0.002040757285128564	1.0E-4	2.515862030719253
32	8.206	0.08723648223734892	0.001602134287930268	1.0E-4	2.1926498202506637
33	8.426	0.08665387252108264	5.826097162662802E-4	1.0E-4	0.7233123192219297
34	8.598	0.08589962232140887	7.542501996737755E-4	1.0E-4	1.5030298193664102
35	8.965	0.08526111600134814	6.385063200607249E-4	1.0E-4	2.0882052281899908
36	9.193	0.08475625848380251	5.048575175456288E-4	1.0E-4	2.153527711309746
37	9.448	0.08397308206486753	7.831764189349805E-4	1.0E-4	3.3222740529219257
38	9.665	0.0825913924448894	0.0013816896199781298	1.0E-4	2.3268605912880624
39	9.873	0.08207921280967138	5.121796352180186E-4	1.0E-4	1.1489376827227504
40	10.119	0.08189700256717948	1.8221024249190365E-4	1.0E-4	1.1391747668223073
41	10.407	0.08154421865834738	3.527839088321022E-4	1.0E-4	2.543348685902392
42	10.635	0.08133686998482716	2.073486735202218E-4	1.0E-4	1.717675067773142
43	10.934	0.08120132644260046	1.3554354222669596E-4	1.0E-4	1.8654763166046537
44	11.211	0.08104303713191267	1.5828931068778695E-4	1.0E-4	2.780730660909161
45	11.446	0.08059122081901679	4.5181631289588353E-4	1.0E-4	3.6312320103786204
46	11.673	0.08026059212965923	3.306286893575566E-4	1.0E-4	1.919505837277268
47	11.929	0.08010702849812441	1.535636315348199E-4	1.0E-4	1.3333355648940146
48	12.227	0.07998644903087636	1.2057946724805535E-4	1.0E-4	2.3645088937391
49	12.475	0.07977647594310398	2.099730877723749E-4	1.0E-4	4.645301342315706
50	12.698	0.0793325033091485	4.4397263395548614E-4	1.0E-4	4.387209631478164
51	12.907	0.07916131332690754	1.7118998224095738E-4	1.0E-4	1.566062065258442
52	13.158	0.07907150161886452	8.981170804302219E-5	1.0E-4	2.6077561530702753
53	13.39	0.07881468340854608	2.568182103184352E-4	1.0E-4	6.550013975686326
54	13.576	0.07835222671656708	4.6245669197900185E-4	1.0E-4	2.658365980731122
55	13.805	0.07825683790328518	9.538881328190196E-5	1.0E-4	1.2267733245967076
56	14.064	0.07821011903919957	4.671886408560977E-5	1.0E-4	1.9955452803927285
57	14.286	0.07811819568648534	9.192335271422658E-5	1.0E-4	3.661895623314602
58	14.498	0.07791316740759248	2.0502827889286313E-4	1.0E-4	2.5895764860151202
59	14.758	0.07779016574827033	1.2300165932215001E-4	1.0E-4	2.2940409437300073
60	15.028	0.07775841310433883	3.1752643931501345E-5	1.0E-4	1.3879541900775274
61	15.312	0.07773590775353188	2.2505350806945046E-5	1.0E-4	1.8542085320092847
62	15.57	0.077691231580015	4.4676173516888795E-5	1.0E-4	3.2413944443676206
63	15.845	0.07760024592852821	9.098565148678295E-5	1.0E-4	3.6262383064588226
64	16.114	0.07747927788101842	1.2096804750978685E-4	1.0E-4	2.6695103071162674
65	16.43	0.07741909950225548	6.017837876294563E-5	1.0E-4	1.1150110097419603
66	16.624	0.07739895605371434	2.0143448541135034E-5	1.0E-4	1.164000035790764
67	16.849	0.07738207638391378	1.687966980055966E-5	1.0E-4	2.248247312477402
68	17.122	0.07734005559069396	4.202079321982688E-5	1.0E-4	5.749162267739872
69	17.371	0.07724054699167461	9.950859901934617E-5	1.0E-4	4.685868487634121
70	17.626	0.07715399867320431	8.654831847029754E-5	1.0E-4	2.6781153829364945
71	17.859	0.0771377424780571	1.6256195147210106E-5	1.0E-4	1.544769894353273
72	18.138	0.07712018767342566	1.7554804631447762E-5	1.0E-4	3.658728528826278
73	18.433	0.07698570281663702	1.3448485678863031E-4	1.0E-4	9.820387178347792
74	18.647	0.07686366931963229	1.2203349700473654E-4	1.0E-4	2.6657181384113455
75	18.862	0.07682644705585538	3.722226377690652E-5	1.0E-4	1.9062193884660075
76	19.134	0.07680590913165936	2.053792419602629E-5	1.0E-4	3.4457534395414298
77	19.413	0.0766999789396165	1.0593019204285792E-4	1.0E-4	8.874911669718312
78	19.654	0.07657134991166133	1.2862902795517106E-4	1.0E-4	2.4927478975235933
79	19.857	0.07648144423305193	8.990567860939214E-5	1.0E-4	1.453176137504482
80	20.125	0.07646083172423222	2.0612508819711772E-5	1.0E-4	1.2577997904163511
81	20.393	0.0764506301150157	1.0201609216525798E-5	1.0E-4	3.563743528655554
82	20.675	0.07641676908345296	3.386103156273468E-5	1.0E-4	6.7914531574176875
83	20.969	0.07635775595886063	5.90131245923331E-5	1.0E-4	3.19907233069993
84	21.247	0.07631588919909589	4.186675976473875E-5	1.0E-4	1.8697151874686029
85	21.571	0.07629970458183505	1.6184617260842082E-5	1.0E-4	2.0207956599585515
86	21.845	0.07629337479253906	6.329789295989041E-6	1.0E-4	2.4834754805734907
87	22.174	0.07628461113778874	8.763654750318373E-6	1.0E-4	5.025728369198496
88	22.491	0.07624336171319333	4.124942459540759E-5	1.0E-4	10.088786683962855
89	22.76	0.07619974953242929	4.361218076404105E-5	1.0E-4	2.5155322975979466
90	23.053	0.07618543565603422	1.4313876395069536E-5	1.0E-4	2.3400749013690407
91	23.315	0.07617842022239393	7.015433640289448E-6	1.0E-4	2.8634639489545957
92	23.608	0.07616681366672233	1.1606555671603291E-5	1.0E-4	4.629550423996665
93	23.824	0.07615603865201154	1.0775014710792674E-5	1.0E-4	2.2238958445846944
94	24.063	0.07614277699446148	1.3261657550056594E-5	1.0E-4	3.6792769895536117
95	24.387	0.07609199435700942	5.0782637452062573E-5	1.0E-4	5.705748315135094
96	24.673	0.07604166277676945	5.0331580239967866E-5	1.0E-4	2.5658619537035925
97	24.903	0.07601315716452992	2.850561223953496E-5	1.0E-4	2.1216401312711217
98	25.131	0.0760034469886205	9.710175909422025E-6	1.0E-4	1.3903697580623133
99	25.34	0.07599535973815891	8.087250461585871E-6	1.0E-4	2.4664252040517587
100	25.608	0.07596508130322899	3.0278434929920106E-5	1.0E-4	7.671808724814199
101	25.83	0.07591002230981626	5.50589934127238E-5	1.0E-4	3.4027223328745264
102	26.081	0.07588786218909928	2.2160120716985254E-5	1.0E-4	1.566064032890457
103	26.343	0.07588383902554695	4.023163552330233E-6	1.0E-4	1.107059054532893
104	26.571	0.07588104598416898	2.793041377971428E-6	1.0E-4	2.420422743516094
105	26.8	0.07587684547070758	4.200513461394273E-6	1.0E-4	4.9768309609340395
106	27.014	0.07584919802178676	2.7647448920822826E-5	1.0E-4	12.412654310875386
107	27.223	0.0758231073226018	2.6090699184966315E-5	1.0E-4	2.5508392998856633
108	27.446	0.07581416716271146	8.94015989033603E-6	1.0E-4	1.8526818352741719
109	27.638	0.07580967428121352	4.4928814979389164E-6	1.0E-4	2.206538972626515
110	27.857	0.07580590558253827	3.7686986752438756E-6	1.0E-4	2.9125308413308395
111	28.128	0.07579584792345913	1.0057659079146242E-5	1.0E-4	5.243855184212958
112	28.367	0.0757708115022769	2.5036421182234037E-5	1.0E-4	3.7321437155464294
113	28.562	0.07574807336532881	2.273813694808613E-5	1.0E-4	1.860361281580096
114	28.75	0.07574302624839196	5.047116936843232E-6	1.0E-4	1.0327297651224783
115	28.933	0.07574129138898258	1.7348594093802294E-6	1.0E-4	1.8110210760445502
116	29.167	0.07573865741442563	2.633974556950913E-6	1.0E-4	3.653956673381342
117	29.407	0.07572535949164395	1.329792278167985E-5	1.0E-4	6.157220380367557
118	29.602	0.07568582148980196	3.953800184199052E-5	1.0E-4	4.211368007530796
119	29.791	0.07567937282870171	6.448661100250108E-6	1.0E-4	1.3308555569285465
120	29.991	0.07567646014243	2.9126862717138158E-6	1.0E-4	2.707988201767749
121	30.164	0.07567218978233914	4.27036009086057E-6	1.0E-4	3.5377890310900675
122	30.367	0.07566152179086552	1.066799147361741E-5	1.0E-4	5.808650001031457
123	30.548	0.07561781773682258	4.370405404294231E-5	1.0E-4	6.234221141603949
124	30.719	0.07560442669193258	1.3391044889995984E-5	1.0E-4	1.5438695046998172
125	30.892	0.07560212605063331	2.3006412992743197E-6	1.0E-4	1.5161785452131773
126	31.092	0.07560047137820058	1.6546724327243245E-6	1.0E-4	2.1727109305466388
127	31.307	0.07559655948521883	3.911892981753318E-6	1.0E-4	4.897793970669411
128	31.51	0.07557195632243253	2.4603162786296373E-5	1.0E-4	10.253875159088441
129	31.745	0.07551791495441115	5.404136802138193E-5	1.0E-4	3.518538122291932
130	31.968	0.07550289479993957	1.5020154471578895E-5	1.0E-4	1.3994080916386185
131	32.249	0.07550095915427939	1.935645660186558E-6	1.0E-4	1.3716588038727349
132	32.486	0.07549903090332057	1.9282509588214314E-6	1.0E-4	3.423240537845548
133	32.724	0.07549188644792432	7.144455396249083E-6	1.0E-4	5.704747342812768
134	32.962	0.075463094402699	2.8792045225323193E-5	1.0E-4	5.25318192330753
135	33.261	0.07542386101124837	3.9233391450621546E-5	1.0E-4	2.0796746396442845
136	33.57	0.07540760764975664	1.6253361491733176E-5	1.0E-4	1.1662537288106034
137	33.774	0.07540262808487952	4.97956487711948E-6	1.0E-4	1.1705402046161246
138	33.964	0.07540126969629106	1.3583885884599356E-6	1.0E-4	1.159788889886668
139	34.225	0.07540001996657839	1.2497297126740081E-6	1.0E-4	1.837902727447829
140	34.535	0.07539451701309854	5.5029534798411994E-6	1.0E-4	5.71157078393687
141	34.775	0.07537293546898073	2.158154411781299E-5	1.0E-4	5.652266943257556
142	34.988	0.07534643242637856	2.6503042602168958E-5	1.0E-4	2.422864266334937
143	35.193	0.07530798977619883	3.844265017972914E-5	1.0E-4	2.9201231815114266
144	35.391	0.07525714200888732	5.084776731151264E-5	1.0E-4	1.8009158553395075
145	35.558	0.07523495033326269	2.2191675624630425E-5	1.0E-4	0.8100696225815402
146	35.734	0.07522552404423137	9.42628903131959E-6	1.0E-4	0.9892968336428587
147	35.934	0.07522242439993361	3.09964429776044E-6	1.0E-4	0.9549884882568083
148	36.164	0.07522079723729222	1.6271626413905116E-6	1.0E-4	1.6460380381079516
149	36.399	0.0752176544895069	3.1427477853174235E-6	1.0E-4	3.2168990456555013
150	36.618	0.07520908656745914	8.56792204775858E-6	1.0E-4	3.8359835769971027
151	36.844	0.07518824440801075	2.0842159448392072E-5	1.0E-4	3.8946077351036577
152	37.074	0.0751504085445302	3.78358634805509E-5	1.0E-4	2.739892915143518
153	37.301	0.0751273642522205	2.3044292309704062E-5	1.0E-4	1.570169832358661
154	37.53	0.07512238097402416	4.983278196341034E-6	1.0E-4	0.9669126596737843
155	37.733	0.07512147616098626	9.048130378969121E-7	1.0E-4	1.1335601382569493
best = -0.07512147616098626
GenDisMixClassifier with weights=[1.0, 0.0, 0.0]
optimizing 262 parameters
start 1:
Warning: Could not load UserTime. Using RealTime instead.
QUASI_NEWTON_BFGS
iteration	time	f(x)	delta	start distance	linesearch
0	0	4.603088720647529	0
1	0.502	1.3914814752829903	3.2116072453645383	1.0E-4	3.7573280529327815
2	0.755	1.3854954221144171	0.005986053168573147	1.0E-4	0.011005425037808858
3	1.211	0.7204562224897436	0.6650391996246735	1.0E-4	5.63662571607457
4	1.542	0.6755228972661995	0.044933325223544096	1.0E-4	0.18655409052627292
5	1.927	0.5511420081771775	0.124380889089022	1.0E-4	0.9702597724764419
6	2.314	0.4760841415437721	0.07505786663340541	1.0E-4	3.0291922993416294
7	2.682	0.4390877050492577	0.036996436494514395	1.0E-4	0.8680572654651285
8	3.111	0.3362478272909121	0.10283987775834558	1.0E-4	3.082320065889341
9	3.399	0.28346418660626865	0.052783640684643474	1.0E-4	1.6010099923761671
10	3.617	0.26797323011490404	0.015490956491364616	1.0E-4	1.1800052618124617
11	3.862	0.24749468484428294	0.020478545270621096	1.0E-4	1.3866736907418324
12	4.088	0.23227324677992633	0.015221438064356607	1.0E-4	0.9340209880085468
13	4.327	0.2212757446821995	0.010997502097726847	1.0E-4	1.5157858262937436
14	4.559	0.21291197506230078	0.008363769619898709	1.0E-4	1.0997540383331657
15	4.796	0.20497066444417464	0.00794131061812614	1.0E-4	1.882522319884374
16	5.049	0.19034025922160738	0.014630405222567255	1.0E-4	2.3224520032722618
17	5.294	0.17966416199882732	0.010676097222780068	1.0E-4	1.7826073700669463
18	5.503	0.17435143268892142	0.005312729309905895	1.0E-4	0.4487956980078184
19	5.753	0.16867379830150797	0.005677634387413449	1.0E-4	1.1021457711628162
20	6.01	0.1671493675110011	0.0015244307905068755	1.0E-4	1.1315792110687666
21	6.286	0.16510808057652546	0.002041286934475639	1.0E-4	1.0927686206738239
22	6.532	0.1616639789708756	0.0034441016056498686	1.0E-4	2.138550118163586
23	6.746	0.16009496221422853	0.001569016756647057	1.0E-4	0.44059415961739246
24	7.011	0.15688493133753859	0.0032100308766899455	1.0E-4	1.3875141860086375
25	7.263	0.1540712825156618	0.0028136488218767908	1.0E-4	0.7185897405867459
26	7.539	0.15269784315533613	0.0013734393603256623	1.0E-4	0.717037676201659
27	7.947	0.15159203545060895	0.0011058077047271797	1.0E-4	1.7666790768979
28	8.198	0.151240249787028	3.517856635809613E-4	1.0E-4	0.46516426913168424
29	8.422	0.15027719729985334	9.630524871746537E-4	1.0E-4	0.17867976727461754
30	8.651	0.14923765900084907	0.0010395382990042723	1.0E-4	3.064716189297871
31	8.932	0.1484821694860841	7.554895147649787E-4	1.0E-4	1.3588488076222822
32	9.151	0.14765060910578826	8.315603802958316E-4	1.0E-4	0.2758698998178928
33	9.411	0.14652440747227474	0.0011262016335135128	1.0E-4	1.4126180170778078
34	9.688	0.14526858171615636	0.0012558257561183783	1.0E-4	2.226661899221791
35	9.977	0.14460571168099354	6.628700351628269E-4	1.0E-4	2.2588649460709513
36	10.262	0.1442221848722997	3.8352680869382927E-4	1.0E-4	2.4276453118607435
37	10.639	0.1434265866916472	7.955981806525014E-4	1.0E-4	4.498317467143094
38	10.987	0.14304396982301612	3.82616868631086E-4	1.0E-4	1.4833935995371736
39	11.246	0.14288328676993234	1.6068305308378217E-4	1.0E-4	1.0829585279132095
40	11.522	0.14256507406145155	3.182127084807862E-4	1.0E-4	2.134138448384669
41	11.786	0.1424255372333367	1.3953682811485013E-4	1.0E-4	1.5393509209180656
42	12.103	0.14225812629724646	1.6741093609023983E-4	1.0E-4	4.912143824564586
43	12.477	0.14203944803425772	2.1867826298874182E-4	1.0E-4	2.372639432618145
44	12.832	0.14183532717531885	2.0412085893886656E-4	1.0E-4	2.434069738042654
45	13.188	0.14158517295395598	2.501542213628749E-4	1.0E-4	2.6367987822758803
46	13.502	0.14141715996304305	1.680129909129302E-4	1.0E-4	2.513522516057996
47	13.867	0.1411357231890143	2.814367740287538E-4	1.0E-4	3.4879118025577207
48	14.32	0.1409108788542895	2.2484433472480525E-4	1.0E-4	2.3844115357104743
49	14.67	0.14057236620736502	3.3851264692447147E-4	1.0E-4	3.4639416756603754
50	14.972	0.14015653941876755	4.1582678859747313E-4	1.0E-4	1.8642088724097825
51	15.278	0.14004639769058708	1.1014172818046841E-4	1.0E-4	0.6048260336832432
52	15.642	0.13994343659119166	1.0296109939542109E-4	1.0E-4	0.6009831790664468
53	15.993	0.13983453138907906	1.0890520211259691E-4	1.0E-4	1.0144109534660206
54	16.249	0.13967895451339146	1.5557687568759637E-4	1.0E-4	0.8783790235738422
55	16.549	0.13954379976963124	1.3515474376021852E-4	1.0E-4	2.0861051805239397
56	16.969	0.13937978432701675	1.640154426144902E-4	1.0E-4	2.6070627730010982
57	17.337	0.13922075864594058	1.5902568107617476E-4	1.0E-4	2.1999105226448328
58	17.628	0.13911981620710373	1.009424388368485E-4	1.0E-4	1.609109930776938
59	18.034	0.13905479007107904	6.502613602468732E-5	1.0E-4	1.0159168986165583
60	18.409	0.13891297436621183	1.4181570486720974E-4	1.0E-4	1.8841626452596778
61	18.782	0.1388152750434428	9.769932276904036E-5	1.0E-4	1.2209912302375376
62	19.146	0.1387154095118299	9.986553161289713E-5	1.0E-4	1.1901661419724197
63	19.515	0.1386305435698626	8.486594196729924E-5	1.0E-4	1.7504577668505685
64	19.795	0.1385584138509738	7.212971888878594E-5	1.0E-4	1.4899347143844255
65	20.131	0.1384301401486385	1.282737023353131E-4	1.0E-4	2.448809062523807
66	20.483	0.13827892704918884	1.512130994496541E-4	1.0E-4	1.837390451092607
67	20.77	0.13811724327260516	1.6168377658368205E-4	1.0E-4	1.8507826828380007
68	21.098	0.13800471346487608	1.1252980772907817E-4	1.0E-4	1.8606464919859154
69	21.439	0.13789204360883967	1.126698560364181E-4	1.0E-4	1.7410236866596862
70	21.721	0.13778366374242992	1.0837986640974129E-4	1.0E-4	1.9979567127838231
71	22.136	0.13771430503561682	6.935870681309964E-5	1.0E-4	2.056715910240225
72	22.416	0.1376679671952647	4.633784035212862E-5	1.0E-4	1.2745566234499541
73	22.74	0.13762431838818537	4.364880707932728E-5	1.0E-4	1.4962477574323518
74	23.124	0.13758744244100865	3.6875947176717716E-5	1.0E-4	2.1178607379156507
75	23.48	0.13750493624142904	8.25061995796128E-5	1.0E-4	3.4059411088113984
76	23.915	0.13743792981166544	6.700642976359417E-5	1.0E-4	2.5812779073727343
77	24.363	0.13739675829690692	4.11715147585201E-5	1.0E-4	2.4174186564157707
78	24.751	0.13732776839826064	6.89898986462878E-5	1.0E-4	2.971234881310957
79	25.138	0.1372374045566439	9.036384161673072E-5	1.0E-4	2.664801439695091
80	25.477	0.13717022232024612	6.71822363977892E-5	1.0E-4	3.1409584927150545
81	25.811	0.13713112128123373	3.910103901239026E-5	1.0E-4	2.6335916621257907
82	26.144	0.13708313124365154	4.799003758218512E-5	1.0E-4	3.0343305903266375
83	26.457	0.13701784988509663	6.528135855490835E-5	1.0E-4	2.2032514854628773
84	26.787	0.13695511788691947	6.273199817716235E-5	1.0E-4	2.6543739766331225
85	27.08	0.1369086989742905	4.6418912628964915E-5	1.0E-4	2.3951129892040535
86	27.388	0.13688941919113892	1.9279783151582297E-5	1.0E-4	2.167664293074829
87	27.877	0.13685221990041452	3.719929072440453E-5	1.0E-4	4.299237984370635
88	28.254	0.13683045139135244	2.1768509062075614E-5	1.0E-4	1.3919813210158216
89	28.598	0.13681873897665622	1.1712414696218865E-5	1.0E-4	1.971817904818086
90	28.976	0.13680216243662113	1.6576540035090348E-5	1.0E-4	2.8002204928533305
91	29.352	0.1367864967240235	1.5665712597645598E-5	1.0E-4	2.2642062641226723
92	29.755	0.13677472397579993	1.177274822355967E-5	1.0E-4	2.719105314596794
93	30.081	0.13676385098585073	1.087298994920105E-5	1.0E-4	3.491766325410308
94	30.44	0.13674829789674647	1.5553089104253237E-5	1.0E-4	3.1925558450930915
95	30.762	0.13671421332517142	3.4084571575054845E-5	1.0E-4	4.171310149034097
96	31.112	0.1367002518298945	1.3961495276909597E-5	1.0E-4	1.625361204270019
97	31.462	0.13669126255042133	8.989279473181622E-6	1.0E-4	2.9129191758389177
98	31.828	0.13667372499232566	1.753755809566493E-5	1.0E-4	3.768435630856068
99	32.265	0.1366296198026952	4.4105189630466723E-5	1.0E-4	3.3918304236921983
100	32.725	0.13657956971247726	5.005009021794016E-5	1.0E-4	1.9150696785926633
101	33.088	0.13656440803635206	1.5161676125197143E-5	1.0E-4	2.149629268400374
102	33.54	0.13652345184161252	4.095619473953871E-5	1.0E-4	7.244414841927529
103	33.849	0.1364227140724474	1.0073776916511012E-4	1.0E-4	3.741864763657219
104	34.24	0.1363542182317238	6.84958407236036E-5	1.0E-4	1.9102260376970523
105	34.659	0.13631371371545042	4.050451627338192E-5	1.0E-4	1.9068816389681293
106	35.037	0.13628766311779195	2.6050597658477948E-5	1.0E-4	2.0565838304514608
107	35.37	0.13624392783832986	4.3735279462081555E-5	1.0E-4	2.9133114799070308
108	35.742	0.13612170592009692	1.2222191823293982E-4	1.0E-4	2.8507676769009644
109	36.14	0.13598425405056094	1.3745186953598165E-4	1.0E-4	2.1479397733663
110	36.601	0.13593846430436773	4.578974619320886E-5	1.0E-4	1.0195398870741845
111	36.993	0.13590437550737772	3.408879699001721E-5	1.0E-4	1.2137191110623946
112	37.364	0.1358757337320658	2.864177531192169E-5	1.0E-4	1.8578251381025166
113	37.686	0.135862047212858	1.3686519207800618E-5	1.0E-4	0.3718401789051227
114	37.986	0.13582007224153372	4.197497132427119E-5	1.0E-4	1.9477037096737373
115	38.387	0.13574222086200496	7.785137952875942E-5	1.0E-4	1.8473204046902545
116	38.798	0.13566521042964808	7.701043235688876E-5	1.0E-4	1.5492777182253763
117	39.104	0.13562759260387589	3.7617825772190416E-5	1.0E-4	0.7491599934759717
118	39.518	0.13556271247281806	6.488013105782064E-5	1.0E-4	1.9428610946000915
119	39.865	0.13551086473081708	5.184774200098219E-5	1.0E-4	1.3408720675009314
120	40.24	0.13544716358418712	6.370114662995752E-5	1.0E-4	1.839656772399844
121	40.573	0.13539668645677475	5.047712741237942E-5	1.0E-4	1.1361513327025499
122	40.939	0.135263815686418	1.3287077035675776E-4	1.0E-4	2.2970201598888607
123	41.31	0.13512322663655094	1.4058904986705145E-4	1.0E-4	1.8880287870804953
124	41.691	0.13503646612762593	8.676050892500453E-5	1.0E-4	1.0481793143116265
125	41.985	0.13498386232773532	5.260379989061037E-5	1.0E-4	0.6379454136720499
126	42.332	0.13491865782803636	6.520449969896203E-5	1.0E-4	0.8116130798043116
127	42.701	0.1348374499457031	8.120788233326182E-5	1.0E-4	0.9883329954288484
128	43.097	0.13476140527107078	7.604467463231956E-5	1.0E-4	0.8423117922366797
129	43.422	0.13471941119700515	4.199407406563216E-5	1.0E-4	0.42445998634079213
130	43.804	0.13457096916511865	1.4844203188649208E-4	1.0E-4	2.2308998531818363
131	44.189	0.1343083147715569	2.626543935617398E-4	1.0E-4	2.474329174534402
132	44.495	0.1342522488873439	5.6065884213002404E-5	1.0E-4	0.2973837400921869
133	44.779	0.13412352766178307	1.287212255608461E-4	1.0E-4	0.5617496649960507
134	45.078	0.13405226191567035	7.126574611271419E-5	1.0E-4	0.6937705773645529
135	45.38	0.13392191014056137	1.3035177510897777E-4	1.0E-4	0.49001633063643807
136	45.684	0.13363134926459905	2.905608759623257E-4	1.0E-4	1.1491070386953237
137	45.969	0.13317135448668016	4.599947779188873E-4	1.0E-4	1.4515589937881157
138	46.185	0.1331206703055619	5.068418111825457E-5	1.0E-4	0.12492978058267691
139	46.478	0.13298327461820336	1.3739568735854357E-4	1.0E-4	0.3468048441847731
140	46.686	0.13287999040403195	1.0328421417141187E-4	1.0E-4	0.18649157828122165
141	46.96	0.1328160205832338	6.396982079814872E-5	1.0E-4	0.979482321782952
142	47.287	0.13270429698825903	1.1172359497477191E-4	1.0E-4	1.6076093112227772
143	47.642	0.13260495869173503	9.933829652400417E-5	1.0E-4	1.0877513697468293
144	47.944	0.13248543607875884	1.1952261297618061E-4	1.0E-4	1.2643625598402302
145	48.269	0.13232959571126027	1.5584036749857755E-4	1.0E-4	1.207445320370624
146	48.683	0.13217545513764345	1.5414057361681777E-4	1.0E-4	1.7722728919465585
147	48.996	0.13208358588544045	9.18692522030029E-5	1.0E-4	0.865830516279173
148	49.345	0.13196847078375323	1.1511510168721317E-4	1.0E-4	2.134191214828728
149	49.742	0.13185008186130484	1.183889224483925E-4	1.0E-4	1.9537129427395747
150	50.076	0.13178942916676087	6.065269454397226E-5	1.0E-4	0.5629901576259285
151	50.478	0.13173040531063054	5.902385613032468E-5	1.0E-4	0.40625735681009273
152	50.849	0.13160939214908374	1.2101316154680686E-4	1.0E-4	1.6748915643885705
153	51.208	0.13150015279157587	1.0923935750786762E-4	1.0E-4	1.588566077833663
154	51.577	0.13142122895042652	7.892384114935314E-5	1.0E-4	1.6719640229428423
155	51.95	0.13137274650012515	4.848245030136811E-5	1.0E-4	2.2225769569620626
156	52.306	0.13132144116688044	5.130533324471109E-5	1.0E-4	2.298813279752934
157	52.67	0.13117908595153258	1.4235521534786133E-4	1.0E-4	3.6181092549614116
158	53.026	0.1310797593724456	9.93265790869835E-5	1.0E-4	1.9357520445424494
159	53.441	0.13103606252272676	4.369684971883281E-5	1.0E-4	2.291793133049882
160	53.939	0.13094281887619943	9.324364652732453E-5	1.0E-4	4.086791453423984
161	54.34	0.13084688396519598	9.593491100345908E-5	1.0E-4	1.5904067246529638
162	54.715	0.13079438681390207	5.249715129390653E-5	1.0E-4	1.551060238759471
163	55.044	0.13073676810882226	5.7618705079809374E-5	1.0E-4	2.5401114318812534
164	55.338	0.13069711832623135	3.964978259091145E-5	1.0E-4	1.1301279052985262
165	55.616	0.1306542137277299	4.290459850145312E-5	1.0E-4	1.594233899233982
166	55.894	0.13063026699192598	2.394673580391471E-5	1.0E-4	1.3954434168551946
167	56.097	0.13061827542772633	1.1991564199648197E-5	1.0E-4	0.17196808972931418
168	56.351	0.13058276596780266	3.5509459923671605E-5	1.0E-4	2.316514751304598
169	56.634	0.13056073340674568	2.2032561056983813E-5	1.0E-4	1.6571482276169602
170	56.889	0.13053972054533772	2.101286140795966E-5	1.0E-4	3.248434542767729
171	57.19	0.1304865321376974	5.318840764031996E-5	1.0E-4	4.618564071409034
172	57.47	0.1304307199334641	5.581220423328537E-5	1.0E-4	2.711084333711985
173	57.751	0.13040637813391703	2.434179954707849E-5	1.0E-4	1.737433393922887
174	58.022	0.13039047597095632	1.5902162960712563E-5	1.0E-4	1.6494727035828343
175	58.335	0.13036828838053802	2.2187590418304426E-5	1.0E-4	3.621758929662905
176	58.832	0.13031983025170787	4.845812883014222E-5	1.0E-4	4.223242708982685
177	59.172	0.1302985731545251	2.1257097182786344E-5	1.0E-4	1.403281473486199
178	59.58	0.13028702533551556	1.1547819009527505E-5	1.0E-4	1.79612138650791
179	60.111	0.13027583000763657	1.1195327878993355E-5	1.0E-4	2.152158597701428
180	60.419	0.13026823397861698	7.596029019590889E-6	1.0E-4	0.8486750381525138
181	60.706	0.1302449147163434	2.3319262273585606E-5	1.0E-4	2.3751872627541677
182	61.141	0.13021571657003164	2.9198146311748552E-5	1.0E-4	2.8821300717241622
183	61.516	0.13021024498522737	5.47158480426746E-6	1.0E-4	0.26257467961499414
184	61.91	0.13018284903268112	2.7395952546249713E-5	1.0E-4	2.9438778457675547
185	62.325	0.1301401663187229	4.2682713958214213E-5	1.0E-4	3.5017680265847497
186	62.7	0.13012507204259177	1.5094276131139006E-5	1.0E-4	0.5353518156532476
187	63.021	0.1300978532267211	2.7218815870672097E-5	1.0E-4	1.7158821496262857
188	63.353	0.1300769915310928	2.08616956282881E-5	1.0E-4	1.782027983886976
189	63.754	0.13006041008858008	1.658144251273641E-5	1.0E-4	2.022650506472089
190	64.064	0.13004756420744826	1.2845881131817727E-5	1.0E-4	1.35122493333238
191	64.571	0.13001721482431974	3.0349383128513985E-5	1.0E-4	4.214077101190413
192	64.958	0.1299977566366962	1.9458187623555556E-5	1.0E-4	1.8474184681271488
193	65.285	0.12998837715471298	9.37948198320715E-6	1.0E-4	1.7709453115789882
194	65.731	0.12995897885883864	2.9398295874338842E-5	1.0E-4	5.8940457452248
195	66.12	0.12993529125438658	2.368760445206619E-5	1.0E-4	2.17178156851702
196	66.491	0.12992197008144052	1.3321172946056947E-5	1.0E-4	1.5907835435643038
197	66.88	0.1299146558583515	7.314223089027738E-6	1.0E-4	1.4976230507835504
198	67.229	0.12991087734699752	3.778511353969005E-6	1.0E-4	2.0937358769894465
199	67.641	0.12990560777611534	5.269570882177055E-6	1.0E-4	2.762460075475888
200	68.014	0.1298964308921294	9.176883985939632E-6	1.0E-4	2.65504236618062
201	68.351	0.1298895298607162	6.901031413208969E-6	1.0E-4	1.7291786439005845
202	68.826	0.12988475507889116	4.774781825034324E-6	1.0E-4	2.7353678046832974
203	69.241	0.12986892900260494	1.58260762862239E-5	1.0E-4	5.453031321751345
204	69.651	0.12985759486509366	1.1334137511281872E-5	1.0E-4	1.7621697005645558
205	69.992	0.12985397924445227	3.6156206413839875E-6	1.0E-4	0.9430223484774497
206	70.276	0.1298479768343097	6.002410142563752E-6	1.0E-4	1.8845459059635286
207	70.789	0.12983365398470625	1.4322849603454202E-5	1.0E-4	4.429403953165055
208	71.138	0.12981555920474047	1.809477996578268E-5	1.0E-4	3.4706735375463715
209	71.518	0.12980783666004728	7.722544693195E-6	1.0E-4	1.2873647600946028
210	71.986	0.12980138354214624	6.45311790103964E-6	1.0E-4	1.4500907309228308
211	72.389	0.12979318889544872	8.194646697518015E-6	1.0E-4	3.1716686075615312
212	72.783	0.12978541502192267	7.77387352604575E-6	1.0E-4	2.6998718157285033
213	73.157	0.12977356625661343	1.1848765309241394E-5	1.0E-4	3.276276399912163
214	73.578	0.1297447983481308	2.876790848263533E-5	1.0E-4	3.7286923065074924
215	73.908	0.12970233807775935	4.246027037144162E-5	1.0E-4	2.4932704875582337
216	74.401	0.12968484551431045	1.7492563448906484E-5	1.0E-4	2.0334271078857475
217	74.763	0.12967586068104192	8.98483326852717E-6	1.0E-4	1.9404225327210374
218	75.106	0.12966864153329044	7.21914775148047E-6	1.0E-4	2.2572500152713233
219	75.431	0.12964827454404537	2.0366989245068634E-5	1.0E-4	4.484275066885273
220	75.734	0.12963443929125096	1.383525279441411E-5	1.0E-4	1.341625112320369
221	76.066	0.12962258334527685	1.185594597410966E-5	1.0E-4	1.4842469329551295
222	76.448	0.12961699919014938	5.584155127469348E-6	1.0E-4	1.6331368129106019
223	76.794	0.12961382553491962	3.173655229754546E-6	1.0E-4	0.4711714921110133
224	77.219	0.12960736404300865	6.4614919109695634E-6	1.0E-4	1.7710783995850137
225	77.578	0.12959929600742687	8.06803558178748E-6	1.0E-4	2.7500898268595395
226	77.919	0.12959261562252586	6.680384901008862E-6	1.0E-4	1.931200998508618
227	78.238	0.1295892196731414	3.395949384449315E-6	1.0E-4	1.6482241499658745
228	78.569	0.12958365062646243	5.569046678977063E-6	1.0E-4	3.515403067188443
229	78.928	0.12956769303863047	1.5957587831960662E-5	1.0E-4	3.972921193475149
230	79.247	0.12955517765500574	1.2515383624733811E-5	1.0E-4	1.8027789667449514
231	79.644	0.12955012371457975	5.053940425991943E-6	1.0E-4	1.9296890501950743
232	80.054	0.12954818507327814	1.93864130160204E-6	1.0E-4	1.9176261673801167
233	80.457	0.12954700112867315	1.18394460499327E-6	1.0E-4	1.7100451184097851
234	80.856	0.12954526005338612	1.7410752870261614E-6	1.0E-4	2.100887952261643
235	81.238	0.1295394130864667	5.846966919437202E-6	1.0E-4	4.305662879171866
236	81.532	0.12953466186860704	4.7512178596442745E-6	1.0E-4	1.9347324820101346
237	81.835	0.1295333621186399	1.2997499671540957E-6	1.0E-4	0.9067364456672692
238	82.152	0.1295318593856831	1.5027329567929293E-6	1.0E-4	1.649569506164155
239	82.428	0.12952841393025502	3.4454554280749505E-6	1.0E-4	4.943942633059359
240	82.815	0.12951280836766146	1.5605562593556943E-5	1.0E-4	5.972484737331116
241	83.157	0.12949134058762074	2.1467780040723694E-5	1.0E-4	3.127847811912093
242	83.583	0.12948446777207295	6.87281554778707E-6	1.0E-4	1.8010577505169412
243	83.944	0.12948297425472594	1.4935173470176366E-6	1.0E-4	1.2511314311559871
244	84.216	0.12948169986985567	1.2743848702700955E-6	1.0E-4	0.9779226954416639
245	84.611	0.1294800827763461	1.6170935095705108E-6	1.0E-4	2.2565926599371675
246	84.975	0.1294771705261227	2.912250223391366E-6	1.0E-4	1.8130746494157353
247	85.324	0.12946813839248325	9.032133639452766E-6	1.0E-4	3.944137670419714
248	85.664	0.12945666490476243	1.147348772082002E-5	1.0E-4	2.187095103962543
249	86.045	0.12945138037737544	5.284527386989479E-6	1.0E-4	0.8986290579419666
250	86.355	0.1294494162110844	1.9641662910296898E-6	1.0E-4	0.9545875517399227
251	86.664	0.12944833621215363	1.0799989307863633E-6	1.0E-4	1.7852020006607157
252	87.048	0.1294471198616859	1.2163504677364934E-6	1.0E-4	3.6740620047467782
253	87.426	0.1294453117511636	1.808110522277806E-6	1.0E-4	4.004468621608545
254	87.807	0.12943814096900388	7.170782159726663E-6	1.0E-4	6.688910413218224
255	88.185	0.12942938171607754	8.759252926343608E-6	1.0E-4	1.8940033918455756
256	88.595	0.12942428685735577	5.0948587217714E-6	1.0E-4	1.2255879789488122
257	89.003	0.12942269770316667	1.5891541891022154E-6	1.0E-4	1.3971114532426263
258	89.342	0.12942183859358983	8.591095768395451E-7	1.0E-4	1.8036331696422867
best = -0.12942183859358983
GenDisMixClassifier with weights=[1.0, 0.0, 0.0]
optimizing 262 parameters
start 1:
Warning: Could not load UserTime. Using RealTime instead.
QUASI_NEWTON_BFGS
iteration	time	f(x)	delta	start distance	linesearch
0	0	6.072787633849597	0
1	0.43	5.484031497792682	0.5887561360569151	1.0E-4	0.5294547861276414
2	0.863	0.6546540706624436	4.829377427130238	1.0E-4	0.44754666788218855
3	1.38	0.5412860170355704	0.11336805362687319	1.0E-4	5.391750124113506
4	1.703	0.4761429850602802	0.06514303197529026	1.0E-4	0.029215906343496783
5	2.146	0.3936494853167347	0.08249349974354547	1.0E-4	0.7775573123103476
6	2.573	0.3455556536069051	0.048093831709829615	1.0E-4	0.7605010019818287
7	3.017	0.3134034914705928	0.03215216213631228	1.0E-4	1.2006902091909333
8	3.445	0.299333684345677	0.014069807124915845	1.0E-4	0.4841822364941796
9	3.92	0.2731179588938164	0.026215725451860572	1.0E-4	2.25821662299257
10	4.394	0.26033958513984923	0.012778373753967176	1.0E-4	1.0631537763053962
11	4.853	0.24502422955424188	0.015315355585607343	1.0E-4	1.7575625383226579
12	5.282	0.23845109547827073	0.006573134075971154	1.0E-4	0.7525095297591519
13	5.682	0.22879386772561525	0.009657227752655484	1.0E-4	0.25105469764846017
14	6.122	0.22322132391123176	0.0055725438143834904	1.0E-4	1.0389118317688566
15	6.592	0.20902100456654663	0.01420031934468513	1.0E-4	2.254871037792232
16	7.078	0.19860836075582475	0.010412643810721878	1.0E-4	0.6110859571272083
17	7.506	0.1921718388714939	0.006436521884330859	1.0E-4	1.0335750578354852
18	7.948	0.18916088678217177	0.0030109520893221164	1.0E-4	0.41420288096476215
19	8.464	0.186354126573713	0.0028067602084587695	1.0E-4	2.0349940292860076
20	8.921	0.18453325395780082	0.0018208726159121835	1.0E-4	0.6001595598801333
21	9.425	0.17799310062613322	0.006540153331667603	1.0E-4	1.6579967999405971
22	9.968	0.17597446283739968	0.0020186377887335405	1.0E-4	1.3863360519897245
23	10.426	0.1744049500628023	0.0015695127745973814	1.0E-4	0.7749908608528285
24	10.76	0.17352579057363646	8.791594891658372E-4	1.0E-4	0.8781713553821767
25	11.023	0.17200622567144747	0.0015195649021889912	1.0E-4	0.8374880115399898
26	11.352	0.1701586576654498	0.0018475680059976685	1.0E-4	2.2511847201548467
27	11.686	0.16868806866411692	0.0014705890013328726	1.0E-4	1.6057969677443171
28	12.029	0.1669166331171782	0.0017714355469387322	1.0E-4	1.3630761442314185
29	12.351	0.1664973517227226	4.1928139445560064E-4	1.0E-4	0.5488593337175399
30	12.83	0.16570754746465027	7.898042580723186E-4	1.0E-4	0.8993827676804932
31	13.213	0.16494875183878227	7.587956258680029E-4	1.0E-4	1.7934504279980028
32	13.621	0.16447485528804007	4.7389655074220327E-4	1.0E-4	0.8298810113701485
33	13.955	0.1639678140696441	5.070412183959538E-4	1.0E-4	0.6636320115170862
34	14.263	0.1632744857259452	6.933283436989235E-4	1.0E-4	1.1773516087251732
35	14.589	0.16235587860764383	9.186071183013567E-4	1.0E-4	1.5954136741079596
36	14.881	0.1616206643157841	7.352142918597426E-4	1.0E-4	1.2037306138085708
37	15.173	0.1609413522747836	6.79312041000496E-4	1.0E-4	1.5101890212954443
38	15.572	0.16037976432967582	5.615879451077721E-4	1.0E-4	2.415648069227305
39	15.956	0.15995072227907223	4.2904205060359524E-4	1.0E-4	2.0249047900448436
40	16.259	0.15979622779694383	1.5449448212839778E-4	1.0E-4	0.81730128130848
41	16.599	0.15967966765000588	1.1656014693794958E-4	1.0E-4	0.9438514815025819
42	16.875	0.15956156644214933	1.1810120785654687E-4	1.0E-4	0.31805597705652494
43	17.328	0.15929766990650002	2.6389653564931614E-4	1.0E-4	2.1708761155530647
44	17.789	0.15908848557989477	2.09184326605244E-4	1.0E-4	1.9905310502650515
45	18.223	0.15878990993591957	2.9857564397520187E-4	1.0E-4	4.1863138631478165
46	18.611	0.15846419097385392	3.25718962065652E-4	1.0E-4	2.75153730128954
47	19.023	0.15822536944808366	2.3882152577026083E-4	1.0E-4	2.266716349583633
48	19.406	0.1576763167715193	5.490526765643544E-4	1.0E-4	4.976041255876627
49	19.842	0.15690092594811694	7.75390823402361E-4	1.0E-4	2.6510127608618186
50	20.243	0.15644727398662753	4.536519614894152E-4	1.0E-4	2.924093034831561
51	20.661	0.15617295372614665	2.7432026048088143E-4	1.0E-4	2.090649432340468
52	21.026	0.15585370673998672	3.1924698615992675E-4	1.0E-4	1.7100001735664883
53	21.336	0.15521868375636075	6.350229836259713E-4	1.0E-4	2.335457427420966
54	21.704	0.15504844957348102	1.7023418287973047E-4	1.0E-4	1.2293925656865625
55	22.104	0.15478695201824685	2.614975552341636E-4	1.0E-4	2.7218401109751222
56	22.44	0.15450789587684358	2.790561414032777E-4	1.0E-4	2.7714010261680646
57	22.752	0.1543992659144445	1.0862996239907607E-4	1.0E-4	1.0764135895774267
58	23.203	0.15420667495611187	1.9259095833262796E-4	1.0E-4	2.055685158566737
59	23.762	0.15396693670411885	2.397382519930269E-4	1.0E-4	2.061493929491118
60	24.145	0.15383593669380355	1.310000103152964E-4	1.0E-4	1.0927424732144477
61	24.569	0.15374310868289676	9.282801090679249E-5	1.0E-4	0.9770580235367575
62	24.984	0.15359564814493	1.4746053796674263E-4	1.0E-4	1.8635483089447862
63	25.295	0.15336721548422763	2.2843266070238233E-4	1.0E-4	2.785408225175219
64	25.636	0.1532846676808063	8.254780342131784E-5	1.0E-4	0.9719800029655866
65	26.056	0.153172895042422	1.1177263838429985E-4	1.0E-4	2.0592639354080786
66	26.425	0.1529268808677367	2.460141746853106E-4	1.0E-4	4.4923319377592446
67	26.841	0.15272342592154464	2.0345494619206095E-4	1.0E-4	2.0773180413806442
68	27.238	0.1525907792904948	1.3264663104983754E-4	1.0E-4	3.3769442412130606
69	27.582	0.15247589588936156	1.148834011332478E-4	1.0E-4	1.9676087618650473
70	27.922	0.1523776483911316	9.824749822995305E-5	1.0E-4	1.4866892897015485
71	28.298	0.15232963370995908	4.801468117252017E-5	1.0E-4	1.6189238228072644
72	28.676	0.1522591618177026	7.047189225647954E-5	1.0E-4	2.414991500915295
73	29.078	0.1521850147011255	7.414711657710571E-5	1.0E-4	1.399806966583861
74	29.509	0.15212487931463473	6.013538649077277E-5	1.0E-4	1.3762423937241317
75	29.942	0.1520657030807321	5.917623390261362E-5	1.0E-4	2.7176955354174206
76	30.414	0.1519990866901972	6.661639053490154E-5	1.0E-4	3.277438707464
77	30.851	0.1519339394338939	6.514725630329954E-5	1.0E-4	2.2848120927121323
78	31.236	0.1518912642936896	4.26751402043124E-5	1.0E-4	1.719256244371524
79	31.732	0.151817133536966	7.413075672360603E-5	1.0E-4	3.2902491964342686
80	32.092	0.15170225779993798	1.1487573702800846E-4	1.0E-4	2.6428279304804865
81	32.436	0.15165877234317499	4.348545676299831E-5	1.0E-4	0.8466705408607333
82	32.821	0.15159977714324524	5.8995199929745556E-5	1.0E-4	1.1214839566995716
83	33.215	0.15156047072103435	3.930642221089409E-5	1.0E-4	1.315053066967016
84	33.744	0.1514964718827202	6.399883831414988E-5	1.0E-4	1.7158481406726642
85	34.176	0.1514073959891767	8.907589354348322E-5	1.0E-4	1.9670695639065265
86	34.582	0.15134508841371952	6.230757545719334E-5	1.0E-4	1.894343377456658
87	35.169	0.15129518206678935	4.990634693016749E-5	1.0E-4	1.159134112705989
88	35.615	0.15125309267771017	4.2089389079180695E-5	1.0E-4	1.28823525941348
89	36.11	0.1512355177849417	1.757489276846269E-5	1.0E-4	1.1051729074188514
90	36.64	0.1512129938997545	2.2523885187197834E-5	1.0E-4	1.9785982285725665
91	37.166	0.15116430931766234	4.86845820921733E-5	1.0E-4	2.771059095627597
92	37.578	0.15108083776586978	8.347155179255772E-5	1.0E-4	2.961849244670648
93	37.954	0.15103538482257228	4.545294329749705E-5	1.0E-4	1.3808602417976106
94	38.315	0.15102356443166193	1.182039091035536E-5	1.0E-4	0.5856845147170253
95	38.898	0.15101304441728955	1.0520014372378261E-5	1.0E-4	0.6690465020479218
96	39.442	0.1509913880357491	2.1656381540446912E-5	1.0E-4	1.505109127174107
97	40.042	0.15096027409923396	3.111393651514249E-5	1.0E-4	2.8179766242074704
98	40.593	0.15093613592239993	2.4138176834026526E-5	1.0E-4	2.117940786521277
99	41.018	0.15090864395906733	2.7491963332598734E-5	1.0E-4	3.163293907155211
100	41.443	0.15084158794680957	6.705601225776014E-5	1.0E-4	4.347143564987759
101	41.898	0.1508050091228079	3.6578824001681776E-5	1.0E-4	1.3411194569650409
102	42.227	0.15077065717317029	3.435194963760657E-5	1.0E-4	1.5177812368160144
103	42.631	0.1507393969352902	3.126023788008192E-5	1.0E-4	2.3082936867318233
104	43.164	0.15068708674081974	5.2310194470467364E-5	1.0E-4	3.3240658072729135
105	43.692	0.1506465168394547	4.056990136502847E-5	1.0E-4	2.234609693438315
106	44.208	0.15061975050910925	2.6766330345456835E-5	1.0E-4	2.614806279042591
107	44.735	0.15058838201471447	3.1368494394778956E-5	1.0E-4	2.9590032374693367
108	45.252	0.15054965577053406	3.8726244180414815E-5	1.0E-4	3.2874976783930125
109	45.737	0.1505174890629471	3.2166707586961385E-5	1.0E-4	2.8999771532615184
110	46.238	0.15049994321913532	1.754584381177815E-5	1.0E-4	2.2968109544567485
111	46.725	0.15048834238791461	1.1600831220703878E-5	1.0E-4	3.046990556126028
112	47.31	0.15046640669563788	2.193569227673664E-5	1.0E-4	3.7856314721250306
113	47.695	0.15044074066409596	2.566603154191549E-5	1.0E-4	2.7565511104426186
114	48.091	0.15042658242101759	1.4158243078377097E-5	1.0E-4	2.1257295290098073
115	48.547	0.1504150969577567	1.1485463260879625E-5	1.0E-4	3.0439747981463925
116	49.067	0.15039795420085178	1.7142756904925394E-5	1.0E-4	3.611534500248206
117	49.51	0.1503562708662423	4.168333460949358E-5	1.0E-4	4.668194147317691
118	49.867	0.15032319503840263	3.307582783965146E-5	1.0E-4	1.8860726417247555
119	50.118	0.15031760625508872	5.588783313914547E-6	1.0E-4	0.10197686244461696
120	50.422	0.15029691864128286	2.0687613805858707E-5	1.0E-4	2.3311308489561853
121	50.86	0.15026923287790495	2.768576337791595E-5	1.0E-4	3.8597787389808706
122	51.26	0.15025246676737394	1.676611053100241E-5	1.0E-4	2.0007739040253436
123	51.603	0.15024106639182644	1.1400375547504504E-5	1.0E-4	1.3848475485182308
124	52.152	0.15021231907261234	2.8747319214095235E-5	1.0E-4	3.252067691727471
125	52.62	0.15016259290069947	4.972617191287276E-5	1.0E-4	3.2992277242581767
126	53.041	0.15010855144020901	5.4041460490455995E-5	1.0E-4	2.5101172819972004
127	53.461	0.15008492739671617	2.362404349284808E-5	1.0E-4	2.4070910365862055
128	53.995	0.1500723491938495	1.2578202866653232E-5	1.0E-4	1.9486055288697561
129	54.432	0.15005439828929215	1.7950904557362257E-5	1.0E-4	1.9383665210290224
130	54.863	0.15002978963811342	2.4608651178731344E-5	1.0E-4	1.929826446067055
131	55.3	0.15001437318093364	1.541645717978435E-5	1.0E-4	1.3811708999139516
132	55.795	0.15000355468301788	1.081849791575995E-5	1.0E-4	1.1072184032227423
133	56.196	0.1499917464363295	1.180824668836622E-5	1.0E-4	1.8050352638679805
134	56.56	0.14997327695365806	1.8469482671451543E-5	1.0E-4	2.8301121238034863
135	56.858	0.14996015398347093	1.3122970187129379E-5	1.0E-4	2.1515394470118125
136	57.241	0.14994721744570821	1.2936537762714417E-5	1.0E-4	2.898763121952071
137	57.655	0.14992780907627412	1.9408369434092965E-5	1.0E-4	4.308226680935266
138	58.166	0.14988197553353333	4.583354274079188E-5	1.0E-4	5.94931900215121
139	58.553	0.14986340538331455	1.8570150218777393E-5	1.0E-4	1.7505115629453043
140	58.913	0.14985736279715048	6.0425861640733824E-6	1.0E-4	1.2961279818373825
141	59.305	0.14984981367031858	7.549126831901676E-6	1.0E-4	2.95582682884596
142	59.665	0.14984091664052607	8.897029792509503E-6	1.0E-4	3.3490018317529375
143	60.012	0.1498323006135095	8.616027016572492E-6	1.0E-4	1.8091987303028851
144	60.41	0.14982557928358484	6.721329924658237E-6	1.0E-4	1.1227889690092239
145	60.787	0.14981856287827802	7.016405306814466E-6	1.0E-4	1.7185545706082108
146	61.189	0.14981342291542213	5.139962855893465E-6	1.0E-4	1.9931727379572017
147	61.535	0.14980803989490413	5.383020518001658E-6	1.0E-4	2.398215546203849
148	61.908	0.1498027852450097	5.254649894426144E-6	1.0E-4	2.6363036105036994
149	62.296	0.14979684381460437	5.9414304053317935E-6	1.0E-4	2.7681737927227505
150	62.864	0.1497873773196478	9.466494956561489E-6	1.0E-4	5.019073117980262
151	63.3	0.14976604710697147	2.1330212676334837E-5	1.0E-4	4.604632254744955
152	63.787	0.1497500277673569	1.6019339614564698E-5	1.0E-4	1.5236447565738676
153	64.155	0.14974406085541397	5.966911942933972E-6	1.0E-4	0.6381585870049551
154	64.533	0.1497370951915753	6.965663838676139E-6	1.0E-4	1.5458217070837625
155	64.894	0.14973355972286387	3.5354687114297345E-6	1.0E-4	1.4675963428575318
156	65.346	0.14972906663547142	4.493087392448691E-6	1.0E-4	1.726047482207904
157	65.836	0.14972157500792524	7.491627546180046E-6	1.0E-4	2.394581714492299
158	66.326	0.14971321932904055	8.355678884686135E-6	1.0E-4	1.7748289262870391
159	66.762	0.14970805974052115	5.159588519404457E-6	1.0E-4	0.6272761363309705
160	67.278	0.14970177877686378	6.280963657373517E-6	1.0E-4	2.092216462603996
161	67.627	0.14969855078600175	3.2279908620258535E-6	1.0E-4	2.233418067932789
162	68.18	0.1496930629756171	5.487810384646741E-6	1.0E-4	4.379332113240705
163	68.637	0.14967737467355363	1.568830206347127E-5	1.0E-4	5.617596322681513
164	69.058	0.14965815992565307	1.9214747900564433E-5	1.0E-4	2.817953906563152
165	69.49	0.14964848731655445	9.672609098620999E-6	1.0E-4	1.9469136958401023
166	69.938	0.14964147914693415	7.008169620292826E-6	1.0E-4	2.2173804026446193
167	70.363	0.14963423725109737	7.241895836784806E-6	1.0E-4	2.4486586453927726
168	70.751	0.14961837073942313	1.586651167423403E-5	1.0E-4	3.6172501619084594
169	71.093	0.14960232056137135	1.6050178051785213E-5	1.0E-4	1.6753155643664521
170	71.493	0.1495856670990342	1.6653462337146152E-5	1.0E-4	1.7736085348830808
171	71.787	0.14957477894584847	1.0888153185728555E-5	1.0E-4	1.6528024624151776
172	72.164	0.14957010321775177	4.67572809670358E-6	1.0E-4	1.7486066851190982
173	72.543	0.14956590943182216	4.1937859296126145E-6	1.0E-4	2.904604508678589
174	72.957	0.14955999495188002	5.914479942137341E-6	1.0E-4	3.129694471409669
175	73.361	0.14954935248648707	1.064246539295155E-5	1.0E-4	3.54433987192158
176	73.713	0.14952979621464355	1.955627184352382E-5	1.0E-4	4.304415648360359
177	74.067	0.1495150073952709	1.4788819372640871E-5	1.0E-4	2.558786199501503
178	74.451	0.1495047159467392	1.0291448531707381E-5	1.0E-4	1.4152803785188535
179	74.808	0.1494993837110133	5.332235725907797E-6	1.0E-4	1.591655285167293
180	75.212	0.14949690724814918	2.4764628641094077E-6	1.0E-4	1.1345271056705561
181	75.62	0.1494954922272463	1.415020902867381E-6	1.0E-4	1.9192045359098802
182	76.033	0.14949316318165579	2.3290455905267127E-6	1.0E-4	4.871959606239428
183	76.469	0.14948307540661118	1.0087775044603786E-5	1.0E-4	7.965840945284715
184	76.856	0.14947478414815574	8.291258455445094E-6	1.0E-4	2.6239085369030595
185	77.229	0.14947215070530617	2.63344284956446E-6	1.0E-4	1.8949115529233524
186	77.623	0.14946733432689752	4.816378408656341E-6	1.0E-4	3.6022443502844252
187	78.011	0.14946133180245716	6.002524440357204E-6	1.0E-4	1.8339858678445597
188	78.347	0.14945943073217297	1.9010702841937288E-6	1.0E-4	1.1636041299536397
189	78.681	0.14945880858769645	6.221444765197592E-7	1.0E-4	0.6264567195143319
best = -0.14945880858769645
GenDisMixClassifier with weights=[1.0, 0.0, 0.0]
optimizing 262 parameters
start 1:
Warning: Could not load UserTime. Using RealTime instead.
QUASI_NEWTON_BFGS
iteration	time	f(x)	delta	start distance	linesearch
0	0	6.918727313915856	0
1	0.333	5.970364837019322	0.9483624768965333	1.0E-4	0.6977880714779567
2	0.752	0.5435507672285239	5.426814069790798	1.0E-4	0.2409455466312109
3	1.182	0.38988824716408604	0.15366252006443787	1.0E-4	1.1361556929502903
4	1.539	0.37990858695201113	0.009979660212074914	1.0E-4	0.24804412511314775
5	2.03	0.3014716052682238	0.07843698168378732	1.0E-4	1.348785283588954
6	2.364	0.28756690358166814	0.013904701686555665	1.0E-4	0.5888756554432278
7	2.757	0.24845383282155092	0.03911307076011722	1.0E-4	1.5127885138193615
8	3.128	0.23880565798513395	0.009648174836416973	1.0E-4	0.524420796439061
9	3.409	0.22939092969923375	0.009414728285900203	1.0E-4	0.9620538444485104
10	3.658	0.22285562355628066	0.0065353061429530845	1.0E-4	0.6993036844316034
11	3.95	0.21859863947285604	0.00425698408342462	1.0E-4	0.824515827739192
12	4.244	0.21697472634934317	0.0016239131235128712	1.0E-4	0.5213928391036438
13	4.581	0.21300445303774998	0.003970273311593192	1.0E-4	1.0683297579646096
14	5.017	0.20293482671822122	0.010069626319528763	1.0E-4	2.452362772201693
15	5.376	0.19350445394426752	0.009430372773953699	1.0E-4	1.430128815177596
16	5.671	0.18726263743231045	0.006241816511957071	1.0E-4	1.3690272617537576
17	5.959	0.18454229780636072	0.0027203396259497248	1.0E-4	0.32599190680132906
18	6.27	0.18208653360232435	0.0024557642040363703	1.0E-4	0.3079815625436104
19	6.63	0.17815167125012532	0.003934862352199031	1.0E-4	1.818146072715875
20	6.935	0.17724202269606024	9.096485540650845E-4	1.0E-4	0.642007792074699
21	7.218	0.17592844314041028	0.0013135795556499519	1.0E-4	0.8901738165903733
22	7.538	0.1744726948657716	0.0014557482746386796	1.0E-4	1.48122726161279
23	7.942	0.17311192925274166	0.0013607656130299461	1.0E-4	1.3922397878554829
24	8.287	0.172072725486831	0.0010392037659106568	1.0E-4	0.7981274283849784
25	8.598	0.17015963862967853	0.0019130868571524684	1.0E-4	1.8943047766089531
26	8.911	0.16852462690450085	0.0016350117251776874	1.0E-4	1.3458643739094174
27	9.19	0.1668333526540811	0.0016912742504197331	1.0E-4	0.7050627370222542
28	9.477	0.16589608152140767	9.372711326734451E-4	1.0E-4	0.8447801474028377
29	9.812	0.164912001312449	9.840802089586542E-4	1.0E-4	1.7682684234852446
30	10.126	0.16410666168685184	8.053396255971734E-4	1.0E-4	0.8180442674559798
31	10.355	0.16399038016676576	1.1628152008608117E-4	1.0E-4	0.12918474460993457
32	10.613	0.1633299632479868	6.604169187789666E-4	1.0E-4	0.21693645922038232
33	10.98	0.1627539790140167	5.759842339700949E-4	1.0E-4	1.2090942791478803
34	11.325	0.16254813578741628	2.058432266004162E-4	1.0E-4	0.46136766794036077
35	11.585	0.16229576834823983	2.5236743917644855E-4	1.0E-4	0.2086642292395166
36	12.029	0.16206360490567345	2.3216344256637989E-4	1.0E-4	1.44956517009483
37	12.463	0.16134875683595148	7.148480697219683E-4	1.0E-4	2.973464024694007
38	12.858	0.1610961097373179	2.52647098633596E-4	1.0E-4	0.9969115118292272
39	13.26	0.1608439930217177	2.521167156001869E-4	1.0E-4	1.0988290799731484
40	13.561	0.16062628374580232	2.1770927591538425E-4	1.0E-4	0.7136048662207954
41	13.888	0.16033033836038915	2.959453854131655E-4	1.0E-4	1.0405756245303408
42	14.305	0.15992132146667443	4.090168937147254E-4	1.0E-4	1.5595628003931252
43	14.59	0.15964368937102769	2.776320956467404E-4	1.0E-4	0.7504159354981002
44	15.066	0.15938895854637317	2.547308246545199E-4	1.0E-4	2.892277416609465
45	15.457	0.1591196967945779	2.692617517952578E-4	1.0E-4	2.6945758856136
46	15.828	0.15879958097063115	3.2011582394675386E-4	1.0E-4	2.294310215408932
47	16.269	0.15847207849146608	3.27502479165076E-4	1.0E-4	2.098460537335892
48	16.639	0.15803936402940508	4.327144620610013E-4	1.0E-4	1.9253548501881603
49	16.989	0.15751016698033388	5.291970490712006E-4	1.0E-4	1.1628302562733985
50	17.415	0.15696845559192454	5.417113884093328E-4	1.0E-4	1.5750812437466484
51	17.785	0.15641508838907947	5.533672028450731E-4	1.0E-4	2.3086367447589335
52	18.108	0.1557943329877073	6.207554013721583E-4	1.0E-4	1.715545637344064
53	18.47	0.15505771454994727	7.366184377600449E-4	1.0E-4	1.940275533478936
54	18.834	0.15462721802437177	4.304965255755022E-4	1.0E-4	1.1713029070927785
55	19.192	0.1542971752516535	3.300427727182531E-4	1.0E-4	1.1817600990950143
56	19.558	0.15405082929412084	2.463459575326732E-4	1.0E-4	1.8902354394079504
57	19.907	0.15385394982245276	1.9687947166807662E-4	1.0E-4	1.4862084372362143
58	20.331	0.1536700132327731	1.8393658967966187E-4	1.0E-4	2.373790585124209
59	20.712	0.1534740570139443	1.959562188288133E-4	1.0E-4	3.095736317768511
60	21.115	0.1533222512081291	1.518058058151972E-4	1.0E-4	1.645688151557093
61	21.454	0.1531729441235355	1.4930708459359732E-4	1.0E-4	2.145442162582623
62	21.815	0.15290655608199394	2.6638804154155427E-4	1.0E-4	2.347650153324257
63	22.219	0.15277775296992033	1.2880311207361106E-4	1.0E-4	1.011573415447266
64	22.651	0.15264453919028775	1.3321377963257386E-4	1.0E-4	1.6630308024010534
65	23.061	0.15255900947883175	8.552971145600607E-5	1.0E-4	1.306566680348249
66	23.464	0.15240538273556897	1.536267432627747E-4	1.0E-4	1.521446745990669
67	23.781	0.15224665189111786	1.5873084445111596E-4	1.0E-4	2.5285901117629064
68	24.123	0.15211646465813966	1.3018723297819612E-4	1.0E-4	1.3020596081602163
69	24.484	0.15196032091386588	1.5614374427377897E-4	1.0E-4	1.4178257853796516
70	24.863	0.15179844558683528	1.618753270306028E-4	1.0E-4	2.057938196960369
71	25.24	0.15162893886462725	1.6950672220802931E-4	1.0E-4	2.575060854930845
72	25.584	0.1514893739978377	1.3956486678953772E-4	1.0E-4	1.8314856294816313
73	26.074	0.15137199607842872	1.1737791940899522E-4	1.0E-4	1.7748399087786386
74	26.407	0.1511917431147351	1.8025296369361676E-4	1.0E-4	1.557769283444734
75	26.821	0.1510567807210723	1.3496239366281304E-4	1.0E-4	1.4105220496196775
76	27.167	0.15099645879574672	6.032192532556824E-5	1.0E-4	0.4575854577614781
77	27.638	0.15096297763314923	3.34811625974929E-5	1.0E-4	0.3344155888099062
78	28.033	0.15088875176389982	7.422586924940577E-5	1.0E-4	1.5906778938727741
79	28.486	0.15081409894270925	7.465282119056837E-5	1.0E-4	1.5714758995369253
80	28.821	0.1507580636215732	5.603532113604426E-5	1.0E-4	1.1071324533639215
81	29.088	0.15073707370188075	2.0989919692460113E-5	1.0E-4	0.1542826571513762
82	29.429	0.15070594507267654	3.112862920420789E-5	1.0E-4	1.6401468687960012
83	29.771	0.15065931181695524	4.663325572129562E-5	1.0E-4	2.5426118084184113
84	30.163	0.15059011049316157	6.920132379367727E-5	1.0E-4	2.013661415546753
85	30.541	0.1505415636318866	4.8546861274978426E-5	1.0E-4	1.8230457859870963
86	30.879	0.15049883000075912	4.273363112747286E-5	1.0E-4	1.2012564370376815
87	31.245	0.15044966661394268	4.9163386816430954E-5	1.0E-4	1.9588254017989968
88	31.588	0.15040611122869643	4.355538524625224E-5	1.0E-4	2.265591667412847
89	31.955	0.15035558554027498	5.052568842145444E-5	1.0E-4	2.391084967438032
90	32.335	0.15030961131079362	4.597422948135477E-5	1.0E-4	1.5045685289163813
91	32.67	0.15027055240559858	3.905890519503852E-5	1.0E-4	0.7057372183030699
92	33.033	0.15017995870425013	9.059370134845146E-5	1.0E-4	1.2838545893495468
93	33.392	0.15012329543788272	5.66632663674127E-5	1.0E-4	1.225927576464359
94	33.783	0.15007841460003762	4.4880837845096E-5	1.0E-4	2.328942341169998
95	34.189	0.15001377842351643	6.463617652119336E-5	1.0E-4	2.4433694993676043
96	34.586	0.14997049426200038	4.3284161516055075E-5	1.0E-4	1.791159390197149
97	34.981	0.14994493945701678	2.555480498359075E-5	1.0E-4	1.3539625309569363
98	35.373	0.14991996927000287	2.49701870139174E-5	1.0E-4	1.5471750480271
99	35.706	0.14988960287659722	3.0366393405645287E-5	1.0E-4	2.346245859435275
100	36.064	0.14985548727540715	3.4115601190071176E-5	1.0E-4	2.9016594717459023
101	36.454	0.14980772271231074	4.776456309640853E-5	1.0E-4	2.723529059156143
102	36.817	0.14977601526241233	3.170744989841601E-5	1.0E-4	2.293041447352514
103	37.279	0.14974537878220626	3.0636480206069905E-5	1.0E-4	2.625111567806721
104	37.691	0.14971679633985976	2.8582442346491987E-5	1.0E-4	1.9109661926551345
105	38.09	0.14968743648104701	2.9359858812749717E-5	1.0E-4	1.8226526023919902
106	38.487	0.14964773647391408	3.9700007132936754E-5	1.0E-4	1.6915774770052678
107	38.855	0.14961634985856267	3.138661535140308E-5	1.0E-4	1.723257689136275
108	39.255	0.14957943761256154	3.6912246001136184E-5	1.0E-4	1.9620934122906273
109	39.605	0.14953296355238285	4.647406017868616E-5	1.0E-4	2.1444590337783636
110	40.04	0.1495007309399678	3.223261241505626E-5	1.0E-4	2.470038323957965
111	40.466	0.1494619602800028	3.877065996499285E-5	1.0E-4	2.4225327967825514
112	40.812	0.1494382286532649	2.3731626737910627E-5	1.0E-4	0.8902596503773422
113	41.095	0.149419782090255	1.8446563009894E-5	1.0E-4	0.3469100977965606
114	41.536	0.14939664236745526	2.313972279974208E-5	1.0E-4	2.159841582363418
115	41.974	0.1493830221604452	1.362020701006772E-5	1.0E-4	2.9494323457173808
116	42.425	0.14936362450256455	1.9397657880643182E-5	1.0E-4	3.346138375267775
117	42.833	0.14933349262530457	3.013187725997568E-5	1.0E-4	2.8083212076153834
118	43.245	0.14932240095459332	1.1091670711255164E-5	1.0E-4	1.1665845674340103
119	43.679	0.14931663141564822	5.769538945099573E-6	1.0E-4	1.464533180675077
120	44.16	0.14930946076042415	7.170655224070233E-6	1.0E-4	2.355254035530599
121	44.55	0.14929721396946358	1.2246790960568354E-5	1.0E-4	1.4143305242907045
122	44.946	0.14928051322371602	1.6700745747555423E-5	1.0E-4	1.9776763938605866
123	45.351	0.14927132871460233	9.184509113691064E-6	1.0E-4	0.8576270419780458
124	45.748	0.1492547095003777	1.6619214224633527E-5	1.0E-4	1.7590015098569665
125	46.119	0.14923805362044254	1.6655879935156825E-5	1.0E-4	2.2091634253471604
126	46.481	0.14921980715773048	1.824646271206265E-5	1.0E-4	3.261223751153096
127	46.834	0.14919736923013246	2.243792759801244E-5	1.0E-4	3.0743560571691773
128	47.238	0.14918594838951943	1.142084061303561E-5	1.0E-4	2.3756042951069953
129	47.608	0.14917596119457785	9.987194941579736E-6	1.0E-4	2.02109632899612
130	48.038	0.14916445682762294	1.150436695490642E-5	1.0E-4	1.707033930106873
131	48.31	0.1491503413261685	1.4115501454442514E-5	1.0E-4	1.238151676457878
132	48.667	0.14913337082911024	1.6970497058260703E-5	1.0E-4	2.019247923261424
133	48.984	0.14912013029319754	1.3240535912700802E-5	1.0E-4	1.6605438702776543
134	49.302	0.1491081666436982	1.1963649499346918E-5	1.0E-4	1.821915845367628
135	49.635	0.14910338618007551	4.780463622677811E-6	1.0E-4	1.7738875794448292
136	49.985	0.14909776761749158	5.61856258393667E-6	1.0E-4	3.0135002304502563
137	50.498	0.14908413120833458	1.3636409156997376E-5	1.0E-4	4.999204553038809
138	50.96	0.14906370707230274	2.0424136031843565E-5	1.0E-4	3.0508490477793377
139	51.376	0.1490567837095087	6.923362794036825E-6	1.0E-4	1.790540750163942
140	51.879	0.14905236784062384	4.415868884860563E-6	1.0E-4	2.6501073842765317
141	52.314	0.14904583716145856	6.530679165284159E-6	1.0E-4	3.405548693269594
142	52.669	0.14903868919620433	7.147965254222788E-6	1.0E-4	3.0721972811954474
143	53.121	0.1490328424067332	5.846789471131153E-6	1.0E-4	2.288177701657152
144	53.499	0.14902671387354471	6.128533188487495E-6	1.0E-4	2.1789520451271653
145	53.991	0.14901563358134134	1.1080292203369257E-5	1.0E-4	2.3137407882196364
146	54.379	0.14900593974688695	9.69383445439953E-6	1.0E-4	1.9262462244025769
147	54.789	0.14900202661158776	3.913135299182802E-6	1.0E-4	2.009812802055207
148	55.192	0.14899120003731783	1.0826574269928724E-5	1.0E-4	6.865575415515498
149	55.58	0.14897567582623117	1.5524211086664907E-5	1.0E-4	2.0645023772447284
150	55.932	0.14897069758731352	4.978238917652256E-6	1.0E-4	0.1980126524720337
151	56.38	0.14896054640964315	1.0151177670364442E-5	1.0E-4	1.3944850513597007
152	56.725	0.14895725455439165	3.291855251497111E-6	1.0E-4	1.7490414294461747
153	57.253	0.1489508517211879	6.4028332037446845E-6	1.0E-4	4.627454724251067
154	57.745	0.14893714487642024	1.3706844767674697E-5	1.0E-4	2.2613987657169865
155	58.121	0.14893036047091854	6.784405501697455E-6	1.0E-4	1.306306445016464
156	58.555	0.1489284635747168	1.8968962017251734E-6	1.0E-4	2.057328259201283
157	59.088	0.14892584904964654	2.6145250702769296E-6	1.0E-4	4.595842596017335
158	59.564	0.14891931547549284	6.533574153699817E-6	1.0E-4	3.266940101122148
159	59.989	0.14891476456930752	4.550906185313286E-6	1.0E-4	0.7372111249089996
160	60.356	0.14890079395787875	1.3970611428770763E-5	1.0E-4	2.2674232195225916
161	60.726	0.1488956816689917	5.112288887054728E-6	1.0E-4	1.3258767222494299
162	61.068	0.1488938228231964	1.8588457952883886E-6	1.0E-4	0.310914117980486
163	61.451	0.1488921027004917	1.7201227047181078E-6	1.0E-4	1.2864077489276569
164	61.832	0.1488887818159702	3.3208845214849347E-6	1.0E-4	3.2389482394385354
165	62.314	0.14887524752271453	1.353429325567923E-5	1.0E-4	5.5548752976379445
166	62.758	0.14886686774534164	8.379777372891084E-6	1.0E-4	1.6333648521701012
167	63.217	0.14886400646590492	2.861279436716657E-6	1.0E-4	2.067084549271376
168	63.605	0.14886106369520924	2.9427706956797195E-6	1.0E-4	3.943685809688411
169	64.111	0.14884849254348118	1.2571151728063557E-5	1.0E-4	7.147661159269285
170	64.53	0.1488205166009035	2.7975942577668222E-5	1.0E-4	2.729587985292584
171	65.025	0.1488036551146869	1.6861486216601662E-5	1.0E-4	1.2183076649624534
172	65.567	0.14879502382514195	8.631289544952514E-6	1.0E-4	1.4320182909029748
173	65.961	0.148788780391937	6.243433204961013E-6	1.0E-4	2.012099982098179
174	66.349	0.14878025430345762	8.526088479371419E-6	1.0E-4	3.951304865163765
175	66.838	0.14876427093948055	1.59833639770679E-5	1.0E-4	3.866479332323863
176	67.296	0.14874891096575504	1.5359973725509457E-5	1.0E-4	2.1059456451729424
177	67.667	0.14874245093290572	6.460032849320285E-6	1.0E-4	1.73587255100556
178	68.026	0.14873816240973656	4.2885231691658365E-6	1.0E-4	1.0338340625388398
179	68.432	0.14873007214686665	8.09026286990866E-6	1.0E-4	1.5128383419402298
180	68.819	0.1487252001719896	4.871974877057594E-6	1.0E-4	1.7198448865963019
181	69.333	0.14872274587675707	2.4542952325179446E-6	1.0E-4	0.8725425488234719
182	69.67	0.14871593503034028	6.810846416793748E-6	1.0E-4	2.4432557229595337
183	70.05	0.14870606218962903	9.872840711244724E-6	1.0E-4	2.6790186512462406
184	70.403	0.14869456168077996	1.1500508849071611E-5	1.0E-4	2.138470281977495
185	70.795	0.14869068666147298	3.875019306986971E-6	1.0E-4	0.6427697817461897
186	71.226	0.14868749328280134	3.1933786716342727E-6	1.0E-4	1.0225952385034525
187	71.586	0.14868523939183032	2.253890971026795E-6	1.0E-4	2.4763914298646936
188	71.968	0.14868244282520915	2.796566621166008E-6	1.0E-4	2.6962359076672153
189	72.41	0.14868046175857366	1.9810666354869166E-6	1.0E-4	2.0799458555629577
190	72.802	0.14867866329312884	1.7984654448188753E-6	1.0E-4	2.459478725857607
191	73.28	0.1486767382053599	1.9250877689447332E-6	1.0E-4	2.5389284688482077
192	73.711	0.1486748978476511	1.8403577088099698E-6	1.0E-4	2.3463467750688616
193	74.333	0.1486733185653579	1.579282293190376E-6	1.0E-4	2.6211112268083347
194	74.772	0.14867222310827796	1.0954570799359686E-6	1.0E-4	1.941714432720367
195	75.344	0.14867103875710247	1.1843511754927594E-6	1.0E-4	3.396872485449954
196	75.771	0.1486670945027603	3.944254342164166E-6	1.0E-4	5.748796029082128
197	76.301	0.14866005867696278	7.0358257975300376E-6	1.0E-4	3.247735686361708
198	76.744	0.14865433623018484	5.722446777933765E-6	1.0E-4	1.8412321536592133
199	77.279	0.1486501976374095	4.138592775343453E-6	1.0E-4	1.8887559412616954
200	77.767	0.14864853650431908	1.6611330904137134E-6	1.0E-4	1.8665646549645476
201	78.266	0.14864694825029987	1.5882540192191374E-6	1.0E-4	2.9245347998655515
202	78.693	0.14864547279005205	1.4754602478128653E-6	1.0E-4	2.552281140745189
203	79.096	0.14864413031151197	1.3424785400839578E-6	1.0E-4	2.7235155395032162
204	79.535	0.14864323101454308	8.992969688925712E-7	1.0E-4	1.6003504652886158
best = -0.14864323101454308
GenDisMixClassifier with weights=[1.0, 0.0, 0.0]
optimizing 262 parameters
start 1:
Warning: Could not load UserTime. Using RealTime instead.
QUASI_NEWTON_BFGS
iteration	time	f(x)	delta	start distance	linesearch
0	0	7.45269740508794	0
1	0.623	3.5512641387320416	3.901433266355898	1.0E-4	1.7601806013346861
2	1.005	1.9572424921836082	1.5940216465484334	1.0E-4	0.012488827701349962
3	1.518	0.8389588748684131	1.118283617315195	1.0E-4	0.34611280197801864
4	2.081	0.3776155124110273	0.46134336245738583	1.0E-4	0.9589528424559031
5	2.611	0.2858721010528526	0.09174341135817471	1.0E-4	0.6907330876174526
6	3.175	0.25001231461029727	0.03585978644255533	1.0E-4	0.9404239096267801
7	3.685	0.22708196192633678	0.022930352683960487	1.0E-4	0.7098472977976026
8	4.25	0.21796969957664183	0.00911226234969495	1.0E-4	1.0189343632272387
9	4.796	0.20891723796200826	0.009052461614633578	1.0E-4	0.8852213232467171
10	5.341	0.20479584674472914	0.004121391217279113	1.0E-4	1.0778746273519302
11	5.843	0.19431775006341254	0.010478096681316607	1.0E-4	2.8057892261481885
12	6.206	0.18159420420754682	0.012723545855865714	1.0E-4	1.5521860335154853
13	6.566	0.17545345832174222	0.006140745885804599	1.0E-4	1.4140787261631858
14	6.859	0.17480013196948083	6.533263522613963E-4	1.0E-4	0.33170369801342225
15	7.17	0.17225712466773477	0.0025430073017460586	1.0E-4	0.4642265649704539
16	7.545	0.16779490772318795	0.004462216944546821	1.0E-4	1.6705291201076475
17	7.878	0.1668607645767951	9.341431463928407E-4	1.0E-4	0.3876939561926008
18	8.193	0.16620266087356325	6.581037032318549E-4	1.0E-4	0.20555474280112415
19	8.559	0.16454461349808155	0.0016580473754816971	1.0E-4	1.5848992210489374
20	8.968	0.1621606300318917	0.002383983466189843	1.0E-4	3.088364842411274
21	9.273	0.16108213038367675	0.0010784996482149645	1.0E-4	0.9861931859537927
22	9.681	0.15989649302248188	0.001185637361194869	1.0E-4	1.7421878156221418
23	10.227	0.1577185190111088	0.0021779740113730683	1.0E-4	2.9275091023423294
24	10.569	0.15678018151440054	9.383374967082692E-4	1.0E-4	1.3680457338587004
25	10.899	0.15601414755530027	7.660339591002707E-4	1.0E-4	0.5872705203048124
26	11.265	0.15563319211448984	3.809554408104321E-4	1.0E-4	0.8399068185611939
27	11.574	0.1552281729931946	4.050191212952303E-4	1.0E-4	0.38796759788851826
28	11.934	0.15453855133379482	6.896216593997861E-4	1.0E-4	1.8394313075377298
29	12.273	0.15370225416526745	8.362971685273723E-4	1.0E-4	1.0291835601540908
30	12.551	0.15344698878805405	2.552653772134039E-4	1.0E-4	0.16336113627735724
31	12.939	0.15283144458825745	6.155441997965916E-4	1.0E-4	0.7202818155937936
32	13.313	0.1525601506792535	2.712939090039612E-4	1.0E-4	0.9946790607417416
33	13.803	0.15211182535963355	4.4832531961994104E-4	1.0E-4	1.0371566535824757
34	14.202	0.15191892029399803	1.9290506563551801E-4	1.0E-4	0.7106260548342186
35	14.618	0.15168990352630687	2.290167676911592E-4	1.0E-4	0.9100710460380182
36	14.907	0.15166110825767953	2.879526862734072E-5	1.0E-4	0.1312925399702169
37	15.188	0.15148288989387995	1.7821836379958156E-4	1.0E-4	0.0582708697633781
38	15.544	0.15130644275466676	1.7644713921319277E-4	1.0E-4	0.8666167033108653
39	15.896	0.15092930466886953	3.771380857972295E-4	1.0E-4	2.02276686197628
40	16.324	0.1503656068286352	5.636978402343285E-4	1.0E-4	1.9801798798994206
41	16.755	0.14996368175237165	4.0192507626354845E-4	1.0E-4	1.1617474405142596
42	17.215	0.149592826166062	3.70855586309643E-4	1.0E-4	2.3124995479241437
43	17.55	0.1492919972917364	3.008288743256149E-4	1.0E-4	1.815181113703479
44	18.011	0.1490671158349684	2.2488145676799465E-4	1.0E-4	0.7518761067157893
45	18.383	0.1487535577702218	3.1355806474658854E-4	1.0E-4	1.5414492261201294
46	18.745	0.1485345869894625	2.1897078075930332E-4	1.0E-4	1.8390822890176513
47	19.181	0.14818870779341686	3.458791960456453E-4	1.0E-4	3.3637308875936083
48	19.578	0.14780394583410897	3.8476195930789436E-4	1.0E-4	2.7572258426739946
49	20.078	0.14706102951927508	7.429163148338913E-4	1.0E-4	3.1797552770632618
50	20.423	0.14644471412515966	6.163153941154131E-4	1.0E-4	1.6422967700600177
51	20.743	0.14607929390864502	3.6542021651464474E-4	1.0E-4	1.1826979593037177
52	21.156	0.14578806125387114	2.912326547738764E-4	1.0E-4	1.3986499890798045
53	21.562	0.14540536307001678	3.8269818385436305E-4	1.0E-4	2.065977270430211
54	21.933	0.14512869028861144	2.766727814053349E-4	1.0E-4	1.3938260871078307
55	22.34	0.14485726610816355	2.7142418044789896E-4	1.0E-4	1.367058706476553
56	22.662	0.1444926101805174	3.6465592764614585E-4	1.0E-4	1.1771253170810076
57	23.063	0.14421296297399527	2.796472065221267E-4	1.0E-4	1.452723911932223
58	23.4	0.14382392938993985	3.89033584055426E-4	1.0E-4	1.4569935785371104
59	23.731	0.14350487077369317	3.1905861624667575E-4	1.0E-4	2.031692633689098
60	24.095	0.14340839609360262	9.647468009055249E-5	1.0E-4	0.7451203571093385
61	24.5	0.14322866840976647	1.79727683836145E-4	1.0E-4	1.9741055538480035
62	24.919	0.14314388566802327	8.478274174320011E-5	1.0E-4	1.2561695043337686
63	25.281	0.14308162125203194	6.226441599133103E-5	1.0E-4	1.964266982126791
64	25.692	0.1429748316121799	1.0678963985205625E-4	1.0E-4	3.283383737185284
65	26.129	0.14288784221439613	8.698939778375991E-5	1.0E-4	1.6974355408069586
66	26.653	0.14277774035332821	1.1010186106791275E-4	1.0E-4	2.409266670352398
67	27.169	0.14264961678139185	1.2812357193636714E-4	1.0E-4	2.90908042258113
68	27.768	0.14260786111189439	4.17556694974619E-5	1.0E-4	1.2571414230362894
69	28.369	0.14253430023911753	7.356087277685108E-5	1.0E-4	1.3788593857497213
70	28.953	0.14239611861487486	1.3818162424267255E-4	1.0E-4	2.7149702230621213
71	29.375	0.14228763913078554	1.0847948408931885E-4	1.0E-4	2.2925548808330616
72	29.888	0.14216476164117356	1.228774896119833E-4	1.0E-4	1.9973886289649898
73	30.578	0.14206155119990055	1.032104412730106E-4	1.0E-4	1.586111705693515
74	31.083	0.14203930514323213	2.2246056668423497E-5	1.0E-4	0.28641496311969494
75	31.634	0.14197132540290713	6.797974032499154E-5	1.0E-4	2.468228645818291
76	32.144	0.14190431401020978	6.701139269735257E-5	1.0E-4	2.1195819321196696
77	32.574	0.14178377564805184	1.2053836215794589E-4	1.0E-4	3.0409665638164673
78	33.032	0.14166799233310712	1.1578331494471739E-4	1.0E-4	1.622740399320378
79	33.599	0.1415389043481523	1.290879849548121E-4	1.0E-4	1.8685099109650616
80	34.408	0.14146568964505898	7.321470309332168E-5	1.0E-4	2.4987584826891327
81	35.074	0.14140652133086876	5.916831419022772E-5	1.0E-4	2.384719174575612
82	35.72	0.14134562270341713	6.089862745162211E-5	1.0E-4	1.2153092072869045
83	36.293	0.1412752073590821	7.041534433502306E-5	1.0E-4	1.394177424735783
84	36.888	0.1411957111456055	7.949621347660973E-5	1.0E-4	1.507709082882957
85	37.47	0.14115710801778553	3.860312781997499E-5	1.0E-4	1.5889413275989943
86	37.954	0.14113324693193552	2.386108585000768E-5	1.0E-4	0.830813018647607
87	38.543	0.14108373361881044	4.951331312508245E-5	1.0E-4	2.1476822464470757
88	39.094	0.14102449694259758	5.923667621285378E-5	1.0E-4	2.235574581723002
89	39.617	0.1409603096417736	6.418730082397017E-5	1.0E-4	1.760172899010988
90	40.132	0.14092113518787036	3.917445390325125E-5	1.0E-4	0.5690046341004725
91	40.627	0.14086882627930586	5.230890856450232E-5	1.0E-4	2.766292019634064
92	41.099	0.14078493027756844	8.389600173741574E-5	1.0E-4	4.7242907928217015
93	41.613	0.14069948234647592	8.544793109252491E-5	1.0E-4	2.283542892099723
94	42.068	0.14068148803210043	1.799431437549126E-5	1.0E-4	0.4332879370254242
95	42.487	0.14061464597567966	6.684205642076835E-5	1.0E-4	0.5250921624946464
96	42.937	0.1405342876455037	8.035833017594474E-5	1.0E-4	2.286122747660164
97	43.354	0.14047997686974512	5.4310775758598107E-5	1.0E-4	0.9190375367211803
98	43.766	0.1404271016494332	5.287522031191538E-5	1.0E-4	1.8197360574949981
99	44.278	0.14038952710064953	3.757454878366984E-5	1.0E-4	1.3845282602598994
100	44.905	0.1403614055955083	2.8121505141226466E-5	1.0E-4	1.4869554831642093
101	45.359	0.14033693436273306	2.4471232775241658E-5	1.0E-4	1.0970773944173149
102	45.814	0.1403032020507571	3.373231197595361E-5	1.0E-4	0.875157933222955
103	46.303	0.1401758333408228	1.2736870993432237E-4	1.0E-4	3.818334621779899
104	46.778	0.14013097924035672	4.4854100466062974E-5	1.0E-4	1.2687686681326749
105	47.11	0.14011437150940928	1.6607730947443278E-5	1.0E-4	0.15782739188207834
106	47.53	0.1400871501736643	2.7221335744981312E-5	1.0E-4	1.4177262414191436
107	47.913	0.14005999328090837	2.7156892755925144E-5	1.0E-4	1.312540091605401
108	48.34	0.14002737584195898	3.26174389493894E-5	1.0E-4	1.8181553222415223
109	48.805	0.1399911219348746	3.625390708439369E-5	1.0E-4	1.640712714046756
110	49.287	0.13996183678830934	2.9285146565249942E-5	1.0E-4	2.2932069279177565
111	49.909	0.13994540800798327	1.642878032606654E-5	1.0E-4	1.9326865785390412
112	50.42	0.13993115345332566	1.4254554657616714E-5	1.0E-4	2.742074807798879
113	51.02	0.13990975088409494	2.1402569230721813E-5	1.0E-4	2.38818830202262
114	51.554	0.13989197811066867	1.7772773426266708E-5	1.0E-4	2.6813720272693238
115	52.112	0.13987801431371213	1.3963796956534269E-5	1.0E-4	1.8589628195400676
116	52.606	0.13984542781607257	3.2586497639569556E-5	1.0E-4	2.52244494644765
117	53.018	0.13983239087383773	1.3036942234839755E-5	1.0E-4	1.4150963202178288
118	53.518	0.13982342939880574	8.961475031987742E-6	1.0E-4	1.4609662666653718
119	53.98	0.139807065289794	1.6364109011735017E-5	1.0E-4	2.6678086490220636
120	54.365	0.1397959967342452	1.106855554880437E-5	1.0E-4	1.2858741560889773
121	54.839	0.1397839217745673	1.2074959677893515E-5	1.0E-4	1.4708995231571578
122	55.328	0.13976343957993517	2.0482194632132078E-5	1.0E-4	3.2942914605100277
123	55.829	0.13974656455753304	1.687502240213523E-5	1.0E-4	2.964686528318065
124	56.351	0.1397349583634628	1.1606194070229447E-5	1.0E-4	2.693010866416466
125	56.827	0.13972459293848785	1.0365424974956294E-5	1.0E-4	2.05586214951512
126	57.368	0.1397023193330008	2.2273605487038717E-5	1.0E-4	3.6699877631377245
127	57.818	0.13968108843546168	2.1230897539137317E-5	1.0E-4	3.0107331537497855
128	58.319	0.13966143822621518	1.965020924649119E-5	1.0E-4	2.6874646359990124
129	58.769	0.1396491855010417	1.225272517349496E-5	1.0E-4	1.4058028269630938
130	59.288	0.13964235358938065	6.831911661037138E-6	1.0E-4	1.605992523461044
131	59.934	0.13963477803974877	7.575549631877454E-6	1.0E-4	2.349335116815629
132	60.434	0.1396243058605955	1.0472179153286909E-5	1.0E-4	1.7593133260018534
133	60.922	0.13961908334708825	5.222513507235904E-6	1.0E-4	2.0611506840229765
134	61.392	0.13961465607948353	4.427267604717455E-6	1.0E-4	1.5941889841073946
135	61.824	0.13960807595585328	6.580123630250956E-6	1.0E-4	1.0140983706101434
136	62.223	0.1396004506133306	7.625342522687983E-6	1.0E-4	1.8495455912034282
137	62.653	0.1395967713829921	3.679230338504702E-6	1.0E-4	1.7442658678172622
138	63.134	0.139587004979953	9.766403039096483E-6	1.0E-4	5.414816742055932
139	63.629	0.13957349136209912	1.3513617853871951E-5	1.0E-4	3.028843321004494
140	64.085	0.13956120318972146	1.2288172377666884E-5	1.0E-4	1.6765002611545234
141	64.48	0.13955060032364633	1.0602866075126727E-5	1.0E-4	1.9257623982116858
142	65.05	0.13954130785829968	9.292465346644185E-6	1.0E-4	2.499212254635617
143	65.657	0.1395332511060278	8.056752271889955E-6	1.0E-4	2.041426370807102
144	66.239	0.13952262458077014	1.0626525257656505E-5	1.0E-4	2.093243959743654
145	66.85	0.1395059415140592	1.6683066710931893E-5	1.0E-4	3.8819422883912544
146	67.452	0.13949611739290252	9.824121156687404E-6	1.0E-4	1.3529275974689268
147	67.925	0.1394929881554689	3.1292374336189255E-6	1.0E-4	0.4894374285444588
148	68.513	0.13948911960727367	3.868548195229415E-6	1.0E-4	2.17152126374893
149	69.074	0.13948171976457602	7.399842697652925E-6	1.0E-4	4.233103104696374
150	69.731	0.13946349259276955	1.822717180646749E-5	1.0E-4	4.380065800628338
151	70.295	0.1394533123278983	1.0180264871262334E-5	1.0E-4	1.8545511563977608
152	70.835	0.13944765965881417	5.652669084116324E-6	1.0E-4	1.4314987037608637
153	71.323	0.13944299289653234	4.666762281835268E-6	1.0E-4	1.9516948812191728
154	71.931	0.13943504688885336	7.94600767897724E-6	1.0E-4	3.580491594354434
155	72.457	0.1394283177193124	6.72916954094771E-6	1.0E-4	1.902617888654827
156	72.956	0.13942049898701553	7.818732296882569E-6	1.0E-4	2.178808896544248
157	73.452	0.13941468530353088	5.8136834846511665E-6	1.0E-4	1.73397096577813
158	73.942	0.1394072407787657	7.444524765171101E-6	1.0E-4	0.6159883838079577
159	74.428	0.1393869969757652	2.0243803000502547E-5	1.0E-4	2.337575076409084
160	75.027	0.1393810802035942	5.916772171016271E-6	1.0E-4	1.4776337027940127
161	75.621	0.13937624095856946	4.839245024729211E-6	1.0E-4	2.9056160702484273
162	76.219	0.13936861359594285	7.627362626605461E-6	1.0E-4	1.5720763109778695
163	76.751	0.13935333106070488	1.5282535237970407E-5	1.0E-4	2.1637402654086695
164	77.231	0.13934114722508995	1.21838356149373E-5	1.0E-4	1.9956712506047707
165	77.707	0.13933563604273663	5.511182353312716E-6	1.0E-4	1.323922770867541
166	78.119	0.13933133984730997	4.29619542666182E-6	1.0E-4	1.6588680613803164
167	78.567	0.13932700093435635	4.338912953621987E-6	1.0E-4	2.825187865394552
168	79.052	0.13932121506175202	5.785872604330278E-6	1.0E-4	3.8261888411442952
169	79.638	0.13931128153170397	9.933530048050754E-6	1.0E-4	2.6603584078842055
170	80.045	0.1393038501828284	7.43134887556951E-6	1.0E-4	1.232492015363011
171	80.681	0.13929654842660652	7.3017562218780085E-6	1.0E-4	1.4637563352998522
172	81.461	0.1392931594013746	3.3890252319201952E-6	1.0E-4	2.263862196317483
173	82.111	0.13929029742777832	2.861973596279821E-6	1.0E-4	3.239932190440541
174	82.768	0.13928320969963756	7.087728140758864E-6	1.0E-4	3.6594591547755777
175	83.315	0.1392767719282023	6.437771435274797E-6	1.0E-4	1.3081473820550338
176	83.885	0.13926870240386385	8.06952433843322E-6	1.0E-4	2.541443198600889
177	84.518	0.13926051018609237	8.192217771485488E-6	1.0E-4	3.061996681452059
178	85.091	0.1392556121077375	4.898078354881319E-6	1.0E-4	2.1814951420682185
179	85.672	0.13925175414678034	3.857960957143192E-6	1.0E-4	1.7868766500230557
180	86.294	0.13924835494913002	3.399197650327812E-6	1.0E-4	2.1449505001928513
181	87.017	0.13924587283080853	2.4821183214895903E-6	1.0E-4	3.118881042938347
182	87.591	0.13924022879801376	5.644032794765996E-6	1.0E-4	5.767575136296932
183	88.164	0.1392363720900451	3.856707968652451E-6	1.0E-4	2.0390931020616145
184	88.602	0.13923510667014502	1.2654199000872168E-6	1.0E-4	2.135896851536745
185	89.187	0.1392337392731625	1.3673969825322985E-6	1.0E-4	3.809311329082992
186	89.707	0.13922869377360375	5.045499558736788E-6	1.0E-4	8.03629614585169
187	90.371	0.13922046568660604	8.228086997713602E-6	1.0E-4	3.561161868883138
188	90.962	0.1392165359726733	3.929713932732115E-6	1.0E-4	1.8058061094952769
189	91.501	0.13921467345224467	1.8625204286359942E-6	1.0E-4	1.995842914473881
190	92.025	0.13921260014011722	2.0733121274540967E-6	1.0E-4	1.9195367352381343
191	92.708	0.13920685977944436	5.74036067285677E-6	1.0E-4	4.652327966513198
192	93.266	0.1392003533691321	6.506410312245858E-6	1.0E-4	2.6439964212325364
193	93.83	0.1391976835580782	2.6698110539014053E-6	1.0E-4	1.4765512473695275
194	94.385	0.13919558272311722	2.1008349609941135E-6	1.0E-4	2.561165531166314
195	95.011	0.13919381175904158	1.7709640756369271E-6	1.0E-4	2.4806455874000375
196	95.611	0.13919238017262606	1.4315864155234337E-6	1.0E-4	2.6980914802194076
197	96.294	0.13918846276545396	3.9174071720937675E-6	1.0E-4	4.769970018371944
198	96.85	0.1391797170388463	8.74572660766737E-6	1.0E-4	2.7736461996172452
199	97.275	0.13917206004071161	7.656998134680792E-6	1.0E-4	1.9091354409891965
200	97.7	0.1391685961194477	3.463921263907599E-6	1.0E-4	1.5265488858549294
201	98.182	0.13916626620853523	2.3299109124796935E-6	1.0E-4	1.9534020823304592
202	98.939	0.1391627042469874	3.5619615478266198E-6	1.0E-4	3.740744019976114
203	99.579	0.1391578794800088	4.824766978606121E-6	1.0E-4	3.514029438678216
204	100.216	0.13914784251779475	1.0036962214049483E-5	1.0E-4	3.903350341311649
205	100.747	0.13914207852948987	5.763988304874346E-6	1.0E-4	1.5076927348560627
206	101.14	0.13913967542391956	2.4031055703144233E-6	1.0E-4	1.1417503882305253
207	101.601	0.139136971121334	2.704302585559981E-6	1.0E-4	1.4596188199482614
208	102.23	0.1391324220450361	4.549076297905019E-6	1.0E-4	3.42025735637032
209	102.807	0.1391276336301881	4.78841484799486E-6	1.0E-4	2.1643955831862947
210	103.386	0.13912044999686102	7.183633327079164E-6	1.0E-4	1.5531704357290401
211	103.833	0.13911349624078334	6.953756077676676E-6	1.0E-4	1.2086521452020065
212	104.326	0.13910608842852498	7.407812258358737E-6	1.0E-4	1.5130801209038556
213	104.974	0.13910242033337147	3.6680951535084105E-6	1.0E-4	1.256784314175203
214	105.476	0.13909980234279012	2.617990581349483E-6	1.0E-4	1.8934752269034216
215	105.943	0.13909757931264644	2.2230301436887423E-6	1.0E-4	2.170310686898528
216	106.522	0.1390958235884869	1.7557241595300699E-6	1.0E-4	2.405757492899055
217	107.004	0.1390936837819045	2.1398065823963197E-6	1.0E-4	3.4062560556332873
218	107.499	0.1390884634758865	5.220306018016707E-6	1.0E-4	4.965871775880071
219	107.959	0.13908369508160434	4.768394282150812E-6	1.0E-4	1.8740268586177105
220	108.484	0.13907993366536228	3.761416242059612E-6	1.0E-4	1.8275213437771047
221	108.969	0.13907677793201328	3.155733348997325E-6	1.0E-4	2.543924732402095
222	109.506	0.13907379557787547	2.982354137814891E-6	1.0E-4	2.7650147710509425
223	109.945	0.13906978594012256	4.009637752905304E-6	1.0E-4	3.1388514651452293
224	110.368	0.1390667518954512	3.034044671362812E-6	1.0E-4	1.314102118189035
225	110.846	0.13906230231997457	4.449575476628276E-6	1.0E-4	1.7544918669317024
226	111.268	0.13905902383536378	3.278484610791388E-6	1.0E-4	1.407720701755021
227	111.945	0.13905699939751526	2.024437848524574E-6	1.0E-4	1.5579060532914737
228	112.444	0.1390550924226413	1.9069748739553027E-6	1.0E-4	2.557695392614734
229	112.926	0.13905231367286405	2.778749777249123E-6	1.0E-4	2.8250326906840777
230	113.412	0.13904996144828718	2.3522245768681227E-6	1.0E-4	1.868231785707515
231	113.84	0.1390485960581815	1.3653901056731588E-6	1.0E-4	2.271158631228286
232	114.279	0.13904657420786537	2.021850316141771E-6	1.0E-4	3.2774599472024644
233	114.89	0.13904210275810647	4.471449758902679E-6	1.0E-4	3.3798298825957276
234	115.308	0.13903744737346196	4.655384644502991E-6	1.0E-4	2.199565432630513
235	115.748	0.139035747727118	1.6996463439722387E-6	1.0E-4	1.0979465847066876
236	116.151	0.13903483429668936	9.134304286284589E-7	1.0E-4	1.2314213052208776
best = -0.13903483429668936

------------------------------------------------------------
Sender: LSF System <lsfadmin@noderome198>
Subject: Job 143735610[1]: <train6[1-1]> in cluster <hpcf_research_cluster> Done

Job <train6[1-1]> was submitted from host <noderome194> by user <yli11> in cluster <hpcf_research_cluster> at Fri Oct 29 12:18:19 2021
Job was executed on host(s) <4*noderome198>, in queue <priority>, as user <yli11> in cluster <hpcf_research_cluster> at Fri Oct 29 14:02:31 2021
</home/yli11> was used as the home directory.
</home/yli11/dirs/NFIX_megan/predict_NFIX_PU1_cobinding> was used as the working directory.
Started at Fri Oct 29 14:02:31 2021
Terminated at Fri Oct 29 16:20:06 2021
Results reported at Fri Oct 29 16:20:06 2021

Your job looked like:

------------------------------------------------------------
# LSBATCH: User input


#BSUB -P final2_two
#BSUB -o final2_two_motif_coBinding_S3Norm_50bp/log_files/train6_%J_%I.out -e final2_two_motif_coBinding_S3Norm_50bp/log_files/train6_%J_%I.err
#BSUB -n 4
#BSUB -q priority
#BSUB -R "span[hosts=1] rusage[mem=15000]"
#BSUB -J "train6[1-1]"

#BSUB -w "ended(143735607)"

module purge

id=$LSB_JOBINDEX
COL1=`head -n $id /research/rgs01/home/clusterHome/yli11/HemTools/utils/../share/misc/sample.tsv|tail -n1|awk -F "	" '{print $1}'`
COL2=`head -n $id /research/rgs01/home/clusterHome/yli11/HemTools/utils/../share/misc/sample.tsv|tail -n1|awk -F "	" '{print $2}'`
COL3=`head -n $id /research/rgs01/home/clusterHome/yli11/HemTools/utils/../share/misc/sample.tsv|tail -n1|awk -F "	" '{print $3}'`
COL4=`head -n $id /research/rgs01/home/clusterHome/yli11/HemTools/utils/../share/misc/sample.tsv|tail -n1|awk -F "	" '{print $4}'`
COL5=`head -n $id /research/rgs01/home/clusterHome/yli11/HemTools/utils/../share/misc/sample.tsv|tail -n1|awk -F "	" '{print $5}'`
COL6=`head -n $id /research/rgs01/home/clusterHome/yli11/HemTools/utils/../share/misc/sample.tsv|tail -n1|awk -F "	" '{print $6}'`
COL7=`head -n $id /research/rgs01/home/clusterHome/yli11/HemTools/utils/../share/misc/sample.tsv|tail -n1|awk -F "	" '{print $7}'`
COL8=`head -n $id /research/rgs01/home/clusterHome/yli11/HemTools/utils/../share/misc/sample.tsv|tail -n1|awk -F "	" '{print $8}'`
COL9=`head -n $id /research/rgs01/home/clusterHome/yli11/HemTools/utils/../share/misc/sample.tsv|tail -n1|awk -F "	" '{print $9}'`
LINE=`head -n $id /research/rgs01/home/clusterHome/yli11/HemTools/utils/../share/misc/sample.tsv|tail -n1`

echo ${COL1}
echo ${COL2}
echo ${COL3}
echo ${COL4}
echo ${COL5}
echo ${COL6}

ncore=4
mem=15000
q=priority
module load java/10.0.2
Catchitt_path=/home/yli11/HemTools/share/script/jar/Catchitt-0.1.4b.jar
java -jar -Xmx40g ${Catchitt_path} itrain \
t=chr1,chr2,chr3,chr4,chr5,chr6,chr7,chr9,chr10,chr11,chr12,chr13,chr14,chr15,chr16,chr17,chr18,chr19 \
itc='chr1,chr2,chr3,chr4,chr12,chr13,chr14,chr15,chr16,chr17,chr18,chr19' \
threads=20 \
a=final2_two_motif_coBinding_S3Norm_50bp/ATAC/HPC5/Chromatin_accessibility.tsv.gz \
m=final2_two_motif_coBinding_S3Norm_50bp/Motif/NFIX.homer/Motif_scores.tsv.gz m=final2_two_motif_coBinding_S3Norm_50bp/Motif/PU1.homer/Motif_scores.tsv.gz \
l=final2_two_motif_coBinding_S3Norm_50bp/labels/Labels.tsv.gz \
f=/home/yli11/Data/Mouse/mm9/fasta/mm9_main.fa.fai \
i=5 \
abb=1 \
aba=4 \
p=0.2 \
b=50 outdir=final2_two_motif_coBinding_S3Norm_50bp/trained_model/model1_5_14_02

(... more ...)
------------------------------------------------------------

Successfully completed.

Resource usage summary:

    CPU time :                                   8955.10 sec.
    Max Memory :                                 2190 MB
    Average Memory :                             1183.55 MB
    Total Requested Memory :                     60000.00 MB
    Delta Memory :                               57810.00 MB
    Max Swap :                                   -
    Max Processes :                              4
    Max Threads :                                42
    Run time :                                   8254 sec.
    Turnaround time :                            14507 sec.

The output (if any) is above this job summary.



PS:

Read file <final2_two_motif_coBinding_S3Norm_50bp/log_files/train6_143735610_1.err> for stderr output of this job.

