a
b
c



GenDisMixClassifier with weights=[1.0, 0.0, 0.0]
optimizing 262 parameters
start 1:
Warning: Could not load UserTime. Using RealTime instead.
QUASI_NEWTON_BFGS
iteration	time	f(x)	delta	start distance	linesearch
0	0	13.027433245342733	0
1	0.66	1.0742358690028913	11.953197376339842	1.0E-4	5.526045109976099
2	1.185	0.5205645404704715	0.5536713285324197	1.0E-4	0.8075446458151055
3	1.385	0.3545719778139803	0.1659925626564912	1.0E-4	1.9356435008946011
4	1.545	0.3247321019631225	0.02983987585085779	1.0E-4	0.16878120539475966
5	1.747	0.26220143328050155	0.06253066868262097	1.0E-4	2.6369816635591254
6	1.926	0.22508090209221876	0.03712053118828279	1.0E-4	3.9765609851980965
7	2.093	0.19644981480693194	0.02863108728528682	1.0E-4	1.5449560343006299
8	2.259	0.1675540526103496	0.028895762196582325	1.0E-4	1.3883013584289319
9	2.424	0.15678241905658477	0.010771633553764842	1.0E-4	0.7350814389971061
10	2.573	0.1521881462456585	0.004594272810926281	1.0E-4	0.5155294862849875
11	2.754	0.14663551915989323	0.00555262708576526	1.0E-4	1.550835764667636
12	2.926	0.14203397873611656	0.004601540423776668	1.0E-4	1.7757302078603485
13	3.101	0.139059971836091	0.0029740069000255553	1.0E-4	1.7416842082501935
14	3.274	0.1355790646100275	0.0034809072260635066	1.0E-4	2.294017280322404
15	3.45	0.12999210239353434	0.005586962216493158	1.0E-4	2.763914025762962
16	3.625	0.1271596013627898	0.002832501030744533	1.0E-4	0.8968400027185971
17	3.773	0.12484448998648051	0.002315111376309298	1.0E-4	1.849195661909185
18	3.933	0.12263493828634177	0.0022095517001387427	1.0E-4	1.7957188661033483
19	4.11	0.12102072079963798	0.0016142174867037895	1.0E-4	1.1883891213635467
20	4.284	0.11887157604129686	0.0021491447583411177	1.0E-4	2.1009306204716416
21	4.456	0.11566308605773458	0.003208489983562282	1.0E-4	2.7365622203673747
22	4.628	0.11001495058332375	0.005648135474410829	1.0E-4	2.11466282462858
23	4.794	0.10550722500804112	0.004507725575282631	1.0E-4	2.004034956581636
24	4.952	0.1029065105323476	0.0026007144756935163	1.0E-4	1.3553517707176626
25	5.108	0.10122461278919116	0.0016818977431564408	1.0E-4	1.349076292653449
26	5.276	0.09797263966434261	0.0032519731248485534	1.0E-4	3.0266279907399234
27	5.439	0.09433681272729157	0.0036358269370510427	1.0E-4	2.3745577912455036
28	5.58	0.09282835139637491	0.0015084613309166578	1.0E-4	0.7143138394602442
29	5.731	0.09207074520547363	7.576061909012749E-4	1.0E-4	1.4126218612147323
30	5.939	0.09087937381040775	0.0011913713950658794	1.0E-4	3.249600140410451
31	6.106	0.08883861652527919	0.002040757285128564	1.0E-4	2.515862030719253
32	6.268	0.08723648223734892	0.001602134287930268	1.0E-4	2.1926498202506637
33	6.429	0.08665387252108264	5.826097162662802E-4	1.0E-4	0.7233123192219297
34	6.578	0.08589962232140887	7.542501996737755E-4	1.0E-4	1.5030298193664102
35	6.816	0.08526111600134814	6.385063200607249E-4	1.0E-4	2.0882052281899908
36	6.988	0.08475625848380251	5.048575175456288E-4	1.0E-4	2.153527711309746
37	7.179	0.08397308206486753	7.831764189349805E-4	1.0E-4	3.3222740529219257
38	7.368	0.0825913924448894	0.0013816896199781298	1.0E-4	2.3268605912880624
39	7.518	0.08207921280967138	5.121796352180186E-4	1.0E-4	1.1489376827227504
40	7.684	0.08189700256717948	1.8221024249190365E-4	1.0E-4	1.1391747668223073
41	7.904	0.08154421865834738	3.527839088321022E-4	1.0E-4	2.543348685902392
42	8.094	0.08133686998482716	2.073486735202218E-4	1.0E-4	1.717675067773142
43	8.29	0.08120132644260046	1.3554354222669596E-4	1.0E-4	1.8654763166046537
44	8.478	0.08104303713191267	1.5828931068778695E-4	1.0E-4	2.780730660909161
45	8.668	0.08059122081901679	4.5181631289588353E-4	1.0E-4	3.6312320103786204
46	8.841	0.08026059212965923	3.306286893575566E-4	1.0E-4	1.919505837277268
47	9.031	0.08010702849812441	1.535636315348199E-4	1.0E-4	1.3333355648940146
48	9.219	0.07998644903087636	1.2057946724805535E-4	1.0E-4	2.3645088937391
49	9.418	0.07977647594310398	2.099730877723749E-4	1.0E-4	4.645301342315706
50	9.6	0.0793325033091485	4.4397263395548614E-4	1.0E-4	4.387209631478164
51	9.779	0.07916131332690754	1.7118998224095738E-4	1.0E-4	1.566062065258442
52	9.957	0.07907150161886452	8.981170804302219E-5	1.0E-4	2.6077561530702753
53	10.168	0.07881468340854608	2.568182103184352E-4	1.0E-4	6.550013975686326
54	10.35	0.07835222671656708	4.6245669197900185E-4	1.0E-4	2.658365980731122
55	10.515	0.07825683790328518	9.538881328190196E-5	1.0E-4	1.2267733245967076
56	10.713	0.07821011903919957	4.671886408560977E-5	1.0E-4	1.9955452803927285
57	10.902	0.07811819568648534	9.192335271422658E-5	1.0E-4	3.661895623314602
58	11.089	0.07791316740759248	2.0502827889286313E-4	1.0E-4	2.5895764860151202
59	11.286	0.07779016574827033	1.2300165932215001E-4	1.0E-4	2.2940409437300073
60	11.458	0.07775841310433883	3.1752643931501345E-5	1.0E-4	1.3879541900775274
61	11.645	0.07773590775353188	2.2505350806945046E-5	1.0E-4	1.8542085320092847
62	11.842	0.077691231580015	4.4676173516888795E-5	1.0E-4	3.2413944443676206
63	12.035	0.07760024592852821	9.098565148678295E-5	1.0E-4	3.6262383064588226
64	12.225	0.07747927788101842	1.2096804750978685E-4	1.0E-4	2.6695103071162674
65	12.449	0.07741909950225548	6.017837876294563E-5	1.0E-4	1.1150110097419603
66	12.626	0.07739895605371434	2.0143448541135034E-5	1.0E-4	1.164000035790764
67	12.804	0.07738207638391378	1.687966980055966E-5	1.0E-4	2.248247312477402
68	13.019	0.07734005559069396	4.202079321982688E-5	1.0E-4	5.749162267739872
69	13.21	0.07724054699167461	9.950859901934617E-5	1.0E-4	4.685868487634121
70	13.419	0.07715399867320431	8.654831847029754E-5	1.0E-4	2.6781153829364945
71	13.607	0.0771377424780571	1.6256195147210106E-5	1.0E-4	1.544769894353273
72	13.79	0.07712018767342566	1.7554804631447762E-5	1.0E-4	3.658728528826278
73	14.006	0.07698570281663702	1.3448485678863031E-4	1.0E-4	9.820387178347792
74	14.189	0.07686366931963229	1.2203349700473654E-4	1.0E-4	2.6657181384113455
75	14.365	0.07682644705585538	3.722226377690652E-5	1.0E-4	1.9062193884660075
76	14.569	0.07680590913165936	2.053792419602629E-5	1.0E-4	3.4457534395414298
77	14.773	0.0766999789396165	1.0593019204285792E-4	1.0E-4	8.874911669718312
78	14.963	0.07657134991166133	1.2862902795517106E-4	1.0E-4	2.4927478975235933
79	15.141	0.07648144423305193	8.990567860939214E-5	1.0E-4	1.453176137504482
80	15.36	0.07646083172423222	2.0612508819711772E-5	1.0E-4	1.2577997904163511
81	15.556	0.0764506301150157	1.0201609216525798E-5	1.0E-4	3.563743528655554
82	15.751	0.07641676908345296	3.386103156273468E-5	1.0E-4	6.7914531574176875
83	15.937	0.07635775595886063	5.90131245923331E-5	1.0E-4	3.19907233069993
84	16.117	0.07631588919909589	4.186675976473875E-5	1.0E-4	1.8697151874686029
85	16.352	0.07629970458183505	1.6184617260842082E-5	1.0E-4	2.0207956599585515
86	16.547	0.07629337479253906	6.329789295989041E-6	1.0E-4	2.4834754805734907
87	16.75	0.07628461113778874	8.763654750318373E-6	1.0E-4	5.025728369198496
88	16.969	0.07624336171319333	4.124942459540759E-5	1.0E-4	10.088786683962855
89	17.154	0.07619974953242929	4.361218076404105E-5	1.0E-4	2.5155322975979466
90	17.342	0.07618543565603422	1.4313876395069536E-5	1.0E-4	2.3400749013690407
91	17.536	0.07617842022239393	7.015433640289448E-6	1.0E-4	2.8634639489545957
92	17.749	0.07616681366672233	1.1606555671603291E-5	1.0E-4	4.629550423996665
93	17.954	0.07615603865201154	1.0775014710792674E-5	1.0E-4	2.2238958445846944
94	18.162	0.07614277699446148	1.3261657550056594E-5	1.0E-4	3.6792769895536117
95	18.368	0.07609199435700942	5.0782637452062573E-5	1.0E-4	5.705748315135094
96	18.584	0.07604166277676945	5.0331580239967866E-5	1.0E-4	2.5658619537035925
97	18.771	0.07601315716452992	2.850561223953496E-5	1.0E-4	2.1216401312711217
98	18.952	0.0760034469886205	9.710175909422025E-6	1.0E-4	1.3903697580623133
99	19.141	0.07599535973815891	8.087250461585871E-6	1.0E-4	2.4664252040517587
100	19.368	0.07596508130322899	3.0278434929920106E-5	1.0E-4	7.671808724814199
101	19.552	0.07591002230981626	5.50589934127238E-5	1.0E-4	3.4027223328745264
102	19.731	0.07588786218909928	2.2160120716985254E-5	1.0E-4	1.566064032890457
103	19.916	0.07588383902554695	4.023163552330233E-6	1.0E-4	1.107059054532893
104	20.103	0.07588104598416898	2.793041377971428E-6	1.0E-4	2.420422743516094
105	20.316	0.07587684547070758	4.200513461394273E-6	1.0E-4	4.9768309609340395
106	20.522	0.07584919802178676	2.7647448920822826E-5	1.0E-4	12.412654310875386
107	20.715	0.0758231073226018	2.6090699184966315E-5	1.0E-4	2.5508392998856633
108	20.932	0.07581416716271146	8.94015989033603E-6	1.0E-4	1.8526818352741719
109	21.117	0.07580967428121352	4.4928814979389164E-6	1.0E-4	2.206538972626515
110	21.334	0.07580590558253827	3.7686986752438756E-6	1.0E-4	2.9125308413308395
111	21.581	0.07579584792345913	1.0057659079146242E-5	1.0E-4	5.243855184212958
112	21.833	0.0757708115022769	2.5036421182234037E-5	1.0E-4	3.7321437155464294
113	22.029	0.07574807336532881	2.273813694808613E-5	1.0E-4	1.860361281580096
114	22.232	0.07574302624839196	5.047116936843232E-6	1.0E-4	1.0327297651224783
115	22.415	0.07574129138898258	1.7348594093802294E-6	1.0E-4	1.8110210760445502
116	22.649	0.07573865741442563	2.633974556950913E-6	1.0E-4	3.653956673381342
117	22.921	0.07572535949164395	1.329792278167985E-5	1.0E-4	6.157220380367557
118	23.123	0.07568582148980196	3.953800184199052E-5	1.0E-4	4.211368007530796
119	23.324	0.07567937282870171	6.448661100250108E-6	1.0E-4	1.3308555569285465
120	23.519	0.07567646014243	2.9126862717138158E-6	1.0E-4	2.707988201767749
121	23.693	0.07567218978233914	4.27036009086057E-6	1.0E-4	3.5377890310900675
122	23.905	0.07566152179086552	1.066799147361741E-5	1.0E-4	5.808650001031457
123	24.093	0.07561781773682258	4.370405404294231E-5	1.0E-4	6.234221141603949
124	24.268	0.07560442669193258	1.3391044889995984E-5	1.0E-4	1.5438695046998172
125	24.446	0.07560212605063331	2.3006412992743197E-6	1.0E-4	1.5161785452131773
126	24.639	0.07560047137820058	1.6546724327243245E-6	1.0E-4	2.1727109305466388
127	24.859	0.07559655948521883	3.911892981753318E-6	1.0E-4	4.897793970669411
128	25.061	0.07557195632243253	2.4603162786296373E-5	1.0E-4	10.253875159088441
129	25.285	0.07551791495441115	5.404136802138193E-5	1.0E-4	3.518538122291932
130	25.481	0.07550289479993957	1.5020154471578895E-5	1.0E-4	1.3994080916386185
131	25.709	0.07550095915427939	1.935645660186558E-6	1.0E-4	1.3716588038727349
132	25.909	0.07549903090332057	1.9282509588214314E-6	1.0E-4	3.423240537845548
133	26.117	0.07549188644792432	7.144455396249083E-6	1.0E-4	5.704747342812768
134	26.333	0.075463094402699	2.8792045225323193E-5	1.0E-4	5.25318192330753
135	26.577	0.07542386101124837	3.9233391450621546E-5	1.0E-4	2.0796746396442845
136	26.802	0.07540760764975664	1.6253361491733176E-5	1.0E-4	1.1662537288106034
137	26.973	0.07540262808487952	4.97956487711948E-6	1.0E-4	1.1705402046161246
138	27.149	0.07540126969629106	1.3583885884599356E-6	1.0E-4	1.159788889886668
139	27.378	0.07540001996657839	1.2497297126740081E-6	1.0E-4	1.837902727447829
140	27.599	0.07539451701309854	5.5029534798411994E-6	1.0E-4	5.71157078393687
141	27.818	0.07537293546898073	2.158154411781299E-5	1.0E-4	5.652266943257556
142	28.016	0.07534643242637856	2.6503042602168958E-5	1.0E-4	2.422864266334937
143	28.212	0.07530798977619883	3.844265017972914E-5	1.0E-4	2.9201231815114266
144	28.4	0.07525714200888732	5.084776731151264E-5	1.0E-4	1.8009158553395075
145	28.565	0.07523495033326269	2.2191675624630425E-5	1.0E-4	0.8100696225815402
146	28.741	0.07522552404423137	9.42628903131959E-6	1.0E-4	0.9892968336428587
147	28.941	0.07522242439993361	3.09964429776044E-6	1.0E-4	0.9549884882568083
148	29.164	0.07522079723729222	1.6271626413905116E-6	1.0E-4	1.6460380381079516
149	29.366	0.0752176544895069	3.1427477853174235E-6	1.0E-4	3.2168990456555013
150	29.568	0.07520908656745914	8.56792204775858E-6	1.0E-4	3.8359835769971027
151	29.764	0.07518824440801075	2.0842159448392072E-5	1.0E-4	3.8946077351036577
152	29.953	0.0751504085445302	3.78358634805509E-5	1.0E-4	2.739892915143518
153	30.144	0.0751273642522205	2.3044292309704062E-5	1.0E-4	1.570169832358661
154	30.326	0.07512238097402416	4.983278196341034E-6	1.0E-4	0.9669126596737843
155	30.5	0.07512147616098626	9.048130378969121E-7	1.0E-4	1.1335601382569493
best = -0.07512147616098626
GenDisMixClassifier with weights=[1.0, 0.0, 0.0]
optimizing 262 parameters
start 1:
Warning: Could not load UserTime. Using RealTime instead.
QUASI_NEWTON_BFGS
iteration	time	f(x)	delta	start distance	linesearch
0	0	4.390643854716718	0
1	0.591	0.9226985262691644	3.4679453284475534	1.0E-4	2.0789962631203136
2	0.979	0.6526361629520038	0.2700623633171606	1.0E-4	0.04481067058944675
3	1.498	0.2331235013310487	0.4195126616209551	1.0E-4	1.1809516960964233
4	2.011	0.21603607887444704	0.017087422456601664	1.0E-4	1.3138757091893025
5	2.524	0.19920481441914775	0.016831264455299283	1.0E-4	1.1603137816680178
6	3.136	0.17874049620687665	0.0204643182122711	1.0E-4	3.2535177334510967
7	3.667	0.16513376946678157	0.013606726740095082	1.0E-4	0.43416268804615155
8	4.147	0.16143736507807452	0.003696404388707053	1.0E-4	0.6567552799077704
9	4.586	0.15685719952181817	0.004580165556256344	1.0E-4	0.4686523128041653
10	5.069	0.1533762347853363	0.0034809647364818785	1.0E-4	1.0756216269079764
11	5.597	0.14932159921179972	0.00405463557353658	1.0E-4	1.2309645493805401
12	6.054	0.14826797695722077	0.0010536222545789453	1.0E-4	0.5602756699723106
13	6.562	0.14334633502173633	0.004921641935484444	1.0E-4	1.0381295139680047
14	7.109	0.13814972906706377	0.005196605954672556	1.0E-4	0.8464407269419899
15	7.562	0.13639572019443189	0.0017540088726318848	1.0E-4	0.44042107979072237
16	8.106	0.13375737753176212	0.002638342662669768	1.0E-4	1.5764621383465482
17	8.544	0.13237692225879838	0.0013804552729637376	1.0E-4	0.37607089343484496
18	9.053	0.13070023583199236	0.0016766864268060178	1.0E-4	0.6538169225309471
19	9.566	0.1287804133187469	0.0019198225132454616	1.0E-4	1.773363946715081
20	10.129	0.1267671557316118	0.002013257587135109	1.0E-4	2.7622076545144605
21	10.654	0.1254038829153176	0.0013632728162941976	1.0E-4	2.1357670447858803
22	11.169	0.12413590150841954	0.0012679814068980583	1.0E-4	2.5138640338426264
23	11.701	0.12298129682400263	0.0011546046844169017	1.0E-4	2.236664378522058
24	12.252	0.11988522392184155	0.003096072902161087	1.0E-4	4.74734182741862
25	12.771	0.11650157483513027	0.0033836490867112795	1.0E-4	2.3364997253329682
26	13.379	0.11505934345261044	0.0014422313825198235	1.0E-4	1.5884179091422794
27	14.215	0.11374537231196165	0.0013139711406487953	1.0E-4	5.333511255018862
28	14.74	0.1124812044601276	0.0012641678518340443	1.0E-4	0.871403241564512
29	15.196	0.11174389078529212	7.373136748354825E-4	1.0E-4	0.27071554983554796
30	15.717	0.11114981441933931	5.940763659528087E-4	1.0E-4	0.7678476035180132
31	16.254	0.10956066003212796	0.0015891543872113556	1.0E-4	0.4090621042916773
32	16.748	0.10830957426519792	0.0012510857669300324	1.0E-4	1.829100382928897
33	17.254	0.1070372682118735	0.001272306053324429	1.0E-4	2.1613920901060677
34	17.837	0.10566018326981962	0.00137708494205388	1.0E-4	1.6454246806700563
35	18.277	0.10517373679931016	4.8644647050945233E-4	1.0E-4	0.37956223287814683
36	18.791	0.1043459721951995	8.27764604110659E-4	1.0E-4	1.4598857650164774
37	19.316	0.10373270229003362	6.132699051658863E-4	1.0E-4	2.063991859589261
38	19.866	0.10285247108604252	8.80231203991097E-4	1.0E-4	2.9566530669767865
39	20.367	0.10236584687219533	4.866242138471949E-4	1.0E-4	1.882425368389222
40	20.924	0.10203236259485879	3.334842773365376E-4	1.0E-4	2.151009675398398
41	21.448	0.10151573129547382	5.166312993849648E-4	1.0E-4	2.3811139829635337
42	22.08	0.10045983774357982	0.001055893551894005	1.0E-4	4.25473201471209
43	22.705	0.10012870952232608	3.3112822125373753E-4	1.0E-4	0.9201646414971579
44	23.197	0.09949948525496832	6.292242673577586E-4	1.0E-4	0.7805943829653359
45	23.82	0.098873885460334	6.255997946343211E-4	1.0E-4	2.555255545621001
46	24.366	0.09817885765807674	6.950278022572615E-4	1.0E-4	2.8306310191941875
47	24.905	0.09759312812531781	5.857295327589274E-4	1.0E-4	2.504760771921043
48	25.404	0.09700258082265599	5.90547302661823E-4	1.0E-4	2.497152240190476
49	26.027	0.09649630089235899	5.062799302970045E-4	1.0E-4	3.4657195632447744
50	26.541	0.09603382707574026	4.62473816618722E-4	1.0E-4	2.800454167708287
51	27.058	0.09581124113399446	2.225859417458037E-4	1.0E-4	1.6914969698983868
52	27.587	0.09555364942338794	2.5759171060651953E-4	1.0E-4	1.7860140295690294
53	28.122	0.09521148848625667	3.421609371312695E-4	1.0E-4	3.080512397094229
54	28.672	0.09493681084864847	2.746776376082033E-4	1.0E-4	3.090664036071968
55	29.291	0.09471630567715215	2.20505171496313E-4	1.0E-4	2.7820948231668203
56	29.928	0.09455116588232108	1.6513979483107066E-4	1.0E-4	2.8320849844321767
57	30.497	0.09443850658048879	1.1265930183229633E-4	1.0E-4	3.005625239574411
58	31.065	0.09434803575335322	9.047082713556365E-5	1.0E-4	2.8786483228592314
59	31.735	0.09425919393769444	8.88418156587828E-5	1.0E-4	3.5548671264248752
60	32.297	0.09416020835847984	9.898557921460271E-5	1.0E-4	2.046034682526
61	32.837	0.09407728923452119	8.291912395864964E-5	1.0E-4	1.8171732932099864
62	33.401	0.09392243910409873	1.5485013042246254E-4	1.0E-4	2.7947067452277925
63	34.032	0.09379297333397771	1.294657701210178E-4	1.0E-4	2.0320601513540035
64	34.527	0.09376126239456965	3.171093940805558E-5	1.0E-4	1.1546391192515377
65	35.044	0.09370929672319547	5.196567137417951E-5	1.0E-4	1.8966174815302306
66	35.65	0.0935980849655567	1.1121175763877111E-4	1.0E-4	3.7718268480945967
67	36.199	0.09350670941469895	9.137555085775295E-5	1.0E-4	1.7076297521943087
68	36.733	0.09345283262530167	5.3876789397278024E-5	1.0E-4	1.5009514060484472
69	37.338	0.09342990136498779	2.293126031388537E-5	1.0E-4	0.45894080652754765
70	37.869	0.09338769755721868	4.220380776910615E-5	1.0E-4	1.2632490966335663
71	38.694	0.09334800411391794	3.9693443300736764E-5	1.0E-4	2.010798428695092
72	39.256	0.09332776199005302	2.0242123864921968E-5	1.0E-4	1.4760193058690747
73	39.829	0.09331097266391011	1.6789326142907512E-5	1.0E-4	2.022712797112425
74	40.352	0.09328757349410376	2.3399169806356812E-5	1.0E-4	2.7851066400679567
75	40.891	0.09324583416125491	4.173933284884468E-5	1.0E-4	2.421091507639813
76	41.479	0.09321452130278118	3.131285847372822E-5	1.0E-4	1.978065383832196
77	42.037	0.09319559905733167	1.8922245449512487E-5	1.0E-4	2.1581348433106413
78	42.742	0.09316430718491998	3.1291872411687294E-5	1.0E-4	4.953339549549914
79	43.335	0.09310393374747421	6.03734374457765E-5	1.0E-4	3.1742572817775447
80	43.882	0.0930849787474532	1.8955000021012025E-5	1.0E-4	1.1882828207047798
81	44.453	0.09306899770935179	1.5981038101409162E-5	1.0E-4	1.9405702512881235
82	45.145	0.09303995123749173	2.9046471860055822E-5	1.0E-4	4.609215537569966
83	45.817	0.09292930962521724	1.1064161227448965E-4	1.0E-4	6.079948015914544
84	46.34	0.09287945100115952	4.985862405772201E-5	1.0E-4	1.664108999934924
85	46.912	0.09285660503089783	2.2845970261684E-5	1.0E-4	2.314727219212235
86	47.556	0.09282474579507914	3.18592358186931E-5	1.0E-4	3.48323499513355
87	48.16	0.09278655411199753	3.819168308161203E-5	1.0E-4	3.226666474451987
88	48.697	0.09273261276108315	5.394135091438268E-5	1.0E-4	3.030732183238399
89	49.245	0.0926971963076981	3.5416453385048174E-5	1.0E-4	2.378369937905718
90	49.817	0.09267935305268275	1.784325501534567E-5	1.0E-4	2.466936231713048
91	50.447	0.09264009136642933	3.926168625342785E-5	1.0E-4	4.00584907814087
92	51.014	0.09259071328964241	4.937807678691286E-5	1.0E-4	2.2552435316490245
93	51.59	0.09255890954033867	3.180374930374097E-5	1.0E-4	2.5704603182823216
94	52.235	0.09253393310312391	2.4976437214760394E-5	1.0E-4	2.4893059361703886
95	52.867	0.09252058456315909	1.3348539964819217E-5	1.0E-4	2.06167110190736
96	53.538	0.09251327306654697	7.311496612122381E-6	1.0E-4	2.3576666931340173
97	54.152	0.0924980803173925	1.5192749154471774E-5	1.0E-4	3.94991258088273
98	54.692	0.09247208376705295	2.599655033955206E-5	1.0E-4	2.959585340512276
99	55.249	0.09245943790604215	1.2645861010796011E-5	1.0E-4	1.801063335959568
100	55.827	0.09245409128485492	5.34662118722995E-6	1.0E-4	1.6225246396067268
101	56.39	0.09244998533819875	4.105946656174364E-6	1.0E-4	2.6277568650271355
102	57.153	0.09243778533757381	1.2200000624934537E-5	1.0E-4	6.36395096442965
103	57.749	0.09242202278823917	1.5762549334635834E-5	1.0E-4	2.5014234253113883
104	58.332	0.09241002733514972	1.1995453089455599E-5	1.0E-4	1.2569506419720748
105	58.828	0.092399028274809	1.0999060340716182E-5	1.0E-4	0.7289346373392797
106	59.413	0.0923856862484398	1.3342026369198012E-5	1.0E-4	1.6422545914244646
107	59.946	0.09238010555891092	5.580689528883465E-6	1.0E-4	1.697175293040077
108	60.48	0.09237415433235197	5.951226558956191E-6	1.0E-4	2.3180656487988953
109	61.138	0.09236388664793137	1.0267684420597889E-5	1.0E-4	3.5378849142904483
110	61.728	0.0923467927732858	1.7093874645573992E-5	1.0E-4	3.145361695768559
111	62.328	0.09233779309981953	8.999673466264513E-6	1.0E-4	1.7403074174259747
112	62.919	0.09233488863830108	2.9044615184464773E-6	1.0E-4	1.9357073400352909
113	63.567	0.09232979164721143	5.096991089650893E-6	1.0E-4	5.798577207924362
114	64.184	0.09230864686856394	2.1144778647494422E-5	1.0E-4	6.513751115407073
115	64.785	0.09229425435831039	1.4392510253549706E-5	1.0E-4	1.810192249080179
116	65.343	0.09229131824422883	2.936114081558694E-6	1.0E-4	1.50588851818275
117	65.929	0.09228836724444736	2.9509997814675115E-6	1.0E-4	5.004042260177644
118	66.556	0.09228138572962985	6.981514817511192E-6	1.0E-4	4.752605592540095
119	67.135	0.09227746714249978	3.918587130072315E-6	1.0E-4	1.8446366096437508
120	67.919	0.092272284867722	5.18227477777633E-6	1.0E-4	5.087145296981364
121	68.543	0.09226274715144676	9.537716275237473E-6	1.0E-4	2.712209019086579
122	69.103	0.0922604771710057	2.2699804410608593E-6	1.0E-4	1.4822378332473831
123	69.688	0.09225973570009281	7.414709128905628E-7	1.0E-4	1.5778877696093874
best = -0.09225973570009281
GenDisMixClassifier with weights=[1.0, 0.0, 0.0]
optimizing 262 parameters
start 1:
Warning: Could not load UserTime. Using RealTime instead.
QUASI_NEWTON_BFGS
iteration	time	f(x)	delta	start distance	linesearch
0	0	4.843801826812047	0
1	0.614	0.5220938337965628	4.321707993015485	1.0E-4	1.761490039097437
2	1.083	0.42401065011090877	0.09808318368565405	1.0E-4	0.08638282855283161
3	1.661	0.22656913117564786	0.1974415189352609	1.0E-4	1.168338663183565
4	2.249	0.20431833143620123	0.02225079973944663	1.0E-4	1.3287572469241258
5	2.869	0.18354705410103403	0.020771277335167204	1.0E-4	1.4240255514014857
6	3.518	0.16084910077569892	0.022697953325335113	1.0E-4	2.838161301167332
7	4.085	0.15118880264891002	0.009660298126788897	1.0E-4	0.5049897116885074
8	4.727	0.14523052980248619	0.005958272846423834	1.0E-4	2.536672090752066
9	5.18	0.14285994485935902	0.0023705849431271686	1.0E-4	0.04774433138862423
10	5.765	0.14115509771481816	0.0017048471445408608	1.0E-4	1.4815193585727595
11	6.333	0.13839990697233598	0.0027551907424821775	1.0E-4	0.6606475043017328
12	7.075	0.13426354406002494	0.004136362912311037	1.0E-4	2.266990678825495
13	7.645	0.13144597587711412	0.002817568182910818	1.0E-4	1.2025913833216857
14	8.211	0.12934733671959545	0.002098639157518678	1.0E-4	0.6449617872518913
15	8.834	0.1267831667752205	0.0025641699443749444	1.0E-4	1.4563601550721488
16	9.316	0.12573408876050332	0.0010490780147171808	1.0E-4	0.2770045672474623
17	9.975	0.12373077190341057	0.002003316857092749	1.0E-4	1.4190514156345568
18	10.584	0.12262352453491603	0.001107247368494546	1.0E-4	1.082204146008774
19	11.1	0.12238799238527807	2.3553214963795144E-4	1.0E-4	0.3373866628847801
20	11.755	0.121331279519966	0.0010567128653120733	1.0E-4	2.018671364781481
21	12.445	0.11994857686417719	0.0013827026557888117	1.0E-4	3.4548916060400696
22	13.309	0.11845068917572023	0.0014978876884569614	1.0E-4	3.766890218653073
23	13.983	0.11623375442407498	0.0022169347516452498	1.0E-4	3.0605276783473
24	14.587	0.11526449971003819	9.692547140367908E-4	1.0E-4	1.359120476847354
25	15.246	0.11427838874092223	9.861109691159525E-4	1.0E-4	1.0075691466504049
26	15.763	0.114156018640643	1.223701002792399E-4	1.0E-4	0.19302957417387026
27	16.198	0.11332730672011733	8.287119205256654E-4	1.0E-4	0.05471959281608685
28	16.835	0.11285823937731554	4.690673428017905E-4	1.0E-4	0.8960866638720083
29	17.437	0.11218699687055891	6.712425067566252E-4	1.0E-4	1.898602220149898
30	18.28	0.11094724955695233	0.0012397473136065845	1.0E-4	3.0906293574597146
31	19.021	0.10988147685751908	0.001065772699433254	1.0E-4	2.038119493278284
32	19.612	0.10845152515341797	0.0014299517041011095	1.0E-4	3.385283689232992
33	20.267	0.1073301705845454	0.0011213545688725651	1.0E-4	2.671255272512677
34	20.915	0.10706798816907521	2.621824154701857E-4	1.0E-4	1.3366456494638705
35	21.534	0.10680312416489983	2.648640041753858E-4	1.0E-4	1.4102516727650967
36	22.219	0.10614339725555036	6.597269093494701E-4	1.0E-4	3.1132081023360008
37	22.81	0.10527591544203461	8.674818135157442E-4	1.0E-4	1.9939119433003083
38	23.518	0.10477332366928496	5.025917727496526E-4	1.0E-4	1.2469245533517446
39	24.151	0.10419030559701423	5.830180722707357E-4	1.0E-4	1.6241117764652553
40	24.754	0.10362651738982696	5.63788207187263E-4	1.0E-4	2.858327988059404
41	25.452	0.10330378131298165	3.227360768453119E-4	1.0E-4	1.9617202024463
42	26.218	0.1030291331421059	2.7464817087574644E-4	1.0E-4	1.6464320967008697
43	26.957	0.10257920019709228	4.49932945013623E-4	1.0E-4	4.747309852690598
44	27.725	0.1016317877325588	9.474124645334758E-4	1.0E-4	3.8627806498642037
45	28.361	0.1009389928817298	6.92794850829001E-4	1.0E-4	2.0457943255002924
46	28.98	0.10030474600943744	6.342468722923683E-4	1.0E-4	2.4030096642802348
47	29.584	0.09981029100012015	4.944550093172878E-4	1.0E-4	1.461506694570397
48	30.237	0.09939871000913883	4.115809909813195E-4	1.0E-4	1.30821112064395
49	30.819	0.09891737940743306	4.813306017057706E-4	1.0E-4	1.3169729191924202
50	31.532	0.09862791876283009	2.894606446029735E-4	1.0E-4	1.8318394953164383
51	32.151	0.09847673964860952	1.5117911422056485E-4	1.0E-4	1.3779360760530228
52	32.812	0.0981339159374204	3.4282371118912747E-4	1.0E-4	2.9530310043823977
53	33.413	0.0978062997050972	3.2761623232319126E-4	1.0E-4	0.8673826953123
54	34.049	0.09756730743321497	2.3899227188223238E-4	1.0E-4	2.062190076612099
55	34.693	0.09741871988899029	1.485875442246848E-4	1.0E-4	2.619755168689581
56	35.297	0.09730453730830428	1.1418258068600362E-4	1.0E-4	2.2554422056186882
57	35.987	0.09706973706998215	2.3480023832213315E-4	1.0E-4	3.984667893398016
58	36.627	0.09684637385489057	2.2336321509157375E-4	1.0E-4	2.9721304990930735
59	37.245	0.09673929347779091	1.0708037709966645E-4	1.0E-4	2.0493364365304285
60	37.838	0.09658625367031659	1.5303980747431722E-4	1.0E-4	2.5953984644470083
61	38.496	0.09647256839665308	1.1368527366351078E-4	1.0E-4	2.2560941690841037
62	39.128	0.09637850910385701	9.405929279607261E-5	1.0E-4	2.3864023344093503
63	39.801	0.0962439821942857	1.345269095713031E-4	1.0E-4	2.652136535930537
64	40.418	0.0961329496397171	1.1103255456861028E-4	1.0E-4	1.8226322337120877
65	41.039	0.09597963433703334	1.5331530268375415E-4	1.0E-4	2.023208044658095
66	41.724	0.09585531321254029	1.2432112449305144E-4	1.0E-4	2.2683571488037773
67	42.351	0.09570066959947501	1.5464361306527508E-4	1.0E-4	3.0146464692172987
68	42.964	0.09558043857517202	1.202310243029886E-4	1.0E-4	2.3439172147909244
69	43.707	0.09546550027764591	1.1493829752610984E-4	1.0E-4	2.5310939890766546
70	44.356	0.09536725084064289	9.824943700302569E-5	1.0E-4	1.9541195677754917
71	45.067	0.0952871581214533	8.009271918958671E-5	1.0E-4	2.380822508291239
72	45.745	0.09518008116954513	1.070769519081749E-4	1.0E-4	2.2588384292179686
73	46.406	0.09510260710276362	7.747406678150492E-5	1.0E-4	1.6343612386897113
74	47.148	0.09502569284782439	7.691425493923376E-5	1.0E-4	2.2570319670769727
75	47.797	0.09493317004282693	9.252280499745524E-5	1.0E-4	2.222928500108779
76	48.446	0.0948783676863613	5.480235646562748E-5	1.0E-4	2.127665449778168
77	49.145	0.09478637750420885	9.199018215245991E-5	1.0E-4	4.8339769603262965
78	49.899	0.09470369100816628	8.268649604256662E-5	1.0E-4	1.9787172613371369
79	50.533	0.09464473997149629	5.895103666998802E-5	1.0E-4	1.2308211317272926
80	51.239	0.09453571083113489	1.0902914036139966E-4	1.0E-4	4.144303778155468
81	51.914	0.09446986020751347	6.585062362142458E-5	1.0E-4	2.982602261676737
82	52.651	0.09439475672474115	7.510348277231516E-5	1.0E-4	1.8408191115621024
83	53.311	0.09431755505716455	7.720166757660407E-5	1.0E-4	1.3920582729810909
84	53.932	0.09429078128304098	2.677377412356463E-5	1.0E-4	2.1020067971899685
85	54.865	0.09425890451080808	3.187677223290275E-5	1.0E-4	2.0412978351150515
86	55.505	0.0941923885872416	6.65159235664764E-5	1.0E-4	1.88567677342898
87	56.186	0.09411438053550965	7.800805173195646E-5	1.0E-4	2.488556233036113
88	56.773	0.09405880363264553	5.557690286411843E-5	1.0E-4	1.3123397600331281
89	57.44	0.09401873812504989	4.0065507595637984E-5	1.0E-4	2.120769962056739
90	58.144	0.09397722749535273	4.1510629697164014E-5	1.0E-4	3.849373575940745
91	58.79	0.09394521568648048	3.201180887224542E-5	1.0E-4	2.5329027299302416
92	59.446	0.09391124153215501	3.3974154325475125E-5	1.0E-4	1.7307963094363104
93	60.207	0.09387477547848515	3.646605366985911E-5	1.0E-4	2.0937094931623514
94	60.856	0.0938445180562041	3.0257422281049218E-5	1.0E-4	2.0254968547461134
95	61.52	0.09382705480089748	1.7463255306618408E-5	1.0E-4	2.4314089440308693
96	62.237	0.09381285022695969	1.4204573937789955E-5	1.0E-4	2.661024000491817
97	62.94	0.09378986205253946	2.2988174420229823E-5	1.0E-4	4.032081741277121
98	63.651	0.09376471136323378	2.5150689305683538E-5	1.0E-4	2.379717763310737
99	64.32	0.09374640409441393	1.8307268819850453E-5	1.0E-4	2.009327437666516
100	64.969	0.09373608371956153	1.0320374852393344E-5	1.0E-4	1.7879130590005856
101	65.786	0.09372613363535515	9.950084206386545E-6	1.0E-4	3.014489050134378
102	66.626	0.09371709477349718	9.038861857962877E-6	1.0E-4	3.095104545430397
103	67.312	0.09370689158105404	1.0203192443145048E-5	1.0E-4	2.872224725999944
104	68.107	0.09369128963601789	1.5601945036150533E-5	1.0E-4	3.39420038292767
105	68.891	0.09367169079380049	1.95988422174026E-5	1.0E-4	2.439199218454946
106	69.568	0.09366169730165311	9.993492147378213E-6	1.0E-4	2.0876292197488877
107	70.256	0.09365386135605192	7.835945601192273E-6	1.0E-4	2.460002627122463
108	71.014	0.0936372275258326	1.6633830219311974E-5	1.0E-4	3.843398085287464
109	71.702	0.09361671308616494	2.0514439667662643E-5	1.0E-4	2.7703691743316927
110	72.401	0.09360451635501257	1.2196731152366858E-5	1.0E-4	2.437449215206483
111	73.045	0.09359838179074037	6.134564272203269E-6	1.0E-4	1.720189497704154
112	73.735	0.09359409843011991	4.283360620457866E-6	1.0E-4	2.015073797216579
113	74.576	0.0935873030543732	6.795375746715404E-6	1.0E-4	4.0179879694813065
114	75.346	0.09358072647175258	6.57658262061267E-6	1.0E-4	1.9097913318198871
115	76.033	0.0935746301990788	6.096272673783432E-6	1.0E-4	1.3392617780170464
116	76.702	0.09356993231220942	4.69788686938144E-6	1.0E-4	1.809900265394498
117	77.388	0.09356481870723823	5.113604971185293E-6	1.0E-4	2.10505059056674
118	78.089	0.09356231680168407	2.50190555416141E-6	1.0E-4	2.563740528233532
119	78.811	0.09355683743703316	5.4793646509093685E-6	1.0E-4	5.420597364600107
120	79.692	0.09354989754099176	6.9398960414052135E-6	1.0E-4	3.1812255467979003
121	80.412	0.09354345454758334	6.442993408420361E-6	1.0E-4	2.5975535168427757
122	81.152	0.09353705353073548	6.401016847859542E-6	1.0E-4	2.9377927429610717
123	81.829	0.09353051186121653	6.541669518952964E-6	1.0E-4	2.9047248544206625
124	82.471	0.09352843487159124	2.076989625288128E-6	1.0E-4	1.9198013068367805
125	83.236	0.09352547408221609	2.960789375144879E-6	1.0E-4	3.829844931690891
126	84.014	0.09352144736188969	4.026720326399946E-6	1.0E-4	3.1510663704865993
127	84.835	0.09350855831411464	1.2889047775049844E-5	1.0E-4	6.391773239512596
128	85.528	0.09350095846569521	7.599848419428956E-6	1.0E-4	1.5425969979126233
129	86.228	0.09349893527884565	2.023186849567371E-6	1.0E-4	1.3469119062796255
130	87.046	0.09349786177886378	1.0734999818656776E-6	1.0E-4	1.9189058649475543
131	87.766	0.09349587634403138	1.985434832402211E-6	1.0E-4	3.8884916836077448
132	88.487	0.09349006866778273	5.8076762486508615E-6	1.0E-4	4.998816968661594
133	89.145	0.09348047544677576	9.593221006964914E-6	1.0E-4	3.3746934773471975
134	89.842	0.09347316046822259	7.314978553177309E-6	1.0E-4	1.997402599551238
135	90.488	0.09347155904797523	1.6014202473546568E-6	1.0E-4	1.3208696493941217
136	91.214	0.09346982223055612	1.7368174191068064E-6	1.0E-4	3.585844506424993
137	92.213	0.09345003656837034	1.97856621857867E-5	1.0E-4	12.838522640746856
138	92.827	0.09343013295401403	1.990361435630361E-5	1.0E-4	1.861117698006583
139	93.458	0.09342662088409737	3.51206991666686E-6	1.0E-4	1.2226987397836313
140	94.31	0.0934234268356094	3.194048487961676E-6	1.0E-4	5.471623456199243
141	95.261	0.09340964985619492	1.3776979414487078E-5	1.0E-4	7.121749998511552
142	95.999	0.09340345537167197	6.194484522950572E-6	1.0E-4	1.6631781351878667
143	96.732	0.0934006758042975	2.779567374461278E-6	1.0E-4	2.051011544268812
144	97.445	0.09339956485140608	1.1109528914310385E-6	1.0E-4	1.6762918765660393
145	98.221	0.09339720399069945	2.3608607066238907E-6	1.0E-4	5.266896385774213
146	98.99	0.09338312356004136	1.4080430658092169E-5	1.0E-4	5.3861421176049715
147	99.664	0.09337188615176438	1.1237408276978944E-5	1.0E-4	1.4187170331899053
148	100.322	0.09336764452500498	4.241626759396433E-6	1.0E-4	1.07459519143864
149	100.98	0.0933652642473853	2.3802776196873987E-6	1.0E-4	3.3993656870362496
150	101.767	0.09335291676092487	1.2347486460423385E-5	1.0E-4	8.34942045006952
151	102.481	0.09332108695846643	3.182980245844402E-5	1.0E-4	4.229871046487953
152	103.129	0.09331257962207865	8.50733638778356E-6	1.0E-4	0.8951247796672798
153	103.754	0.09330730319008204	5.276431996603659E-6	1.0E-4	0.8640574649048242
154	104.415	0.09330601784737962	1.2853427024256403E-6	1.0E-4	0.9960473995428758
155	105.105	0.09330480762878486	1.2102185947548971E-6	1.0E-4	1.2535439843065077
156	105.9	0.09329894269443205	5.864934352811657E-6	1.0E-4	5.929738535298251
157	106.585	0.09328796859678672	1.0974097645333192E-5	1.0E-4	2.7627536340836416
158	107.246	0.093283438112508	4.53048427871694E-6	1.0E-4	1.0149334771457978
159	107.903	0.09328134346864363	2.094643864372636E-6	1.0E-4	1.0442673512209624
160	108.595	0.09327917109074267	2.172377900955258E-6	1.0E-4	2.39102556244716
161	109.511	0.0932758273958081	3.3436949345710953E-6	1.0E-4	3.169772317715187
162	110.19	0.09327412368082957	1.7037149785265049E-6	1.0E-4	2.607207816786117
163	111.073	0.09326850006516088	5.6236156686928496E-6	1.0E-4	6.852271716786752
164	111.756	0.09324906159449053	1.943847067034654E-5	1.0E-4	5.1944490161844
165	112.385	0.09323759040672792	1.1471187762610024E-5	1.0E-4	1.5935650186688666
166	113.095	0.09323447333853233	3.117068195598871E-6	1.0E-4	1.0656675939482818
167	113.795	0.09323265113200145	1.8222065308742819E-6	1.0E-4	2.1365048766176655
168	114.602	0.09322691555426664	5.735577734811148E-6	1.0E-4	5.185985409283204
169	115.283	0.09320624431131842	2.0671242948216983E-5	1.0E-4	4.827209277914937
170	115.953	0.09318130620185248	2.493810946593844E-5	1.0E-4	2.204681150263291
171	116.79	0.09317633605258538	4.970149267105595E-6	1.0E-4	1.3941583117160465
172	117.623	0.09317414752715097	2.188525434404509E-6	1.0E-4	2.5214446294775885
173	118.324	0.09317193852762878	2.20899952219078E-6	1.0E-4	2.371189033256233
174	119.062	0.09316920988336344	2.7286442653429166E-6	1.0E-4	2.107143100919253
175	119.851	0.09316200730321623	7.202580147205873E-6	1.0E-4	4.127842144543681
176	120.637	0.09314652136544116	1.5485937775075453E-5	1.0E-4	3.122295138958873
177	121.381	0.09313526589407994	1.125547136121563E-5	1.0E-4	2.2004252171857557
178	122.026	0.0931299662350589	5.2996590210463435E-6	1.0E-4	1.6687425956603783
179	122.795	0.0931280801943196	1.8860407392934375E-6	1.0E-4	1.5005117855214982
180	123.469	0.09312675090996206	1.329284357545757E-6	1.0E-4	2.504049480719609
181	124.252	0.09312247671966695	4.274190295111557E-6	1.0E-4	5.8889208041195005
182	124.949	0.09310650460688588	1.597211278106525E-5	1.0E-4	4.975544945422958
183	125.594	0.0930945646476667	1.1939959219178786E-5	1.0E-4	1.80473047415684
184	126.273	0.09309059907476205	3.96557290464894E-6	1.0E-4	1.486345168390654
185	126.939	0.09308905963901355	1.539435748501572E-6	1.0E-4	2.379108415977805
186	127.623	0.09308606027530165	2.9993637118974625E-6	1.0E-4	3.175277351222741
187	128.421	0.09307659289599449	9.467379307168122E-6	1.0E-4	3.6035332561829962
188	129.128	0.09306594661174615	1.0646284248336246E-5	1.0E-4	1.7241657972435587
189	129.845	0.09304043465232109	2.5511959425059128E-5	1.0E-4	2.1607946729638026
190	130.613	0.09303240576340503	8.028888916059018E-6	1.0E-4	1.1752871433652199
191	131.224	0.09302992417083328	2.4815925717541765E-6	1.0E-4	0.856417919995149
192	131.923	0.09302749043830236	2.43373253092094E-6	1.0E-4	1.3859574774911192
193	132.657	0.09302389413489139	3.596303410971502E-6	1.0E-4	2.1868869976464884
194	133.447	0.09301127349809041	1.2620636800977914E-5	1.0E-4	5.75623521840213
195	134.157	0.09298677221379308	2.4501284297331893E-5	1.0E-4	2.7207498656882665
196	134.764	0.09297776526226322	9.006951529860752E-6	1.0E-4	0.736430935233156
197	135.304	0.09297368428343995	4.0809788232620825E-6	1.0E-4	0.30719571188074046
198	135.971	0.09297018445728174	3.4998261582153134E-6	1.0E-4	1.1743223549665063
199	136.639	0.0929691124104671	1.0720468146402373E-6	1.0E-4	1.4744085424228244
200	137.405	0.09296714247928091	1.9699311861881563E-6	1.0E-4	4.124374846168954
201	138.127	0.09295593500575353	1.120747352738316E-5	1.0E-4	7.512818117420428
202	138.824	0.09294293898336242	1.299602239110409E-5	1.0E-4	2.1295518113440046
203	139.707	0.09293946274020178	3.4762431606466526E-6	1.0E-4	1.4818078191709056
204	140.451	0.09293671553944995	2.747200751829215E-6	1.0E-4	1.7428694024127949
205	141.156	0.09293476199447633	1.953544973620769E-6	1.0E-4	2.4154585677743454
206	141.896	0.09292713513899689	7.6268554794339805E-6	1.0E-4	6.428929418725696
207	142.575	0.09291066588203377	1.6469256963122514E-5	1.0E-4	3.2568507107390565
208	143.26	0.09289298084672308	1.7685035310688324E-5	1.0E-4	1.838049120771034
209	143.946	0.09289084704655923	2.133800163853228E-6	1.0E-4	1.2386976307442021
210	144.659	0.09289013778066935	7.092658898810722E-7	1.0E-4	1.5689243180745192
best = -0.09289013778066935
GenDisMixClassifier with weights=[1.0, 0.0, 0.0]
optimizing 262 parameters
start 1:
Warning: Could not load UserTime. Using RealTime instead.
QUASI_NEWTON_BFGS
iteration	time	f(x)	delta	start distance	linesearch
0	0	5.075391594583094	0
1	0.688	0.2346213026545008	4.840770291928592	1.0E-4	1.0932794780790427
2	1.252	0.21608049139806768	0.018540811256433115	1.0E-4	0.3277156397401592
3	1.828	0.17290396540729136	0.043176525990776315	1.0E-4	0.6485770489987667
4	2.495	0.1609854290284027	0.01191853637888865	1.0E-4	2.193232502854627
5	3.321	0.15301009285321143	0.007975336175191278	1.0E-4	2.522754925043985
6	4.086	0.1318040596297584	0.02120603322345302	1.0E-4	4.339648987114934
7	4.681	0.12928825665630533	0.0025158029734530796	1.0E-4	0.6688795043145878
8	5.238	0.127592418866337	0.0016958377899683463	1.0E-4	0.49323708823886364
9	5.817	0.12609090938564524	0.0015015094806917484	1.0E-4	0.6685451389364141
10	6.512	0.12246922605585776	0.0036216833297874756	1.0E-4	4.939447239992309
11	7.103	0.11987369714627413	0.0025955289095836304	1.0E-4	0.6823530891763269
12	7.738	0.1163512164770955	0.0035224806691786376	1.0E-4	2.363426149178727
13	8.349	0.11391309727392385	0.0024381192031716487	1.0E-4	0.8562849211715181
14	8.994	0.1113200238241086	0.002593073449815242	1.0E-4	1.5025882228758158
15	9.611	0.1098321302348169	0.0014878935892917028	1.0E-4	1.6568694779698792
16	10.185	0.10940730851480038	4.248217200165244E-4	1.0E-4	0.4131971657191317
17	10.826	0.10791241524218424	0.0014948932726161351	1.0E-4	1.358344137626117
18	11.498	0.10667851339713057	0.0012339018450536754	1.0E-4	0.8522732489806668
19	12.057	0.10610319576288242	5.753176342481459E-4	1.0E-4	0.4559512720590328
20	12.657	0.10535092201092167	7.522737519607553E-4	1.0E-4	0.8665640795351202
21	13.317	0.10470874419117462	6.421778197470418E-4	1.0E-4	1.4353403857538434
22	14.2	0.1040775157210782	6.312284700964177E-4	1.0E-4	1.7143626866400077
23	14.851	0.10334742558601195	7.300901350662525E-4	1.0E-4	2.4787701824702064
24	15.492	0.10273574070629647	6.116848797154822E-4	1.0E-4	1.9136737435535316
25	16.066	0.10237141853217037	3.643221741261027E-4	1.0E-4	0.6963067796086294
26	16.716	0.10187734391554222	4.940746166281484E-4	1.0E-4	1.7791324632865644
27	17.335	0.10141645161808574	4.608922974564805E-4	1.0E-4	0.558413115805121
28	17.96	0.10093578034607836	4.806712720073769E-4	1.0E-4	0.910172783217552
29	18.802	0.09991385025080378	0.0010219300952745841	1.0E-4	1.9672326705688026
30	19.402	0.0998146015245714	9.924872623237602E-5	1.0E-4	0.26449544435404776
31	19.855	0.09946871838327016	3.4588314130123976E-4	1.0E-4	0.007584834776219991
32	20.375	0.09945586780098122	1.2850582288947976E-5	1.0E-4	0.07404893634579969
33	20.974	0.09923494157101549	2.209262299657233E-4	1.0E-4	0.5347934469793763
34	21.698	0.09887633730125625	3.586042697592412E-4	1.0E-4	3.562803190769526
35	22.371	0.09833891773877085	5.374195624854028E-4	1.0E-4	2.59566466007725
36	23.039	0.09745651637346084	8.824013653100093E-4	1.0E-4	3.1486061842065594
37	23.668	0.09684820514356347	6.083112298973653E-4	1.0E-4	1.981212128932213
38	24.358	0.09658862452551466	2.595806180488158E-4	1.0E-4	1.591156028061038
39	25.049	0.09631179675376987	2.7682777174478645E-4	1.0E-4	2.802719441227827
40	25.817	0.09604691062345862	2.6488613031125374E-4	1.0E-4	2.948981986395544
41	26.572	0.09577268892611246	2.742216973461581E-4	1.0E-4	2.2979922690095234
42	27.265	0.0955984622820838	1.7422664402866328E-4	1.0E-4	1.5736901116541502
43	27.964	0.09547800798844884	1.2045429363495563E-4	1.0E-4	2.200284526558297
44	28.702	0.0952713056136802	2.0670237476863584E-4	1.0E-4	3.3903196671405573
45	29.572	0.09502205120019663	2.4925441348357114E-4	1.0E-4	3.0038647350088548
46	30.28	0.09479053326828743	2.315179319092031E-4	1.0E-4	2.1544663429317454
47	31.028	0.09466968462258873	1.2084864569869569E-4	1.0E-4	2.387978961181277
48	31.792	0.09449082977907157	1.7885484351716496E-4	1.0E-4	3.2770725624752597
49	32.825	0.09403186385743534	4.589659216362313E-4	1.0E-4	5.231228154818472
50	33.526	0.09368266382382731	3.49200033608027E-4	1.0E-4	2.350830741752892
51	34.28	0.09347130904476773	2.1135477905957767E-4	1.0E-4	2.732528778211332
52	34.906	0.09332066467441727	1.5064437035046396E-4	1.0E-4	0.3771918639104286
53	35.511	0.0930256208861041	2.9504378831317346E-4	1.0E-4	1.8959594115284872
54	36.361	0.09281159444603998	2.140264400641162E-4	1.0E-4	2.542241001577199
55	37.035	0.0925747668560461	2.368275899938821E-4	1.0E-4	2.0617504309932366
56	37.776	0.09236204876493988	2.1271809110622042E-4	1.0E-4	1.9099752656876943
57	38.463	0.09212719406845887	2.3485469648100443E-4	1.0E-4	1.90344293534613
58	39.154	0.0920164216177295	1.1077245072937947E-4	1.0E-4	1.9065898759743058
59	39.888	0.09197381925184638	4.2602365883118165E-5	1.0E-4	1.529895746463695
60	40.642	0.09192329431469372	5.052493715265727E-5	1.0E-4	2.0366893168743503
61	41.539	0.09182012036007325	1.0317395462046408E-4	1.0E-4	3.940047447171743
62	42.244	0.09173063793915463	8.948242091862124E-5	1.0E-4	2.4401882338791254
63	43.172	0.09162855189287213	1.0208604628250684E-4	1.0E-4	4.046719692797619
64	43.864	0.09151608701651726	1.1246487635487024E-4	1.0E-4	2.1626555812222135
65	44.547	0.09144538927956239	7.06977369548667E-5	1.0E-4	0.982976356835036
66	45.217	0.09133580295601244	1.0958632354994557E-4	1.0E-4	1.7912739524082935
67	45.906	0.09125504056074771	8.076239526473572E-5	1.0E-4	1.2350063278627288
68	46.773	0.09118829891859086	6.674164215685063E-5	1.0E-4	2.1948891386465625
69	47.592	0.0910655775266877	1.22721391903155E-4	1.0E-4	3.1317917673340463
70	48.318	0.09090488193468113	1.6069559200657113E-4	1.0E-4	2.61168766242365
71	48.999	0.09074261165443388	1.622702802472481E-4	1.0E-4	3.1696950765840244
72	49.689	0.09059931267231558	1.4329898211830339E-4	1.0E-4	2.073892874723773
73	50.368	0.09049398944659129	1.0532322572429087E-4	1.0E-4	1.9630405396700241
74	51.099	0.09039776876273187	9.622068385942151E-5	1.0E-4	3.2653583723233743
75	51.863	0.0902920389653751	1.057297973567628E-4	1.0E-4	4.40336867918075
76	52.551	0.09024033087449371	5.170809088139716E-5	1.0E-4	1.330345650508567
77	53.133	0.09020652130447626	3.380957001744567E-5	1.0E-4	0.3382309107535606
78	53.885	0.09012593358356927	8.058772090699384E-5	1.0E-4	3.723749263139526
79	54.721	0.09002302952993144	1.0290405363783117E-4	1.0E-4	2.927191642543748
80	55.457	0.08995925152250492	6.377800742651818E-5	1.0E-4	2.0198358248620503
81	56.291	0.08987886795954578	8.038356295914095E-5	1.0E-4	2.4734917277413193
82	57.219	0.08976106688096978	1.1780107857599365E-4	1.0E-4	2.3256320339704724
83	57.868	0.08969949529097111	6.15715899986713E-5	1.0E-4	1.8399688727842425
84	58.523	0.08966114739981056	3.834789116055615E-5	1.0E-4	0.9555860739185097
85	59.329	0.08959786954495767	6.32778548528834E-5	1.0E-4	2.33749426895929
86	59.961	0.0895065431931534	9.132635180426896E-5	1.0E-4	2.9271696451823326
87	60.634	0.08939217217991915	1.1437101323424903E-4	1.0E-4	2.472994239654741
88	61.629	0.08930124097859676	9.093120132239174E-5	1.0E-4	2.3192900656903768
89	62.349	0.08921585485769248	8.538612090427944E-5	1.0E-4	2.7343069384031384
90	62.963	0.08912916296322537	8.669189446711134E-5	1.0E-4	1.8357309270755915
91	63.643	0.08907016144695146	5.900151627391548E-5	1.0E-4	1.940536588665868
92	64.379	0.08902760458971601	4.255685723544844E-5	1.0E-4	2.4672955544258057
93	65.057	0.088979982120944	4.762246877200449E-5	1.0E-4	2.751060891071864
94	65.812	0.08895137811870271	2.8604002241292004E-5	1.0E-4	2.2291958454788365
95	66.862	0.08892143400623506	2.9944112467650275E-5	1.0E-4	3.3524766375053545
96	67.622	0.08888401603270124	3.7417973533820925E-5	1.0E-4	2.771338679201781
97	68.368	0.08885698336343786	2.7032669263377107E-5	1.0E-4	2.547000045958495
98	69.137	0.08883347513363883	2.3508229799032443E-5	1.0E-4	2.7299956226699944
99	69.844	0.0888231278123374	1.0347321301437673E-5	1.0E-4	2.044637301035581
100	70.629	0.08881426163016043	8.866182176964221E-6	1.0E-4	2.493140019452625
101	71.36	0.0888021964883343	1.2065141826125836E-5	1.0E-4	2.380116456868405
102	72.236	0.08879050595090104	1.1690537433259318E-5	1.0E-4	2.107657879633827
103	72.987	0.08877259973095653	1.790621994451902E-5	1.0E-4	3.596811762812611
104	74.055	0.08874464447450708	2.795525644944119E-5	1.0E-4	3.283758668576445
105	74.795	0.08872021590717484	2.4428567332243634E-5	1.0E-4	2.813074863448558
106	75.547	0.08870306326829619	1.7152638878650817E-5	1.0E-4	2.080608775182102
107	76.251	0.08869622136365098	6.8419046452133925E-6	1.0E-4	1.4119728881485463
108	76.972	0.08869149116591632	4.730197734656438E-6	1.0E-4	1.572077426227428
109	77.782	0.0886765300926025	1.4961073313821127E-5	1.0E-4	5.070799999531516
110	78.52	0.08866064770484224	1.5882387760263184E-5	1.0E-4	2.4478114681397103
111	79.216	0.08864797680200573	1.2670902836506293E-5	1.0E-4	3.6417886557076704
112	80.114	0.08863591365577822	1.2063146227508925E-5	1.0E-4	2.407947971384187
113	80.839	0.08862899269092278	6.920964855439138E-6	1.0E-4	1.8638461789818115
114	81.612	0.08862198387210395	7.008818818834972E-6	1.0E-4	2.7162715123962995
115	82.417	0.08860096986990057	2.1014002203376125E-5	1.0E-4	6.186209779200053
116	83.166	0.08857631540447582	2.4654465424753247E-5	1.0E-4	2.259064797237087
117	83.903	0.08856555663373081	1.0758770745009083E-5	1.0E-4	1.6107469112185484
118	84.665	0.08855886375143669	6.692882294115354E-6	1.0E-4	2.2819817995480367
119	85.401	0.08855073148449007	8.1322669466255E-6	1.0E-4	3.06464285530713
120	86.476	0.08852834161525691	2.2389869233155335E-5	1.0E-4	5.342698219884508
121	87.406	0.08850136594491499	2.697567034191939E-5	1.0E-4	2.6607428860511546
122	88.215	0.08848046630206242	2.0899642852567624E-5	1.0E-4	2.866195813782982
123	88.935	0.08846948441135664	1.098189070578015E-5	1.0E-4	1.5533448449411624
124	89.642	0.08846296344947123	6.520961885414511E-6	1.0E-4	0.6945392359254404
125	90.368	0.08845304799985326	9.915449617967087E-6	1.0E-4	2.5444048560827977
126	91.13	0.08844279234938081	1.0255650472454358E-5	1.0E-4	1.8610680628303338
127	91.829	0.08843677004698416	6.022302396643808E-6	1.0E-4	1.3958629619260703
128	92.498	0.08843463931928729	2.130727696877943E-6	1.0E-4	1.0822158240949262
129	93.289	0.08843088294189255	3.7563773947341117E-6	1.0E-4	2.4620783812454996
130	94.066	0.08842089400687948	9.988935013069411E-6	1.0E-4	4.634428897441631
131	94.786	0.08840828671840863	1.2607288470856126E-5	1.0E-4	3.1653914540220742
132	95.538	0.0884034370441404	4.849674268225801E-6	1.0E-4	1.5913102974835451
133	96.202	0.08840075328488989	2.683759250513007E-6	1.0E-4	1.419046117737202
134	97.009	0.08839760490372738	3.1483811625127034E-6	1.0E-4	3.598699608349183
135	98.04	0.0883931898105534	4.415093173976148E-6	1.0E-4	3.8793330621359585
136	98.967	0.0883851523552229	8.037455330497933E-6	1.0E-4	3.5485633876584024
137	99.715	0.08837530568796848	9.846667254426178E-6	1.0E-4	3.000065135048329
138	100.522	0.08836880422640063	6.501461567845479E-6	1.0E-4	2.634859886714699
139	101.289	0.08836542607927045	3.3781471301813637E-6	1.0E-4	2.9434796449426295
140	102.048	0.08836207322453321	3.352854737237454E-6	1.0E-4	2.8196683406921204
141	102.857	0.08835746875121905	4.6044733141570315E-6	1.0E-4	4.121063188992568
142	103.649	0.08834453019787324	1.2938553345817616E-5	1.0E-4	5.7435554226761685
143	104.351	0.08833131581815862	1.3214379714618363E-5	1.0E-4	2.8807421639464863
144	105.062	0.08832833750489749	2.9783132611260754E-6	1.0E-4	1.1833365270516998
145	105.857	0.08832698846457059	1.3490403269061924E-6	1.0E-4	2.04809598782652
146	106.672	0.08832552902274077	1.4594418298180534E-6	1.0E-4	2.9663962334425906
147	107.366	0.08832416810380286	1.360918937903799E-6	1.0E-4	1.1550385489361144
148	108.241	0.08831936880248582	4.7993013170405385E-6	1.0E-4	5.2715998343167465
149	109.228	0.08831191911065302	7.449691832805971E-6	1.0E-4	3.767821681101423
150	109.988	0.08830865672551774	3.26238513527477E-6	1.0E-4	1.7364578360288099
151	110.683	0.08830770395028156	9.527752361793151E-7	1.0E-4	1.167904219106344
best = -0.08830770395028156
GenDisMixClassifier with weights=[1.0, 0.0, 0.0]
optimizing 262 parameters
start 1:
Warning: Could not load UserTime. Using RealTime instead.
QUASI_NEWTON_BFGS
iteration	time	f(x)	delta	start distance	linesearch
0	0	5.13708441423369	0
1	0.746	0.16071989124192615	4.976364522991764	1.0E-4	0.8327332074051114
2	1.445	0.14697710299960884	0.013742788242317311	1.0E-4	1.74369294579468
3	2.043	0.13631972747110369	0.010657375528505153	1.0E-4	0.3569227502132533
4	2.743	0.13011646645447159	0.0062032610166321	1.0E-4	2.459612741651055
5	3.474	0.1256138808664247	0.004502585588046892	1.0E-4	2.1167457141039523
6	4.263	0.11181051353582043	0.013803367330604263	1.0E-4	3.4407119821447973
7	4.899	0.10950886379109503	0.0023016497447253953	1.0E-4	0.8546753547397029
8	5.488	0.10905404852478692	4.5481526630811175E-4	1.0E-4	0.25139941770673613
9	6.181	0.10737008013158222	0.001683968393204699	1.0E-4	1.399520632985721
10	6.835	0.10512635384360429	0.0022437262879779346	1.0E-4	1.9843005780392526
11	7.553	0.10297627245539305	0.002150081388211239	1.0E-4	1.746557388115099
12	8.239	0.10115725156703569	0.0018190208883573644	1.0E-4	1.8428705872166207
13	8.918	0.09819992277486801	0.002957328792167674	1.0E-4	1.3096633400811355
14	9.647	0.0952904467963296	0.0029094759785384117	1.0E-4	1.9345618486549612
15	10.419	0.09437735187613061	9.130949201989896E-4	1.0E-4	0.77186435705527
16	10.998	0.09410402458490938	2.7332729122123145E-4	1.0E-4	0.2225782096889296
17	11.797	0.09290879452754157	0.0011952300573678104	1.0E-4	3.68627701070577
18	12.514	0.09183948952617806	0.001069305001363513	1.0E-4	1.440476718803356
19	13.149	0.09083362845467108	0.0010058610715069777	1.0E-4	0.8040562315616381
20	13.785	0.09035227735478636	4.8135109988471647E-4	1.0E-4	1.1329919051715958
21	14.514	0.09002401556472996	3.2826179005640554E-4	1.0E-4	1.7405577496108342
22	15.172	0.08969907509929721	3.249404654327437E-4	1.0E-4	1.362583936132011
23	15.783	0.08929824276599811	4.008323332991004E-4	1.0E-4	0.5722172308105917
24	16.443	0.08885419230858778	4.440504574103332E-4	1.0E-4	1.1756831094462097
25	17.439	0.08848581966565384	3.68372642933934E-4	1.0E-4	1.2544932464936773
26	18.223	0.08825128670964547	2.345329560083792E-4	1.0E-4	1.4841403394278139
27	18.938	0.08811026381175648	1.4102289788898992E-4	1.0E-4	1.034358093674567
28	19.59	0.08796595252092022	1.4431129083625205E-4	1.0E-4	0.5630547087827252
29	20.241	0.08774591815496408	2.2003436595614823E-4	1.0E-4	1.0376805588369358
30	21.046	0.08710786229000364	6.380558649604351E-4	1.0E-4	3.3453297971511438
31	21.722	0.08672664093906264	3.812213509409995E-4	1.0E-4	1.1093522965006117
32	22.54	0.08640618173127117	3.2045920779147363E-4	1.0E-4	0.8855669378416943
33	23.252	0.0862653336926565	1.40848038614666E-4	1.0E-4	0.6407386983816206
34	23.897	0.08596799424968549	2.9733944297101467E-4	1.0E-4	0.6932349528941262
35	24.734	0.08531602842735359	6.519658223319014E-4	1.0E-4	3.5780598369494627
36	25.544	0.0851843880355889	1.3164039176467857E-4	1.0E-4	0.9079787153121092
37	26.141	0.08496324507378752	2.2114296180138215E-4	1.0E-4	0.34626273785976225
38	26.844	0.08480551030974275	1.5773476404477849E-4	1.0E-4	0.89678019761958
39	27.763	0.0846775658732179	1.2794443652484888E-4	1.0E-4	0.6833097055203364
40	28.487	0.08458146515334984	9.61007198680558E-5	1.0E-4	1.789221682274287
41	29.141	0.08451210482831496	6.936032503487843E-5	1.0E-4	0.7359017252118403
42	29.683	0.08447017774146026	4.1927086854701145E-5	1.0E-4	0.14521521533130136
43	30.394	0.08438271232701085	8.746541444941414E-5	1.0E-4	1.3295041945524528
44	31.182	0.08423106824964224	1.5164407736860397E-4	1.0E-4	2.43943270998425
45	32.108	0.08417501460940416	5.605364023808512E-5	1.0E-4	1.4647360346033547
46	32.742	0.08413623411660688	3.8780492797277355E-5	1.0E-4	1.1528253529402566
47	33.676	0.08405869968449448	7.753443211240552E-5	1.0E-4	1.7901455936184278
48	34.391	0.08396721849082077	9.148119367370644E-5	1.0E-4	1.9478320147605055
49	35.132	0.08391952025230955	4.7698238511223456E-5	1.0E-4	1.6567485299570628
50	36.114	0.08382655957130358	9.2960681005963E-5	1.0E-4	1.6416131989467244
51	36.87	0.08371853419920434	1.0802537209923802E-4	1.0E-4	3.0529815172124386
52	37.665	0.08361418182303623	1.0435237616811255E-4	1.0E-4	2.638473354838921
53	38.429	0.08351670264175395	9.747918128227839E-5	1.0E-4	2.7552664818456907
54	39.199	0.0834379173741114	7.878526764255878E-5	1.0E-4	2.202658264714789
55	40.011	0.08337094994544848	6.696742866291183E-5	1.0E-4	3.464961358077406
56	40.781	0.08325590006308047	1.1504988236801794E-4	1.0E-4	2.826938534873828
57	41.462	0.08321263425141837	4.326581166209931E-5	1.0E-4	0.6054236911174606
58	42.062	0.08316087473566637	5.175951575199511E-5	1.0E-4	0.3462694368561138
59	42.809	0.08309801597485685	6.285876080952546E-5	1.0E-4	1.8243735890854604
60	43.553	0.08304178083113095	5.6235143725894E-5	1.0E-4	1.6073778528796883
61	44.325	0.08295645359920277	8.532723192818115E-5	1.0E-4	2.82272114714274
62	44.991	0.08288260322341193	7.385037579084319E-5	1.0E-4	1.8726295091812504
63	45.799	0.08280413725368405	7.846596972788111E-5	1.0E-4	1.6849924603946749
64	46.447	0.08276090209557961	4.32351581044349E-5	1.0E-4	2.2030136092244788
65	47.36	0.08272240124859934	3.850084698027445E-5	1.0E-4	3.5087271232565835
66	48.371	0.08265033485537268	7.20663932266552E-5	1.0E-4	4.48289145377288
67	49.111	0.08262000561375368	3.0329241618998193E-5	1.0E-4	1.7615177593504088
68	50.094	0.08259994044506239	2.006516869129671E-5	1.0E-4	1.8685817637122881
69	50.945	0.08257257195963763	2.7368485424755784E-5	1.0E-4	1.8251753347103883
70	51.671	0.08254136713879434	3.120482084328913E-5	1.0E-4	2.662742621583575
71	52.485	0.08250157421481019	3.979292398414991E-5	1.0E-4	3.137809984318185
72	53.453	0.08246150387269344	4.0070342116754754E-5	1.0E-4	2.678597825996779
73	54.478	0.08239965814025466	6.184573243878111E-5	1.0E-4	2.5193427547778646
74	55.23	0.08236252611442518	3.7132025829472726E-5	1.0E-4	2.3231780546369154
75	55.94	0.08235013514241331	1.2390972011874779E-5	1.0E-4	0.918225971648558
76	56.714	0.08232393593349127	2.6199208922036976E-5	1.0E-4	1.7032820421203505
77	57.609	0.08230763527192632	1.6300661564952468E-5	1.0E-4	1.416110135155748
78	58.323	0.08229538633311177	1.2248938814546362E-5	1.0E-4	1.3935769239154865
79	59.078	0.08226726752216147	2.8118810950300555E-5	1.0E-4	3.1244348319189106
80	59.798	0.08224335854146016	2.3908980701314864E-5	1.0E-4	1.4962006856991743
81	60.519	0.08221392148782151	2.9437053638642352E-5	1.0E-4	2.245830774489998
82	61.166	0.08219427690925528	1.9644578566235804E-5	1.0E-4	1.9569071284872075
83	61.979	0.0821735424159265	2.0734493328775083E-5	1.0E-4	3.0565257437427404
84	62.736	0.08214110205090602	3.2440365020480755E-5	1.0E-4	4.0114341379661775
85	63.495	0.08208982782772331	5.127422318271235E-5	1.0E-4	2.8291845838040985
86	64.304	0.08204119637531085	4.863145241246203E-5	1.0E-4	1.777497132834472
87	65.087	0.08199034918784075	5.084718747010164E-5	1.0E-4	1.589230318018002
88	65.735	0.08197050341304923	1.984577479151317E-5	1.0E-4	1.104341275198695
89	66.386	0.08193805448419343	3.2448928855802195E-5	1.0E-4	1.9343706960311187
90	67.159	0.08190845727084972	2.9597213343710016E-5	1.0E-4	2.6039188785333396
91	68.071	0.08185622007348549	5.223719736423271E-5	1.0E-4	3.7393287817698644
92	68.803	0.08183201196991624	2.4208103569248185E-5	1.0E-4	1.2495906331374294
93	69.438	0.08181225393626312	1.975803365311668E-5	1.0E-4	0.4394094849262301
94	70.186	0.08177362908982565	3.8624846437476656E-5	1.0E-4	1.723687405699082
95	70.945	0.08174394238632345	2.9686703502201928E-5	1.0E-4	2.208768774490274
96	71.882	0.0817084736681115	3.546871821194508E-5	1.0E-4	4.821399061786684
97	72.747	0.08165988907744574	4.858459066575671E-5	1.0E-4	2.9975813753395766
98	73.628	0.08160338574616667	5.650333127907303E-5	1.0E-4	4.108039059403448
99	74.377	0.08157823377677037	2.5151969396300378E-5	1.0E-4	1.4129791304024983
100	75.171	0.0815548786375649	2.3355139205469277E-5	1.0E-4	1.7281079526680136
101	75.897	0.08152124459341994	3.363404414495619E-5	1.0E-4	1.7205691529673173
102	76.721	0.08145343736096075	6.780723245919384E-5	1.0E-4	2.1257517681493807
103	77.53	0.08142938003745923	2.405732350152512E-5	1.0E-4	1.2272016190636308
104	78.244	0.08141310475298942	1.6275284469804974E-5	1.0E-4	1.0071915084626986
105	79.05	0.08139450034678834	1.8604406201078172E-5	1.0E-4	2.3989546675273505
106	79.907	0.08137756661295072	1.6933733837626308E-5	1.0E-4	1.6339123852566027
107	80.718	0.08136268793280392	1.4878680146795942E-5	1.0E-4	2.442011371168343
108	81.449	0.0813505577349091	1.2130197894824613E-5	1.0E-4	3.0178010202023717
109	82.21	0.08133837163548122	1.218609942787996E-5	1.0E-4	3.779371449496716
110	83.158	0.08132745792635557	1.0913709125648374E-5	1.0E-4	3.133130232580899
111	84.015	0.0813155475381432	1.1910388212368894E-5	1.0E-4	4.171993094650092
112	84.87	0.08130305985007502	1.248768806817735E-5	1.0E-4	2.660499767213314
113	85.532	0.08129696209481974	6.097755255285442E-6	1.0E-4	0.3819653628377683
114	86.438	0.08128568980136458	1.127229345515568E-5	1.0E-4	2.372848410840052
115	87.212	0.08127594202455647	9.747776808108344E-6	1.0E-4	4.167570977154213
116	87.978	0.08126569805887877	1.0243965677697586E-5	1.0E-4	2.4768487851289445
117	88.899	0.08125221802558497	1.3480033293808424E-5	1.0E-4	3.9114289818023456
118	89.683	0.08124116687266164	1.1051152923324814E-5	1.0E-4	2.9335890458530787
119	90.474	0.08122768887121412	1.3478001447519983E-5	1.0E-4	3.7447864562684137
120	91.334	0.08120958938408432	1.809948712980236E-5	1.0E-4	3.1718877811636363
121	92.116	0.08119710006748894	1.248931659537933E-5	1.0E-4	2.029969180705844
122	92.937	0.08119075094715676	6.349120332177494E-6	1.0E-4	2.205376324635051
123	93.819	0.08118288408214448	7.86686501227929E-6	1.0E-4	2.5201986372660317
124	94.832	0.08117491558595362	7.968496190863261E-6	1.0E-4	2.077059787197883
125	95.627	0.08116818272217201	6.732863781611087E-6	1.0E-4	2.613054266827327
126	96.439	0.08115785456247962	1.0328159692388206E-5	1.0E-4	4.945025033585298
127	97.183	0.08114280863210756	1.5045930372062366E-5	1.0E-4	1.8338546932679407
128	97.883	0.08113096697937956	1.18416527279952E-5	1.0E-4	1.528412785505408
129	98.66	0.08111872364030326	1.2243339076303816E-5	1.0E-4	1.8523418849901192
130	99.453	0.08110973690756776	8.98673273549977E-6	1.0E-4	2.1036642894744793
131	100.287	0.08110195655158643	7.780355981326648E-6	1.0E-4	3.2029735665687267
132	101.108	0.081092420032158	9.536519428435253E-6	1.0E-4	3.1018807857256085
133	102.036	0.08107860617496414	1.381385719385897E-5	1.0E-4	3.0392079033267665
134	102.834	0.08105243962649789	2.616654846625266E-5	1.0E-4	3.119809332662491
135	103.606	0.0810350604912018	1.7379135296091697E-5	1.0E-4	1.969178520681845
136	104.558	0.08102320314468102	1.1857346520774414E-5	1.0E-4	2.8421430855481775
137	105.346	0.08101572798990488	7.475154776143134E-6	1.0E-4	2.370146043207659
138	106.134	0.08100553465258511	1.019333731976102E-5	1.0E-4	3.6424798331329544
139	106.957	0.08099247106535296	1.306358723215939E-5	1.0E-4	2.6354255819012953
140	107.942	0.08098374993875822	8.721126594737894E-6	1.0E-4	2.5622989296541587
141	108.75	0.0809732556192616	1.0494319496623383E-5	1.0E-4	3.041866151892731
142	109.658	0.08096096574237896	1.228987688263461E-5	1.0E-4	2.160389716331325
143	110.448	0.08095572606762416	5.239674754797807E-6	1.0E-4	2.0282162006948066
144	111.266	0.08095162735665228	4.098710971886521E-6	1.0E-4	2.5074795963794694
145	112.257	0.0809474685114388	4.158845213472762E-6	1.0E-4	2.7338580496671083
146	113.046	0.08094356045477702	3.908056661783288E-6	1.0E-4	2.4585187922298837
147	113.844	0.08093840592809563	5.154526681386273E-6	1.0E-4	3.0081066922045525
148	114.636	0.08092691685257403	1.1489075521606273E-5	1.0E-4	3.5802568738367913
149	115.326	0.08091892350426826	7.99334830577092E-6	1.0E-4	1.5960738069185412
150	116.0	0.08090816465200734	1.075885226091422E-5	1.0E-4	2.222998089994121
151	116.748	0.0808988098861205	9.354765886843142E-6	1.0E-4	2.453116363684101
152	117.513	0.08088953648014541	9.273405975090965E-6	1.0E-4	2.3082497154036736
153	118.372	0.08087346200527862	1.607447486678959E-5	1.0E-4	3.80694535532117
154	119.174	0.08085959322681721	1.3868778461406661E-5	1.0E-4	2.591768883460904
155	120.027	0.0808493487951967	1.0244431620509697E-5	1.0E-4	2.9878156230797
156	120.853	0.08083720624997218	1.2142545224524959E-5	1.0E-4	3.1759748221785715
157	121.597	0.08082804169581781	9.164554154367233E-6	1.0E-4	1.9538648871847089
158	122.545	0.0808235743789464	4.467316871412108E-6	1.0E-4	1.5263759218295627
159	123.401	0.08081806636530646	5.508013639937692E-6	1.0E-4	4.549239062156397
160	124.368	0.08080578110085311	1.2285264453348876E-5	1.0E-4	4.474901879679254
161	125.303	0.08079394384416705	1.1837256686061948E-5	1.0E-4	1.9590686965833863
162	126.067	0.08078935616923126	4.587674935788155E-6	1.0E-4	1.2263630177288638
163	126.895	0.08078591653212118	3.4396371100808842E-6	1.0E-4	1.8364000899416442
164	127.729	0.0807817597679964	4.156764124782497E-6	1.0E-4	3.485758164973034
165	128.507	0.08077500520558764	6.7545624087561595E-6	1.0E-4	4.423510777393279
166	129.351	0.08076886660556976	6.138600017885354E-6	1.0E-4	2.1865046186897428
167	130.061	0.08076040450654688	8.462099022873981E-6	1.0E-4	2.6170850212848973
168	131.118	0.08075206575800693	8.33874853994887E-6	1.0E-4	2.743130169979338
169	131.914	0.08074598331912324	6.0824388836977494E-6	1.0E-4	1.826300277466024
170	132.69	0.08073823353501801	7.749784105226531E-6	1.0E-4	2.275559859604785
171	133.459	0.08073047662329876	7.756911719253301E-6	1.0E-4	2.4402572374383147
172	134.244	0.08071762422435698	1.2852398941776144E-5	1.0E-4	2.966476670542011
173	135.058	0.08070993048106687	7.693743290113075E-6	1.0E-4	2.136957874970372
174	135.865	0.08070608164472452	3.8488363423433425E-6	1.0E-4	2.3958740526563345
175	136.701	0.08070424220730313	1.8394374213942521E-6	1.0E-4	1.479524392476668
176	137.585	0.08070132719883129	2.9150084718404523E-6	1.0E-4	2.800541558314342
177	138.406	0.08069429344820796	7.033750623330892E-6	1.0E-4	5.580101219652542
178	139.276	0.08068566115305584	8.632295152119496E-6	1.0E-4	3.2365961458419603
179	140.018	0.08068242415053678	3.2370025190575635E-6	1.0E-4	1.3962682116072342
180	140.715	0.08068140620693022	1.0179436065599345E-6	1.0E-4	1.1607428715244612
181	141.57	0.08067890955123273	2.496655697487027E-6	1.0E-4	1.6222281749847824
182	142.368	0.08067489312693861	4.016424294123189E-6	1.0E-4	3.0551220731650255
183	143.258	0.08067378130035507	1.1118265835358132E-6	1.0E-4	1.4676142498971292
184	144.075	0.08067272302927808	1.058271076992412E-6	1.0E-4	1.2838459436649499
185	145.186	0.08066881509454929	3.9079347287918065E-6	1.0E-4	8.177602355069732
186	146.015	0.08066080687998341	8.008214565882743E-6	1.0E-4	4.5334006741051285
187	146.86	0.08065794097932318	2.865900660231624E-6	1.0E-4	2.4782941627300996
188	147.74	0.0806549597291207	2.981250202468977E-6	1.0E-4	3.098015817985119
189	148.556	0.0806531307969898	1.8289321309095108E-6	1.0E-4	2.1360015181413154
190	149.25	0.08065179703309285	1.333763896951834E-6	1.0E-4	3.0027457448345367
191	150.234	0.0806502413962913	1.5556368015423594E-6	1.0E-4	3.753745143239698
192	150.972	0.08064824138328255	2.0000130087488577E-6	1.0E-4	3.085593517189663
193	151.78	0.08064482138228299	3.42000099956552E-6	1.0E-4	3.321045701498507
194	152.588	0.08063885471055478	5.9666717282108594E-6	1.0E-4	3.554261754382999
195	153.32	0.08063633196157746	2.5227489773155254E-6	1.0E-4	1.945483253666065
196	154.078	0.08063447498582348	1.8569757539860232E-6	1.0E-4	2.097505736111854
197	154.978	0.08063363742483488	8.375609885924451E-7	1.0E-4	1.3988444701690423
best = -0.08063363742483488
GenDisMixClassifier with weights=[1.0, 0.0, 0.0]
optimizing 262 parameters
start 1:
Warning: Could not load UserTime. Using RealTime instead.
QUASI_NEWTON_BFGS
iteration	time	f(x)	delta	start distance	linesearch
0	0	4.783707116777363	0
1	0.794	0.12199168564246662	4.661715431134896	1.0E-4	0.672940972289882
2	1.585	0.11449675502908195	0.007494930613384673	1.0E-4	2.635895058213355
3	2.232	0.10944662600883821	0.005050129020243738	1.0E-4	0.3650837951695968
4	2.973	0.10691176205938575	0.0025348639494524594	1.0E-4	1.2577129932359772
5	3.701	0.1039178720576304	0.002993890001755359	1.0E-4	1.1783522404138413
6	4.521	0.09842028412428996	0.005497587933340431	1.0E-4	2.2992421460027073
7	5.232	0.09554069698600508	0.0028795871382848864	1.0E-4	0.9244896972814023
8	5.929	0.09430926876237085	0.0012314282236342289	1.0E-4	0.6417290650124179
9	6.686	0.09309861028898307	0.0012106584733877768	1.0E-4	1.3055220606009137
10	7.602	0.09012901690484185	0.0029695933841412253	1.0E-4	3.7322258741139267
11	8.362	0.0876396781252996	0.002489338779542244	1.0E-4	2.7380113737166885
12	9.074	0.08699340075704463	6.462773682549688E-4	1.0E-4	0.5933238328644717
13	9.871	0.08292654022059348	0.004066860536451153	1.0E-4	1.4785882185092472
14	10.694	0.08162216814425502	0.0013043720763384614	1.0E-4	3.4784849038955614
15	11.357	0.0814152232867113	2.0694485754371716E-4	1.0E-4	0.6208955595652216
16	12.128	0.08054404485397057	8.711784327407324E-4	1.0E-4	1.1687383547268944
17	12.897	0.07948604947262976	0.0010579953813408122	1.0E-4	0.999928595028505
18	13.566	0.07929150424867527	1.9454522395448426E-4	1.0E-4	0.2326298955443749
19	14.316	0.07905861697144476	2.328872772305174E-4	1.0E-4	1.6476026337532623
20	15.085	0.0788744027204678	1.8421425097694955E-4	1.0E-4	2.2419158446491263
21	15.826	0.07848139321263	3.930095078378132E-4	1.0E-4	1.7572622665151143
22	16.564	0.07811038692158986	3.710062910401296E-4	1.0E-4	1.413938750870364
23	17.335	0.07791269257502262	1.9769434656724538E-4	1.0E-4	0.9078190651433784
24	18.031	0.07777320569893971	1.3948687608290877E-4	1.0E-4	0.8357981120325048
25	18.754	0.07763997120186507	1.332344970746413E-4	1.0E-4	1.0274745224211286
26	19.564	0.07748698767772041	1.5298352414465366E-4	1.0E-4	2.34707716816563
27	20.394	0.07724108926457271	2.458984131477049E-4	1.0E-4	2.429830158234732
28	21.155	0.07678899944882424	4.520898157484715E-4	1.0E-4	2.4705043933026403
29	21.929	0.07650956205641848	2.7943739240575416E-4	1.0E-4	2.3642967177303675
30	22.685	0.0761980280423418	3.1153401407668646E-4	1.0E-4	1.388868677352069
31	23.596	0.0757241892905102	4.738387518316012E-4	1.0E-4	2.62000745266084
32	24.364	0.07566627765550515	5.791163500504237E-5	1.0E-4	0.39799273617343306
33	25.012	0.07536647517638227	2.9980247912288205E-4	1.0E-4	0.6182196326779856
34	25.719	0.07517335921646638	1.9311595991589048E-4	1.0E-4	2.0914215380213848
35	26.495	0.07487614004756328	2.972191689031012E-4	1.0E-4	2.2991607991869834
36	27.191	0.07463787409881549	2.3826594874779006E-4	1.0E-4	1.2923015757724894
37	27.864	0.07452088642640971	1.1698767240578278E-4	1.0E-4	0.8191714584815551
38	28.568	0.07436182291118397	1.5906351522573803E-4	1.0E-4	1.1811536823482836
39	29.317	0.0742236263978724	1.3819651331156702E-4	1.0E-4	2.2531169409463008
40	30.011	0.07412332375141735	1.0030264645505271E-4	1.0E-4	1.1732241043686797
41	30.787	0.07401407772412043	1.0924602729692201E-4	1.0E-4	2.145269301378608
42	31.562	0.07394745681145255	6.662091266787518E-5	1.0E-4	1.6360631308115947
43	32.28	0.07389869953662095	4.875727483159842E-5	1.0E-4	1.7513204350525466
44	33.049	0.07385429433471746	4.440520190349129E-5	1.0E-4	2.037497616564316
45	33.732	0.07380074970708686	5.354462763060286E-5	1.0E-4	0.9807159068933544
46	34.522	0.0737390927863184	6.165692076845475E-5	1.0E-4	1.3345945415028364
47	35.248	0.07369270602830946	4.638675800894276E-5	1.0E-4	0.6320377492888821
48	35.888	0.07364778707827252	4.4918950036942906E-5	1.0E-4	0.7989597764615824
49	36.622	0.07361972528508962	2.8061793182904138E-5	1.0E-4	1.1966244696092554
50	37.374	0.07359634186645114	2.338341863847293E-5	1.0E-4	1.1930483554568432
51	38.209	0.07354856680705209	4.777505939905502E-5	1.0E-4	3.5186150745125118
52	39.044	0.07350456150362865	4.400530342343889E-5	1.0E-4	1.523239713250685
53	39.745	0.07345801408926513	4.654741436352361E-5	1.0E-4	1.8763920346804164
54	40.543	0.07342981667916779	2.819741009733867E-5	1.0E-4	1.873983065956481
55	41.395	0.07338389168193415	4.592499723363175E-5	1.0E-4	4.723081892382544
56	42.191	0.0733647743033015	1.911737863265206E-5	1.0E-4	0.6210523904610532
57	42.801	0.07333066054832763	3.4113754973877364E-5	1.0E-4	0.29636240810507636
58	43.588	0.07330179616104392	2.8864387283708548E-5	1.0E-4	2.0263427782819767
59	44.374	0.07328566306725197	1.613309379194794E-5	1.0E-4	1.8151851224669493
60	45.245	0.07325294420465517	3.271886259680057E-5	1.0E-4	5.783476104478824
61	46.019	0.07321815838498162	3.478581967354677E-5	1.0E-4	2.6481155894468595
62	47.06	0.07319420474802525	2.395363695636976E-5	1.0E-4	2.3434452972527193
63	47.882	0.07316315636801075	3.1048380014497834E-5	1.0E-4	2.578689687178522
64	48.656	0.07313595107561557	2.720529239517988E-5	1.0E-4	2.220877077944446
65	49.463	0.07311480871299633	2.114236261924196E-5	1.0E-4	2.2627940048808273
66	50.374	0.07309676706209914	1.8041650897193673E-5	1.0E-4	2.585047537357711
67	51.171	0.07308340394298385	1.3363119115289424E-5	1.0E-4	3.178300774053634
68	52.011	0.07306762035245808	1.5783590525772495E-5	1.0E-4	3.2174334986074413
69	52.805	0.07305941768138727	8.202671070808853E-6	1.0E-4	1.657348235575382
70	53.642	0.07304525765576456	1.4160025622711458E-5	1.0E-4	3.687754014003324
71	54.39	0.07303332921055004	1.1928445214512418E-5	1.0E-4	2.0870779991223523
72	55.175	0.07302653871332485	6.790497225198089E-6	1.0E-4	1.934981090510149
73	55.936	0.07301831814792313	8.220565401714786E-6	1.0E-4	2.489139569567986
74	56.815	0.07301232493229587	5.99321562726185E-6	1.0E-4	2.1613501566544002
75	57.648	0.07300364448029635	8.680451999518168E-6	1.0E-4	2.608824582365194
76	58.527	0.0729830436122558	2.0600868040551723E-5	1.0E-4	4.6641451178283475
77	59.287	0.07297284651860159	1.0197093654212841E-5	1.0E-4	1.3513321981852335
78	60.035	0.07296757811035592	5.268408245662215E-6	1.0E-4	0.8453910474921186
79	60.9	0.07295702101068292	1.0557099673000336E-5	1.0E-4	3.6761991400171126
80	61.761	0.07293604859893182	2.097241175109954E-5	1.0E-4	4.275578093523298
81	62.493	0.0729151124580966	2.0936140835217665E-5	1.0E-4	2.242719425635288
82	63.516	0.07289497600127444	2.013645682216736E-5	1.0E-4	2.805491855728209
83	64.325	0.07287396749098975	2.1008510284692417E-5	1.0E-4	2.851563508384615
84	65.101	0.07284923133945317	2.473615153657238E-5	1.0E-4	2.609712304943452
85	65.848	0.0728304620697642	1.8769269688967416E-5	1.0E-4	1.7225957686367532
86	66.58	0.07282203467808052	8.427391683690777E-6	1.0E-4	1.2848863440830582
87	67.345	0.07281504532196499	6.9893561155248696E-6	1.0E-4	1.3284057795136126
88	68.164	0.07280805560698785	6.9897149771458444E-6	1.0E-4	2.7847288592934425
89	68.95	0.07279866998125963	9.385625728219882E-6	1.0E-4	2.057349861708106
90	69.713	0.0727889232328358	9.746748423827833E-6	1.0E-4	1.3171126484204865
91	70.484	0.07278234311723533	6.580115600465786E-6	1.0E-4	1.109059389889759
92	71.089	0.07278042480921106	1.918308024276283E-6	1.0E-4	0.2099409529044626
93	71.934	0.0727752817776081	5.1430316029554835E-6	1.0E-4	2.902916630330188
94	72.722	0.07276116323996008	1.4118537648016849E-5	1.0E-4	4.848015166293449
95	73.618	0.07273609994055263	2.5063299407449002E-5	1.0E-4	2.687526591100137
96	74.329	0.0727200693534163	1.6030587136339758E-5	1.0E-4	1.2104513325913946
97	75.129	0.07270876629666254	1.1303056753758645E-5	1.0E-4	2.698625716550515
98	75.885	0.0727000493733231	8.71692333943852E-6	1.0E-4	2.0361956105238486
99	76.613	0.07269414398805142	5.905385271676167E-6	1.0E-4	1.043164822377431
100	77.51	0.07268805771011183	6.086277939590379E-6	1.0E-4	2.5528220712553455
101	78.344	0.07267953728164067	8.520428471159303E-6	1.0E-4	4.8183042202211315
102	79.211	0.07266757810994577	1.1959171694900239E-5	1.0E-4	1.751143758033743
103	80.001	0.07266236482743711	5.213282508659267E-6	1.0E-4	1.0117392049858782
104	80.86	0.07265971160620825	2.6532212288599144E-6	1.0E-4	0.6499303180878844
105	81.769	0.07265639413867159	3.317467536664842E-6	1.0E-4	2.2311952574901106
106	82.662	0.07264923484795924	7.159290712349664E-6	1.0E-4	2.9578703691858594
107	83.535	0.07264575233833816	3.482509621080543E-6	1.0E-4	2.2273564422189214
108	84.396	0.07264266680273328	3.0855356048797855E-6	1.0E-4	2.815654933677021
109	85.294	0.0726390919350698	3.5748676634750343E-6	1.0E-4	2.777277626789003
110	86.044	0.07263096332798989	8.128607079910255E-6	1.0E-4	4.208777198687393
111	86.827	0.07262244665611138	8.51667187851124E-6	1.0E-4	2.963122665585199
112	87.733	0.072617876036642	4.570619469373982E-6	1.0E-4	2.136510867893107
113	88.606	0.07261511182239765	2.7642142443606854E-6	1.0E-4	2.0916714225664994
114	89.511	0.07260974262317121	5.3691992264320865E-6	1.0E-4	3.041858638761104
115	90.319	0.07260696536005468	2.7772631165379202E-6	1.0E-4	1.0493116509256284
116	91.037	0.07260381256294193	3.1527971127431886E-6	1.0E-4	0.5814792360803755
117	91.932	0.07259596811990734	7.844443034588089E-6	1.0E-4	3.6065757243018948
118	92.679	0.07259275408398684	3.214035920504066E-6	1.0E-4	1.1716740930341976
119	93.529	0.07259167831188615	1.0757721006920962E-6	1.0E-4	1.3783196393868775
120	94.25	0.07259072344720024	9.54864685903667E-7	1.0E-4	3.077713427724397
best = -0.07259072344720024
GenDisMixClassifier with weights=[1.0, 0.0, 0.0]
optimizing 262 parameters
start 1:
Warning: Could not load UserTime. Using RealTime instead.
QUASI_NEWTON_BFGS
iteration	time	f(x)	delta	start distance	linesearch
0	0	3.873795936107576	0
1	0.853	0.09735062456168055	3.7764453115458956	1.0E-4	0.5499193224533356
2	1.616	0.09394823610892804	0.0034023884527525083	1.0E-4	1.987708562204398
3	2.336	0.08966409661579745	0.004284139493130584	1.0E-4	0.7610938706298086
4	3.176	0.08827211317839123	0.0013919834374062218	1.0E-4	1.527151657713551
5	3.942	0.08688946613725926	0.0013826470411319736	1.0E-4	1.3043902878046905
6	4.655	0.08530200111131306	0.0015874650259461998	1.0E-4	1.529689557865931
7	5.474	0.08296347798746817	0.002338523123844888	1.0E-4	3.8210374164696836
8	6.225	0.08165442150414512	0.0013090564833230511	1.0E-4	1.3462439628043454
9	6.918	0.0801029174739803	0.0015515040301648242	1.0E-4	1.0360668465819198
10	7.686	0.0774469982967284	0.0026559191772519003	1.0E-4	1.742011296423018
11	8.438	0.07530456837243947	0.0021424299242889244	1.0E-4	1.9473745653083667
12	9.106	0.07409846211649576	0.0012061062559437091	1.0E-4	0.49970216604646467
13	9.885	0.0729064328347769	0.0011920292817188677	1.0E-4	2.0727963553822635
14	10.559	0.07254646807574408	3.599647590328131E-4	1.0E-4	0.3720193611149994
15	11.383	0.07166672435579687	8.797437199472152E-4	1.0E-4	4.167644037525148
16	12.093	0.07141821758894071	2.4850676685615747E-4	1.0E-4	0.8986613780319774
17	12.773	0.0710967907340679	3.214268548728111E-4	1.0E-4	0.6450918618995399
18	13.56	0.07092810960314216	1.6868113092573245E-4	1.0E-4	0.9791614442079266
19	14.298	0.07079923628000417	1.2887332313799016E-4	1.0E-4	1.5683041706350815
20	15.079	0.0704865779940741	3.126582859300786E-4	1.0E-4	3.0241992752884137
21	15.912	0.07008558490603356	4.0099308804053546E-4	1.0E-4	3.7424417407546704
22	16.662	0.06986346672087222	2.2211818516133797E-4	1.0E-4	2.410301114081572
23	17.438	0.06977767583749861	8.579088337361263E-5	1.0E-4	1.33094343007035
24	18.213	0.06965949657295935	1.1817926453926153E-4	1.0E-4	0.971094934937114
25	18.949	0.0694733001877272	1.8619638523215132E-4	1.0E-4	1.8664354590505743
26	19.729	0.06929285860384823	1.8044158387896247E-4	1.0E-4	1.7262345681831721
27	20.53	0.06902863305961253	2.64225544235705E-4	1.0E-4	2.498474259187671
28	21.314	0.06880360510327303	2.2502795633949635E-4	1.0E-4	1.90464210147865
29	22.137	0.06838350412743627	4.201009758367652E-4	1.0E-4	4.035639119327937
30	22.967	0.06813271040443246	2.5079372300380876E-4	1.0E-4	1.7358726682120391
31	23.881	0.06744467317752503	6.880372269074259E-4	1.0E-4	3.07955204793853
32	24.652	0.0671689258592179	2.757473183071374E-4	1.0E-4	0.7697484866380385
33	25.282	0.06711660547833882	5.232038087907287E-5	1.0E-4	0.22706918832709386
34	25.989	0.0670083789533074	1.0822652503142405E-4	1.0E-4	1.1299833000721922
35	26.844	0.0668343053553652	1.7407359794219257E-4	1.0E-4	3.890408567668871
36	27.587	0.06671649945750645	1.1780589785875817E-4	1.0E-4	1.2905558129776127
37	28.35	0.06659724264822123	1.1925680928522031E-4	1.0E-4	1.8250188447149993
38	29.364	0.06655555626365448	4.1686384566752555E-5	1.0E-4	1.622642922429353
39	30.168	0.06651249967130846	4.305659234601911E-5	1.0E-4	1.99870590024471
40	30.921	0.06647173369860347	4.0765972704984166E-5	1.0E-4	1.3340528799847446
41	31.966	0.06641368083271797	5.805286588550507E-5	1.0E-4	1.7351595524160623
42	32.821	0.06634968855316037	6.399227955759812E-5	1.0E-4	3.0944764478609974
43	33.642	0.06632786507182732	2.1823481333047012E-5	1.0E-4	1.3925541213820203
44	34.334	0.06631209913793312	1.5765933894199002E-5	1.0E-4	0.4335329864281824
45	35.08	0.06628248558245461	2.961355547850819E-5	1.0E-4	2.4104730791665183
46	35.922	0.06626790709617794	1.4578486276672908E-5	1.0E-4	1.1892616175023227
47	36.753	0.06624380191723525	2.4105178942690486E-5	1.0E-4	2.028929703464766
48	37.635	0.06621898494670307	2.481697053217935E-5	1.0E-4	2.5476725495385337
49	38.491	0.066170333850794	4.865109590906913E-5	1.0E-4	2.269324289406981
50	39.281	0.06613147875913693	3.8855091657075125E-5	1.0E-4	1.7431668266215976
51	40.109	0.06611565673099339	1.5822028143541722E-5	1.0E-4	1.40031054845396
52	41.048	0.06609714699132518	1.8509739668201575E-5	1.0E-4	3.4633226064335845
53	42.213	0.06605978100992341	3.7365981401776827E-5	1.0E-4	3.251569315778728
54	43.006	0.06603238687724985	2.739413267355273E-5	1.0E-4	2.079121385430424
55	44.143	0.06600439082562583	2.7996051624026852E-5	1.0E-4	2.826840660649925
56	44.976	0.06598890900839645	1.5481817229379136E-5	1.0E-4	2.143764350763087
57	45.799	0.06597664290360757	1.2266104788882792E-5	1.0E-4	2.6395501039365237
58	46.618	0.0659518267615023	2.4816142105268946E-5	1.0E-4	3.0858928581660803
59	47.707	0.06592521318417259	2.6613577329706595E-5	1.0E-4	2.6701653533197343
60	48.383	0.06589447298902609	3.0740195146497507E-5	1.0E-4	2.091144821484644
61	49.211	0.0658782202606551	1.6252728370996783E-5	1.0E-4	2.10482134120817
62	50.035	0.06586331311298799	1.490714766710921E-5	1.0E-4	2.980873969344545
63	51.04	0.06585227332101865	1.1039791969341683E-5	1.0E-4	2.1983420164535112
64	52.095	0.06584430310665622	7.97021436242662E-6	1.0E-4	2.4471548535159227
65	53.008	0.06583351923927717	1.078386737904391E-5	1.0E-4	3.6322346044935756
66	54.027	0.06582084175692457	1.2677482352604907E-5	1.0E-4	3.071528328648223
67	54.869	0.0658116152044646	9.22655245996773E-6	1.0E-4	2.2446911955542177
68	55.74	0.06580200997979602	9.605224668585155E-6	1.0E-4	2.2878034092581783
69	56.607	0.0657947200828454	7.289896950618546E-6	1.0E-4	1.6086712777041443
70	57.495	0.06578466262047826	1.0057462367138448E-5	1.0E-4	2.151233825289369
71	58.368	0.06576312009986995	2.154252060830586E-5	1.0E-4	2.9982553024978564
72	59.16	0.06574514411980359	1.7975980066364805E-5	1.0E-4	2.3473344304372605
73	59.933	0.06573513759414702	1.000652565656679E-5	1.0E-4	1.7064033679492685
74	60.852	0.0657257601008228	9.377493324219666E-6	1.0E-4	3.346205458036927
75	61.72	0.06570681822709488	1.894187372791789E-5	1.0E-4	3.934145778548667
76	62.658	0.06568375525152793	2.3062975566950916E-5	1.0E-4	2.377550318101651
77	63.479	0.06566095457687217	2.2800674655765185E-5	1.0E-4	2.189482204823865
78	64.257	0.06564795079723221	1.3003779639961244E-5	1.0E-4	1.0699095618789685
79	65.087	0.06561395388546887	3.3996911763339854E-5	1.0E-4	1.3492306184015146
80	65.968	0.06558190712141586	3.2046764053009213E-5	1.0E-4	1.55192103543896
81	66.761	0.06556465922398108	1.7247897434777282E-5	1.0E-4	1.2101126574911376
82	67.5	0.0655555860162675	9.073207713580778E-6	1.0E-4	1.8928580654590708
83	68.366	0.06552639423591802	2.9191780349477336E-5	1.0E-4	4.834029201435418
84	69.135	0.0655073175870821	1.9076648835922305E-5	1.0E-4	1.7065443552846113
85	69.917	0.06549037830887972	1.6939278202385277E-5	1.0E-4	1.2064037521587205
86	70.773	0.06547816253452024	1.2215774359475295E-5	1.0E-4	1.59289550425483
87	71.624	0.06547131501340141	6.847521118832911E-6	1.0E-4	1.4723170998767228
88	72.442	0.06546446927036549	6.845743035915897E-6	1.0E-4	2.31580597824431
89	73.296	0.06545519379046494	9.275479900552885E-6	1.0E-4	2.5375632297568367
90	74.072	0.06545129289964434	3.900890820598968E-6	1.0E-4	0.8626413381770651
91	75.096	0.06544546819901313	5.824700631207325E-6	1.0E-4	2.4505671727747163
92	75.893	0.06543910869159729	6.359507415842902E-6	1.0E-4	2.1474386810453545
93	76.715	0.06542775885932686	1.1349832270426963E-5	1.0E-4	1.613187822776487
94	77.549	0.06541682060525411	1.0938254072750953E-5	1.0E-4	1.7871083915009132
95	78.442	0.06541350303109202	3.317574162095549E-6	1.0E-4	1.5255643353273445
96	79.532	0.06541069063374849	2.812397343524009E-6	1.0E-4	2.3659706643931364
97	80.47	0.06540578525875929	4.905374989205846E-6	1.0E-4	3.6455626953007596
98	81.382	0.06539245239901208	1.333285974720877E-5	1.0E-4	4.272147953675056
99	82.205	0.06538576022476238	6.692174249700589E-6	1.0E-4	2.0270866548452187
100	83.083	0.06538249643457843	3.2637901839494E-6	1.0E-4	2.0154952128411887
101	83.847	0.06537947699545497	3.019439123452816E-6	1.0E-4	1.835334489427196
102	84.732	0.06537007825648901	9.398738965965547E-6	1.0E-4	4.382021018070691
103	85.73	0.06535680076059691	1.3277495892097257E-5	1.0E-4	3.06576628231842
104	86.495	0.06535085289908071	5.947861516197861E-6	1.0E-4	1.7901947220248602
105	87.364	0.06534749725352745	3.355645553260178E-6	1.0E-4	1.9388003945029644
106	88.166	0.0653440475413274	3.4497122000515246E-6	1.0E-4	2.544311081082956
107	89.059	0.06533998910739056	4.058433936846018E-6	1.0E-4	2.9397180429755685
108	89.94	0.06533594217583215	4.046931558407407E-6	1.0E-4	3.349847742886471
109	90.837	0.06533129718343675	4.6449923954000605E-6	1.0E-4	2.6771010401122
110	91.707	0.0653289218489431	2.3753344936539023E-6	1.0E-4	2.2421959908413616
111	92.545	0.06532807872920247	8.431197406205682E-7	1.0E-4	1.9501182748436356
best = -0.06532807872920247

------------------------------------------------------------
Sender: LSF System <lsfadmin@noderome164>
Subject: Job 143735615[1]: <train8[1-1]> in cluster <hpcf_research_cluster> Done

Job <train8[1-1]> was submitted from host <noderome194> by user <yli11> in cluster <hpcf_research_cluster> at Fri Oct 29 12:18:20 2021
Job was executed on host(s) <4*noderome164>, in queue <priority>, as user <yli11> in cluster <hpcf_research_cluster> at Fri Oct 29 14:02:31 2021
</home/yli11> was used as the home directory.
</home/yli11/dirs/NFIX_megan/predict_NFIX_PU1_cobinding> was used as the working directory.
Started at Fri Oct 29 14:02:31 2021
Terminated at Fri Oct 29 15:39:41 2021
Results reported at Fri Oct 29 15:39:41 2021

Your job looked like:

------------------------------------------------------------
# LSBATCH: User input


#BSUB -P final2_two
#BSUB -o final2_two_motif_coBinding_S3Norm_50bp/log_files/train8_%J_%I.out -e final2_two_motif_coBinding_S3Norm_50bp/log_files/train8_%J_%I.err
#BSUB -n 4
#BSUB -q priority
#BSUB -R "span[hosts=1] rusage[mem=15000]"
#BSUB -J "train8[1-1]"

#BSUB -w "ended(143735607)"

module purge

id=$LSB_JOBINDEX
COL1=`head -n $id /research/rgs01/home/clusterHome/yli11/HemTools/utils/../share/misc/sample.tsv|tail -n1|awk -F "	" '{print $1}'`
COL2=`head -n $id /research/rgs01/home/clusterHome/yli11/HemTools/utils/../share/misc/sample.tsv|tail -n1|awk -F "	" '{print $2}'`
COL3=`head -n $id /research/rgs01/home/clusterHome/yli11/HemTools/utils/../share/misc/sample.tsv|tail -n1|awk -F "	" '{print $3}'`
COL4=`head -n $id /research/rgs01/home/clusterHome/yli11/HemTools/utils/../share/misc/sample.tsv|tail -n1|awk -F "	" '{print $4}'`
COL5=`head -n $id /research/rgs01/home/clusterHome/yli11/HemTools/utils/../share/misc/sample.tsv|tail -n1|awk -F "	" '{print $5}'`
COL6=`head -n $id /research/rgs01/home/clusterHome/yli11/HemTools/utils/../share/misc/sample.tsv|tail -n1|awk -F "	" '{print $6}'`
COL7=`head -n $id /research/rgs01/home/clusterHome/yli11/HemTools/utils/../share/misc/sample.tsv|tail -n1|awk -F "	" '{print $7}'`
COL8=`head -n $id /research/rgs01/home/clusterHome/yli11/HemTools/utils/../share/misc/sample.tsv|tail -n1|awk -F "	" '{print $8}'`
COL9=`head -n $id /research/rgs01/home/clusterHome/yli11/HemTools/utils/../share/misc/sample.tsv|tail -n1|awk -F "	" '{print $9}'`
LINE=`head -n $id /research/rgs01/home/clusterHome/yli11/HemTools/utils/../share/misc/sample.tsv|tail -n1`

echo ${COL1}
echo ${COL2}
echo ${COL3}
echo ${COL4}
echo ${COL5}
echo ${COL6}

ncore=4
mem=15000
q=priority
module load java/10.0.2
Catchitt_path=/home/yli11/HemTools/share/script/jar/Catchitt-0.1.4b.jar
java -jar -Xmx40g ${Catchitt_path} itrain \
t=chr1,chr2,chr3,chr4,chr5,chr6,chr7,chr9,chr10,chr11,chr12,chr13,chr14,chr15,chr16,chr17,chr18,chr19 \
itc='chr13,chr14,chr15,chr16,chr17,chr18' \
threads=20 \
a=final2_two_motif_coBinding_S3Norm_50bp/ATAC/HPC5/Chromatin_accessibility.tsv.gz \
m=final2_two_motif_coBinding_S3Norm_50bp/Motif/NFIX.homer/Motif_scores.tsv.gz m=final2_two_motif_coBinding_S3Norm_50bp/Motif/PU1.homer/Motif_scores.tsv.gz \
l=final2_two_motif_coBinding_S3Norm_50bp/labels/Labels.tsv.gz \
f=/home/yli11/Data/Mouse/mm9/fasta/mm9_main.fa.fai \
i=7 \
abb=2 \
aba=6 \
p=0.01 \
b=50 outdir=final2_two_motif_coBinding_S3Norm_50bp/trained_model/model1_3_26_001

(... more ...)
------------------------------------------------------------

Successfully completed.

Resource usage summary:

    CPU time :                                   7649.64 sec.
    Max Memory :                                 2234 MB
    Average Memory :                             1006.70 MB
    Total Requested Memory :                     60000.00 MB
    Delta Memory :                               57766.00 MB
    Max Swap :                                   -
    Max Processes :                              4
    Max Threads :                                42
    Run time :                                   5829 sec.
    Turnaround time :                            12081 sec.

The output (if any) is above this job summary.



PS:

Read file <final2_two_motif_coBinding_S3Norm_50bp/log_files/train8_143735615_1.err> for stderr output of this job.

